#
# A fatal error has been detected by the Java Runtime Environment:
#
#  EXCEPTION_ACCESS_VIOLATION (0xc0000005) at pc=0x000007feccfe8d3e, pid=11252, tid=6584
#
# JRE version: Java(TM) SE Runtime Environment (8.0_66-b18) (build 1.8.0_66-b18)
# Java VM: Java HotSpot(TM) 64-Bit Server VM (25.66-b18 mixed mode windows-amd64 compressed oops)
# Problematic frame:
# C  [librdi_simdata.dll+0x38d3e]
#
# Failed to write core dump. Minidumps are not enabled by default on client versions of Windows
#
# If you would like to submit a bug report, please visit:
#   http://bugreport.java.com/bugreport/crash.jsp
# The crash happened outside the Java Virtual Machine in native code.
# See problematic frame for where to report the bug.
#

---------------  T H R E A D  ---------------

Current thread (0x00000000078a1000):  JavaThread "AWT-EventQueue-1" [_thread_in_native, id=6584, stack(0x0000000026370000,0x0000000026870000)]

siginfo: ExceptionCode=0xc0000005, reading address 0x0000000000000000

Registers:
RAX=0x000007fecd1167b0, RBX=0x0000000026d47a00, RCX=0x0000000028693be0, RDX=0x0000000000000007
RSP=0x000000002686c080, RBP=0x0000000028600a80, RSI=0x0000000000000001, RDI=0x0000000026d4f5b0
R8 =0x0000000000000000, R9 =0x000007fecd1167b0, R10=0x0000000000000000, R11=0x000000002686bff0
R12=0x0000000028601320, R13=0x0000000028600a80, R14=0x0000000028600b18, R15=0x0000000000000000
RIP=0x000007feccfe8d3e, EFLAGS=0x0000000000010246

Top of Stack: (sp=0x000000002686c080)
0x000000002686c080:   00000000317b1100 0000000026d47a00
0x000000002686c090:   0000000031d5dd80 0000000031d5dd80
0x000000002686c0a0:   0000000028600b18 0000000026d4f5b0
0x000000002686c0b0:   0000000026d47a00 000007feccfeb2f5
0x000000002686c0c0:   0000000026d47a00 0000000031d5dd80
0x000000002686c0d0:   0000000026d47a00 000000002e7d24e0
0x000000002686c0e0:   fffffffffffffffe 000007fecd1e1f40
0x000000002686c0f0:   0000000000000000 000007feccffa6ca
0x000000002686c100:   0000000026d47a00 000007fecd116a08
0x000000002686c110:   0000000000000000 000000000000004f
0x000000002686c120:   fffffffffffffffe 0000000000000001
0x000000002686c130:   0000000000000000 000007fecd06a12c
0x000000002686c140:   0000000002738180 000007fecd09d480
0x000000002686c150:   0000000000000001 000007fecc901cb0
0x000000002686c160:   00000000772be670 000007feccfb0000
0x000000002686c170:   000007fffca56000 000007fecd06a3ae 

Instructions: (pc=0x000007feccfe8d3e)
0x000007feccfe8d1e:   39 48 30 77 0d 48 d1 ea 48 83 c8 ff 48 2b c2 48
0x000007feccfe8d2e:   03 c8 4d 8b 41 10 48 c1 e1 04 4c 03 c1 49 8b 09
0x000007feccfe8d3e:   49 8b 10 48 8b fa 48 3b d1 75 05 48 8b c1 eb 07
0x000007feccfe8d4e:   49 8b 40 08 48 8b 00 48 3b f8 74 34 48 39 5f 10 


Register to memory mapping:

RAX=0x000007fecd1167b0 is an unknown value
RBX=0x0000000026d47a00 is an unknown value
RCX=0x0000000028693be0 is an unknown value
RDX=0x0000000000000007 is an unknown value
RSP=0x000000002686c080 is pointing into the stack for thread: 0x00000000078a1000
RBP=0x0000000028600a80 is an unknown value
RSI=0x0000000000000001 is an unknown value
RDI=0x0000000026d4f5b0 is an unknown value
R8 =0x0000000000000000 is an unknown value
R9 =0x000007fecd1167b0 is an unknown value
R10=0x0000000000000000 is an unknown value
R11=0x000000002686bff0 is pointing into the stack for thread: 0x00000000078a1000
R12=0x0000000028601320 is an unknown value
R13=0x0000000028600a80 is an unknown value
R14=0x0000000028600b18 is an unknown value
R15=0x0000000000000000 is an unknown value


Stack: [0x0000000026370000,0x0000000026870000],  sp=0x000000002686c080,  free space=5104k
Native frames: (J=compiled Java code, j=interpreted, Vv=VM code, C=native code)
C  [librdi_simdata.dll+0x38d3e]
C  [librdi_simdata.dll+0x3b2f5]
C  [librdi_simdata.dll+0x4a6ca]
C  [librdi_simdata.dll+0xba12c]
C  [librdi_simdata.dll+0xba3ae]
C  [ntdll.dll+0x229b1]
C  [ntdll.dll+0x227c0]
C  [MSVCR110.dll+0x23063]
C  [MSVCR110.dll+0x740e4]
C  [MSVCR110.dll+0x6d587]
C  [librdi_simdata.dll+0x2a1f8]
C  [librdi_simdata.dll+0x59e4f]
C  0x0000000014a95b83

Java frames: (J=compiled Java code, j=interpreted, Vv=VM code)
J 13051  ui.views.simulator.executive.simulationi.SimulationExecutive_canSimulationStep(J)Z (0 bytes) @ 0x0000000014a95b01 [0x0000000014a95ac0+0x41]
J 21451 C2 ui.views.b.r.a.k.aY()Z (33 bytes) @ 0x0000000013e221cc [0x0000000013e220c0+0x10c]
J 19759 C2 ui.frmwork.N.setEnabled(Z)V (178 bytes) @ 0x0000000015a227b4 [0x0000000015a22660+0x154]
J 21890 C2 ui.bh.R()V (43 bytes) @ 0x0000000015e07c0c [0x0000000015e07a20+0x1ec]
J 16931 C1 ui.bh.Q()V (88 bytes) @ 0x000000001529124c [0x00000000152910a0+0x1ac]
J 17651 C1 ui.g.Q.akJ()V (44 bytes) @ 0x000000001442b784 [0x000000001442af80+0x804]
J 23246 C1 ui.frmwork.a.eDW()Z (268 bytes) @ 0x0000000015ce84dc [0x0000000015ce5e20+0x26bc]
j  ui.frmwork.N.eFv()V+21
j  ui.bf.actionPerformed(Ljava/awt/event/ActionEvent;)V+25
J 21312 C1 javax.swing.AbstractButton.fireActionPerformed(Ljava/awt/event/ActionEvent;)V (95 bytes) @ 0x0000000015c9956c [0x0000000015c98cc0+0x8ac]
J 23581 C1 ui.g.m.b.y.fireActionPerformed(Ljava/awt/event/ActionEvent;)V (11 bytes) @ 0x000000001288a31c [0x000000001288a280+0x9c]
J 21311 C1 javax.swing.AbstractButton$Handler.actionPerformed(Ljava/awt/event/ActionEvent;)V (9 bytes) @ 0x0000000015c9890c [0x0000000015c98800+0x10c]
J 21144 C1 javax.swing.DefaultButtonModel.fireActionPerformed(Ljava/awt/event/ActionEvent;)V (46 bytes) @ 0x000000001295cf24 [0x000000001295cc60+0x2c4]
J 20390 C1 javax.swing.DefaultButtonModel.setPressed(Z)V (125 bytes) @ 0x0000000013aad794 [0x0000000013aac240+0x1554]
J 21471 C1 javax.swing.plaf.basic.BasicButtonListener.mouseReleased(Ljava/awt/event/MouseEvent;)V (48 bytes) @ 0x0000000013bab1d4 [0x0000000013baaac0+0x714]
J 23285 C1 com.jidesoft.plaf.basic.BasicJideButtonListener.mouseReleased(Ljava/awt/event/MouseEvent;)V (70 bytes) @ 0x0000000013f49ce4 [0x0000000013f49160+0xb84]
J 15491 C1 java.awt.AWTEventMulticaster.mouseReleased(Ljava/awt/event/MouseEvent;)V (27 bytes) @ 0x00000000139e453c [0x00000000139e4320+0x21c]
J 15491 C1 java.awt.AWTEventMulticaster.mouseReleased(Ljava/awt/event/MouseEvent;)V (27 bytes) @ 0x00000000139e453c [0x00000000139e4320+0x21c]
J 15491 C1 java.awt.AWTEventMulticaster.mouseReleased(Ljava/awt/event/MouseEvent;)V (27 bytes) @ 0x00000000139e453c [0x00000000139e4320+0x21c]
J 15491 C1 java.awt.AWTEventMulticaster.mouseReleased(Ljava/awt/event/MouseEvent;)V (27 bytes) @ 0x00000000139e453c [0x00000000139e4320+0x21c]
J 18473 C2 javax.swing.JComponent.processMouseEvent(Ljava/awt/event/MouseEvent;)V (27 bytes) @ 0x00000000138d0448 [0x00000000138d0360+0xe8]
J 7628 C2 java.awt.Container.processEvent(Ljava/awt/AWTEvent;)V (22 bytes) @ 0x00000000139e593c [0x00000000139e5820+0x11c]
J 23935 C2 java.awt.Component.dispatchEventImpl(Ljava/awt/AWTEvent;)V (883 bytes) @ 0x00000000162e5e9c [0x00000000162e5100+0xd9c]
J 22468 C2 java.awt.Container.dispatchEventImpl(Ljava/awt/AWTEvent;)V (129 bytes) @ 0x0000000015f2b8a4 [0x0000000015f2b840+0x64]
J 13566 C2 java.awt.LightweightDispatcher.retargetMouseEvent(Ljava/awt/Component;ILjava/awt/event/MouseEvent;)V (350 bytes) @ 0x000000001338a708 [0x000000001338a200+0x508]
J 22468 C2 java.awt.Container.dispatchEventImpl(Ljava/awt/AWTEvent;)V (129 bytes) @ 0x0000000015f2bef0 [0x0000000015f2b840+0x6b0]
J 14676 C2 java.awt.Window.dispatchEventImpl(Ljava/awt/AWTEvent;)V (23 bytes) @ 0x0000000014c6924c [0x0000000014c69200+0x4c]
J 12085 C2 java.awt.EventQueue.dispatchEventImpl(Ljava/awt/AWTEvent;Ljava/lang/Object;)V (149 bytes) @ 0x0000000012a26ea4 [0x0000000012a26b20+0x384]
J 12197 C2 java.awt.EventQueue$3.run()Ljava/lang/Void; (60 bytes) @ 0x000000001467ad0c [0x000000001467aca0+0x6c]
J 11655 C2 java.awt.EventQueue$3.run()Ljava/lang/Object; (5 bytes) @ 0x000000001288add4 [0x000000001288ada0+0x34]
v  ~StubRoutines::call_stub
J 1536  java.security.AccessController.doPrivileged(Ljava/security/PrivilegedAction;Ljava/security/AccessControlContext;)Ljava/lang/Object; (0 bytes) @ 0x00000000127c5166 [0x00000000127c5100+0x66]
J 13567 C2 java.awt.EventQueue$4.run()Ljava/lang/Object; (5 bytes) @ 0x0000000012b417f0 [0x0000000012b41660+0x190]
v  ~StubRoutines::call_stub
J 1536  java.security.AccessController.doPrivileged(Ljava/security/PrivilegedAction;Ljava/security/AccessControlContext;)Ljava/lang/Object; (0 bytes) @ 0x00000000127c5166 [0x00000000127c5100+0x66]
J 9198 C2 ui.frmwork.a.e.dispatchEvent(Ljava/awt/AWTEvent;)V (30 bytes) @ 0x00000000136eba24 [0x00000000136eb4e0+0x544]
J 22464 C2 java.awt.EventDispatchThread.pumpOneEventForFilters(I)V (295 bytes) @ 0x0000000015f22638 [0x0000000015f22060+0x5d8]
J 16337% C2 java.awt.EventDispatchThread.pumpEventsForFilter(ILjava/awt/Conditional;Ljava/awt/EventFilter;)V (47 bytes) @ 0x00000000150a0f60 [0x00000000150a0e60+0x100]
j  java.awt.EventDispatchThread.pumpEventsForHierarchy(ILjava/awt/Conditional;Ljava/awt/Component;)V+11
j  java.awt.EventDispatchThread.pumpEvents(ILjava/awt/Conditional;)V+4
j  java.awt.EventDispatchThread.pumpEvents(Ljava/awt/Conditional;)V+3
j  java.awt.EventDispatchThread.run()V+9
v  ~StubRoutines::call_stub

---------------  P R O C E S S  ---------------

Java Threads: ( => current thread )
  0x00000000450b1000 JavaThread "Image Fetcher 1" daemon [_thread_blocked, id=12180, stack(0x000000004d130000,0x000000004d630000)]
  0x0000000040afd800 JavaThread "Image Fetcher 0" daemon [_thread_blocked, id=11284, stack(0x000000004c570000,0x000000004ca70000)]
  0x0000000041145000 JavaThread "Monitor File Timestamp" [_thread_blocked, id=8164, stack(0x0000000049060000,0x0000000049560000)]
  0x0000000032caf800 JavaThread "Monitor File Timestamp" [_thread_blocked, id=10276, stack(0x0000000048b60000,0x0000000049060000)]
  0x0000000033753800 JavaThread "Monitor File Timestamp" [_thread_blocked, id=10692, stack(0x0000000041c80000,0x0000000042180000)]
  0x0000000037b6f800 JavaThread "Monitor File Timestamp" [_thread_blocked, id=9772, stack(0x0000000041500000,0x0000000041a00000)]
  0x0000000025149800 JavaThread "Monitor File Timestamp" [_thread_blocked, id=10044, stack(0x0000000042ac0000,0x0000000042fc0000)]
  0x0000000024d06000 JavaThread "Monitor File Timestamp" [_thread_blocked, id=6536, stack(0x000000003fb00000,0x0000000040000000)]
  0x000000002cc88800 JavaThread "Thread-50" [_thread_in_native, id=8896, stack(0x0000000036800000,0x0000000036900000)]
  0x0000000030a33800 JavaThread "hw_ila_monitor" [_thread_blocked, id=10312, stack(0x0000000030cb0000,0x00000000311b0000)]
  0x000000002edb5800 JavaThread "Update Runs" [_thread_blocked, id=7672, stack(0x000000002f520000,0x000000002fa20000)]
  0x000000002ece9800 JavaThread "Refresh Filesets" [_thread_blocked, id=11088, stack(0x000000002f020000,0x000000002f520000)]
  0x0000000024bd5000 JavaThread "Swing-Shell" daemon [_thread_blocked, id=9680, stack(0x000000002b0e0000,0x000000002b5e0000)]
  0x00000000290a2000 JavaThread "Monitor File Timestamp" [_thread_blocked, id=11212, stack(0x000000002a2b0000,0x000000002a7b0000)]
=>0x00000000078a1000 JavaThread "AWT-EventQueue-1" [_thread_in_native, id=6584, stack(0x0000000026370000,0x0000000026870000)]
  0x00000000078af000 JavaThread "Process Messages" [_thread_blocked, id=11116, stack(0x0000000025da0000,0x00000000262a0000)]
  0x0000000007863000 JavaThread "Thread-3" [_thread_in_native, id=11052, stack(0x0000000002740000,0x0000000003b40000)]
  0x00000000248a7800 JavaThread "AWT-EventQueue-0" [_thread_blocked, id=7928, stack(0x0000000025710000,0x0000000025c10000)]
  0x0000000022447800 JavaThread "AWT-Windows" daemon [_thread_in_native, id=7916, stack(0x0000000024120000,0x0000000024620000)]
  0x0000000022433800 JavaThread "AWT-Shutdown" [_thread_blocked, id=10484, stack(0x0000000023be0000,0x00000000240e0000)]
  0x0000000022431000 JavaThread "Java2D Disposer" daemon [_thread_blocked, id=5944, stack(0x0000000023680000,0x0000000023b80000)]
  0x00000000223c0800 JavaThread "TimerQueue" daemon [_thread_blocked, id=11172, stack(0x0000000023000000,0x0000000023500000)]
  0x0000000010ac5800 JavaThread "Service Thread" daemon [_thread_blocked, id=8624, stack(0x0000000021ce0000,0x00000000221e0000)]
  0x0000000010a26000 JavaThread "C1 CompilerThread3" daemon [_thread_in_native, id=10996, stack(0x0000000021ae0000,0x0000000021be0000)]
  0x0000000010a27800 JavaThread "C2 CompilerThread2" daemon [_thread_blocked, id=10820, stack(0x00000000218f0000,0x00000000219f0000)]
  0x0000000010a29000 JavaThread "C2 CompilerThread1" daemon [_thread_blocked, id=8812, stack(0x0000000011db0000,0x0000000011eb0000)]
  0x0000000010a2a000 JavaThread "C2 CompilerThread0" daemon [_thread_blocked, id=10728, stack(0x0000000010c50000,0x0000000010d50000)]
  0x0000000010a2c000 JavaThread "Attach Listener" daemon [_thread_blocked, id=10652, stack(0x00000000212f0000,0x00000000217f0000)]
  0x0000000010a2d800 JavaThread "Signal Dispatcher" daemon [_thread_blocked, id=11060, stack(0x0000000011870000,0x0000000011d70000)]
  0x000000000a6e8800 JavaThread "Finalizer" daemon [_thread_blocked, id=11148, stack(0x0000000011370000,0x0000000011870000)]
  0x000000000a6e9800 JavaThread "Reference Handler" daemon [_thread_blocked, id=10956, stack(0x0000000010e10000,0x0000000011310000)]
  0x00000000078d5800 JavaThread "main" [_thread_blocked, id=11036, stack(0x0000000007960000,0x0000000007a60000)]

Other Threads:
  0x000000000a6d1000 VMThread [stack: 0x0000000010b50000,0x0000000010c50000] [id=10424]
  0x0000000010ac2800 WatcherThread [stack: 0x00000000217f0000,0x00000000218f0000] [id=11124]

VM state:not at safepoint (normal execution)

VM Mutex/Monitor currently owned by a thread: None

Heap:
 PSYoungGen      total 58368K, used 39533K [0x00000007bc400000, 0x00000007c0000000, 0x00000007c0000000)
  eden space 55296K, 65% used [0x00000007bc400000,0x00000007be7a2da8,0x00000007bfa00000)
  from space 3072K, 99% used [0x00000007bfa00000,0x00000007bfcf86d0,0x00000007bfd00000)
  to   space 3072K, 0% used [0x00000007bfd00000,0x00000007bfd00000,0x00000007c0000000)
 ParOldGen       total 376320K, used 90198K [0x0000000700000000, 0x0000000716f80000, 0x00000007bc400000)
  object space 376320K, 23% used [0x0000000700000000,0x00000007058159b8,0x0000000716f80000)
 Metaspace       used 68412K, capacity 68826K, committed 69336K, reserved 1110016K
  class space    used 9229K, capacity 9343K, committed 9472K, reserved 1048576K

Card table byte_map: [0x0000000007f20000,0x0000000008530000] byte_map_base: 0x0000000004720000

Marking Bits: (ParMarkBitMap*) 0x0000000067a8a5b0
 Begin Bits: [0x000000000a990000, 0x000000000d990000)
 End Bits:   [0x000000000d990000, 0x0000000010990000)

Polling page: 0x0000000000150000

CodeCache: size=245760Kb used=66559Kb max_used=66719Kb free=179200Kb
 bounds [0x0000000012270000, 0x0000000016460000, 0x0000000021270000]
 total_blobs=17826 nmethods=16966 adapters=763
 compilation: enabled

Compilation events (10 events):
Event: 80938.953 Thread 0x0000000010a26000 nmethod 24383 0x0000000013c72690 code [0x0000000013c72840, 0x0000000013c72e58]
Event: 80940.285 Thread 0x0000000010a26000 24384       3       ui.b.c.bZ::finished (8 bytes)
Event: 80940.285 Thread 0x0000000010a26000 nmethod 24384 0x0000000015da8810 code [0x0000000015da8980, 0x0000000015da8ba8]
Event: 80940.288 Thread 0x0000000010a26000 24385       3       ui.b.c.bL::v (243 bytes)
Event: 80940.289 Thread 0x0000000010a2a000 24387       4       javax.swing.LookAndFeel::uninstallBorder (16 bytes)
Event: 80940.290 Thread 0x0000000010a26000 nmethod 24385 0x0000000014666c90 code [0x00000000146670c0, 0x0000000014669af8]
Event: 80940.292 Thread 0x0000000010a2a000 nmethod 24387 0x00000000135a1210 code [0x00000000135a13c0, 0x00000000135a16a0]
Event: 80940.293 Thread 0x0000000010a26000 24386       3       sun.awt.windows.WInputMethod::dispose (1 bytes)
Event: 80940.294 Thread 0x0000000010a26000 nmethod 24386 0x0000000015aefb50 code [0x0000000015aefca0, 0x0000000015aefdf0]
Event: 80943.571 Thread 0x0000000010a26000 24388   !   3       java.awt.Dialog::show (404 bytes)

GC Heap History (10 events):
Event: 80888.684 GC heap before
{Heap before GC invocations=11316 (full 493):
 PSYoungGen      total 58368K, used 55968K [0x00000007bc400000, 0x00000007c0000000, 0x00000007c0000000)
  eden space 55296K, 100% used [0x00000007bc400000,0x00000007bfa00000,0x00000007bfa00000)
  from space 3072K, 21% used [0x00000007bfd00000,0x00000007bfda8000,0x00000007c0000000)
  to   space 3072K, 0% used [0x00000007bfa00000,0x00000007bfa00000,0x00000007bfd00000)
 ParOldGen       total 376320K, used 87137K [0x0000000700000000, 0x0000000716f80000, 0x00000007bc400000)
  object space 376320K, 23% used [0x0000000700000000,0x00000007055187e8,0x0000000716f80000)
 Metaspace       used 68312K, capacity 68762K, committed 69336K, reserved 1110016K
  class space    used 9219K, capacity 9343K, committed 9472K, reserved 1048576K
Event: 80888.688 GC heap after
Heap after GC invocations=11316 (full 493):
 PSYoungGen      total 58368K, used 1445K [0x00000007bc400000, 0x00000007c0000000, 0x00000007c0000000)
  eden space 55296K, 0% used [0x00000007bc400000,0x00000007bc400000,0x00000007bfa00000)
  from space 3072K, 47% used [0x00000007bfa00000,0x00000007bfb69558,0x00000007bfd00000)
  to   space 3072K, 0% used [0x00000007bfd00000,0x00000007bfd00000,0x00000007c0000000)
 ParOldGen       total 376320K, used 87281K [0x0000000700000000, 0x0000000716f80000, 0x00000007bc400000)
  object space 376320K, 23% used [0x0000000700000000,0x000000070553c7e8,0x0000000716f80000)
 Metaspace       used 68312K, capacity 68762K, committed 69336K, reserved 1110016K
  class space    used 9219K, capacity 9343K, committed 9472K, reserved 1048576K
}
Event: 80890.946 GC heap before
{Heap before GC invocations=11317 (full 493):
 PSYoungGen      total 58368K, used 56741K [0x00000007bc400000, 0x00000007c0000000, 0x00000007c0000000)
  eden space 55296K, 100% used [0x00000007bc400000,0x00000007bfa00000,0x00000007bfa00000)
  from space 3072K, 47% used [0x00000007bfa00000,0x00000007bfb69558,0x00000007bfd00000)
  to   space 3072K, 0% used [0x00000007bfd00000,0x00000007bfd00000,0x00000007c0000000)
 ParOldGen       total 376320K, used 87281K [0x0000000700000000, 0x0000000716f80000, 0x00000007bc400000)
  object space 376320K, 23% used [0x0000000700000000,0x000000070553c7e8,0x0000000716f80000)
 Metaspace       used 68371K, capacity 68826K, committed 69336K, reserved 1110016K
  class space    used 9227K, capacity 9343K, committed 9472K, reserved 1048576K
Event: 80890.950 GC heap after
Heap after GC invocations=11317 (full 493):
 PSYoungGen      total 58368K, used 1721K [0x00000007bc400000, 0x00000007c0000000, 0x00000007c0000000)
  eden space 55296K, 0% used [0x00000007bc400000,0x00000007bc400000,0x00000007bfa00000)
  from space 3072K, 56% used [0x00000007bfd00000,0x00000007bfeae418,0x00000007c0000000)
  to   space 3072K, 0% used [0x00000007bfa00000,0x00000007bfa00000,0x00000007bfd00000)
 ParOldGen       total 376320K, used 87956K [0x0000000700000000, 0x0000000716f80000, 0x00000007bc400000)
  object space 376320K, 23% used [0x0000000700000000,0x00000007055e5218,0x0000000716f80000)
 Metaspace       used 68371K, capacity 68826K, committed 69336K, reserved 1110016K
  class space    used 9227K, capacity 9343K, committed 9472K, reserved 1048576K
}
Event: 80893.344 GC heap before
{Heap before GC invocations=11318 (full 493):
 PSYoungGen      total 58368K, used 57017K [0x00000007bc400000, 0x00000007c0000000, 0x00000007c0000000)
  eden space 55296K, 100% used [0x00000007bc400000,0x00000007bfa00000,0x00000007bfa00000)
  from space 3072K, 56% used [0x00000007bfd00000,0x00000007bfeae418,0x00000007c0000000)
  to   space 3072K, 0% used [0x00000007bfa00000,0x00000007bfa00000,0x00000007bfd00000)
 ParOldGen       total 376320K, used 87956K [0x0000000700000000, 0x0000000716f80000, 0x00000007bc400000)
  object space 376320K, 23% used [0x0000000700000000,0x00000007055e5218,0x0000000716f80000)
 Metaspace       used 68374K, capacity 68826K, committed 69336K, reserved 1110016K
  class space    used 9227K, capacity 9343K, committed 9472K, reserved 1048576K
Event: 80893.349 GC heap after
Heap after GC invocations=11318 (full 493):
 PSYoungGen      total 58368K, used 1867K [0x00000007bc400000, 0x00000007c0000000, 0x00000007c0000000)
  eden space 55296K, 0% used [0x00000007bc400000,0x00000007bc400000,0x00000007bfa00000)
  from space 3072K, 60% used [0x00000007bfa00000,0x00000007bfbd2fd8,0x00000007bfd00000)
  to   space 3072K, 0% used [0x00000007bfd00000,0x00000007bfd00000,0x00000007c0000000)
 ParOldGen       total 376320K, used 88760K [0x0000000700000000, 0x0000000716f80000, 0x00000007bc400000)
  object space 376320K, 23% used [0x0000000700000000,0x00000007056ae098,0x0000000716f80000)
 Metaspace       used 68374K, capacity 68826K, committed 69336K, reserved 1110016K
  class space    used 9227K, capacity 9343K, committed 9472K, reserved 1048576K
}
Event: 80896.134 GC heap before
{Heap before GC invocations=11319 (full 493):
 PSYoungGen      total 58368K, used 40827K [0x00000007bc400000, 0x00000007c0000000, 0x00000007c0000000)
  eden space 55296K, 70% used [0x00000007bc400000,0x00000007bea0c018,0x00000007bfa00000)
  from space 3072K, 60% used [0x00000007bfa00000,0x00000007bfbd2fd8,0x00000007bfd00000)
  to   space 3072K, 0% used [0x00000007bfd00000,0x00000007bfd00000,0x00000007c0000000)
 ParOldGen       total 376320K, used 88760K [0x0000000700000000, 0x0000000716f80000, 0x00000007bc400000)
  object space 376320K, 23% used [0x0000000700000000,0x00000007056ae098,0x0000000716f80000)
 Metaspace       used 68382K, capacity 68826K, committed 69336K, reserved 1110016K
  class space    used 9229K, capacity 9343K, committed 9472K, reserved 1048576K
Event: 80896.139 GC heap after
Heap after GC invocations=11319 (full 493):
 PSYoungGen      total 58368K, used 1385K [0x00000007bc400000, 0x00000007c0000000, 0x00000007c0000000)
  eden space 55296K, 0% used [0x00000007bc400000,0x00000007bc400000,0x00000007bfa00000)
  from space 3072K, 45% used [0x00000007bfd00000,0x00000007bfe5a7d8,0x00000007c0000000)
  to   space 3072K, 0% used [0x00000007bfa00000,0x00000007bfa00000,0x00000007bfd00000)
 ParOldGen       total 376320K, used 89716K [0x0000000700000000, 0x0000000716f80000, 0x00000007bc400000)
  object space 376320K, 23% used [0x0000000700000000,0x000000070579d3b0,0x0000000716f80000)
 Metaspace       used 68382K, capacity 68826K, committed 69336K, reserved 1110016K
  class space    used 9229K, capacity 9343K, committed 9472K, reserved 1048576K
}
Event: 80913.252 GC heap before
{Heap before GC invocations=11320 (full 493):
 PSYoungGen      total 58368K, used 56681K [0x00000007bc400000, 0x00000007c0000000, 0x00000007c0000000)
  eden space 55296K, 100% used [0x00000007bc400000,0x00000007bfa00000,0x00000007bfa00000)
  from space 3072K, 45% used [0x00000007bfd00000,0x00000007bfe5a7d8,0x00000007c0000000)
  to   space 3072K, 0% used [0x00000007bfa00000,0x00000007bfa00000,0x00000007bfd00000)
 ParOldGen       total 376320K, used 89716K [0x0000000700000000, 0x0000000716f80000, 0x00000007bc400000)
  object space 376320K, 23% used [0x0000000700000000,0x000000070579d3b0,0x0000000716f80000)
 Metaspace       used 68389K, capacity 68826K, committed 69336K, reserved 1110016K
  class space    used 9229K, capacity 9343K, committed 9472K, reserved 1048576K
Event: 80913.257 GC heap after
Heap after GC invocations=11320 (full 493):
 PSYoungGen      total 58368K, used 3041K [0x00000007bc400000, 0x00000007c0000000, 0x00000007c0000000)
  eden space 55296K, 0% used [0x00000007bc400000,0x00000007bc400000,0x00000007bfa00000)
  from space 3072K, 99% used [0x00000007bfa00000,0x00000007bfcf86d0,0x00000007bfd00000)
  to   space 3072K, 0% used [0x00000007bfd00000,0x00000007bfd00000,0x00000007c0000000)
 ParOldGen       total 376320K, used 90198K [0x0000000700000000, 0x0000000716f80000, 0x00000007bc400000)
  object space 376320K, 23% used [0x0000000700000000,0x00000007058159b8,0x0000000716f80000)
 Metaspace       used 68389K, capacity 68826K, committed 69336K, reserved 1110016K
  class space    used 9229K, capacity 9343K, committed 9472K, reserved 1048576K
}

Deoptimization events (10 events):
Event: 80890.917 Thread 0x00000000078a1000 Uncommon trap: reason=unstable_if action=reinterpret pc=0x000000001573c36c method=ui.b.c.b.I.getMinSelectionIndex()I @ 49
Event: 80890.917 Thread 0x00000000078a1000 Uncommon trap: reason=unstable_if action=reinterpret pc=0x0000000012b943b0 method=ui.b.c.b.I.getMaxSelectionIndex()I @ 50
Event: 80890.918 Thread 0x00000000078a1000 Uncommon trap: reason=unstable_if action=reinterpret pc=0x0000000014b9a4a0 method=com.jidesoft.grid.TableUtils.b(Ljava/util/Map;Ljavax/swing/JTable;)V @ 50
Event: 80896.072 Thread 0x00000000078a1000 Uncommon trap: reason=unstable_if action=reinterpret pc=0x0000000016264d34 method=ui.views.u.b.t.UD(Ljava/lang/String;)Z @ 75
Event: 80896.127 Thread 0x00000000078a1000 Uncommon trap: reason=class_check action=maybe_recompile pc=0x0000000015516174 method=ui.g.m.x.ae.paintVerticalPartOfLeg(Ljava/awt/Graphics;Ljava/awt/Rectangle;Ljava/awt/Insets;Ljavax/swing/tree/TreePath;)V @ 210
Event: 80896.127 Thread 0x00000000078a1000 Uncommon trap: reason=class_check action=maybe_recompile pc=0x0000000015d7ebc0 method=ui.g.m.x.ae.paintExpandControl(Ljava/awt/Graphics;Ljava/awt/Rectangle;Ljava/awt/Insets;Ljava/awt/Rectangle;Ljavax/swing/tree/TreePath;IZZZ)V @ 23
Event: 80896.128 Thread 0x00000000078a1000 Uncommon trap: reason=class_check action=maybe_recompile pc=0x0000000015d7ebc0 method=ui.g.m.x.ae.paintExpandControl(Ljava/awt/Graphics;Ljava/awt/Rectangle;Ljava/awt/Insets;Ljava/awt/Rectangle;Ljavax/swing/tree/TreePath;IZZZ)V @ 23
Event: 80896.214 Thread 0x00000000078a1000 Uncommon trap: reason=class_check action=maybe_recompile pc=0x0000000015516174 method=ui.g.m.x.ae.paintVerticalPartOfLeg(Ljava/awt/Graphics;Ljava/awt/Rectangle;Ljava/awt/Insets;Ljavax/swing/tree/TreePath;)V @ 210
Event: 80896.215 Thread 0x00000000078a1000 Uncommon trap: reason=class_check action=maybe_recompile pc=0x0000000015d7ebc0 method=ui.g.m.x.ae.paintExpandControl(Ljava/awt/Graphics;Ljava/awt/Rectangle;Ljava/awt/Insets;Ljava/awt/Rectangle;Ljavax/swing/tree/TreePath;IZZZ)V @ 23
Event: 80896.215 Thread 0x00000000078a1000 Uncommon trap: reason=class_check action=maybe_recompile pc=0x0000000015d7ebc0 method=ui.g.m.x.ae.paintExpandControl(Ljava/awt/Graphics;Ljava/awt/Rectangle;Ljava/awt/Insets;Ljava/awt/Rectangle;Ljavax/swing/tree/TreePath;IZZZ)V @ 23

Internal exceptions (10 events):
Event: 80552.101 Thread 0x00000000078a1000 Implicit null exception at 0x0000000014ede758 to 0x0000000014edf2e1
Event: 80552.204 Thread 0x0000000044f34800 Exception <a 'ui/frmwork/CommandFailedException'> (0x00000007bd5be4f8) thrown at [C:\re\workspace\8-2-build-windows-amd64-cygwin\jdk8u66\5298\hotspot\src\share\vm\prims\jni.cpp, line 709]
Event: 80833.876 Thread 0x0000000044f71000 Exception <a 'ui/frmwork/CommandFailedException'> (0x00000007bc61aed8) thrown at [C:\re\workspace\8-2-build-windows-amd64-cygwin\jdk8u66\5298\hotspot\src\share\vm\prims\jni.cpp, line 709]
Event: 80847.834 Thread 0x0000000044e09000 Exception <a 'ui/frmwork/CommandFailedException'> (0x00000007bc60aa70) thrown at [C:\re\workspace\8-2-build-windows-amd64-cygwin\jdk8u66\5298\hotspot\src\share\vm\prims\jni.cpp, line 709]
Event: 80890.849 Thread 0x00000000078a1000 Implicit null exception at 0x00000000134e76be to 0x00000000134e7739
Event: 80890.917 Thread 0x00000000078a1000 Implicit null exception at 0x000000001621efd0 to 0x0000000016226351
Event: 80890.917 Thread 0x00000000078a1000 Implicit null exception at 0x000000001573bd6b to 0x000000001573c331
Event: 80890.917 Thread 0x00000000078a1000 Implicit null exception at 0x0000000012b93ea3 to 0x0000000012b94389
Event: 80892.309 Thread 0x00000000409d7000 Exception <a 'ui/frmwork/CommandFailedException'> (0x00000007bde1b938) thrown at [C:\re\workspace\8-2-build-windows-amd64-cygwin\jdk8u66\5298\hotspot\src\share\vm\prims\jni.cpp, line 709]
Event: 80940.285 Thread 0x00000000450b6800 Exception <a 'ui/frmwork/CommandFailedException'> (0x00000007bd049a08) thrown at [C:\re\workspace\8-2-build-windows-amd64-cygwin\jdk8u66\5298\hotspot\src\share\vm\prims\jni.cpp, line 709]

Events (10 events):
Event: 80940.293 Thread 0x0000000010a26000 flushing nmethod 0x000000001636b490
Event: 80940.293 Thread 0x0000000010a26000 flushing nmethod 0x0000000016379550
Event: 80941.634 Thread 0x0000000044d3d000 Thread added: 0x0000000044d3d000
Event: 80941.635 Executing VM operation: RevokeBias
Event: 80941.635 Executing VM operation: RevokeBias done
Event: 80941.635 Thread 0x0000000044d3d000 Thread exited: 0x0000000044d3d000
Event: 80943.566 Executing VM operation: RevokeBias
Event: 80943.566 Executing VM operation: RevokeBias done
Event: 80943.567 Executing VM operation: RevokeBias
Event: 80943.567 Executing VM operation: RevokeBias done


Dynamic libraries:
0x000000013f370000 - 0x000000013f3a0000 	C:\Xilinx\Vivado\2016.2\bin\unwrapped\win64.o\vivado.exe
0x00000000771a0000 - 0x000000007734b000 	C:\windows\SYSTEM32\ntdll.dll
0x0000000076f80000 - 0x000000007709f000 	C:\windows\system32\kernel32.dll
0x000007fefd240000 - 0x000007fefd2aa000 	C:\windows\system32\KERNELBASE.dll
0x000000000a900000 - 0x000000000a98d000 	C:\Xilinx\Vivado\2016.2\lib\win64.o\SHSMP64.dll
0x00000000770a0000 - 0x000000007719a000 	C:\windows\system32\USER32.dll
0x000007fefe610000 - 0x000007fefe677000 	C:\windows\system32\GDI32.dll
0x000007fefe600000 - 0x000007fefe60e000 	C:\windows\system32\LPK.dll
0x000007fefdcb0000 - 0x000007fefdd7a000 	C:\windows\system32\USP10.dll
0x000007fefe680000 - 0x000007fefe71f000 	C:\windows\system32\msvcrt.dll
0x000007fefe520000 - 0x000007fefe5fb000 	C:\windows\system32\ADVAPI32.dll
0x000007fefd700000 - 0x000007fefd71f000 	C:\windows\SYSTEM32\sechost.dll
0x000007fefe3f0000 - 0x000007fefe51d000 	C:\windows\system32\RPCRT4.dll
0x000007fefbfe0000 - 0x000007fefbfec000 	C:\windows\system32\VERSION.dll
0x000007fee5c60000 - 0x000007fee5c73000 	C:\Xilinx\Vivado\2016.2\lib\win64.o\libboost_signals.dll
0x000007feee9e0000 - 0x000007feeea87000 	C:\windows\system32\MSVCP110.dll
0x000007feeeb80000 - 0x000007feeec54000 	C:\windows\system32\MSVCR110.dll
0x000007fee5220000 - 0x000007fee5c60000 	C:\Xilinx\Vivado\2016.2\lib\win64.o\librdi_common.dll
0x000007fee4eb0000 - 0x000007fee521e000 	C:\Xilinx\Vivado\2016.2\lib\win64.o\libCOIN-all.dll
0x000007fee4c90000 - 0x000007fee4eaf000 	C:\Xilinx\Vivado\2016.2\lib\win64.o\libXil_lmgr11.dll
0x000007fefad30000 - 0x000007fefad46000 	C:\windows\system32\NETAPI32.dll
0x000007fefc390000 - 0x000007fefc39c000 	C:\windows\system32\netutils.dll
0x000007fefc9e0000 - 0x000007fefca03000 	C:\windows\system32\srvcli.dll
0x000007fefad10000 - 0x000007fefad25000 	C:\windows\system32\wkscli.dll
0x000007fefe060000 - 0x000007fefe0f7000 	C:\windows\system32\COMDLG32.dll
0x000007fefdc30000 - 0x000007fefdca1000 	C:\windows\system32\SHLWAPI.dll
0x000007fef6c70000 - 0x000007fef6d10000 	C:\windows\WinSxS\amd64_microsoft.windows.common-controls_6595b64144ccf1df_5.82.7601.18837_none_a4d981ff711297b6\COMCTL32.dll
0x000007fefe720000 - 0x000007feff4ac000 	C:\windows\system32\SHELL32.dll
0x000007fef8fe0000 - 0x000007fef8fe9000 	C:\windows\system32\WSOCK32.dll
0x000007fefdf90000 - 0x000007fefdfdd000 	C:\windows\system32\WS2_32.dll
0x000007fefd930000 - 0x000007fefd938000 	C:\windows\system32\NSI.dll
0x000007fefda50000 - 0x000007fefdb28000 	C:\windows\system32\OLEAUT32.dll
0x000007fefd720000 - 0x000007fefd923000 	C:\windows\system32\ole32.dll
0x000007fefd1c0000 - 0x000007fefd1fb000 	C:\windows\system32\WINTRUST.dll
0x000007fefcf90000 - 0x000007fefd0fd000 	C:\windows\system32\CRYPT32.dll
0x000007fefcf20000 - 0x000007fefcf2f000 	C:\windows\system32\MSASN1.dll
0x000007fee8f70000 - 0x000007fee8f80000 	C:\Xilinx\Vivado\2016.2\lib\win64.o\libboost_date_time.dll
0x000007fee4c60000 - 0x000007fee4c84000 	C:\Xilinx\Vivado\2016.2\lib\win64.o\libboost_filesystem.dll
0x000007fee4c50000 - 0x000007fee4c59000 	C:\Xilinx\Vivado\2016.2\lib\win64.o\libboost_system.dll
0x000007fee4bd0000 - 0x000007fee4c47000 	C:\Xilinx\Vivado\2016.2\lib\win64.o\libboost_program_options.dll
0x000007fee4ac0000 - 0x000007fee4bc6000 	C:\Xilinx\Vivado\2016.2\lib\win64.o\libboost_regex.dll
0x000007fee4aa0000 - 0x000007fee4abd000 	C:\Xilinx\Vivado\2016.2\lib\win64.o\libboost_thread.dll
0x000007fee4a90000 - 0x000007fee4a9b000 	C:\Xilinx\Vivado\2016.2\lib\win64.o\libboost_chrono.dll
0x000007fee4a80000 - 0x000007fee4a8b000 	C:\Xilinx\Vivado\2016.2\lib\win64.o\libboost_xilinx.dll
0x000007fee4a00000 - 0x000007fee4a80000 	C:\Xilinx\Vivado\2016.2\lib\win64.o\libhdlpsolve.dll
0x000007fee4960000 - 0x000007fee49fa000 	C:\Xilinx\Vivado\2016.2\lib\win64.o\libhdxml.dll
0x000007fee44f0000 - 0x000007fee4955e00 	C:\Xilinx\Vivado\2016.2\lib\win64.o\libisl_iostreams.dll
0x000007fee44d0000 - 0x000007fee44e6000 	C:\Xilinx\Vivado\2016.2\lib\win64.o\libboost_iostreams.dll
0x000007fee44a0000 - 0x000007fee44c3000 	C:\Xilinx\Vivado\2016.2\lib\win64.o\librdizlib.dll
0x000007fee4470000 - 0x000007fee4493000 	C:\Xilinx\Vivado\2016.2\lib\win64.o\libisl_iosutils.dll
0x000007fee4440000 - 0x000007fee446a000 	C:\Xilinx\Vivado\2016.2\lib\win64.o\libisl_sysinfo.dll
0x0000000067280000 - 0x0000000067b09000 	C:\Xilinx\Vivado\2016.2\tps\win64\jre\bin\server\jvm.dll
0x000007fefaa80000 - 0x000007fefaabb000 	C:\windows\system32\WINMM.dll
0x0000000077370000 - 0x0000000077377000 	C:\windows\system32\PSAPI.DLL
0x0000000072de0000 - 0x0000000072eb2000 	C:\windows\system32\MSVCR100.dll
0x000007fee4420000 - 0x000007fee4435000 	C:\Xilinx\Vivado\2016.2\lib\win64.o\pthreadVC2.dll
0x000007fee43c0000 - 0x000007fee4414000 	C:\Xilinx\Vivado\2016.2\lib\win64.o\librdi_commonxillic.dll
0x000007fee4290000 - 0x000007fee43c0000 	C:\Xilinx\Vivado\2016.2\lib\win64.o\librdi_curl.dll
0x000007fee4270000 - 0x000007fee4288000 	C:\Xilinx\Vivado\2016.2\lib\win64.o\librdiconfig.dll
0x000000006d210000 - 0x000000006d337000 	C:\Xilinx\Vivado\2016.2\lib\win64.o\tcl85t.dll
0x0000000012000000 - 0x0000000012263000 	C:\Xilinx\Vivado\2016.2\lib\win64.o\xerces-c_3_1.dll
0x000007fefd2e0000 - 0x000007fefd563000 	C:\windows\system32\WININET.dll
0x000007fefcf80000 - 0x000007fefcf84000 	C:\windows\system32\api-ms-win-downlevel-user32-l1-1-0.dll
0x000007fefcf70000 - 0x000007fefcf74000 	C:\windows\system32\api-ms-win-downlevel-shlwapi-l1-1-0.dll
0x000007fefd2d0000 - 0x000007fefd2d4000 	C:\windows\system32\api-ms-win-downlevel-version-l1-1-0.dll
0x000007fefd1b0000 - 0x000007fefd1b3000 	C:\windows\system32\api-ms-win-downlevel-normaliz-l1-1-0.dll
0x0000000077360000 - 0x0000000077363000 	C:\windows\system32\normaliz.DLL
0x000007fefe120000 - 0x000007fefe3e9000 	C:\windows\system32\iertutil.dll
0x000007fefcf60000 - 0x000007fefcf65000 	C:\windows\system32\api-ms-win-downlevel-advapi32-l1-1-0.dll
0x000007fefcf40000 - 0x000007fefcf5e000 	C:\windows\system32\USERENV.dll
0x000007fefcf30000 - 0x000007fefcf3f000 	C:\windows\system32\profapi.dll
0x000007fef9950000 - 0x000007fef99c1000 	C:\windows\system32\WINHTTP.dll
0x000007fef98e0000 - 0x000007fef9945000 	C:\windows\system32\webio.dll
0x000007fefd570000 - 0x000007fefd6f5000 	C:\windows\system32\urlmon.dll
0x000007fefd1a0000 - 0x000007fefd1a4000 	C:\windows\system32\api-ms-win-downlevel-ole32-l1-1-0.dll
0x000007fee4240000 - 0x000007fee4263000 	C:\windows\system32\VCOMP110.DLL
0x000007fee4220000 - 0x000007fee4231000 	C:\Xilinx\Vivado\2016.2\lib\win64.o\librdi_commonmain.dll
0x000007fee4210000 - 0x000007fee4219000 	C:\Xilinx\Vivado\2016.2\lib\win64.o\librdi_commonversion.dll
0x000007fefdd80000 - 0x000007fefddae000 	C:\windows\system32\IMM32.DLL
0x000007fefd940000 - 0x000007fefda49000 	C:\windows\system32\MSCTF.dll
0x000007fefaa70000 - 0x000007fefaa7c000 	C:\windows\KATRK64.DLL
0x000007fefc170000 - 0x000007fefc181000 	C:\windows\system32\WTSAPI32.dll
0x000007fee3df0000 - 0x000007fee420e000 	C:\Xilinx\Vivado\2016.2\lib\win64.o\librdi_commontasks.dll
0x000007fee2190000 - 0x000007fee3de6000 	C:\Xilinx\Vivado\2016.2\lib\win64.o\librdi_tcltasks.dll
0x000007fee1f10000 - 0x000007fee2187000 	C:\Xilinx\Vivado\2016.2\lib\win64.o\librdi_bitstream.dll
0x000007fed9040000 - 0x000007fee1f01000 	C:\Xilinx\Vivado\2016.2\lib\win64.o\librdi_device.dll
0x000007fed8ff0000 - 0x000007fed9037000 	C:\Xilinx\Vivado\2016.2\lib\win64.o\libboost_serialization.dll
0x000007fed8670000 - 0x000007fed8fef000 	C:\Xilinx\Vivado\2016.2\lib\win64.o\libverific.dll
0x000007fed8530000 - 0x000007fed866f000 	C:\Xilinx\Vivado\2016.2\lib\win64.o\librdi_board.dll
0x000007fed84d0000 - 0x000007fed852d000 	C:\Xilinx\Vivado\2016.2\lib\win64.o\librdi_boarddep.dll
0x000007fed82b0000 - 0x000007fed84c1000 	C:\Xilinx\Vivado\2016.2\lib\win64.o\librdi_chipscope.dll
0x000007fed8240000 - 0x000007fed82a3000 	C:\Xilinx\Vivado\2016.2\lib\win64.o\liblmx6.0.dll
0x000007fed6fd0000 - 0x000007fed823b000 	C:\Xilinx\Vivado\2016.2\lib\win64.o\librdi_constraints.dll
0x000007fed6a80000 - 0x000007fed6fca000 	C:\Xilinx\Vivado\2016.2\lib\win64.o\librdi_filemgmt.dll
0x000007fed6890000 - 0x000007fed6a80000 	C:\Xilinx\Vivado\2016.2\lib\win64.o\librdi_sio.dll
0x000007fefa5b0000 - 0x000007fefa5d7000 	C:\windows\system32\IPHLPAPI.DLL
0x000007fefa5a0000 - 0x000007fefa5ab000 	C:\windows\system32\WINNSI.DLL
0x000007fed6450000 - 0x000007fed6884000 	C:\Xilinx\Vivado\2016.2\lib\win64.o\librdi_netlist.dll
0x000007fed5f70000 - 0x000007fed6441000 	C:\Xilinx\Vivado\2016.2\lib\win64.o\librdi_psta.dll
0x000007fed3460000 - 0x000007fed5f63000 	C:\Xilinx\Vivado\2016.2\lib\win64.o\librdi_coregen.dll
0x000007fed2da0000 - 0x000007fed3453000 	C:\Xilinx\Vivado\2016.2\lib\win64.o\librdi_coregenipxact.dll
0x000007fecf530000 - 0x000007fed2d97000 	C:\Xilinx\Vivado\2016.2\lib\win64.o\librdi_designutils.dll
0x000007feceff0000 - 0x000007fecf530000 	C:\Xilinx\Vivado\2016.2\lib\win64.o\librdi_xdm.dll
0x000007fecea60000 - 0x000007fecefed000 	C:\Xilinx\Vivado\2016.2\lib\win64.o\librdi_memdata.dll
0x000007fece550000 - 0x000007fecea53000 	C:\Xilinx\Vivado\2016.2\lib\win64.o\librdi_drc.dll
0x000007fecdac0000 - 0x000007fece54e000 	C:\Xilinx\Vivado\2016.2\lib\win64.o\librdi_timing.dll
0x000007fecd8a0000 - 0x000007fecdac0000 	C:\Xilinx\Vivado\2016.2\lib\win64.o\librdi_dlyest.dll
0x000007fecd800000 - 0x000007fecd897000 	C:\Xilinx\Vivado\2016.2\lib\win64.o\libise.dll
0x000007fecd7c0000 - 0x000007fecd7fb000 	C:\Xilinx\Vivado\2016.2\lib\win64.o\librdi_pfi.dll
0x000007fecd770000 - 0x000007fecd7b3000 	C:\Xilinx\Vivado\2016.2\lib\win64.o\librdi_hdf.dll
0x000007fecd570000 - 0x000007fecd762000 	C:\Xilinx\Vivado\2016.2\lib\win64.o\librdi_hsm.dll
0x000007fecd2e0000 - 0x000007fecd561000 	C:\Xilinx\Vivado\2016.2\lib\win64.o\librdi_ippcw.dll
0x000007fecd1f0000 - 0x000007fecd2d3000 	C:\Xilinx\Vivado\2016.2\lib\win64.o\librdi_containers.dll
0x000007fecd130000 - 0x000007fecd1f0000 	C:\Xilinx\Vivado\2016.2\lib\win64.o\librdi_dsp.dll
0x000007feccfb0000 - 0x000007fecd12d000 	C:\Xilinx\Vivado\2016.2\lib\win64.o\librdi_simdata.dll
0x000007feccc00000 - 0x000007feccfa1000 	C:\Xilinx\Vivado\2016.2\lib\win64.o\librdi_wavedata.dll
0x000007feccb80000 - 0x000007feccbff000 	C:\Xilinx\Vivado\2016.2\lib\win64.o\librdi_simbridge_kernel.dll
0x000007feccb40000 - 0x000007feccb7a000 	C:\Xilinx\Vivado\2016.2\lib\win64.o\librdi_wavedata_SimpleApi.dll
0x000007fecc900000 - 0x000007feccb40000 	C:\Xilinx\Vivado\2016.2\lib\win64.o\librdi_guitools.dll
0x000007fecaf60000 - 0x000007fecc8fe000 	C:\Xilinx\Vivado\2016.2\lib\win64.o\librdi_place.dll
0x000007feca9a0000 - 0x000007fecaf5c000 	C:\Xilinx\Vivado\2016.2\lib\win64.o\librdi_abc_nomp.dll
0x000007feca980000 - 0x000007feca999000 	C:\Xilinx\Vivado\2016.2\lib\win64.o\librdi_hmetis.dll
0x000007fec9140000 - 0x000007feca971000 	C:\Xilinx\Vivado\2016.2\lib\win64.o\librdi_mig.dll
0x000007fec8b80000 - 0x000007fec9138000 	C:\Xilinx\Vivado\2016.2\lib\win64.o\librdi_power.dll
0x000007fec7f40000 - 0x000007fec8b76000 	C:\Xilinx\Vivado\2016.2\lib\win64.o\librdi_route.dll
0x000007fec7ac0000 - 0x000007fec7f3d000 	C:\Xilinx\Vivado\2016.2\lib\win64.o\librdi_project.dll
0x000007fec7420000 - 0x000007fec7ab4000 	C:\Xilinx\Vivado\2016.2\lib\win64.o\librdi_labtools.dll
0x000007fec73f0000 - 0x000007fec7418000 	C:\Xilinx\Vivado\2016.2\lib\win64.o\librdi_commoncwebtalk.dll

VM Arguments:
jvm_args: -Dsun.java2d.pmoffscreen=false -Dsun.java2d.d3d=false -Dsun.awt.nopixfmt=true -Xverify:none -Dswing.aatext=true -XX:-UsePerfData -Djdk.map.althashing.threshold=512 -XX:StringTableSize=4072 -XX:NewSize=60m -XX:MaxNewSize=60m -Xms128m -Xmx3072m -Xss5m 
java_command: <unknown>
java_class_path (initial): C:/Xilinx/Vivado/2016.2\lib\classes\alloy.jar;C:/Xilinx/Vivado/2016.2\lib\classes\batik-anim.jar;C:/Xilinx/Vivado/2016.2\lib\classes\batik-awt-util.jar;C:/Xilinx/Vivado/2016.2\lib\classes\batik-bridge.jar;C:/Xilinx/Vivado/2016.2\lib\classes\batik-codec.jar;C:/Xilinx/Vivado/2016.2\lib\classes\batik-css.jar;C:/Xilinx/Vivado/2016.2\lib\classes\batik-dom.jar;C:/Xilinx/Vivado/2016.2\lib\classes\batik-ext.jar;C:/Xilinx/Vivado/2016.2\lib\classes\batik-gui-util.jar;C:/Xilinx/Vivado/2016.2\lib\classes\batik-gvt.jar;C:/Xilinx/Vivado/2016.2\lib\classes\batik-parser.jar;C:/Xilinx/Vivado/2016.2\lib\classes\batik-script.jar;C:/Xilinx/Vivado/2016.2\lib\classes\batik-svg-dom.jar;C:/Xilinx/Vivado/2016.2\lib\classes\batik-swing.jar;C:/Xilinx/Vivado/2016.2\lib\classes\batik-transcoder.jar;C:/Xilinx/Vivado/2016.2\lib\classes\batik-util.jar;C:/Xilinx/Vivado/2016.2\lib\classes\batik-xml.jar;C:/Xilinx/Vivado/2016.2\lib\classes\commons-math-2.2.jar;C:/Xilinx/Vivado/2016.2\lib\classes\dom4j-1.6.1.jar;C:/Xilinx/Vivado/2016.2\lib\classes\forms.jar;C:/Xilinx/Vivado/2016.2\lib\classes\guava-18.0.jar;C:/Xilinx/Vivado/2016.2\lib\classes\help.jar;C:/Xilinx/Vivado/2016.2\lib\classes\hsqldb.jar;C:/Xilinx/Vivado/2016.2\lib\classes\jh.jar;C:/Xilinx/Vivado/2016.2\lib\classes\jide-action.jar;C:/Xilinx/Vivado/2016.2\lib\classes\jide-charts.jar;C:/Xilinx/Vivado/2016.2\lib\classes\jide-common.jar;C:/Xilinx/Vivado/2016.2\lib\classes\jide-components.jar;C:/Xilinx/Vivado/2016.2\lib\classes\jide-dashboard.jar;C:/Xilinx/Vivado/2016.2\lib\classes\jide-data.jar;C:/Xilinx/Vivado/2016.2\lib\classes\jide-dialogs.jar;C:/Xilinx/Vivado/2016.2\lib\classes\jide-diff.jar;C:/Xilinx/Vivado/2016.2\lib\classes\jide-dock.jar;C:/Xilinx/Vivado/2016.2\lib\classes\jide-editor.jar;C:/Xilinx/Vivado/2016.2\lib\classes\jide-gantt.jar;C:/Xilinx/Vivado/2016.2\lib\classes\jide-grids.jar;C:/Xilinx/Vivado/2016.2\lib\classes\jide-pivot.jar;C:/Xilinx/Vivado/2016.2\lib\classes\jide-plaf-jdk7.jar;C:/Xilinx/Vivado/2
Launcher Type: generic

Environment Variables:
PATH=C:/Xilinx/Vivado/2016.2/bin;C:/Xilinx/Vivado/2016.2/lib/win64.o;C:/Xilinx/Vivado/2016.2/tps/win64/jre/bin/server;C:/Xilinx/Vivado/2016.2/tps/win64/jre/bin;C:/Xilinx/Vivado/2016.2/ids_lite/ISE/bin/nt64;C:/Xilinx/Vivado/2016.2/ids_lite/ISE/lib/nt64;C:/Xilinx/Vivado_HLS/2016.2/bin;C:\Python27\;C:\Python27\Scripts;C:\Program Files\Python35\Scripts\;C:\Program Files\Python35\;C:\Perl64\site\bin;C:\Perl64\bin;C:\ProgramData\Oracle\Java\javapath;C:\windows\system32;C:\windows;C:\windows\System32\Wbem;C:\windows\System32\WindowsPowerShell\v1.0\;C:\Program Files\Microsoft Windows Performance Toolkit\;C:\Program Files\Common Files\Autodesk Shared\;C:\Program Files\Git\cmd;C:\MATLAB\R2015b\bin;C:\Program Files (x86)\Windows Kits\8.1\Windows Performance Toolkit\;C:\Program Files\Microsoft SQL Server\110\Tools\Binn\;C:\Program Files (x86)\PuTTY\
USERNAME=dilsizk
OS=Windows_NT
PROCESSOR_IDENTIFIER=Intel64 Family 6 Model 94 Stepping 3, GenuineIntel



---------------  S Y S T E M  ---------------

OS: Windows 7 , 64 bit Build 7601 (6.1.7601.23455)

CPU:total 8 (4 cores per cpu, 2 threads per core) family 6 model 94 stepping 3, cmov, cx8, fxsr, mmx, sse, sse2, sse3, ssse3, sse4.1, sse4.2, popcnt, avx, avx2, aes, clmul, erms, rtm, 3dnowpref, lzcnt, ht, tsc, tscinvbit, bmi1, bmi2, adx

Memory: 4k page, physical 33457972k(23432520k free), swap 66914084k(54401116k free)

vm_info: Java HotSpot(TM) 64-Bit Server VM (25.66-b18) for windows-amd64 JRE (1.8.0_66-b18), built on Nov  9 2015 10:51:13 by "java_re" with MS VC++ 10.0 (VS2010)

time: Fri Nov 04 13:51:06 2016
elapsed time: 80943 seconds (0d 22h 29m 3s)

