#
# A fatal error has been detected by the Java Runtime Environment:
#
#  EXCEPTION_ACCESS_VIOLATION (0xc0000005) at pc=0x000007feee9e9256, pid=1120, tid=6236
#
# JRE version: Java(TM) SE Runtime Environment (8.0_66-b18) (build 1.8.0_66-b18)
# Java VM: Java HotSpot(TM) 64-Bit Server VM (25.66-b18 mixed mode windows-amd64 compressed oops)
# Problematic frame:
# C  [MSVCP110.dll+0x9256]
#
# Failed to write core dump. Minidumps are not enabled by default on client versions of Windows
#
# If you would like to submit a bug report, please visit:
#   http://bugreport.java.com/bugreport/crash.jsp
# The crash happened outside the Java Virtual Machine in native code.
# See problematic frame for where to report the bug.
#

---------------  T H R E A D  ---------------

Current thread (0x00000000074d1000):  JavaThread "AWT-EventQueue-1" [_thread_in_native, id=6236, stack(0x0000000025fb0000,0x00000000264b0000)]

siginfo: ExceptionCode=0xc0000005, reading address 0x0000000000000000

Registers:
RAX=0x0000000000000000, RBX=0x00000000264ad6a0, RCX=0x0000000000000000, RDX=0x0000000000000000
RSP=0x00000000264ad5a0, RBP=0x000000002ea6cd70, RSI=0x00000000264ad690, RDI=0x0000000000000001
R8 =0x000000002ea6cd70, R9 =0x00000000264ad698, R10=0x000007feeea32da8, R11=0x00000000264ad648
R12=0x0000000000000000, R13=0x0000000007557e00, R14=0x000007fff8109b60, R15=0x00000000264ad698
RIP=0x000007feee9e9256, EFLAGS=0x0000000000010256

Top of Stack: (sp=0x00000000264ad5a0)
0x00000000264ad5a0:   0000000000001000 0000000000000000
0x00000000264ad5b0:   00000000264ad6a0 0000000003a30198
0x00000000264ad5c0:   0000000007557e10 0000000000000000
0x00000000264ad5d0:   0000000007557e00 00000000264ada30
0x00000000264ad5e0:   00000000e003e860 0000000000000000
0x00000000264ad5f0:   000000002ea6cd70 000007feee9e8f24
0x00000000264ad600:   00000000264ada30 000000002ea6cd70
0x00000000264ad610:   000007ff9ac30080 0000000000000000
0x00000000264ad620:   00000000264ad6a0 000007ff9ac30080
0x00000000264ad630:   000007fff8109b60 00000000264ad690
0x00000000264ad640:   00000000264ad8b4 000007fee530bf8c
0x00000000264ad650:   0000000000000000 000000000a903877
0x00000000264ad660:   0000000003a30020 000007fe00000000
0x00000000264ad670:   00000000264ad6a0 000007ff9ac30080
0x00000000264ad680:   000007fff8109b60 00000000264ad690
0x00000000264ad690:   000007ff9ac30080 0000000000000000 

Instructions: (pc=0x000007feee9e9256)
0x000007feee9e9236:   f8 fe 74 46 83 f8 ff 74 3a 85 c0 75 1b 48 8b 06
0x000007feee9e9246:   66 44 39 20 75 19 48 8b 03 48 83 c9 ff 48 ff c1
0x000007feee9e9256:   44 38 24 08 75 f7 ff c1 83 f9 fd 41 0f 44 cc 48
0x000007feee9e9266:   63 c1 41 8b fc 48 01 03 48 83 06 02 48 39 2b 75 


Register to memory mapping:

RAX=0x0000000000000000 is an unknown value
RBX=0x00000000264ad6a0 is pointing into the stack for thread: 0x00000000074d1000
RCX=0x0000000000000000 is an unknown value
RDX=0x0000000000000000 is an unknown value
RSP=0x00000000264ad5a0 is pointing into the stack for thread: 0x00000000074d1000
RBP=0x000000002ea6cd70 is an unknown value
RSI=0x00000000264ad690 is pointing into the stack for thread: 0x00000000074d1000
RDI=0x0000000000000001 is an unknown value
R8 =0x000000002ea6cd70 is an unknown value
R9 =0x00000000264ad698 is pointing into the stack for thread: 0x00000000074d1000
R10=0x000007feeea32da8 is an unknown value
R11=0x00000000264ad648 is pointing into the stack for thread: 0x00000000074d1000
R12=0x0000000000000000 is an unknown value
R13=0x0000000007557e00 is an unknown value
R14=0x000007fff8109b60 is an unknown value
R15=0x00000000264ad698 is pointing into the stack for thread: 0x00000000074d1000


Stack: [0x0000000025fb0000,0x00000000264b0000],  sp=0x00000000264ad5a0,  free space=5109k
Native frames: (J=compiled Java code, j=interpreted, Vv=VM code, C=native code)
C  [MSVCP110.dll+0x9256]
C  [MSVCP110.dll+0x8f24]
C  [librdi_common.dll+0xebf8c]
C  [librdi_common.dll+0xebead]
C  [librdi_labtools.dll+0x298f46]
C  0x0000000012cf9403

Java frames: (J=compiled Java code, j=interpreted, Vv=VM code)
J 22706  ui.data.labtools.lthwdatai.HWDevice_getName(J)Ljava/lang/String; (0 bytes) @ 0x0000000012cf9381 [0x0000000012cf9340+0x41]
J 23644 C1 ui.data.labtools.b.getName()Ljava/lang/String; (5 bytes) @ 0x000000001373fc44 [0x000000001373fb80+0xc4]
J 21527 C1 ui.views.cS.bo(Lui/data/bd;)V (52 bytes) @ 0x0000000015bc95bc [0x0000000015bc92a0+0x31c]
J 20619 C1 ui.views.bN.a(Lui/frmwork/a/g;)V (2711 bytes) @ 0x0000000015a29054 [0x0000000015a165c0+0x12a94]
J 25032 C2 ui.frmwork.HTclEventBroker.i(JZ)V (450 bytes) @ 0x000000001659bc34 [0x000000001659a440+0x17f4]
J 25500 C2 ui.frmwork.J.run()V (21 bytes) @ 0x0000000012aef068 [0x0000000012aef020+0x48]
J 8986 C2 java.awt.EventQueue.dispatchEventImpl(Ljava/awt/AWTEvent;Ljava/lang/Object;)V (149 bytes) @ 0x0000000013dcbb18 [0x0000000013dcb540+0x5d8]
J 9056 C2 java.awt.EventQueue$3.run()Ljava/lang/Object; (5 bytes) @ 0x000000001265fc4c [0x000000001265fbe0+0x6c]
v  ~StubRoutines::call_stub
J 1556  java.security.AccessController.doPrivileged(Ljava/security/PrivilegedAction;Ljava/security/AccessControlContext;)Ljava/lang/Object; (0 bytes) @ 0x00000000127c5f26 [0x00000000127c5ec0+0x66]
J 8968 C2 ui.frmwork.a.e.dispatchEvent(Ljava/awt/AWTEvent;)V (30 bytes) @ 0x0000000013daaf90 [0x0000000013daad20+0x270]
J 27161 C2 java.awt.EventDispatchThread.pumpOneEventForFilters(I)V (295 bytes) @ 0x0000000016a0add4 [0x0000000016a0ab40+0x294]
J 18393% C2 java.awt.EventDispatchThread.pumpEventsForFilter(ILjava/awt/Conditional;Ljava/awt/EventFilter;)V (47 bytes) @ 0x0000000012c91220 [0x0000000012c91120+0x100]
j  java.awt.EventDispatchThread.pumpEventsForHierarchy(ILjava/awt/Conditional;Ljava/awt/Component;)V+11
j  java.awt.EventDispatchThread.pumpEvents(ILjava/awt/Conditional;)V+4
j  java.awt.EventDispatchThread.pumpEvents(Ljava/awt/Conditional;)V+3
j  java.awt.EventDispatchThread.run()V+9
v  ~StubRoutines::call_stub

---------------  P R O C E S S  ---------------

Java Threads: ( => current thread )
  0x0000000069c08000 JavaThread "Update Design Hierarchy" [_thread_blocked, id=11208, stack(0x0000000071120000,0x0000000071620000)]
  0x0000000069fc4000 JavaThread "Code Inspector" [_thread_in_native, id=10360, stack(0x0000000072730000,0x0000000072c30000)]
  0x0000000066e56000 JavaThread "Image Fetcher 0" daemon [_thread_blocked, id=4580, stack(0x0000000072140000,0x0000000072640000)]
  0x0000000047b82000 JavaThread "Monitor File Timestamp" [_thread_blocked, id=7572, stack(0x0000000071b90000,0x0000000072090000)]
  0x0000000069fa5000 JavaThread "Monitor File Timestamp" [_thread_blocked, id=6796, stack(0x00000000702c0000,0x00000000707c0000)]
  0x0000000069db2800 JavaThread "Monitor File Timestamp" [_thread_blocked, id=7952, stack(0x000000006fc50000,0x0000000070150000)]
  0x0000000069db3000 JavaThread "Monitor File Timestamp" [_thread_blocked, id=8096, stack(0x000000006f200000,0x000000006f700000)]
  0x0000000069dbf800 JavaThread "Monitor File Timestamp" [_thread_blocked, id=4540, stack(0x000000006ec10000,0x000000006f110000)]
  0x0000000065b32000 JavaThread "Thread-1341" [_thread_in_native, id=7412, stack(0x0000000066cc0000,0x0000000066dc0000)]
  0x0000000022216000 JavaThread "Thread-1276" [_thread_in_native, id=3104, stack(0x0000000060c20000,0x0000000060d20000)]
  0x0000000065e0b000 JavaThread "Monitor File Timestamp" [_thread_blocked, id=2576, stack(0x000000006c5d0000,0x000000006cad0000)]
  0x0000000069fdc800 JavaThread "Monitor File Timestamp" [_thread_blocked, id=7304, stack(0x000000006d860000,0x000000006dd60000)]
  0x000000002c8e4800 JavaThread "hw_ila_monitor" [_thread_blocked, id=6580, stack(0x0000000030fb0000,0x00000000314b0000)]
  0x000000002f0e7800 JavaThread "Update Runs" [_thread_blocked, id=6500, stack(0x000000002f9d0000,0x000000002fed0000)]
  0x000000002b6d3000 JavaThread "Refresh Filesets" [_thread_blocked, id=6496, stack(0x000000002f4a0000,0x000000002f9a0000)]
  0x0000000022815800 JavaThread "Swing-Shell" daemon [_thread_blocked, id=6276, stack(0x000000002aba0000,0x000000002b0a0000)]
  0x0000000025279800 JavaThread "Monitor File Timestamp" [_thread_blocked, id=6268, stack(0x0000000029e00000,0x000000002a300000)]
=>0x00000000074d1000 JavaThread "AWT-EventQueue-1" [_thread_in_native, id=6236, stack(0x0000000025fb0000,0x00000000264b0000)]
  0x00000000074df000 JavaThread "Process Messages" [_thread_blocked, id=6232, stack(0x0000000025a00000,0x0000000025f00000)]
  0x0000000007493000 JavaThread "Thread-3" [_thread_in_native, id=1480, stack(0x00000000024f0000,0x00000000038f0000)]
  0x0000000023785000 JavaThread "AWT-EventQueue-0" [_thread_blocked, id=6228, stack(0x0000000025310000,0x0000000025810000)]
  0x0000000022016000 JavaThread "AWT-Windows" daemon [_thread_in_native, id=6208, stack(0x0000000023fa0000,0x00000000244a0000)]
  0x0000000011ad0800 JavaThread "AWT-Shutdown" [_thread_blocked, id=6204, stack(0x00000000238d0000,0x0000000023dd0000)]
  0x000000000a6a0800 JavaThread "Java2D Disposer" daemon [_thread_blocked, id=6200, stack(0x0000000023260000,0x0000000023760000)]
  0x0000000021ea3800 JavaThread "TimerQueue" daemon [_thread_blocked, id=6196, stack(0x0000000022b70000,0x0000000023070000)]
  0x000000000a5b5800 JavaThread "Service Thread" daemon [_thread_blocked, id=5152, stack(0x0000000021860000,0x0000000021d60000)]
  0x000000000a576000 JavaThread "C1 CompilerThread3" daemon [_thread_blocked, id=5196, stack(0x0000000011d80000,0x0000000011e80000)]
  0x000000000a577800 JavaThread "C2 CompilerThread2" daemon [_thread_blocked, id=5264, stack(0x0000000011c80000,0x0000000011d80000)]
  0x000000000a579000 JavaThread "C2 CompilerThread1" daemon [_thread_blocked, id=5900, stack(0x00000000119d0000,0x0000000011ad0000)]
  0x000000000a57a800 JavaThread "C2 CompilerThread0" daemon [_thread_blocked, id=5936, stack(0x000000000a7c0000,0x000000000a8c0000)]
  0x000000000a57c000 JavaThread "Attach Listener" daemon [_thread_blocked, id=4624, stack(0x00000000212b0000,0x00000000217b0000)]
  0x000000000a57d800 JavaThread "Signal Dispatcher" daemon [_thread_blocked, id=4584, stack(0x00000000114a0000,0x00000000119a0000)]
  0x0000000009398800 JavaThread "Finalizer" daemon [_thread_blocked, id=5128, stack(0x0000000010f90000,0x0000000011490000)]
  0x0000000009399800 JavaThread "Reference Handler" daemon [_thread_blocked, id=3056, stack(0x00000000109c0000,0x0000000010ec0000)]
  0x0000000007505800 JavaThread "main" [_thread_blocked, id=4300, stack(0x00000000075d0000,0x00000000076d0000)]

Other Threads:
  0x0000000009381000 VMThread [stack: 0x000000000a6b0000,0x000000000a7b0000] [id=5724]
  0x0000000011ad7800 WatcherThread [stack: 0x0000000011ea0000,0x0000000011fa0000] [id=6148]

VM state:not at safepoint (normal execution)

VM Mutex/Monitor currently owned by a thread: None

Heap:
 PSYoungGen      total 55808K, used 44035K [0x00000007bc400000, 0x00000007c0000000, 0x00000007c0000000)
  eden space 50176K, 79% used [0x00000007bc400000,0x00000007beb073f0,0x00000007bf500000)
  from space 5632K, 72% used [0x00000007bf500000,0x00000007bf8f98a8,0x00000007bfa80000)
  to   space 5632K, 0% used [0x00000007bfa80000,0x00000007bfa80000,0x00000007c0000000)
 ParOldGen       total 233472K, used 85184K [0x0000000700000000, 0x000000070e400000, 0x00000007bc400000)
  object space 233472K, 36% used [0x0000000700000000,0x0000000705330108,0x000000070e400000)
 Metaspace       used 82493K, capacity 83022K, committed 83544K, reserved 1120256K
  class space    used 12204K, capacity 12333K, committed 12416K, reserved 1048576K

Card table byte_map: [0x0000000007b90000,0x00000000081a0000] byte_map_base: 0x0000000004390000

Marking Bits: (ParMarkBitMap*) 0x0000000067a8a5b0
 Begin Bits: [0x000000000a990000, 0x000000000d990000)
 End Bits:   [0x000000000d990000, 0x0000000010990000)

Polling page: 0x0000000000260000

CodeCache: size=245760Kb used=72955Kb max_used=72984Kb free=172804Kb
 bounds [0x0000000012270000, 0x0000000016a60000, 0x0000000021270000]
 total_blobs=19880 nmethods=18926 adapters=857
 compilation: enabled

Compilation events (10 events):
Event: 21429.304 Thread 0x000000000a576000 27250       3       ui.views.n.N::a (280 bytes)
Event: 21429.305 Thread 0x000000000a576000 nmethod 27250 0x0000000016a56150 code [0x0000000016a56520, 0x0000000016a58aa8]
Event: 21429.306 Thread 0x000000000a577800 27253       4       ui.b.c.W::a (13 bytes)
Event: 21429.306 Thread 0x000000000a576000 27251       3       ui.data.device.c::apc (8 bytes)
Event: 21429.306 Thread 0x000000000a576000 nmethod 27251 0x00000000141921d0 code [0x0000000014192340, 0x00000000141924c8]
Event: 21429.307 Thread 0x000000000a577800 nmethod 27253 0x0000000015ff6bd0 code [0x0000000015ff6d20, 0x0000000015ff6da8]
Event: 21429.945 Thread 0x000000000a576000 27254       3       ui.frmwork.c.p::eKH (12 bytes)
Event: 21429.945 Thread 0x000000000a576000 nmethod 27254 0x0000000014191b10 code [0x0000000014191ca0, 0x0000000014192038]
Event: 21430.658 Thread 0x000000000a579000 27255       4       ui.views.dl::c (81 bytes)
Event: 21430.660 Thread 0x000000000a579000 nmethod 27255 0x0000000014191510 code [0x0000000014191680, 0x00000000141918e8]

GC Heap History (10 events):
Event: 21355.021 GC heap before
{Heap before GC invocations=6568 (full 607):
 PSYoungGen      total 56320K, used 54601K [0x00000007bc400000, 0x00000007c0000000, 0x00000007c0000000)
  eden space 51200K, 100% used [0x00000007bc400000,0x00000007bf600000,0x00000007bf600000)
  from space 5120K, 66% used [0x00000007bfb00000,0x00000007bfe52498,0x00000007c0000000)
  to   space 5120K, 0% used [0x00000007bf600000,0x00000007bf600000,0x00000007bfb00000)
 ParOldGen       total 233472K, used 85120K [0x0000000700000000, 0x000000070e400000, 0x00000007bc400000)
  object space 233472K, 36% used [0x0000000700000000,0x0000000705320108,0x000000070e400000)
 Metaspace       used 82480K, capacity 83022K, committed 83544K, reserved 1120256K
  class space    used 12204K, capacity 12333K, committed 12416K, reserved 1048576K
Event: 21355.026 GC heap after
Heap after GC invocations=6568 (full 607):
 PSYoungGen      total 56320K, used 3993K [0x00000007bc400000, 0x00000007c0000000, 0x00000007c0000000)
  eden space 51200K, 0% used [0x00000007bc400000,0x00000007bc400000,0x00000007bf600000)
  from space 5120K, 77% used [0x00000007bf600000,0x00000007bf9e65b8,0x00000007bfb00000)
  to   space 5120K, 0% used [0x00000007bfb00000,0x00000007bfb00000,0x00000007c0000000)
 ParOldGen       total 233472K, used 85120K [0x0000000700000000, 0x000000070e400000, 0x00000007bc400000)
  object space 233472K, 36% used [0x0000000700000000,0x0000000705320108,0x000000070e400000)
 Metaspace       used 82480K, capacity 83022K, committed 83544K, reserved 1120256K
  class space    used 12204K, capacity 12333K, committed 12416K, reserved 1048576K
}
Event: 21375.616 GC heap before
{Heap before GC invocations=6569 (full 607):
 PSYoungGen      total 56320K, used 55193K [0x00000007bc400000, 0x00000007c0000000, 0x00000007c0000000)
  eden space 51200K, 100% used [0x00000007bc400000,0x00000007bf600000,0x00000007bf600000)
  from space 5120K, 77% used [0x00000007bf600000,0x00000007bf9e65b8,0x00000007bfb00000)
  to   space 5120K, 0% used [0x00000007bfb00000,0x00000007bfb00000,0x00000007c0000000)
 ParOldGen       total 233472K, used 85120K [0x0000000700000000, 0x000000070e400000, 0x00000007bc400000)
  object space 233472K, 36% used [0x0000000700000000,0x0000000705320108,0x000000070e400000)
 Metaspace       used 82488K, capacity 83022K, committed 83544K, reserved 1120256K
  class space    used 12204K, capacity 12333K, committed 12416K, reserved 1048576K
Event: 21375.621 GC heap after
Heap after GC invocations=6569 (full 607):
 PSYoungGen      total 55296K, used 4451K [0x00000007bc400000, 0x00000007c0000000, 0x00000007c0000000)
  eden space 50176K, 0% used [0x00000007bc400000,0x00000007bc400000,0x00000007bf500000)
  from space 5120K, 86% used [0x00000007bfb00000,0x00000007bff58e70,0x00000007c0000000)
  to   space 5632K, 0% used [0x00000007bf500000,0x00000007bf500000,0x00000007bfa80000)
 ParOldGen       total 233472K, used 85128K [0x0000000700000000, 0x000000070e400000, 0x00000007bc400000)
  object space 233472K, 36% used [0x0000000700000000,0x0000000705322108,0x000000070e400000)
 Metaspace       used 82488K, capacity 83022K, committed 83544K, reserved 1120256K
  class space    used 12204K, capacity 12333K, committed 12416K, reserved 1048576K
}
Event: 21409.022 GC heap before
{Heap before GC invocations=6570 (full 607):
 PSYoungGen      total 55296K, used 54627K [0x00000007bc400000, 0x00000007c0000000, 0x00000007c0000000)
  eden space 50176K, 100% used [0x00000007bc400000,0x00000007bf500000,0x00000007bf500000)
  from space 5120K, 86% used [0x00000007bfb00000,0x00000007bff58e70,0x00000007c0000000)
  to   space 5632K, 0% used [0x00000007bf500000,0x00000007bf500000,0x00000007bfa80000)
 ParOldGen       total 233472K, used 85128K [0x0000000700000000, 0x000000070e400000, 0x00000007bc400000)
  object space 233472K, 36% used [0x0000000700000000,0x0000000705322108,0x000000070e400000)
 Metaspace       used 82492K, capacity 83022K, committed 83544K, reserved 1120256K
  class space    used 12204K, capacity 12333K, committed 12416K, reserved 1048576K
Event: 21409.026 GC heap after
Heap after GC invocations=6570 (full 607):
 PSYoungGen      total 55808K, used 4773K [0x00000007bc400000, 0x00000007c0000000, 0x00000007c0000000)
  eden space 50176K, 0% used [0x00000007bc400000,0x00000007bc400000,0x00000007bf500000)
  from space 5632K, 84% used [0x00000007bf500000,0x00000007bf9a9580,0x00000007bfa80000)
  to   space 5632K, 0% used [0x00000007bfa80000,0x00000007bfa80000,0x00000007c0000000)
 ParOldGen       total 233472K, used 85136K [0x0000000700000000, 0x000000070e400000, 0x00000007bc400000)
  object space 233472K, 36% used [0x0000000700000000,0x0000000705324108,0x000000070e400000)
 Metaspace       used 82492K, capacity 83022K, committed 83544K, reserved 1120256K
  class space    used 12204K, capacity 12333K, committed 12416K, reserved 1048576K
}
Event: 21419.552 GC heap before
{Heap before GC invocations=6571 (full 607):
 PSYoungGen      total 55808K, used 54949K [0x00000007bc400000, 0x00000007c0000000, 0x00000007c0000000)
  eden space 50176K, 100% used [0x00000007bc400000,0x00000007bf500000,0x00000007bf500000)
  from space 5632K, 84% used [0x00000007bf500000,0x00000007bf9a9580,0x00000007bfa80000)
  to   space 5632K, 0% used [0x00000007bfa80000,0x00000007bfa80000,0x00000007c0000000)
 ParOldGen       total 233472K, used 85136K [0x0000000700000000, 0x000000070e400000, 0x00000007bc400000)
  object space 233472K, 36% used [0x0000000700000000,0x0000000705324108,0x000000070e400000)
 Metaspace       used 82492K, capacity 83022K, committed 83544K, reserved 1120256K
  class space    used 12204K, capacity 12333K, committed 12416K, reserved 1048576K
Event: 21419.557 GC heap after
Heap after GC invocations=6571 (full 607):
 PSYoungGen      total 55808K, used 4027K [0x00000007bc400000, 0x00000007c0000000, 0x00000007c0000000)
  eden space 50176K, 0% used [0x00000007bc400000,0x00000007bc400000,0x00000007bf500000)
  from space 5632K, 71% used [0x00000007bfa80000,0x00000007bfe6ef10,0x00000007c0000000)
  to   space 5632K, 0% used [0x00000007bf500000,0x00000007bf500000,0x00000007bfa80000)
 ParOldGen       total 233472K, used 85136K [0x0000000700000000, 0x000000070e400000, 0x00000007bc400000)
  object space 233472K, 36% used [0x0000000700000000,0x0000000705324108,0x000000070e400000)
 Metaspace       used 82492K, capacity 83022K, committed 83544K, reserved 1120256K
  class space    used 12204K, capacity 12333K, committed 12416K, reserved 1048576K
}
Event: 21423.901 GC heap before
{Heap before GC invocations=6572 (full 607):
 PSYoungGen      total 55808K, used 54203K [0x00000007bc400000, 0x00000007c0000000, 0x00000007c0000000)
  eden space 50176K, 100% used [0x00000007bc400000,0x00000007bf500000,0x00000007bf500000)
  from space 5632K, 71% used [0x00000007bfa80000,0x00000007bfe6ef10,0x00000007c0000000)
  to   space 5632K, 0% used [0x00000007bf500000,0x00000007bf500000,0x00000007bfa80000)
 ParOldGen       total 233472K, used 85136K [0x0000000700000000, 0x000000070e400000, 0x00000007bc400000)
  object space 233472K, 36% used [0x0000000700000000,0x0000000705324108,0x000000070e400000)
 Metaspace       used 82492K, capacity 83022K, committed 83544K, reserved 1120256K
  class space    used 12204K, capacity 12333K, committed 12416K, reserved 1048576K
Event: 21423.906 GC heap after
Heap after GC invocations=6572 (full 607):
 PSYoungGen      total 55808K, used 4070K [0x00000007bc400000, 0x00000007c0000000, 0x00000007c0000000)
  eden space 50176K, 0% used [0x00000007bc400000,0x00000007bc400000,0x00000007bf500000)
  from space 5632K, 72% used [0x00000007bf500000,0x00000007bf8f98a8,0x00000007bfa80000)
  to   space 5632K, 0% used [0x00000007bfa80000,0x00000007bfa80000,0x00000007c0000000)
 ParOldGen       total 233472K, used 85184K [0x0000000700000000, 0x000000070e400000, 0x00000007bc400000)
  object space 233472K, 36% used [0x0000000700000000,0x0000000705330108,0x000000070e400000)
 Metaspace       used 82492K, capacity 83022K, committed 83544K, reserved 1120256K
  class space    used 12204K, capacity 12333K, committed 12416K, reserved 1048576K
}

Deoptimization events (10 events):
Event: 21209.216 Thread 0x00000000074d1000 Uncommon trap: reason=unstable_if action=reinterpret pc=0x000000001437b7d0 method=ui.g.m.x.G.aY(Lui/data/bd;)Ljava/util/ArrayList; @ 20
Event: 21209.217 Thread 0x00000000074d1000 Uncommon trap: reason=unstable_if action=reinterpret pc=0x00000000150e2460 method=javax.swing.tree.FixedHeightLayoutCache.treeStructureChanged(Ljavax/swing/event/TreeModelEvent;)V @ 26
Event: 21229.782 Thread 0x00000000074d1000 Uncommon trap: reason=unstable_if action=reinterpret pc=0x00000000168b9ad8 method=java.awt.ModalEventFilter.acceptEvent(Ljava/awt/AWTEvent;)Ljava/awt/EventFilter$FilterAction; @ 58
Event: 21258.964 Thread 0x00000000074d1000 Uncommon trap: reason=unstable_if action=reinterpret pc=0x00000000135d1360 method=java.awt.font.FontRenderContext.equals(Ljava/awt/font/FontRenderContext;)Z @ 60
Event: 21258.982 Thread 0x00000000074d1000 Uncommon trap: reason=null_check action=make_not_entrant pc=0x00000000124af468 method=java.awt.geom.AffineTransform.equals(Ljava/lang/Object;)Z @ 1
Event: 21312.168 Thread 0x00000000074d1000 Uncommon trap: reason=unstable_if action=reinterpret pc=0x0000000015532e64 method=javax.swing.text.FieldView.adjustAllocation(Ljava/awt/Shape;)Ljava/awt/Shape; @ 134
Event: 21325.592 Thread 0x00000000074d1000 Uncommon trap: reason=unstable_if action=reinterpret pc=0x0000000014f6e710 method=ui.g.m.x.G.aY(Lui/data/bd;)Ljava/util/ArrayList; @ 20
Event: 21327.440 Thread 0x00000000074d1000 Uncommon trap: reason=unstable_if action=reinterpret pc=0x00000000154f2750 method=ui.g.m.x.G.aY(Lui/data/bd;)Ljava/util/ArrayList; @ 20
Event: 21352.348 Thread 0x00000000074d1000 Uncommon trap: reason=class_check action=maybe_recompile pc=0x0000000015038310 method=java.util.LinkedList.addAll(ILjava/util/Collection;)Z @ 6
Event: 21407.618 Thread 0x00000000074d1000 Uncommon trap: reason=class_check action=maybe_recompile pc=0x0000000015038310 method=java.util.LinkedList.addAll(ILjava/util/Collection;)Z @ 6

Internal exceptions (10 events):
Event: 21221.009 Thread 0x00000000074d1000 Exception <a 'java/io/FileNotFoundException'> (0x00000007bec551d8) thrown at [C:\re\workspace\8-2-build-windows-amd64-cygwin\jdk8u66\5298\hotspot\src\share\vm\prims\jni.cpp, line 709]
Event: 21221.030 Thread 0x00000000074d1000 Exception <a 'java/io/FileNotFoundException'> (0x00000007becb73a8) thrown at [C:\re\workspace\8-2-build-windows-amd64-cygwin\jdk8u66\5298\hotspot\src\share\vm\prims\jni.cpp, line 709]
Event: 21221.177 Thread 0x00000000074d1000 Exception <a 'java/io/FileNotFoundException'> (0x00000007bd0718a0) thrown at [C:\re\workspace\8-2-build-windows-amd64-cygwin\jdk8u66\5298\hotspot\src\share\vm\prims\jni.cpp, line 709]
Event: 21221.215 Thread 0x00000000074d1000 Exception <a 'java/io/FileNotFoundException'> (0x00000007bd103c10) thrown at [C:\re\workspace\8-2-build-windows-amd64-cygwin\jdk8u66\5298\hotspot\src\share\vm\prims\jni.cpp, line 709]
Event: 21226.219 Thread 0x00000000074d1000 Exception <a 'java/io/FileNotFoundException'> (0x00000007bef4aab8) thrown at [C:\re\workspace\8-2-build-windows-amd64-cygwin\jdk8u66\5298\hotspot\src\share\vm\prims\jni.cpp, line 709]
Event: 21231.229 Thread 0x00000000074d1000 Exception <a 'java/io/FileNotFoundException'> (0x00000007bd3c5d98) thrown at [C:\re\workspace\8-2-build-windows-amd64-cygwin\jdk8u66\5298\hotspot\src\share\vm\prims\jni.cpp, line 709]
Event: 21236.239 Thread 0x00000000074d1000 Exception <a 'java/io/FileNotFoundException'> (0x00000007bcb708f8) thrown at [C:\re\workspace\8-2-build-windows-amd64-cygwin\jdk8u66\5298\hotspot\src\share\vm\prims\jni.cpp, line 709]
Event: 21241.249 Thread 0x00000000074d1000 Exception <a 'java/io/FileNotFoundException'> (0x00000007bc85a8f8) thrown at [C:\re\workspace\8-2-build-windows-amd64-cygwin\jdk8u66\5298\hotspot\src\share\vm\prims\jni.cpp, line 709]
Event: 21246.260 Thread 0x00000000074d1000 Exception <a 'java/io/FileNotFoundException'> (0x00000007bcd8fc48) thrown at [C:\re\workspace\8-2-build-windows-amd64-cygwin\jdk8u66\5298\hotspot\src\share\vm\prims\jni.cpp, line 709]
Event: 21258.982 Thread 0x00000000074d1000 Implicit null exception at 0x00000000124af28c to 0x00000000124af459

Events (10 events):
Event: 21423.908 Executing VM operation: RevokeBias
Event: 21423.908 Executing VM operation: RevokeBias done
Event: 21425.622 Thread 0x0000000069fc3000 Thread added: 0x0000000069fc3000
Event: 21425.623 Executing VM operation: RevokeBias
Event: 21425.623 Executing VM operation: RevokeBias done
Event: 21425.623 Thread 0x0000000069fc3000 Thread exited: 0x0000000069fc3000
Event: 21429.812 Thread 0x0000000069fc4000 Thread added: 0x0000000069fc4000
Event: 21429.945 Thread 0x000000000a576000 flushing nmethod 0x0000000012dc33d0
Event: 21429.946 Thread 0x000000000a576000 flushing nmethod 0x0000000012f9e850
Event: 21430.612 Thread 0x0000000069c08000 Thread added: 0x0000000069c08000


Dynamic libraries:
0x000000013f370000 - 0x000000013f3a0000 	C:\Xilinx\Vivado\2016.2\bin\unwrapped\win64.o\vivado.exe
0x00000000771a0000 - 0x000000007734b000 	C:\windows\SYSTEM32\ntdll.dll
0x0000000076f80000 - 0x000000007709f000 	C:\windows\system32\kernel32.dll
0x000007fefd240000 - 0x000007fefd2aa000 	C:\windows\system32\KERNELBASE.dll
0x000000000a900000 - 0x000000000a98d000 	C:\Xilinx\Vivado\2016.2\lib\win64.o\SHSMP64.dll
0x00000000770a0000 - 0x000000007719a000 	C:\windows\system32\USER32.dll
0x000007fefe610000 - 0x000007fefe677000 	C:\windows\system32\GDI32.dll
0x000007fefe600000 - 0x000007fefe60e000 	C:\windows\system32\LPK.dll
0x000007fefdcb0000 - 0x000007fefdd7a000 	C:\windows\system32\USP10.dll
0x000007fefe680000 - 0x000007fefe71f000 	C:\windows\system32\msvcrt.dll
0x000007fefe520000 - 0x000007fefe5fb000 	C:\windows\system32\ADVAPI32.dll
0x000007fefd700000 - 0x000007fefd71f000 	C:\windows\SYSTEM32\sechost.dll
0x000007fefe3f0000 - 0x000007fefe51d000 	C:\windows\system32\RPCRT4.dll
0x000007fefbfe0000 - 0x000007fefbfec000 	C:\windows\system32\VERSION.dll
0x000007fee5c60000 - 0x000007fee5c73000 	C:\Xilinx\Vivado\2016.2\lib\win64.o\libboost_signals.dll
0x000007feee9e0000 - 0x000007feeea87000 	C:\windows\system32\MSVCP110.dll
0x000007feeeb80000 - 0x000007feeec54000 	C:\windows\system32\MSVCR110.dll
0x000007fee5220000 - 0x000007fee5c60000 	C:\Xilinx\Vivado\2016.2\lib\win64.o\librdi_common.dll
0x000007fee4eb0000 - 0x000007fee521e000 	C:\Xilinx\Vivado\2016.2\lib\win64.o\libCOIN-all.dll
0x000007fee4c90000 - 0x000007fee4eaf000 	C:\Xilinx\Vivado\2016.2\lib\win64.o\libXil_lmgr11.dll
0x000007fefad30000 - 0x000007fefad46000 	C:\windows\system32\NETAPI32.dll
0x000007fefc390000 - 0x000007fefc39c000 	C:\windows\system32\netutils.dll
0x000007fefc9e0000 - 0x000007fefca03000 	C:\windows\system32\srvcli.dll
0x000007fefad10000 - 0x000007fefad25000 	C:\windows\system32\wkscli.dll
0x000007fefe060000 - 0x000007fefe0f7000 	C:\windows\system32\COMDLG32.dll
0x000007fefdc30000 - 0x000007fefdca1000 	C:\windows\system32\SHLWAPI.dll
0x000007fef6c70000 - 0x000007fef6d10000 	C:\windows\WinSxS\amd64_microsoft.windows.common-controls_6595b64144ccf1df_5.82.7601.18837_none_a4d981ff711297b6\COMCTL32.dll
0x000007fefe720000 - 0x000007feff4ac000 	C:\windows\system32\SHELL32.dll
0x000007fef8fe0000 - 0x000007fef8fe9000 	C:\windows\system32\WSOCK32.dll
0x000007fefdf90000 - 0x000007fefdfdd000 	C:\windows\system32\WS2_32.dll
0x000007fefd930000 - 0x000007fefd938000 	C:\windows\system32\NSI.dll
0x000007fefda50000 - 0x000007fefdb28000 	C:\windows\system32\OLEAUT32.dll
0x000007fefd720000 - 0x000007fefd923000 	C:\windows\system32\ole32.dll
0x000007fefd1c0000 - 0x000007fefd1fb000 	C:\windows\system32\WINTRUST.dll
0x000007fefcf90000 - 0x000007fefd0fd000 	C:\windows\system32\CRYPT32.dll
0x000007fefcf20000 - 0x000007fefcf2f000 	C:\windows\system32\MSASN1.dll
0x000007fee8f70000 - 0x000007fee8f80000 	C:\Xilinx\Vivado\2016.2\lib\win64.o\libboost_date_time.dll
0x000007fee4c60000 - 0x000007fee4c84000 	C:\Xilinx\Vivado\2016.2\lib\win64.o\libboost_filesystem.dll
0x000007fee4c50000 - 0x000007fee4c59000 	C:\Xilinx\Vivado\2016.2\lib\win64.o\libboost_system.dll
0x000007fee4bd0000 - 0x000007fee4c47000 	C:\Xilinx\Vivado\2016.2\lib\win64.o\libboost_program_options.dll
0x000007fee4ac0000 - 0x000007fee4bc6000 	C:\Xilinx\Vivado\2016.2\lib\win64.o\libboost_regex.dll
0x000007fee4aa0000 - 0x000007fee4abd000 	C:\Xilinx\Vivado\2016.2\lib\win64.o\libboost_thread.dll
0x000007fee4a90000 - 0x000007fee4a9b000 	C:\Xilinx\Vivado\2016.2\lib\win64.o\libboost_chrono.dll
0x000007fee4a80000 - 0x000007fee4a8b000 	C:\Xilinx\Vivado\2016.2\lib\win64.o\libboost_xilinx.dll
0x000007fee4a00000 - 0x000007fee4a80000 	C:\Xilinx\Vivado\2016.2\lib\win64.o\libhdlpsolve.dll
0x000007fee4960000 - 0x000007fee49fa000 	C:\Xilinx\Vivado\2016.2\lib\win64.o\libhdxml.dll
0x000007fee44f0000 - 0x000007fee4955e00 	C:\Xilinx\Vivado\2016.2\lib\win64.o\libisl_iostreams.dll
0x000007fee44d0000 - 0x000007fee44e6000 	C:\Xilinx\Vivado\2016.2\lib\win64.o\libboost_iostreams.dll
0x000007fee44a0000 - 0x000007fee44c3000 	C:\Xilinx\Vivado\2016.2\lib\win64.o\librdizlib.dll
0x000007fee4470000 - 0x000007fee4493000 	C:\Xilinx\Vivado\2016.2\lib\win64.o\libisl_iosutils.dll
0x000007fee4440000 - 0x000007fee446a000 	C:\Xilinx\Vivado\2016.2\lib\win64.o\libisl_sysinfo.dll
0x0000000067280000 - 0x0000000067b09000 	C:\Xilinx\Vivado\2016.2\tps\win64\jre\bin\server\jvm.dll
0x000007fefaa80000 - 0x000007fefaabb000 	C:\windows\system32\WINMM.dll
0x0000000077370000 - 0x0000000077377000 	C:\windows\system32\PSAPI.DLL
0x0000000072de0000 - 0x0000000072eb2000 	C:\windows\system32\MSVCR100.dll
0x000007fee4420000 - 0x000007fee4435000 	C:\Xilinx\Vivado\2016.2\lib\win64.o\pthreadVC2.dll
0x000007fee43c0000 - 0x000007fee4414000 	C:\Xilinx\Vivado\2016.2\lib\win64.o\librdi_commonxillic.dll
0x000007fee4290000 - 0x000007fee43c0000 	C:\Xilinx\Vivado\2016.2\lib\win64.o\librdi_curl.dll
0x000007fee4270000 - 0x000007fee4288000 	C:\Xilinx\Vivado\2016.2\lib\win64.o\librdiconfig.dll
0x000000006d210000 - 0x000000006d337000 	C:\Xilinx\Vivado\2016.2\lib\win64.o\tcl85t.dll
0x0000000012000000 - 0x0000000012263000 	C:\Xilinx\Vivado\2016.2\lib\win64.o\xerces-c_3_1.dll
0x000007fefd2e0000 - 0x000007fefd563000 	C:\windows\system32\WININET.dll
0x000007fefcf80000 - 0x000007fefcf84000 	C:\windows\system32\api-ms-win-downlevel-user32-l1-1-0.dll
0x000007fefcf70000 - 0x000007fefcf74000 	C:\windows\system32\api-ms-win-downlevel-shlwapi-l1-1-0.dll
0x000007fefd2d0000 - 0x000007fefd2d4000 	C:\windows\system32\api-ms-win-downlevel-version-l1-1-0.dll
0x000007fefd1b0000 - 0x000007fefd1b3000 	C:\windows\system32\api-ms-win-downlevel-normaliz-l1-1-0.dll
0x0000000077360000 - 0x0000000077363000 	C:\windows\system32\normaliz.DLL
0x000007fefe120000 - 0x000007fefe3e9000 	C:\windows\system32\iertutil.dll
0x000007fefcf60000 - 0x000007fefcf65000 	C:\windows\system32\api-ms-win-downlevel-advapi32-l1-1-0.dll
0x000007fefcf40000 - 0x000007fefcf5e000 	C:\windows\system32\USERENV.dll
0x000007fefcf30000 - 0x000007fefcf3f000 	C:\windows\system32\profapi.dll
0x000007fef9950000 - 0x000007fef99c1000 	C:\windows\system32\WINHTTP.dll
0x000007fef98e0000 - 0x000007fef9945000 	C:\windows\system32\webio.dll
0x000007fefd570000 - 0x000007fefd6f5000 	C:\windows\system32\urlmon.dll
0x000007fefd1a0000 - 0x000007fefd1a4000 	C:\windows\system32\api-ms-win-downlevel-ole32-l1-1-0.dll
0x000007fee4240000 - 0x000007fee4263000 	C:\windows\system32\VCOMP110.DLL
0x000007fee4220000 - 0x000007fee4231000 	C:\Xilinx\Vivado\2016.2\lib\win64.o\librdi_commonmain.dll
0x000007fee4210000 - 0x000007fee4219000 	C:\Xilinx\Vivado\2016.2\lib\win64.o\librdi_commonversion.dll
0x000007fefdd80000 - 0x000007fefddae000 	C:\windows\system32\IMM32.DLL
0x000007fefd940000 - 0x000007fefda49000 	C:\windows\system32\MSCTF.dll
0x000007fefaa70000 - 0x000007fefaa7c000 	C:\windows\KATRK64.DLL
0x000007fefc170000 - 0x000007fefc181000 	C:\windows\system32\WTSAPI32.dll
0x000007fee3df0000 - 0x000007fee420e000 	C:\Xilinx\Vivado\2016.2\lib\win64.o\librdi_commontasks.dll
0x000007fee2190000 - 0x000007fee3de6000 	C:\Xilinx\Vivado\2016.2\lib\win64.o\librdi_tcltasks.dll
0x000007fee1f10000 - 0x000007fee2187000 	C:\Xilinx\Vivado\2016.2\lib\win64.o\librdi_bitstream.dll
0x000007fed9040000 - 0x000007fee1f01000 	C:\Xilinx\Vivado\2016.2\lib\win64.o\librdi_device.dll
0x000007fed8ff0000 - 0x000007fed9037000 	C:\Xilinx\Vivado\2016.2\lib\win64.o\libboost_serialization.dll
0x000007fed8670000 - 0x000007fed8fef000 	C:\Xilinx\Vivado\2016.2\lib\win64.o\libverific.dll
0x000007fed8530000 - 0x000007fed866f000 	C:\Xilinx\Vivado\2016.2\lib\win64.o\librdi_board.dll
0x000007fed84d0000 - 0x000007fed852d000 	C:\Xilinx\Vivado\2016.2\lib\win64.o\librdi_boarddep.dll
0x000007fed82b0000 - 0x000007fed84c1000 	C:\Xilinx\Vivado\2016.2\lib\win64.o\librdi_chipscope.dll
0x000007fed8240000 - 0x000007fed82a3000 	C:\Xilinx\Vivado\2016.2\lib\win64.o\liblmx6.0.dll
0x000007fed6fd0000 - 0x000007fed823b000 	C:\Xilinx\Vivado\2016.2\lib\win64.o\librdi_constraints.dll
0x000007fed6a80000 - 0x000007fed6fca000 	C:\Xilinx\Vivado\2016.2\lib\win64.o\librdi_filemgmt.dll
0x000007fed6890000 - 0x000007fed6a80000 	C:\Xilinx\Vivado\2016.2\lib\win64.o\librdi_sio.dll
0x000007fefa5b0000 - 0x000007fefa5d7000 	C:\windows\system32\IPHLPAPI.DLL
0x000007fefa5a0000 - 0x000007fefa5ab000 	C:\windows\system32\WINNSI.DLL
0x000007fed6450000 - 0x000007fed6884000 	C:\Xilinx\Vivado\2016.2\lib\win64.o\librdi_netlist.dll
0x000007fed5f70000 - 0x000007fed6441000 	C:\Xilinx\Vivado\2016.2\lib\win64.o\librdi_psta.dll
0x000007fed3460000 - 0x000007fed5f63000 	C:\Xilinx\Vivado\2016.2\lib\win64.o\librdi_coregen.dll
0x000007fed2da0000 - 0x000007fed3453000 	C:\Xilinx\Vivado\2016.2\lib\win64.o\librdi_coregenipxact.dll
0x000007fecf530000 - 0x000007fed2d97000 	C:\Xilinx\Vivado\2016.2\lib\win64.o\librdi_designutils.dll
0x000007feceff0000 - 0x000007fecf530000 	C:\Xilinx\Vivado\2016.2\lib\win64.o\librdi_xdm.dll
0x000007fecea60000 - 0x000007fecefed000 	C:\Xilinx\Vivado\2016.2\lib\win64.o\librdi_memdata.dll
0x000007fece550000 - 0x000007fecea53000 	C:\Xilinx\Vivado\2016.2\lib\win64.o\librdi_drc.dll
0x000007fecdac0000 - 0x000007fece54e000 	C:\Xilinx\Vivado\2016.2\lib\win64.o\librdi_timing.dll
0x000007fecd8a0000 - 0x000007fecdac0000 	C:\Xilinx\Vivado\2016.2\lib\win64.o\librdi_dlyest.dll
0x000007fecd800000 - 0x000007fecd897000 	C:\Xilinx\Vivado\2016.2\lib\win64.o\libise.dll
0x000007fecd7c0000 - 0x000007fecd7fb000 	C:\Xilinx\Vivado\2016.2\lib\win64.o\librdi_pfi.dll
0x000007fecd770000 - 0x000007fecd7b3000 	C:\Xilinx\Vivado\2016.2\lib\win64.o\librdi_hdf.dll
0x000007fecd570000 - 0x000007fecd762000 	C:\Xilinx\Vivado\2016.2\lib\win64.o\librdi_hsm.dll
0x000007fecd2e0000 - 0x000007fecd561000 	C:\Xilinx\Vivado\2016.2\lib\win64.o\librdi_ippcw.dll
0x000007fecd1f0000 - 0x000007fecd2d3000 	C:\Xilinx\Vivado\2016.2\lib\win64.o\librdi_containers.dll
0x000007fecd130000 - 0x000007fecd1f0000 	C:\Xilinx\Vivado\2016.2\lib\win64.o\librdi_dsp.dll
0x000007feccfb0000 - 0x000007fecd12d000 	C:\Xilinx\Vivado\2016.2\lib\win64.o\librdi_simdata.dll
0x000007feccc00000 - 0x000007feccfa1000 	C:\Xilinx\Vivado\2016.2\lib\win64.o\librdi_wavedata.dll
0x000007feccb80000 - 0x000007feccbff000 	C:\Xilinx\Vivado\2016.2\lib\win64.o\librdi_simbridge_kernel.dll
0x000007feccb40000 - 0x000007feccb7a000 	C:\Xilinx\Vivado\2016.2\lib\win64.o\librdi_wavedata_SimpleApi.dll
0x000007fecc900000 - 0x000007feccb40000 	C:\Xilinx\Vivado\2016.2\lib\win64.o\librdi_guitools.dll
0x000007fecaf60000 - 0x000007fecc8fe000 	C:\Xilinx\Vivado\2016.2\lib\win64.o\librdi_place.dll
0x000007feca9a0000 - 0x000007fecaf5c000 	C:\Xilinx\Vivado\2016.2\lib\win64.o\librdi_abc_nomp.dll
0x000007feca980000 - 0x000007feca999000 	C:\Xilinx\Vivado\2016.2\lib\win64.o\librdi_hmetis.dll
0x000007fec9140000 - 0x000007feca971000 	C:\Xilinx\Vivado\2016.2\lib\win64.o\librdi_mig.dll
0x000007fec8b80000 - 0x000007fec9138000 	C:\Xilinx\Vivado\2016.2\lib\win64.o\librdi_power.dll
0x000007fec7f40000 - 0x000007fec8b76000 	C:\Xilinx\Vivado\2016.2\lib\win64.o\librdi_route.dll
0x000007fec7ac0000 - 0x000007fec7f3d000 	C:\Xilinx\Vivado\2016.2\lib\win64.o\librdi_project.dll
0x000007fec7420000 - 0x000007fec7ab4000 	C:\Xilinx\Vivado\2016.2\lib\win64.o\librdi_labtools.dll
0x000007fec73f0000 - 0x000007fec7418000 	C:\Xilinx\Vivado\2016.2\lib\win64.o\librdi_commoncwebtalk.dll

VM Arguments:
jvm_args: -Dsun.java2d.pmoffscreen=false -Dsun.java2d.d3d=false -Dsun.awt.nopixfmt=true -Xverify:none -Dswing.aatext=true -XX:-UsePerfData -Djdk.map.althashing.threshold=512 -XX:StringTableSize=4072 -XX:NewSize=60m -XX:MaxNewSize=60m -Xms128m -Xmx3072m -Xss5m 
java_command: <unknown>
java_class_path (initial): C:/Xilinx/Vivado/2016.2\lib\classes\alloy.jar;C:/Xilinx/Vivado/2016.2\lib\classes\batik-anim.jar;C:/Xilinx/Vivado/2016.2\lib\classes\batik-awt-util.jar;C:/Xilinx/Vivado/2016.2\lib\classes\batik-bridge.jar;C:/Xilinx/Vivado/2016.2\lib\classes\batik-codec.jar;C:/Xilinx/Vivado/2016.2\lib\classes\batik-css.jar;C:/Xilinx/Vivado/2016.2\lib\classes\batik-dom.jar;C:/Xilinx/Vivado/2016.2\lib\classes\batik-ext.jar;C:/Xilinx/Vivado/2016.2\lib\classes\batik-gui-util.jar;C:/Xilinx/Vivado/2016.2\lib\classes\batik-gvt.jar;C:/Xilinx/Vivado/2016.2\lib\classes\batik-parser.jar;C:/Xilinx/Vivado/2016.2\lib\classes\batik-script.jar;C:/Xilinx/Vivado/2016.2\lib\classes\batik-svg-dom.jar;C:/Xilinx/Vivado/2016.2\lib\classes\batik-swing.jar;C:/Xilinx/Vivado/2016.2\lib\classes\batik-transcoder.jar;C:/Xilinx/Vivado/2016.2\lib\classes\batik-util.jar;C:/Xilinx/Vivado/2016.2\lib\classes\batik-xml.jar;C:/Xilinx/Vivado/2016.2\lib\classes\commons-math-2.2.jar;C:/Xilinx/Vivado/2016.2\lib\classes\dom4j-1.6.1.jar;C:/Xilinx/Vivado/2016.2\lib\classes\forms.jar;C:/Xilinx/Vivado/2016.2\lib\classes\guava-18.0.jar;C:/Xilinx/Vivado/2016.2\lib\classes\help.jar;C:/Xilinx/Vivado/2016.2\lib\classes\hsqldb.jar;C:/Xilinx/Vivado/2016.2\lib\classes\jh.jar;C:/Xilinx/Vivado/2016.2\lib\classes\jide-action.jar;C:/Xilinx/Vivado/2016.2\lib\classes\jide-charts.jar;C:/Xilinx/Vivado/2016.2\lib\classes\jide-common.jar;C:/Xilinx/Vivado/2016.2\lib\classes\jide-components.jar;C:/Xilinx/Vivado/2016.2\lib\classes\jide-dashboard.jar;C:/Xilinx/Vivado/2016.2\lib\classes\jide-data.jar;C:/Xilinx/Vivado/2016.2\lib\classes\jide-dialogs.jar;C:/Xilinx/Vivado/2016.2\lib\classes\jide-diff.jar;C:/Xilinx/Vivado/2016.2\lib\classes\jide-dock.jar;C:/Xilinx/Vivado/2016.2\lib\classes\jide-editor.jar;C:/Xilinx/Vivado/2016.2\lib\classes\jide-gantt.jar;C:/Xilinx/Vivado/2016.2\lib\classes\jide-grids.jar;C:/Xilinx/Vivado/2016.2\lib\classes\jide-pivot.jar;C:/Xilinx/Vivado/2016.2\lib\classes\jide-plaf-jdk7.jar;C:/Xilinx/Vivado/2
Launcher Type: generic

Environment Variables:
PATH=C:/Xilinx/Vivado/2016.2/bin;C:/Xilinx/Vivado/2016.2/lib/win64.o;C:/Xilinx/Vivado/2016.2/tps/win64/jre/bin/server;C:/Xilinx/Vivado/2016.2/tps/win64/jre/bin;C:/Xilinx/Vivado/2016.2/ids_lite/ISE/bin/nt64;C:/Xilinx/Vivado/2016.2/ids_lite/ISE/lib/nt64;C:/Xilinx/Vivado_HLS/2016.2/bin;C:\Python27\;C:\Python27\Scripts;C:\Program Files\Python35\Scripts\;C:\Program Files\Python35\;C:\Perl64\site\bin;C:\Perl64\bin;C:\ProgramData\Oracle\Java\javapath;C:\windows\system32;C:\windows;C:\windows\System32\Wbem;C:\windows\System32\WindowsPowerShell\v1.0\;C:\Program Files\Microsoft Windows Performance Toolkit\;C:\Program Files\Common Files\Autodesk Shared\;C:\Program Files\Git\cmd;C:\MATLAB\R2015b\bin;C:\Program Files (x86)\Windows Kits\8.1\Windows Performance Toolkit\;C:\Program Files\Microsoft SQL Server\110\Tools\Binn\;C:\Program Files (x86)\PuTTY\
USERNAME=dilsizk
OS=Windows_NT
PROCESSOR_IDENTIFIER=Intel64 Family 6 Model 94 Stepping 3, GenuineIntel



---------------  S Y S T E M  ---------------

OS: Windows 7 , 64 bit Build 7601 (6.1.7601.23455)

CPU:total 8 (4 cores per cpu, 2 threads per core) family 6 model 94 stepping 3, cmov, cx8, fxsr, mmx, sse, sse2, sse3, ssse3, sse4.1, sse4.2, popcnt, avx, avx2, aes, clmul, erms, rtm, 3dnowpref, lzcnt, ht, tsc, tscinvbit, bmi1, bmi2, adx

Memory: 4k page, physical 33457972k(26899064k free), swap 66914084k(58388392k free)

vm_info: Java HotSpot(TM) 64-Bit Server VM (25.66-b18) for windows-amd64 JRE (1.8.0_66-b18), built on Nov  9 2015 10:51:13 by "java_re" with MS VC++ 10.0 (VS2010)

time: Thu Nov 03 15:21:54 2016
elapsed time: 21430 seconds (0d 5h 57m 10s)

