#
# A fatal error has been detected by the Java Runtime Environment:
#
#  EXCEPTION_ACCESS_VIOLATION (0xc0000005) at pc=0x000007fecdbe8d3e, pid=8696, tid=9692
#
# JRE version: Java(TM) SE Runtime Environment (8.0_66-b18) (build 1.8.0_66-b18)
# Java VM: Java HotSpot(TM) 64-Bit Server VM (25.66-b18 mixed mode windows-amd64 compressed oops)
# Problematic frame:
# C  [librdi_simdata.dll+0x38d3e]
#
# Failed to write core dump. Minidumps are not enabled by default on client versions of Windows
#
# If you would like to submit a bug report, please visit:
#   http://bugreport.java.com/bugreport/crash.jsp
# The crash happened outside the Java Virtual Machine in native code.
# See problematic frame for where to report the bug.
#

---------------  T H R E A D  ---------------

Current thread (0x0000000007551000):  JavaThread "AWT-EventQueue-1" [_thread_in_native, id=9692, stack(0x0000000026170000,0x0000000026670000)]

siginfo: ExceptionCode=0xc0000005, reading address 0x0000000000000060

Registers:
RAX=0x000007fecdd167b0, RBX=0x000000002bcff0b0, RCX=0x000000002ea4a6a0, RDX=0x0000000000000007
RSP=0x000000002666c680, RBP=0x0000000032b28b20, RSI=0x0000000000000001, RDI=0x000000002bcf4ad0
R8 =0x0000000000000060, R9 =0x000007fecdd167b0, R10=0x0000000000000000, R11=0x000000002666c5f0
R12=0x0000000032b293c0, R13=0x0000000032b28b20, R14=0x0000000032b28bb8, R15=0x0000000000000000
RIP=0x000007fecdbe8d3e, EFLAGS=0x0000000000010206

Top of Stack: (sp=0x000000002666c680)
0x000000002666c680:   000000002c399b90 000000002bcff0b0
0x000000002666c690:   00000000269f7fc0 00000000269f7fc0
0x000000002666c6a0:   0000000032b28bb8 000000002bcf4ad0
0x000000002666c6b0:   000000002bcff0b0 000007fecdbeb2f5
0x000000002666c6c0:   000000002bcff0b0 00000000269f7fc0
0x000000002666c6d0:   000000002bcff0b0 000000002e6bac40
0x000000002666c6e0:   fffffffffffffffe 000007fecdde1f40
0x000000002666c6f0:   0000000000000000 000007fecdbfa6ca
0x000000002666c700:   000000002bcff0b0 000007fecdd16a08
0x000000002666c710:   0000000000000000 000000000000004f
0x000000002666c720:   fffffffffffffffe 0000000000000001
0x000000002666c730:   0000000000000000 000007fecdc6a12c
0x000000002666c740:   0000000002478180 000007fecdc9d480
0x000000002666c750:   0000000000000001 000007fecd541cb0
0x000000002666c760:   00000000771ce670 000007fecdbb0000
0x000000002666c770:   000007fffb378000 000007fecdc6a3ae 

Instructions: (pc=0x000007fecdbe8d3e)
0x000007fecdbe8d1e:   39 48 30 77 0d 48 d1 ea 48 83 c8 ff 48 2b c2 48
0x000007fecdbe8d2e:   03 c8 4d 8b 41 10 48 c1 e1 04 4c 03 c1 49 8b 09
0x000007fecdbe8d3e:   49 8b 10 48 8b fa 48 3b d1 75 05 48 8b c1 eb 07
0x000007fecdbe8d4e:   49 8b 40 08 48 8b 00 48 3b f8 74 34 48 39 5f 10 


Register to memory mapping:

RAX=0x000007fecdd167b0 is an unknown value
RBX=0x000000002bcff0b0 is an unknown value
RCX=0x000000002ea4a6a0 is an unknown value
RDX=0x0000000000000007 is an unknown value
RSP=0x000000002666c680 is pointing into the stack for thread: 0x0000000007551000
RBP=0x0000000032b28b20 is an unknown value
RSI=0x0000000000000001 is an unknown value
RDI=0x000000002bcf4ad0 is an unknown value
R8 =0x0000000000000060 is an unknown value
R9 =0x000007fecdd167b0 is an unknown value
R10=0x0000000000000000 is an unknown value
R11=0x000000002666c5f0 is pointing into the stack for thread: 0x0000000007551000
R12=0x0000000032b293c0 is an unknown value
R13=0x0000000032b28b20 is an unknown value
R14=0x0000000032b28bb8 is an unknown value
R15=0x0000000000000000 is an unknown value


Stack: [0x0000000026170000,0x0000000026670000],  sp=0x000000002666c680,  free space=5105k
Native frames: (J=compiled Java code, j=interpreted, Vv=VM code, C=native code)
C  [librdi_simdata.dll+0x38d3e]
C  [librdi_simdata.dll+0x3b2f5]
C  [librdi_simdata.dll+0x4a6ca]
C  [librdi_simdata.dll+0xba12c]
C  [librdi_simdata.dll+0xba3ae]
C  [ntdll.dll+0x229b1]
C  [ntdll.dll+0x227c0]
C  [MSVCR110.dll+0x23063]
C  [MSVCR110.dll+0x740e4]
C  [MSVCR110.dll+0x6d587]
C  [librdi_simdata.dll+0x2a1f8]
C  [librdi_simdata.dll+0x59e4f]
C  0x0000000013810d83

Java frames: (J=compiled Java code, j=interpreted, Vv=VM code)
J 11426  ui.views.simulator.executive.simulationi.SimulationExecutive_canSimulationStep(J)Z (0 bytes) @ 0x0000000013810d01 [0x0000000013810cc0+0x41]
J 18237 C2 ui.views.b.r.a.k.aY()Z (33 bytes) @ 0x00000000155bdecc [0x00000000155bddc0+0x10c]
J 3773 C2 ui.frmwork.N.setEnabled(Z)V (178 bytes) @ 0x0000000012f0f64c [0x0000000012f0dc20+0x1a2c]
J 19645 C2 ui.bh.R()V (43 bytes) @ 0x0000000013e46920 [0x0000000013e46740+0x1e0]
J 16568 C1 ui.bh.Q()V (88 bytes) @ 0x0000000014aec2cc [0x0000000014aec120+0x1ac]
J 16623 C1 ui.g.Q.akJ()V (44 bytes) @ 0x00000000151e3a04 [0x00000000151e3200+0x804]
J 21073 C1 ui.frmwork.a.eDW()Z (268 bytes) @ 0x00000000157c1e5c [0x00000000157bf7a0+0x26bc]
J 20869 C1 ui.bf.actionPerformed(Ljava/awt/event/ActionEvent;)V (29 bytes) @ 0x00000000132e484c [0x00000000132e43c0+0x48c]
J 20689 C1 javax.swing.AbstractButton.fireActionPerformed(Ljava/awt/event/ActionEvent;)V (95 bytes) @ 0x000000001524d8ac [0x000000001524d000+0x8ac]
J 20866 C1 ui.g.m.b.y.fireActionPerformed(Ljava/awt/event/ActionEvent;)V (11 bytes) @ 0x000000001339889c [0x0000000013398800+0x9c]
J 20690 C1 javax.swing.AbstractButton$Handler.actionPerformed(Ljava/awt/event/ActionEvent;)V (9 bytes) @ 0x0000000012d4128c [0x0000000012d41180+0x10c]
J 20658 C1 javax.swing.DefaultButtonModel.fireActionPerformed(Ljava/awt/event/ActionEvent;)V (46 bytes) @ 0x0000000015b18764 [0x0000000015b184a0+0x2c4]
J 19176 C1 javax.swing.DefaultButtonModel.setPressed(Z)V (125 bytes) @ 0x00000000146c9ad4 [0x00000000146c8580+0x1554]
J 20616 C1 javax.swing.plaf.basic.BasicButtonListener.mouseReleased(Ljava/awt/event/MouseEvent;)V (48 bytes) @ 0x0000000014ef37d4 [0x0000000014ef30c0+0x714]
J 20694 C1 com.jidesoft.plaf.basic.BasicJideButtonListener.mouseReleased(Ljava/awt/event/MouseEvent;)V (70 bytes) @ 0x0000000015b612a4 [0x0000000015b60720+0xb84]
J 13208 C1 java.awt.AWTEventMulticaster.mouseReleased(Ljava/awt/event/MouseEvent;)V (27 bytes) @ 0x0000000013a94abc [0x0000000013a948a0+0x21c]
J 13208 C1 java.awt.AWTEventMulticaster.mouseReleased(Ljava/awt/event/MouseEvent;)V (27 bytes) @ 0x0000000013a94abc [0x0000000013a948a0+0x21c]
J 13208 C1 java.awt.AWTEventMulticaster.mouseReleased(Ljava/awt/event/MouseEvent;)V (27 bytes) @ 0x0000000013a94abc [0x0000000013a948a0+0x21c]
J 13208 C1 java.awt.AWTEventMulticaster.mouseReleased(Ljava/awt/event/MouseEvent;)V (27 bytes) @ 0x0000000013a94abc [0x0000000013a948a0+0x21c]
J 19668 C2 javax.swing.JComponent.processMouseEvent(Ljava/awt/event/MouseEvent;)V (27 bytes) @ 0x00000000157ecc24 [0x00000000157ecae0+0x144]
J 7901 C2 java.awt.Container.processEvent(Ljava/awt/AWTEvent;)V (22 bytes) @ 0x0000000013a1cdbc [0x0000000013a1cca0+0x11c]
J 20471 C2 java.awt.Component.dispatchEventImpl(Ljava/awt/AWTEvent;)V (883 bytes) @ 0x0000000013949008 [0x00000000139483e0+0xc28]
J 17279 C2 java.awt.Container.dispatchEventImpl(Ljava/awt/AWTEvent;)V (129 bytes) @ 0x00000000154a7c48 [0x00000000154a7b80+0xc8]
J 12202 C2 java.awt.LightweightDispatcher.retargetMouseEvent(Ljava/awt/Component;ILjava/awt/event/MouseEvent;)V (350 bytes) @ 0x00000000132d79e8 [0x00000000132d7480+0x568]
J 17279 C2 java.awt.Container.dispatchEventImpl(Ljava/awt/AWTEvent;)V (129 bytes) @ 0x00000000154a8254 [0x00000000154a7b80+0x6d4]
J 12936 C2 java.awt.Window.dispatchEventImpl(Ljava/awt/AWTEvent;)V (23 bytes) @ 0x0000000014479210 [0x00000000144791c0+0x50]
J 8838 C2 java.awt.EventQueue$3.run()Ljava/lang/Object; (5 bytes) @ 0x0000000013f1e664 [0x0000000013f1e260+0x404]
v  ~StubRoutines::call_stub
J 1540  java.security.AccessController.doPrivileged(Ljava/security/PrivilegedAction;Ljava/security/AccessControlContext;)Ljava/lang/Object; (0 bytes) @ 0x00000000127bbfa6 [0x00000000127bbf40+0x66]
J 8905 C2 java.awt.EventQueue$4.run()Ljava/lang/Object; (5 bytes) @ 0x0000000013f5d070 [0x0000000013f5cee0+0x190]
v  ~StubRoutines::call_stub
J 1540  java.security.AccessController.doPrivileged(Ljava/security/PrivilegedAction;Ljava/security/AccessControlContext;)Ljava/lang/Object; (0 bytes) @ 0x00000000127bbfa6 [0x00000000127bbf40+0x66]
J 9433 C2 ui.frmwork.a.e.dispatchEvent(Ljava/awt/AWTEvent;)V (30 bytes) @ 0x0000000013599df0 [0x0000000013599b20+0x2d0]
J 16872 C2 java.awt.EventDispatchThread.pumpOneEventForFilters(I)V (295 bytes) @ 0x00000000153d1524 [0x00000000153d11c0+0x364]
J 15858% C2 java.awt.EventDispatchThread.pumpEventsForFilter(ILjava/awt/Conditional;Ljava/awt/EventFilter;)V (47 bytes) @ 0x0000000015041460 [0x0000000015041360+0x100]
j  java.awt.EventDispatchThread.pumpEventsForHierarchy(ILjava/awt/Conditional;Ljava/awt/Component;)V+11
j  java.awt.EventDispatchThread.pumpEvents(ILjava/awt/Conditional;)V+4
j  java.awt.EventDispatchThread.pumpEvents(Ljava/awt/Conditional;)V+3
j  java.awt.EventDispatchThread.run()V+9
v  ~StubRoutines::call_stub

---------------  P R O C E S S  ---------------

Java Threads: ( => current thread )
  0x00000000362b4800 JavaThread "Image Fetcher 0" daemon [_thread_blocked, id=8344, stack(0x000000003c330000,0x000000003c830000)]
  0x0000000027358800 JavaThread "Monitor File Timestamp" [_thread_blocked, id=6432, stack(0x0000000039e10000,0x000000003a310000)]
  0x00000000284a1800 JavaThread "hw_ila_monitor" [_thread_blocked, id=8476, stack(0x00000000307b0000,0x0000000030cb0000)]
  0x0000000027789800 JavaThread "Update Runs" [_thread_blocked, id=9168, stack(0x000000002f150000,0x000000002f650000)]
  0x00000000250e5000 JavaThread "Refresh Filesets" [_thread_blocked, id=4628, stack(0x000000002ec40000,0x000000002f140000)]
  0x000000000755d000 JavaThread "Swing-Shell" daemon [_thread_blocked, id=4336, stack(0x000000002a090000,0x000000002a590000)]
  0x0000000027fd3800 JavaThread "Monitor File Timestamp" [_thread_blocked, id=2908, stack(0x0000000028e20000,0x0000000029320000)]
=>0x0000000007551000 JavaThread "AWT-EventQueue-1" [_thread_in_native, id=9692, stack(0x0000000026170000,0x0000000026670000)]
  0x000000000755f000 JavaThread "Process Messages" [_thread_blocked, id=720, stack(0x0000000025b80000,0x0000000026080000)]
  0x0000000007513000 JavaThread "Thread-3" [_thread_in_native, id=5112, stack(0x0000000002610000,0x0000000003a10000)]
  0x0000000024667000 JavaThread "AWT-EventQueue-0" [_thread_blocked, id=12172, stack(0x00000000255f0000,0x0000000025af0000)]
  0x0000000021f57800 JavaThread "AWT-Windows" daemon [_thread_in_native, id=6092, stack(0x0000000023c50000,0x0000000024150000)]
  0x0000000021f43800 JavaThread "AWT-Shutdown" [_thread_blocked, id=3556, stack(0x0000000023590000,0x0000000023a90000)]
  0x0000000021f41000 JavaThread "Java2D Disposer" daemon [_thread_blocked, id=3952, stack(0x0000000022fd0000,0x00000000234d0000)]
  0x0000000021ed6000 JavaThread "TimerQueue" daemon [_thread_blocked, id=4852, stack(0x0000000022a50000,0x0000000022f50000)]
  0x000000000a515800 JavaThread "Service Thread" daemon [_thread_blocked, id=9300, stack(0x00000000218f0000,0x0000000021df0000)]
  0x000000000a4b5800 JavaThread "C1 CompilerThread3" daemon [_thread_blocked, id=580, stack(0x0000000011c50000,0x0000000011d50000)]
  0x000000000a4b7800 JavaThread "C2 CompilerThread2" daemon [_thread_blocked, id=11876, stack(0x0000000011d80000,0x0000000011e80000)]
  0x000000000a4b9000 JavaThread "C2 CompilerThread1" daemon [_thread_blocked, id=2052, stack(0x0000000011570000,0x0000000011670000)]
  0x000000000a4ba000 JavaThread "C2 CompilerThread0" daemon [_thread_blocked, id=11440, stack(0x000000000a700000,0x000000000a800000)]
  0x000000000a4bc000 JavaThread "Attach Listener" daemon [_thread_blocked, id=5416, stack(0x00000000212f0000,0x00000000217f0000)]
  0x000000000a4bd800 JavaThread "Signal Dispatcher" daemon [_thread_blocked, id=2724, stack(0x0000000011720000,0x0000000011c20000)]
  0x0000000009318800 JavaThread "Finalizer" daemon [_thread_blocked, id=8304, stack(0x0000000011050000,0x0000000011550000)]
  0x0000000009319800 JavaThread "Reference Handler" daemon [_thread_blocked, id=1728, stack(0x0000000010a10000,0x0000000010f10000)]
  0x0000000007585800 JavaThread "main" [_thread_blocked, id=1644, stack(0x0000000007690000,0x0000000007790000)]

Other Threads:
  0x0000000009301000 VMThread [stack: 0x000000000a600000,0x000000000a700000] [id=11116]
  0x000000000a512800 WatcherThread [stack: 0x0000000011ef0000,0x0000000011ff0000] [id=8040]

VM state:not at safepoint (normal execution)

VM Mutex/Monitor currently owned by a thread: None

Heap:
 PSYoungGen      total 49664K, used 25334K [0x00000007bc400000, 0x00000007c0000000, 0x00000007c0000000)
  eden space 38400K, 57% used [0x00000007bc400000,0x00000007bd9b3320,0x00000007be980000)
  from space 11264K, 27% used [0x00000007be980000,0x00000007bec8a730,0x00000007bf480000)
  to   space 10240K, 0% used [0x00000007bf600000,0x00000007bf600000,0x00000007c0000000)
 ParOldGen       total 236032K, used 59033K [0x0000000700000000, 0x000000070e680000, 0x00000007bc400000)
  object space 236032K, 25% used [0x0000000700000000,0x00000007039a66c0,0x000000070e680000)
 Metaspace       used 63846K, capacity 64248K, committed 64512K, reserved 1105920K
  class space    used 8597K, capacity 8698K, committed 8704K, reserved 1048576K

Card table byte_map: [0x0000000007b50000,0x0000000008160000] byte_map_base: 0x0000000004350000

Marking Bits: (ParMarkBitMap*) 0x000000006c1ca5b0
 Begin Bits: [0x000000000a990000, 0x000000000d990000)
 End Bits:   [0x000000000d990000, 0x0000000010990000)

Polling page: 0x0000000001e40000

CodeCache: size=245760Kb used=60993Kb max_used=62167Kb free=184766Kb
 bounds [0x0000000012270000, 0x0000000015fe0000, 0x0000000021270000]
 total_blobs=16014 nmethods=15208 adapters=709
 compilation: enabled

Compilation events (10 events):
Event: 38727.295 Thread 0x000000000a4b5800 21837       3       javax.swing.plaf.basic.BasicLabelUI::uninstallUI (33 bytes)
Event: 38727.295 Thread 0x000000000a4b5800 nmethod 21837 0x0000000013c63550 code [0x0000000013c63740, 0x0000000013c64188]
Event: 38727.297 Thread 0x000000000a4b5800 21838       3       javax.swing.plaf.basic.BasicLabelUI::uninstallDefaults (1 bytes)
Event: 38727.297 Thread 0x000000000a4b5800 nmethod 21838 0x00000000137fbad0 code [0x00000000137fbc20, 0x00000000137fbd70]
Event: 38727.297 Thread 0x000000000a4b5800 21839       3       javax.swing.plaf.basic.BasicLabelUI::uninstallComponents (7 bytes)
Event: 38727.298 Thread 0x000000000a4b5800 nmethod 21839 0x0000000014ea0e50 code [0x0000000014ea0fc0, 0x0000000014ea1148]
Event: 38727.298 Thread 0x000000000a4b5800 21840       3       javax.swing.plaf.basic.BasicLabelUI::uninstallListeners (6 bytes)
Event: 38727.298 Thread 0x000000000a4b5800 nmethod 21840 0x0000000012e4e010 code [0x0000000012e4e180, 0x0000000012e4e3a8]
Event: 38727.299 Thread 0x000000000a4b5800 21841       3       javax.swing.plaf.basic.BasicLabelUI::uninstallKeyboardActions (18 bytes)
Event: 38727.299 Thread 0x000000000a4b5800 nmethod 21841 0x0000000013912450 code [0x00000000139125e0, 0x0000000013912808]

GC Heap History (10 events):
Event: 38697.131 GC heap before
{Heap before GC invocations=9121 (full 1382):
 PSYoungGen      total 47616K, used 34049K [0x00000007bc400000, 0x00000007c0000000, 0x00000007c0000000)
  eden space 33280K, 100% used [0x00000007bc400000,0x00000007be480000,0x00000007be480000)
  from space 14336K, 5% used [0x00000007bf200000,0x00000007bf2c06e0,0x00000007c0000000)
  to   space 13824K, 0% used [0x00000007be480000,0x00000007be480000,0x00000007bf200000)
 ParOldGen       total 236032K, used 59033K [0x0000000700000000, 0x000000070e680000, 0x00000007bc400000)
  object space 236032K, 25% used [0x0000000700000000,0x00000007039a66c0,0x000000070e680000)
 Metaspace       used 63835K, capacity 64248K, committed 64512K, reserved 1105920K
  class space    used 8596K, capacity 8698K, committed 8704K, reserved 1048576K
Event: 38697.134 GC heap after
Heap after GC invocations=9121 (full 1382):
 PSYoungGen      total 47104K, used 833K [0x00000007bc400000, 0x00000007c0000000, 0x00000007c0000000)
  eden space 33280K, 0% used [0x00000007bc400000,0x00000007bc400000,0x00000007be480000)
  from space 13824K, 6% used [0x00000007be480000,0x00000007be5506e0,0x00000007bf200000)
  to   space 13312K, 0% used [0x00000007bf300000,0x00000007bf300000,0x00000007c0000000)
 ParOldGen       total 236032K, used 59033K [0x0000000700000000, 0x000000070e680000, 0x00000007bc400000)
  object space 236032K, 25% used [0x0000000700000000,0x00000007039a66c0,0x000000070e680000)
 Metaspace       used 63835K, capacity 64248K, committed 64512K, reserved 1105920K
  class space    used 8596K, capacity 8698K, committed 8704K, reserved 1048576K
}
Event: 38697.494 GC heap before
{Heap before GC invocations=9122 (full 1382):
 PSYoungGen      total 47104K, used 34113K [0x00000007bc400000, 0x00000007c0000000, 0x00000007c0000000)
  eden space 33280K, 100% used [0x00000007bc400000,0x00000007be480000,0x00000007be480000)
  from space 13824K, 6% used [0x00000007be480000,0x00000007be5506e0,0x00000007bf200000)
  to   space 13312K, 0% used [0x00000007bf300000,0x00000007bf300000,0x00000007c0000000)
 ParOldGen       total 236032K, used 59033K [0x0000000700000000, 0x000000070e680000, 0x00000007bc400000)
  object space 236032K, 25% used [0x0000000700000000,0x00000007039a66c0,0x000000070e680000)
 Metaspace       used 63835K, capacity 64248K, committed 64512K, reserved 1105920K
  class space    used 8596K, capacity 8698K, committed 8704K, reserved 1048576K
Event: 38697.497 GC heap after
Heap after GC invocations=9122 (full 1382):
 PSYoungGen      total 48640K, used 866K [0x00000007bc400000, 0x00000007c0000000, 0x00000007c0000000)
  eden space 35328K, 0% used [0x00000007bc400000,0x00000007bc400000,0x00000007be680000)
  from space 13312K, 6% used [0x00000007bf300000,0x00000007bf3d89a8,0x00000007c0000000)
  to   space 12800K, 0% used [0x00000007be680000,0x00000007be680000,0x00000007bf300000)
 ParOldGen       total 236032K, used 59033K [0x0000000700000000, 0x000000070e680000, 0x00000007bc400000)
  object space 236032K, 25% used [0x0000000700000000,0x00000007039a66c0,0x000000070e680000)
 Metaspace       used 63835K, capacity 64248K, committed 64512K, reserved 1105920K
  class space    used 8596K, capacity 8698K, committed 8704K, reserved 1048576K
}
Event: 38697.849 GC heap before
{Heap before GC invocations=9123 (full 1382):
 PSYoungGen      total 48640K, used 36194K [0x00000007bc400000, 0x00000007c0000000, 0x00000007c0000000)
  eden space 35328K, 100% used [0x00000007bc400000,0x00000007be680000,0x00000007be680000)
  from space 13312K, 6% used [0x00000007bf300000,0x00000007bf3d89a8,0x00000007c0000000)
  to   space 12800K, 0% used [0x00000007be680000,0x00000007be680000,0x00000007bf300000)
 ParOldGen       total 236032K, used 59033K [0x0000000700000000, 0x000000070e680000, 0x00000007bc400000)
  object space 236032K, 25% used [0x0000000700000000,0x00000007039a66c0,0x000000070e680000)
 Metaspace       used 63838K, capacity 64248K, committed 64512K, reserved 1105920K
  class space    used 8597K, capacity 8698K, committed 8704K, reserved 1048576K
Event: 38697.852 GC heap after
Heap after GC invocations=9123 (full 1382):
 PSYoungGen      total 48128K, used 1185K [0x00000007bc400000, 0x00000007c0000000, 0x00000007c0000000)
  eden space 35328K, 0% used [0x00000007bc400000,0x00000007bc400000,0x00000007be680000)
  from space 12800K, 9% used [0x00000007be680000,0x00000007be7a86e0,0x00000007bf300000)
  to   space 11776K, 0% used [0x00000007bf480000,0x00000007bf480000,0x00000007c0000000)
 ParOldGen       total 236032K, used 59033K [0x0000000700000000, 0x000000070e680000, 0x00000007bc400000)
  object space 236032K, 25% used [0x0000000700000000,0x00000007039a66c0,0x000000070e680000)
 Metaspace       used 63838K, capacity 64248K, committed 64512K, reserved 1105920K
  class space    used 8597K, capacity 8698K, committed 8704K, reserved 1048576K
}
Event: 38699.124 GC heap before
{Heap before GC invocations=9124 (full 1382):
 PSYoungGen      total 48128K, used 36513K [0x00000007bc400000, 0x00000007c0000000, 0x00000007c0000000)
  eden space 35328K, 100% used [0x00000007bc400000,0x00000007be680000,0x00000007be680000)
  from space 12800K, 9% used [0x00000007be680000,0x00000007be7a86e0,0x00000007bf300000)
  to   space 11776K, 0% used [0x00000007bf480000,0x00000007bf480000,0x00000007c0000000)
 ParOldGen       total 236032K, used 59033K [0x0000000700000000, 0x000000070e680000, 0x00000007bc400000)
  object space 236032K, 25% used [0x0000000700000000,0x00000007039a66c0,0x000000070e680000)
 Metaspace       used 63841K, capacity 64248K, committed 64512K, reserved 1105920K
  class space    used 8597K, capacity 8698K, committed 8704K, reserved 1048576K
Event: 38699.129 GC heap after
Heap after GC invocations=9124 (full 1382):
 PSYoungGen      total 50176K, used 2699K [0x00000007bc400000, 0x00000007c0000000, 0x00000007c0000000)
  eden space 38400K, 0% used [0x00000007bc400000,0x00000007bc400000,0x00000007be980000)
  from space 11776K, 22% used [0x00000007bf480000,0x00000007bf722ee0,0x00000007c0000000)
  to   space 11264K, 0% used [0x00000007be980000,0x00000007be980000,0x00000007bf480000)
 ParOldGen       total 236032K, used 59033K [0x0000000700000000, 0x000000070e680000, 0x00000007bc400000)
  object space 236032K, 25% used [0x0000000700000000,0x00000007039a66c0,0x000000070e680000)
 Metaspace       used 63841K, capacity 64248K, committed 64512K, reserved 1105920K
  class space    used 8597K, capacity 8698K, committed 8704K, reserved 1048576K
}
Event: 38723.812 GC heap before
{Heap before GC invocations=9125 (full 1382):
 PSYoungGen      total 50176K, used 41099K [0x00000007bc400000, 0x00000007c0000000, 0x00000007c0000000)
  eden space 38400K, 100% used [0x00000007bc400000,0x00000007be980000,0x00000007be980000)
  from space 11776K, 22% used [0x00000007bf480000,0x00000007bf722ee0,0x00000007c0000000)
  to   space 11264K, 0% used [0x00000007be980000,0x00000007be980000,0x00000007bf480000)
 ParOldGen       total 236032K, used 59033K [0x0000000700000000, 0x000000070e680000, 0x00000007bc400000)
  object space 236032K, 25% used [0x0000000700000000,0x00000007039a66c0,0x000000070e680000)
 Metaspace       used 63843K, capacity 64248K, committed 64512K, reserved 1105920K
  class space    used 8597K, capacity 8698K, committed 8704K, reserved 1048576K
Event: 38723.816 GC heap after
Heap after GC invocations=9125 (full 1382):
 PSYoungGen      total 49664K, used 3113K [0x00000007bc400000, 0x00000007c0000000, 0x00000007c0000000)
  eden space 38400K, 0% used [0x00000007bc400000,0x00000007bc400000,0x00000007be980000)
  from space 11264K, 27% used [0x00000007be980000,0x00000007bec8a730,0x00000007bf480000)
  to   space 10240K, 0% used [0x00000007bf600000,0x00000007bf600000,0x00000007c0000000)
 ParOldGen       total 236032K, used 59033K [0x0000000700000000, 0x000000070e680000, 0x00000007bc400000)
  object space 236032K, 25% used [0x0000000700000000,0x00000007039a66c0,0x000000070e680000)
 Metaspace       used 63843K, capacity 64248K, committed 64512K, reserved 1105920K
  class space    used 8597K, capacity 8698K, committed 8704K, reserved 1048576K
}

Deoptimization events (10 events):
Event: 38665.794 Thread 0x0000000007551000 Uncommon trap: reason=unstable_if action=reinterpret pc=0x00000000155bc2b8 method=javax.swing.tree.FixedHeightLayoutCache$FHTreeStateNode.getTotalChildCount()I @ 4
Event: 38665.801 Thread 0x0000000007551000 Uncommon trap: reason=unstable_if action=reinterpret pc=0x000000001555080c method=javax.swing.tree.FixedHeightLayoutCache$VisibleFHTreeStateNodeEnumeration.updateNextIndex()Z @ 69
Event: 38665.811 Thread 0x0000000007551000 Uncommon trap: reason=unstable_if action=reinterpret pc=0x00000000146f4040 method=javax.swing.tree.FixedHeightLayoutCache$VisibleFHTreeStateNodeEnumeration.updateNextIndex()Z @ 69
Event: 38697.759 Thread 0x0000000007551000 Uncommon trap: reason=class_check action=maybe_recompile pc=0x0000000014dafef8 method=com.jidesoft.document.DocumentPane.getDocument(Ljava/lang/String;)Lcom/jidesoft/document/DocumentComponent; @ 10
Event: 38697.759 Thread 0x0000000007551000 Uncommon trap: reason=unstable_if action=reinterpret pc=0x00000000136da730 method=ui.g.ac.fdu()V @ 87
Event: 38697.760 Thread 0x0000000007551000 Uncommon trap: reason=unstable_if action=reinterpret pc=0x0000000012712970 method=javax.swing.ViewportLayout.layoutContainer(Ljava/awt/Container;)V @ 326
Event: 38698.870 Thread 0x0000000007551000 Uncommon trap: reason=unstable_if action=reinterpret pc=0x00000000134aa3d8 method=javax.swing.JTree.getExpandedDescendants(Ljavax/swing/tree/TreePath;)Ljava/util/Enumeration; @ 74
Event: 38698.870 Thread 0x0000000007551000 Uncommon trap: reason=unstable_if action=reinterpret pc=0x00000000134e7328 method=javax.swing.JTree.isExpanded(Ljavax/swing/tree/TreePath;)Z @ 26
Event: 38699.302 Thread 0x0000000007551000 Uncommon trap: reason=unstable_if action=reinterpret pc=0x0000000013beb370 method=ui.views.u.b.f.gia()Lui/views/u/b/ao; @ 79
Event: 38699.310 Thread 0x0000000007551000 Uncommon trap: reason=unstable_if action=reinterpret pc=0x00000000156e08b8 method=ui.views.u.b.l.a(Ljava/lang/Object;ZLui/views/u/b/ao;)Ljavax/swing/ImageIcon; @ 194

Internal exceptions (10 events):
Event: 38706.493 Thread 0x0000000007551000 Exception <a 'java/io/FileNotFoundException'> (0x00000007be2e1cb0) thrown at [C:\re\workspace\8-2-build-windows-amd64-cygwin\jdk8u66\5298\hotspot\src\share\vm\prims\jni.cpp, line 709]
Event: 38711.494 Thread 0x0000000007551000 Exception <a 'java/io/FileNotFoundException'> (0x00000007be3714b8) thrown at [C:\re\workspace\8-2-build-windows-amd64-cygwin\jdk8u66\5298\hotspot\src\share\vm\prims\jni.cpp, line 709]
Event: 38711.494 Thread 0x0000000007551000 Exception <a 'java/io/FileNotFoundException'> (0x00000007be372098) thrown at [C:\re\workspace\8-2-build-windows-amd64-cygwin\jdk8u66\5298\hotspot\src\share\vm\prims\jni.cpp, line 709]
Event: 38716.494 Thread 0x0000000007551000 Exception <a 'java/io/FileNotFoundException'> (0x00000007be3d6258) thrown at [C:\re\workspace\8-2-build-windows-amd64-cygwin\jdk8u66\5298\hotspot\src\share\vm\prims\jni.cpp, line 709]
Event: 38716.495 Thread 0x0000000007551000 Exception <a 'java/io/FileNotFoundException'> (0x00000007be3d6e38) thrown at [C:\re\workspace\8-2-build-windows-amd64-cygwin\jdk8u66\5298\hotspot\src\share\vm\prims\jni.cpp, line 709]
Event: 38721.495 Thread 0x0000000007551000 Exception <a 'java/io/FileNotFoundException'> (0x00000007be4679a0) thrown at [C:\re\workspace\8-2-build-windows-amd64-cygwin\jdk8u66\5298\hotspot\src\share\vm\prims\jni.cpp, line 709]
Event: 38721.495 Thread 0x0000000007551000 Exception <a 'java/io/FileNotFoundException'> (0x00000007be468580) thrown at [C:\re\workspace\8-2-build-windows-amd64-cygwin\jdk8u66\5298\hotspot\src\share\vm\prims\jni.cpp, line 709]
Event: 38726.375 Thread 0x00000000362b2800 Exception <a 'ui/frmwork/CommandFailedException'> (0x00000007bc7e2278) thrown at [C:\re\workspace\8-2-build-windows-amd64-cygwin\jdk8u66\5298\hotspot\src\share\vm\prims\jni.cpp, line 709]
Event: 38726.496 Thread 0x0000000007551000 Exception <a 'java/io/FileNotFoundException'> (0x00000007bd8b9d00) thrown at [C:\re\workspace\8-2-build-windows-amd64-cygwin\jdk8u66\5298\hotspot\src\share\vm\prims\jni.cpp, line 709]
Event: 38726.496 Thread 0x0000000007551000 Exception <a 'java/io/FileNotFoundException'> (0x00000007bd8bae98) thrown at [C:\re\workspace\8-2-build-windows-amd64-cygwin\jdk8u66\5298\hotspot\src\share\vm\prims\jni.cpp, line 709]

Events (10 events):
Event: 38726.382 Executing VM operation: BulkRevokeBias
Event: 38726.382 Executing VM operation: BulkRevokeBias done
Event: 38726.382 Executing VM operation: RevokeBias
Event: 38726.382 Executing VM operation: RevokeBias done
Event: 38727.296 Executing VM operation: RevokeBias
Event: 38727.296 Executing VM operation: RevokeBias done
Event: 38727.296 Executing VM operation: RevokeBias
Event: 38727.296 Executing VM operation: RevokeBias done
Event: 38727.299 Thread 0x000000000a4b5800 flushing nmethod 0x00000000133c2990
Event: 38727.299 Thread 0x000000000a4b5800 flushing nmethod 0x000000001346e250


Dynamic libraries:
0x000000013fe30000 - 0x000000013fe60000 	C:\Xilinx\Vivado\2016.2\bin\unwrapped\win64.o\vivado.exe
0x00000000770b0000 - 0x000000007725b000 	C:\windows\SYSTEM32\ntdll.dll
0x0000000076e90000 - 0x0000000076faf000 	C:\windows\system32\kernel32.dll
0x000007fefce50000 - 0x000007fefceba000 	C:\windows\system32\KERNELBASE.dll
0x000000000a900000 - 0x000000000a98d000 	C:\Xilinx\Vivado\2016.2\lib\win64.o\SHSMP64.dll
0x0000000076fb0000 - 0x00000000770aa000 	C:\windows\system32\USER32.dll
0x000007fefe040000 - 0x000007fefe0a7000 	C:\windows\system32\GDI32.dll
0x000007fefda70000 - 0x000007fefda7e000 	C:\windows\system32\LPK.dll
0x000007fefdee0000 - 0x000007fefdfaa000 	C:\windows\system32\USP10.dll
0x000007fefe150000 - 0x000007fefe1ef000 	C:\windows\system32\msvcrt.dll
0x000007fefe1f0000 - 0x000007fefe2cb000 	C:\windows\system32\ADVAPI32.dll
0x000007fefdec0000 - 0x000007fefdedf000 	C:\windows\SYSTEM32\sechost.dll
0x000007fefe370000 - 0x000007fefe49d000 	C:\windows\system32\RPCRT4.dll
0x000007fefbef0000 - 0x000007fefbefc000 	C:\windows\system32\VERSION.dll
0x000007feeafa0000 - 0x000007feeafb3000 	C:\Xilinx\Vivado\2016.2\lib\win64.o\libboost_signals.dll
0x000007fef4570000 - 0x000007fef4617000 	C:\windows\system32\MSVCP110.dll
0x000007fef1e40000 - 0x000007fef1f14000 	C:\windows\system32\MSVCR110.dll
0x000007fee7730000 - 0x000007fee8170000 	C:\Xilinx\Vivado\2016.2\lib\win64.o\librdi_common.dll
0x000007fee7000000 - 0x000007fee736e000 	C:\Xilinx\Vivado\2016.2\lib\win64.o\libCOIN-all.dll
0x000007feea400000 - 0x000007feea61f000 	C:\Xilinx\Vivado\2016.2\lib\win64.o\libXil_lmgr11.dll
0x000007fefac50000 - 0x000007fefac66000 	C:\windows\system32\NETAPI32.dll
0x000007fefc250000 - 0x000007fefc25c000 	C:\windows\system32\netutils.dll
0x000007fefc910000 - 0x000007fefc933000 	C:\windows\system32\srvcli.dll
0x000007fefaaf0000 - 0x000007fefab05000 	C:\windows\system32\wkscli.dll
0x000007fefe2d0000 - 0x000007fefe367000 	C:\windows\system32\COMDLG32.dll
0x000007fefdda0000 - 0x000007fefde11000 	C:\windows\system32\SHLWAPI.dll
0x000007fef6a80000 - 0x000007fef6b20000 	C:\windows\WinSxS\amd64_microsoft.windows.common-controls_6595b64144ccf1df_5.82.7601.18837_none_a4d981ff711297b6\COMCTL32.dll
0x000007fefe630000 - 0x000007feff3bc000 	C:\windows\system32\SHELL32.dll
0x000007fef8ef0000 - 0x000007fef8ef9000 	C:\windows\system32\WSOCK32.dll
0x000007fefe0b0000 - 0x000007fefe0fd000 	C:\windows\system32\WS2_32.dll
0x000007fefdfb0000 - 0x000007fefdfb8000 	C:\windows\system32\NSI.dll
0x000007fefd990000 - 0x000007fefda68000 	C:\windows\system32\OLEAUT32.dll
0x000007fefda80000 - 0x000007fefdc83000 	C:\windows\system32\ole32.dll
0x000007fefcf00000 - 0x000007fefcf3b000 	C:\windows\system32\WINTRUST.dll
0x000007fefd070000 - 0x000007fefd1dd000 	C:\windows\system32\CRYPT32.dll
0x000007fefce40000 - 0x000007fefce4f000 	C:\windows\system32\MSASN1.dll
0x000007feeb920000 - 0x000007feeb930000 	C:\Xilinx\Vivado\2016.2\lib\win64.o\libboost_date_time.dll
0x000007feeaf70000 - 0x000007feeaf94000 	C:\Xilinx\Vivado\2016.2\lib\win64.o\libboost_filesystem.dll
0x000007feeaf60000 - 0x000007feeaf69000 	C:\Xilinx\Vivado\2016.2\lib\win64.o\libboost_system.dll
0x000007feeabe0000 - 0x000007feeac57000 	C:\Xilinx\Vivado\2016.2\lib\win64.o\libboost_program_options.dll
0x000007feea2f0000 - 0x000007feea3f6000 	C:\Xilinx\Vivado\2016.2\lib\win64.o\libboost_regex.dll
0x000007feeaf40000 - 0x000007feeaf5d000 	C:\Xilinx\Vivado\2016.2\lib\win64.o\libboost_thread.dll
0x000007feeaf30000 - 0x000007feeaf3b000 	C:\Xilinx\Vivado\2016.2\lib\win64.o\libboost_chrono.dll
0x000007feeaf20000 - 0x000007feeaf2b000 	C:\Xilinx\Vivado\2016.2\lib\win64.o\libboost_xilinx.dll
0x000007feeab60000 - 0x000007feeabe0000 	C:\Xilinx\Vivado\2016.2\lib\win64.o\libhdlpsolve.dll
0x000007fee9d50000 - 0x000007fee9dea000 	C:\Xilinx\Vivado\2016.2\lib\win64.o\libhdxml.dll
0x000007fee6b90000 - 0x000007fee6ff5e00 	C:\Xilinx\Vivado\2016.2\lib\win64.o\libisl_iostreams.dll
0x000007feeaf00000 - 0x000007feeaf16000 	C:\Xilinx\Vivado\2016.2\lib\win64.o\libboost_iostreams.dll
0x000007feeae30000 - 0x000007feeae53000 	C:\Xilinx\Vivado\2016.2\lib\win64.o\librdizlib.dll
0x000007feeae00000 - 0x000007feeae23000 	C:\Xilinx\Vivado\2016.2\lib\win64.o\libisl_iosutils.dll
0x000007feeacc0000 - 0x000007feeacea000 	C:\Xilinx\Vivado\2016.2\lib\win64.o\libisl_sysinfo.dll
0x000000006b9c0000 - 0x000000006c249000 	C:\Xilinx\Vivado\2016.2\tps\win64\jre\bin\server\jvm.dll
0x000007fefa990000 - 0x000007fefa9cb000 	C:\windows\system32\WINMM.dll
0x0000000077270000 - 0x0000000077277000 	C:\windows\system32\PSAPI.DLL
0x000000006fb10000 - 0x000000006fbe2000 	C:\windows\system32\MSVCR100.dll
0x000007feeaca0000 - 0x000007feeacb5000 	C:\Xilinx\Vivado\2016.2\lib\win64.o\pthreadVC2.dll
0x000007fee9cf0000 - 0x000007fee9d44000 	C:\Xilinx\Vivado\2016.2\lib\win64.o\librdi_commonxillic.dll
0x000007fee9970000 - 0x000007fee9aa0000 	C:\Xilinx\Vivado\2016.2\lib\win64.o\librdi_curl.dll
0x000007feeab40000 - 0x000007feeab58000 	C:\Xilinx\Vivado\2016.2\lib\win64.o\librdiconfig.dll
0x000000006fde0000 - 0x000000006ff07000 	C:\Xilinx\Vivado\2016.2\lib\win64.o\tcl85t.dll
0x0000000012000000 - 0x0000000012263000 	C:\Xilinx\Vivado\2016.2\lib\win64.o\xerces-c_3_1.dll
0x000007fefd4c0000 - 0x000007fefd743000 	C:\windows\system32\WININET.dll
0x000007fefced0000 - 0x000007fefced4000 	C:\windows\system32\api-ms-win-downlevel-user32-l1-1-0.dll
0x000007fefcf50000 - 0x000007fefcf54000 	C:\windows\system32\api-ms-win-downlevel-shlwapi-l1-1-0.dll
0x000007fefd1e0000 - 0x000007fefd1e4000 	C:\windows\system32\api-ms-win-downlevel-version-l1-1-0.dll
0x000007fefcec0000 - 0x000007fefcec3000 	C:\windows\system32\api-ms-win-downlevel-normaliz-l1-1-0.dll
0x0000000077280000 - 0x0000000077283000 	C:\windows\system32\normaliz.DLL
0x000007fefd1f0000 - 0x000007fefd4b9000 	C:\windows\system32\iertutil.dll
0x000007fefd060000 - 0x000007fefd065000 	C:\windows\system32\api-ms-win-downlevel-advapi32-l1-1-0.dll
0x000007fefd040000 - 0x000007fefd05e000 	C:\windows\system32\USERENV.dll
0x000007fefce30000 - 0x000007fefce3f000 	C:\windows\system32\profapi.dll
0x000007fef9860000 - 0x000007fef98d1000 	C:\windows\system32\WINHTTP.dll
0x000007fef97f0000 - 0x000007fef9855000 	C:\windows\system32\webio.dll
0x000007fefe4a0000 - 0x000007fefe625000 	C:\windows\system32\urlmon.dll
0x000007fefcf40000 - 0x000007fefcf44000 	C:\windows\system32\api-ms-win-downlevel-ole32-l1-1-0.dll
0x000007feeab10000 - 0x000007feeab33000 	C:\windows\system32\VCOMP110.DLL
0x000007feea2d0000 - 0x000007feea2e1000 	C:\Xilinx\Vivado\2016.2\lib\win64.o\librdi_commonmain.dll
0x000007feeaef0000 - 0x000007feeaef9000 	C:\Xilinx\Vivado\2016.2\lib\win64.o\librdi_commonversion.dll
0x000007fefe120000 - 0x000007fefe14e000 	C:\windows\system32\IMM32.DLL
0x000007fefdc90000 - 0x000007fefdd99000 	C:\windows\system32\MSCTF.dll
0x000007fefa980000 - 0x000007fefa98c000 	C:\windows\KATRK64.DLL
0x000007fefc070000 - 0x000007fefc081000 	C:\windows\system32\WTSAPI32.dll
0x000007fee6770000 - 0x000007fee6b8e000 	C:\Xilinx\Vivado\2016.2\lib\win64.o\librdi_commontasks.dll
0x000007fee1a80000 - 0x000007fee36d6000 	C:\Xilinx\Vivado\2016.2\lib\win64.o\librdi_tcltasks.dll
0x000007fee74b0000 - 0x000007fee7727000 	C:\Xilinx\Vivado\2016.2\lib\win64.o\librdi_bitstream.dll
0x000007fed4600000 - 0x000007fedd4c1000 	C:\Xilinx\Vivado\2016.2\lib\win64.o\librdi_device.dll
0x000007fee9920000 - 0x000007fee9967000 	C:\Xilinx\Vivado\2016.2\lib\win64.o\libboost_serialization.dll
0x000007fee4dd0000 - 0x000007fee574f000 	C:\Xilinx\Vivado\2016.2\lib\win64.o\libverific.dll
0x000007fee6630000 - 0x000007fee676f000 	C:\Xilinx\Vivado\2016.2\lib\win64.o\librdi_board.dll
0x000007fee7450000 - 0x000007fee74ad000 	C:\Xilinx\Vivado\2016.2\lib\win64.o\librdi_boarddep.dll
0x000007fee4bb0000 - 0x000007fee4dc1000 	C:\Xilinx\Vivado\2016.2\lib\win64.o\librdi_chipscope.dll
0x000007fee73e0000 - 0x000007fee7443000 	C:\Xilinx\Vivado\2016.2\lib\win64.o\liblmx6.0.dll
0x000007fee0810000 - 0x000007fee1a7b000 	C:\Xilinx\Vivado\2016.2\lib\win64.o\librdi_constraints.dll
0x000007fee4660000 - 0x000007fee4baa000 	C:\Xilinx\Vivado\2016.2\lib\win64.o\librdi_filemgmt.dll
0x000007fee0620000 - 0x000007fee0810000 	C:\Xilinx\Vivado\2016.2\lib\win64.o\librdi_sio.dll
0x000007fefa4c0000 - 0x000007fefa4e7000 	C:\windows\system32\IPHLPAPI.DLL
0x000007fefa4b0000 - 0x000007fefa4bb000 	C:\windows\system32\WINNSI.DLL
0x000007fee01e0000 - 0x000007fee0614000 	C:\Xilinx\Vivado\2016.2\lib\win64.o\librdi_netlist.dll
0x000007fedfd00000 - 0x000007fee01d1000 	C:\Xilinx\Vivado\2016.2\lib\win64.o\librdi_psta.dll
0x000007fed1af0000 - 0x000007fed45f3000 	C:\Xilinx\Vivado\2016.2\lib\win64.o\librdi_coregen.dll
0x000007fedf640000 - 0x000007fedfcf3000 	C:\Xilinx\Vivado\2016.2\lib\win64.o\librdi_coregenipxact.dll
0x000007fece280000 - 0x000007fed1ae7000 	C:\Xilinx\Vivado\2016.2\lib\win64.o\librdi_designutils.dll
0x000007fedf100000 - 0x000007fedf640000 	C:\Xilinx\Vivado\2016.2\lib\win64.o\librdi_xdm.dll
0x000007fedeb70000 - 0x000007fedf0fd000 	C:\Xilinx\Vivado\2016.2\lib\win64.o\librdi_memdata.dll
0x000007fede660000 - 0x000007fedeb63000 	C:\Xilinx\Vivado\2016.2\lib\win64.o\librdi_drc.dll
0x000007feddbd0000 - 0x000007fede65e000 	C:\Xilinx\Vivado\2016.2\lib\win64.o\librdi_timing.dll
0x000007fedd9b0000 - 0x000007feddbd0000 	C:\Xilinx\Vivado\2016.2\lib\win64.o\librdi_dlyest.dll
0x000007fee6590000 - 0x000007fee6627000 	C:\Xilinx\Vivado\2016.2\lib\win64.o\libise.dll
0x000007fee4620000 - 0x000007fee465b000 	C:\Xilinx\Vivado\2016.2\lib\win64.o\librdi_pfi.dll
0x000007fedd960000 - 0x000007fedd9a3000 	C:\Xilinx\Vivado\2016.2\lib\win64.o\librdi_hdf.dll
0x000007fece080000 - 0x000007fece272000 	C:\Xilinx\Vivado\2016.2\lib\win64.o\librdi_hsm.dll
0x000007fecddf0000 - 0x000007fece071000 	C:\Xilinx\Vivado\2016.2\lib\win64.o\librdi_ippcw.dll
0x000007fedd620000 - 0x000007fedd703000 	C:\Xilinx\Vivado\2016.2\lib\win64.o\librdi_containers.dll
0x000007fecdd30000 - 0x000007fecddf0000 	C:\Xilinx\Vivado\2016.2\lib\win64.o\librdi_dsp.dll
0x000007fecdbb0000 - 0x000007fecdd2d000 	C:\Xilinx\Vivado\2016.2\lib\win64.o\librdi_simdata.dll
0x000007fecd800000 - 0x000007fecdba1000 	C:\Xilinx\Vivado\2016.2\lib\win64.o\librdi_wavedata.dll
0x000007fecd780000 - 0x000007fecd7ff000 	C:\Xilinx\Vivado\2016.2\lib\win64.o\librdi_simbridge_kernel.dll
0x000007fedd7c0000 - 0x000007fedd7fa000 	C:\Xilinx\Vivado\2016.2\lib\win64.o\librdi_wavedata_SimpleApi.dll
0x000007fecd540000 - 0x000007fecd780000 	C:\Xilinx\Vivado\2016.2\lib\win64.o\librdi_guitools.dll
0x000007fecbba0000 - 0x000007fecd53e000 	C:\Xilinx\Vivado\2016.2\lib\win64.o\librdi_place.dll
0x000007fecb5e0000 - 0x000007fecbb9c000 	C:\Xilinx\Vivado\2016.2\lib\win64.o\librdi_abc_nomp.dll
0x000007fee6570000 - 0x000007fee6589000 	C:\Xilinx\Vivado\2016.2\lib\win64.o\librdi_hmetis.dll
0x000007fec9da0000 - 0x000007fecb5d1000 	C:\Xilinx\Vivado\2016.2\lib\win64.o\librdi_mig.dll
0x000007fec97e0000 - 0x000007fec9d98000 	C:\Xilinx\Vivado\2016.2\lib\win64.o\librdi_power.dll
0x000007fec8ba0000 - 0x000007fec97d6000 	C:\Xilinx\Vivado\2016.2\lib\win64.o\librdi_route.dll
0x000007fec8720000 - 0x000007fec8b9d000 	C:\Xilinx\Vivado\2016.2\lib\win64.o\librdi_project.dll
0x000007fec8080000 - 0x000007fec8714000 	C:\Xilinx\Vivado\2016.2\lib\win64.o\librdi_labtools.dll
0x000007fee45f0000 - 0x000007fee4618000 	C:\Xilinx\Vivado\2016.2\lib\win64.o\librdi_commoncwebtalk.dll

VM Arguments:
jvm_args: -Dsun.java2d.pmoffscreen=false -Dsun.java2d.d3d=false -Dsun.awt.nopixfmt=true -Xverify:none -Dswing.aatext=true -XX:-UsePerfData -Djdk.map.althashing.threshold=512 -XX:StringTableSize=4072 -XX:NewSize=60m -XX:MaxNewSize=60m -Xms128m -Xmx3072m -Xss5m 
java_command: <unknown>
java_class_path (initial): C:/Xilinx/Vivado/2016.2\lib\classes\alloy.jar;C:/Xilinx/Vivado/2016.2\lib\classes\batik-anim.jar;C:/Xilinx/Vivado/2016.2\lib\classes\batik-awt-util.jar;C:/Xilinx/Vivado/2016.2\lib\classes\batik-bridge.jar;C:/Xilinx/Vivado/2016.2\lib\classes\batik-codec.jar;C:/Xilinx/Vivado/2016.2\lib\classes\batik-css.jar;C:/Xilinx/Vivado/2016.2\lib\classes\batik-dom.jar;C:/Xilinx/Vivado/2016.2\lib\classes\batik-ext.jar;C:/Xilinx/Vivado/2016.2\lib\classes\batik-gui-util.jar;C:/Xilinx/Vivado/2016.2\lib\classes\batik-gvt.jar;C:/Xilinx/Vivado/2016.2\lib\classes\batik-parser.jar;C:/Xilinx/Vivado/2016.2\lib\classes\batik-script.jar;C:/Xilinx/Vivado/2016.2\lib\classes\batik-svg-dom.jar;C:/Xilinx/Vivado/2016.2\lib\classes\batik-swing.jar;C:/Xilinx/Vivado/2016.2\lib\classes\batik-transcoder.jar;C:/Xilinx/Vivado/2016.2\lib\classes\batik-util.jar;C:/Xilinx/Vivado/2016.2\lib\classes\batik-xml.jar;C:/Xilinx/Vivado/2016.2\lib\classes\commons-math-2.2.jar;C:/Xilinx/Vivado/2016.2\lib\classes\dom4j-1.6.1.jar;C:/Xilinx/Vivado/2016.2\lib\classes\forms.jar;C:/Xilinx/Vivado/2016.2\lib\classes\guava-18.0.jar;C:/Xilinx/Vivado/2016.2\lib\classes\help.jar;C:/Xilinx/Vivado/2016.2\lib\classes\hsqldb.jar;C:/Xilinx/Vivado/2016.2\lib\classes\jh.jar;C:/Xilinx/Vivado/2016.2\lib\classes\jide-action.jar;C:/Xilinx/Vivado/2016.2\lib\classes\jide-charts.jar;C:/Xilinx/Vivado/2016.2\lib\classes\jide-common.jar;C:/Xilinx/Vivado/2016.2\lib\classes\jide-components.jar;C:/Xilinx/Vivado/2016.2\lib\classes\jide-dashboard.jar;C:/Xilinx/Vivado/2016.2\lib\classes\jide-data.jar;C:/Xilinx/Vivado/2016.2\lib\classes\jide-dialogs.jar;C:/Xilinx/Vivado/2016.2\lib\classes\jide-diff.jar;C:/Xilinx/Vivado/2016.2\lib\classes\jide-dock.jar;C:/Xilinx/Vivado/2016.2\lib\classes\jide-editor.jar;C:/Xilinx/Vivado/2016.2\lib\classes\jide-gantt.jar;C:/Xilinx/Vivado/2016.2\lib\classes\jide-grids.jar;C:/Xilinx/Vivado/2016.2\lib\classes\jide-pivot.jar;C:/Xilinx/Vivado/2016.2\lib\classes\jide-plaf-jdk7.jar;C:/Xilinx/Vivado/2
Launcher Type: generic

Environment Variables:
PATH=C:/Xilinx/Vivado/2016.2/bin;C:/Xilinx/Vivado/2016.2/lib/win64.o;C:/Xilinx/Vivado/2016.2/tps/win64/jre/bin/server;C:/Xilinx/Vivado/2016.2/tps/win64/jre/bin;C:/Xilinx/Vivado/2016.2/ids_lite/ISE/bin/nt64;C:/Xilinx/Vivado/2016.2/ids_lite/ISE/lib/nt64;C:/Xilinx/Vivado_HLS/2016.2/bin;C:\Python27\;C:\Python27\Scripts;C:\Program Files\Python35\Scripts\;C:\Program Files\Python35\;C:\Perl64\site\bin;C:\Perl64\bin;C:\ProgramData\Oracle\Java\javapath;C:\windows\system32;C:\windows;C:\windows\System32\Wbem;C:\windows\System32\WindowsPowerShell\v1.0\;C:\Program Files\Microsoft Windows Performance Toolkit\;C:\Program Files\Common Files\Autodesk Shared\;C:\Program Files\Git\cmd;C:\MATLAB\R2015b\bin;C:\Program Files (x86)\Windows Kits\8.1\Windows Performance Toolkit\;C:\Program Files\Microsoft SQL Server\110\Tools\Binn\;C:\Program Files (x86)\PuTTY\
USERNAME=dilsizk
OS=Windows_NT
PROCESSOR_IDENTIFIER=Intel64 Family 6 Model 94 Stepping 3, GenuineIntel



---------------  S Y S T E M  ---------------

OS: Windows 7 , 64 bit Build 7601 (6.1.7601.23455)

CPU:total 8 (4 cores per cpu, 2 threads per core) family 6 model 94 stepping 3, cmov, cx8, fxsr, mmx, sse, sse2, sse3, ssse3, sse4.1, sse4.2, popcnt, avx, avx2, aes, clmul, erms, rtm, 3dnowpref, lzcnt, ht, tsc, tscinvbit, bmi1, bmi2, adx

Memory: 4k page, physical 33457972k(25789264k free), swap 66914084k(58747640k free)

vm_info: Java HotSpot(TM) 64-Bit Server VM (25.66-b18) for windows-amd64 JRE (1.8.0_66-b18), built on Nov  9 2015 10:51:13 by "java_re" with MS VC++ 10.0 (VS2010)

time: Mon Oct 31 04:24:00 2016
elapsed time: 38727 seconds (0d 10h 45m 27s)

