#-----------------------------------------------------------
# Vivado v2016.2 (64-bit)
# SW Build 1577090 on Thu Jun  2 16:32:40 MDT 2016
# IP Build 1577682 on Fri Jun  3 12:00:54 MDT 2016
# Start of session at: Thu Dec 08 06:23:37 2016
# Process ID: 852
# Current directory: C:/Users/dilsizk/Desktop/ece491final/ece491labs/Lab05/project_1
# Command line: vivado.exe -gui_launcher_event rodinguilauncherevent7524 C:\Users\dilsizk\Desktop\ece491final\ece491labs\Lab05\project_1\project_1.xpr
# Log file: C:/Users/dilsizk/Desktop/ece491final/ece491labs/Lab05/project_1/vivado.log
# Journal file: C:/Users/dilsizk/Desktop/ece491final/ece491labs/Lab05/project_1\vivado.jou
#-----------------------------------------------------------
start_gui
open_project C:/Users/dilsizk/Desktop/ece491final/ece491labs/Lab05/project_1/project_1.xpr
INFO: [Project 1-313] Project file moved from 'C:/Users/dilsizk/Desktop/ece4911/ece491labs/Lab05/project_1' since last save.
Scanning sources...
Finished scanning sources
INFO: [IP_Flow 19-234] Refreshing IP repositories
INFO: [IP_Flow 19-1704] No user IP repositories specified
INFO: [IP_Flow 19-2313] Loaded Vivado IP repository 'C:/Xilinx/Vivado/2016.2/data/ip'.
reset_run synth_2
launch_runs synth_2
[Thu Dec 08 06:26:40 2016] Launched synth_2...
Run output will be captured here: C:/Users/dilsizk/Desktop/ece491final/ece491labs/Lab05/project_1/project_1.runs/synth_2/runme.log
reset_run synth_2
exit
INFO: [Common 17-206] Exiting Vivado at Thu Dec 08 06:26:55 2016...
