
*** Running vivado
    with args -log topmodule.vds -m64 -mode batch -messageDb vivado.pb -notrace -source topmodule.tcl


****** Vivado v2016.2 (64-bit)
  **** SW Build 1577090 on Thu Jun  2 16:32:40 MDT 2016
  **** IP Build 1577682 on Fri Jun  3 12:00:54 MDT 2016
    ** Copyright 1986-2016 Xilinx, Inc. All Rights Reserved.

source topmodule.tcl -notrace
Command: synth_design -top topmodule -part xc7a100tcsg324-1
Starting synth_design
Attempting to get a license for feature 'Synthesis' and/or device 'xc7a100t'
INFO: [Common 17-349] Got license for feature 'Synthesis' and/or device 'xc7a100t'
INFO: Launching helper process for spawning children vivado processes
INFO: Helper process launched with PID 6268 
---------------------------------------------------------------------------------
Starting RTL Elaboration : Time (s): cpu = 00:00:04 ; elapsed = 00:00:05 . Memory (MB): peak = 315.609 ; gain = 107.707
---------------------------------------------------------------------------------
INFO: [Synth 8-638] synthesizing module 'topmodule' [C:/Users/dilsizk/Desktop/ece 491/ece491labs/Lab05/project_1/project_1.srcs/sources_1/new/topmodule.sv:3]
	Parameter BAUD bound to: 50000 - type: integer 
	Parameter OUTPUTBAUD bound to: 19200 - type: integer 
	Parameter numBits bound to: 64 - type: integer 
INFO: [Synth 8-638] synthesizing module 'clkenb' [C:/Users/dilsizk/Desktop/ece 491/ece491labs/Lab05/project_1/project_1.srcs/sources_1/new/clkenb.sv:21]
	Parameter DIVFREQ bound to: 50000 - type: integer 
	Parameter CLKFREQ bound to: 100000000 - type: integer 
	Parameter DIVAMT bound to: 2000 - type: integer 
	Parameter DIVBITS bound to: 11 - type: integer 
INFO: [Synth 8-256] done synthesizing module 'clkenb' (1#1) [C:/Users/dilsizk/Desktop/ece 491/ece491labs/Lab05/project_1/project_1.srcs/sources_1/new/clkenb.sv:21]
INFO: [Synth 8-638] synthesizing module 'clkenb__parameterized0' [C:/Users/dilsizk/Desktop/ece 491/ece491labs/Lab05/project_1/project_1.srcs/sources_1/new/clkenb.sv:21]
	Parameter DIVFREQ bound to: 19200 - type: integer 
	Parameter CLKFREQ bound to: 100000000 - type: integer 
	Parameter DIVAMT bound to: 5208 - type: integer 
	Parameter DIVBITS bound to: 13 - type: integer 
INFO: [Synth 8-256] done synthesizing module 'clkenb__parameterized0' (1#1) [C:/Users/dilsizk/Desktop/ece 491/ece491labs/Lab05/project_1/project_1.srcs/sources_1/new/clkenb.sv:21]
INFO: [Synth 8-638] synthesizing module 'clkenb__parameterized1' [C:/Users/dilsizk/Desktop/ece 491/ece491labs/Lab05/project_1/project_1.srcs/sources_1/new/clkenb.sv:21]
	Parameter DIVFREQ bound to: 1920 - type: integer 
	Parameter CLKFREQ bound to: 100000000 - type: integer 
	Parameter DIVAMT bound to: 52083 - type: integer 
	Parameter DIVBITS bound to: 16 - type: integer 
INFO: [Synth 8-256] done synthesizing module 'clkenb__parameterized1' (1#1) [C:/Users/dilsizk/Desktop/ece 491/ece491labs/Lab05/project_1/project_1.srcs/sources_1/new/clkenb.sv:21]
INFO: [Synth 8-638] synthesizing module 'transmitter' [C:/Users/dilsizk/Desktop/ece 491/ece491labs/Lab05/Buffer/async_tran.sv:17]
	Parameter BAUD bound to: 19200 - type: integer 
INFO: [Synth 8-638] synthesizing module 'clkenb__parameterized2' [C:/Users/dilsizk/Desktop/ece 491/ece491labs/Lab05/project_1/project_1.srcs/sources_1/new/clkenb.sv:21]
	Parameter DIVFREQ bound to: 19200 - type: integer 
	Parameter CLKFREQ bound to: 100000000 - type: integer 
	Parameter DIVAMT bound to: 5208 - type: integer 
	Parameter DIVBITS bound to: 13 - type: integer 
INFO: [Synth 8-256] done synthesizing module 'clkenb__parameterized2' (1#1) [C:/Users/dilsizk/Desktop/ece 491/ece491labs/Lab05/project_1/project_1.srcs/sources_1/new/clkenb.sv:21]
INFO: [Synth 8-256] done synthesizing module 'transmitter' (2#1) [C:/Users/dilsizk/Desktop/ece 491/ece491labs/Lab05/Buffer/async_tran.sv:17]
INFO: [Synth 8-638] synthesizing module 'm_transmitter' [C:/Users/dilsizk/Desktop/ece 491/ece491labs/Lab05/Buffer/m_transmitter.sv:17]
	Parameter BAUD bound to: 50000 - type: integer 
	Parameter TWICEBAUD bound to: 100000 - type: integer 
INFO: [Synth 8-638] synthesizing module 'clkenb__parameterized3' [C:/Users/dilsizk/Desktop/ece 491/ece491labs/Lab05/project_1/project_1.srcs/sources_1/new/clkenb.sv:21]
	Parameter DIVFREQ bound to: 100000 - type: integer 
	Parameter CLKFREQ bound to: 100000000 - type: integer 
	Parameter DIVAMT bound to: 1000 - type: integer 
	Parameter DIVBITS bound to: 10 - type: integer 
INFO: [Synth 8-256] done synthesizing module 'clkenb__parameterized3' (2#1) [C:/Users/dilsizk/Desktop/ece 491/ece491labs/Lab05/project_1/project_1.srcs/sources_1/new/clkenb.sv:21]
INFO: [Synth 8-256] done synthesizing module 'm_transmitter' (3#1) [C:/Users/dilsizk/Desktop/ece 491/ece491labs/Lab05/Buffer/m_transmitter.sv:17]
INFO: [Synth 8-638] synthesizing module 'p_fifo4' [C:/Users/dilsizk/Desktop/ece 491/ece491labs/Lab05/project_1/project_1.srcs/sources_1/new/s_fifo4_modified.sv:57]
	Parameter numBits bound to: 64 - type: integer 
	Parameter DIVBITS bound to: 6 - type: integer 
INFO: [Synth 8-256] done synthesizing module 'p_fifo4' (4#1) [C:/Users/dilsizk/Desktop/ece 491/ece491labs/Lab05/project_1/project_1.srcs/sources_1/new/s_fifo4_modified.sv:57]
INFO: [Synth 8-638] synthesizing module 'mxtest_2' [C:/Users/dilsizk/Desktop/ece 491/ece491labs/Lab05/mxtest_2.sv:33]
	Parameter MEM_SIZE bound to: 32 - type: integer 
	Parameter WAIT_TIME_US bound to: 2000000 - type: integer 
	Parameter CLK_PD_NS bound to: 10 - type: integer 
	Parameter WAIT_TIME bound to: 2000000 - type: integer 
	Parameter WAIT_BITS bound to: 21 - type: integer 
INFO: [Synth 8-155] case statement is not full and has no default [C:/Users/dilsizk/Desktop/ece 491/ece491labs/Lab05/mxtest_2.sv:149]
INFO: [Synth 8-256] done synthesizing module 'mxtest_2' (5#1) [C:/Users/dilsizk/Desktop/ece 491/ece491labs/Lab05/mxtest_2.sv:33]
INFO: [Synth 8-638] synthesizing module 'mx_rcvr2' [C:/Users/dilsizk/Desktop/ece 491/ece491labs/Lab05/project_1/project_1.srcs/sources_1/new/mx_rcvr2.sv:23]
	Parameter BAUD bound to: 50000 - type: integer 
	Parameter TWICEBAUD bound to: 100000 - type: integer 
	Parameter SIXTEENBAUD bound to: 800000 - type: integer 
	Parameter SIXTYFOURBAUD bound to: 3200000 - type: integer 
	Parameter BIT_RATE bound to: 50000 - type: integer 
INFO: [Synth 8-638] synthesizing module 'clkenb__parameterized4' [C:/Users/dilsizk/Desktop/ece 491/ece491labs/Lab05/project_1/project_1.srcs/sources_1/new/clkenb.sv:21]
	Parameter DIVFREQ bound to: 100000 - type: integer 
	Parameter CLKFREQ bound to: 100000000 - type: integer 
	Parameter DIVAMT bound to: 1000 - type: integer 
	Parameter DIVBITS bound to: 10 - type: integer 
INFO: [Synth 8-256] done synthesizing module 'clkenb__parameterized4' (5#1) [C:/Users/dilsizk/Desktop/ece 491/ece491labs/Lab05/project_1/project_1.srcs/sources_1/new/clkenb.sv:21]
INFO: [Synth 8-638] synthesizing module 'clkenb__parameterized5' [C:/Users/dilsizk/Desktop/ece 491/ece491labs/Lab05/project_1/project_1.srcs/sources_1/new/clkenb.sv:21]
	Parameter DIVFREQ bound to: 800000 - type: integer 
	Parameter CLKFREQ bound to: 100000000 - type: integer 
	Parameter DIVAMT bound to: 125 - type: integer 
	Parameter DIVBITS bound to: 7 - type: integer 
INFO: [Synth 8-256] done synthesizing module 'clkenb__parameterized5' (5#1) [C:/Users/dilsizk/Desktop/ece 491/ece491labs/Lab05/project_1/project_1.srcs/sources_1/new/clkenb.sv:21]
INFO: [Synth 8-638] synthesizing module 'clkenb__parameterized6' [C:/Users/dilsizk/Desktop/ece 491/ece491labs/Lab05/project_1/project_1.srcs/sources_1/new/clkenb.sv:21]
	Parameter DIVFREQ bound to: 200000 - type: integer 
	Parameter CLKFREQ bound to: 100000000 - type: integer 
	Parameter DIVAMT bound to: 500 - type: integer 
	Parameter DIVBITS bound to: 9 - type: integer 
INFO: [Synth 8-256] done synthesizing module 'clkenb__parameterized6' (5#1) [C:/Users/dilsizk/Desktop/ece 491/ece491labs/Lab05/project_1/project_1.srcs/sources_1/new/clkenb.sv:21]
INFO: [Synth 8-638] synthesizing module 'clkenb__parameterized7' [C:/Users/dilsizk/Desktop/ece 491/ece491labs/Lab05/project_1/project_1.srcs/sources_1/new/clkenb.sv:21]
	Parameter DIVFREQ bound to: 400000 - type: integer 
	Parameter CLKFREQ bound to: 100000000 - type: integer 
	Parameter DIVAMT bound to: 250 - type: integer 
	Parameter DIVBITS bound to: 8 - type: integer 
INFO: [Synth 8-256] done synthesizing module 'clkenb__parameterized7' (5#1) [C:/Users/dilsizk/Desktop/ece 491/ece491labs/Lab05/project_1/project_1.srcs/sources_1/new/clkenb.sv:21]
INFO: [Synth 8-638] synthesizing module 'correlator' [C:/Users/dilsizk/Desktop/ece 491/ece491labs/Lab05/project_1/project_1.srcs/sources_1/new/correlator.sv:24]
	Parameter LEN bound to: 8 - type: integer 
	Parameter PATTERN bound to: 8'b10101010 
	Parameter HTHRESH bound to: 7 - type: integer 
	Parameter LTHRESH bound to: 1 - type: integer 
	Parameter W bound to: 4 - type: integer 
INFO: [Synth 8-256] done synthesizing module 'correlator' (6#1) [C:/Users/dilsizk/Desktop/ece 491/ece491labs/Lab05/project_1/project_1.srcs/sources_1/new/correlator.sv:24]
INFO: [Synth 8-638] synthesizing module 'correlator__parameterized0' [C:/Users/dilsizk/Desktop/ece 491/ece491labs/Lab05/project_1/project_1.srcs/sources_1/new/correlator.sv:24]
	Parameter LEN bound to: 8 - type: integer 
	Parameter PATTERN bound to: 8'b11010000 
	Parameter HTHRESH bound to: 7 - type: integer 
	Parameter LTHRESH bound to: 1 - type: integer 
	Parameter W bound to: 4 - type: integer 
INFO: [Synth 8-256] done synthesizing module 'correlator__parameterized0' (6#1) [C:/Users/dilsizk/Desktop/ece 491/ece491labs/Lab05/project_1/project_1.srcs/sources_1/new/correlator.sv:24]
INFO: [Synth 8-638] synthesizing module 'correlator__parameterized1' [C:/Users/dilsizk/Desktop/ece 491/ece491labs/Lab05/project_1/project_1.srcs/sources_1/new/correlator.sv:24]
	Parameter LEN bound to: 12 - type: integer 
	Parameter PATTERN bound to: 12'b111111111111 
	Parameter HTHRESH bound to: 10 - type: integer 
	Parameter LTHRESH bound to: 1 - type: integer 
	Parameter W bound to: 5 - type: integer 
INFO: [Synth 8-256] done synthesizing module 'correlator__parameterized1' (6#1) [C:/Users/dilsizk/Desktop/ece 491/ece491labs/Lab05/project_1/project_1.srcs/sources_1/new/correlator.sv:24]
INFO: [Synth 8-638] synthesizing module 'correlator__parameterized2' [C:/Users/dilsizk/Desktop/ece 491/ece491labs/Lab05/project_1/project_1.srcs/sources_1/new/correlator.sv:24]
	Parameter LEN bound to: 8 - type: integer 
	Parameter PATTERN bound to: 8'b11110000 
	Parameter HTHRESH bound to: 7 - type: integer 
	Parameter LTHRESH bound to: 1 - type: integer 
	Parameter W bound to: 4 - type: integer 
INFO: [Synth 8-256] done synthesizing module 'correlator__parameterized2' (6#1) [C:/Users/dilsizk/Desktop/ece 491/ece491labs/Lab05/project_1/project_1.srcs/sources_1/new/correlator.sv:24]
INFO: [Synth 8-638] synthesizing module 'correlator__parameterized3' [C:/Users/dilsizk/Desktop/ece 491/ece491labs/Lab05/project_1/project_1.srcs/sources_1/new/correlator.sv:24]
	Parameter LEN bound to: 8 - type: integer 
	Parameter PATTERN bound to: 8'b11110000 
	Parameter HTHRESH bound to: 7 - type: integer 
	Parameter LTHRESH bound to: 1 - type: integer 
	Parameter W bound to: 4 - type: integer 
INFO: [Synth 8-256] done synthesizing module 'correlator__parameterized3' (6#1) [C:/Users/dilsizk/Desktop/ece 491/ece491labs/Lab05/project_1/project_1.srcs/sources_1/new/correlator.sv:24]
INFO: [Synth 8-256] done synthesizing module 'mx_rcvr2' (7#1) [C:/Users/dilsizk/Desktop/ece 491/ece491labs/Lab05/project_1/project_1.srcs/sources_1/new/mx_rcvr2.sv:23]
INFO: [Synth 8-638] synthesizing module 'dispctl' [C:/Users/dilsizk/Desktop/ece 491/ece491labs/Lab05/project_1/project_1.srcs/sources_1/new/dispctl.sv:25]
INFO: [Synth 8-638] synthesizing module 'mux8_parm' [C:/Users/dilsizk/Desktop/ece 491/ece491labs/Lab05/mux8_parm.sv:2]
	Parameter W bound to: 1 - type: integer 
INFO: [Synth 8-226] default block is never used [C:/Users/dilsizk/Desktop/ece 491/ece491labs/Lab05/mux8_parm.sv:9]
INFO: [Synth 8-256] done synthesizing module 'mux8_parm' (8#1) [C:/Users/dilsizk/Desktop/ece 491/ece491labs/Lab05/mux8_parm.sv:2]
INFO: [Synth 8-638] synthesizing module 'counter_parm' [C:/Users/dilsizk/Desktop/ece 491/ece491labs/Lab05/counter_parm.sv:2]
	Parameter W bound to: 3 - type: integer 
INFO: [Synth 8-256] done synthesizing module 'counter_parm' (9#1) [C:/Users/dilsizk/Desktop/ece 491/ece491labs/Lab05/counter_parm.sv:2]
INFO: [Synth 8-638] synthesizing module 'decoder_3_8_en' [C:/Users/dilsizk/Desktop/ece 491/ece491labs/Lab05/decoder_3_8_en.sv:2]
INFO: [Synth 8-256] done synthesizing module 'decoder_3_8_en' (10#1) [C:/Users/dilsizk/Desktop/ece 491/ece491labs/Lab05/decoder_3_8_en.sv:2]
INFO: [Synth 8-638] synthesizing module 'seven_seg' [C:/Users/dilsizk/Desktop/ece 491/ece491labs/Lab05/project_1/project_1.srcs/sources_1/new/seven_seg.sv:18]
	Parameter BLANK bound to: 7'b1111111 
	Parameter ZERO bound to: 7'b1000000 
	Parameter ONE bound to: 7'b1111001 
	Parameter TWO bound to: 7'b0100100 
	Parameter THREE bound to: 7'b0110000 
	Parameter FOUR bound to: 7'b0011001 
	Parameter FIVE bound to: 7'b0010010 
	Parameter SIX bound to: 7'b0000010 
	Parameter SEVEN bound to: 7'b1111000 
	Parameter EIGHT bound to: 7'b0000000 
	Parameter NINE bound to: 7'b0010000 
INFO: [Synth 8-226] default block is never used [C:/Users/dilsizk/Desktop/ece 491/ece491labs/Lab05/project_1/project_1.srcs/sources_1/new/seven_seg.sv:37]
INFO: [Synth 8-256] done synthesizing module 'seven_seg' (11#1) [C:/Users/dilsizk/Desktop/ece 491/ece491labs/Lab05/project_1/project_1.srcs/sources_1/new/seven_seg.sv:18]
INFO: [Synth 8-638] synthesizing module 'clkenb__parameterized8' [C:/Users/dilsizk/Desktop/ece 491/ece491labs/Lab05/project_1/project_1.srcs/sources_1/new/clkenb.sv:21]
	Parameter DIVFREQ bound to: 1000 - type: integer 
	Parameter CLKFREQ bound to: 100000000 - type: integer 
	Parameter DIVAMT bound to: 100000 - type: integer 
	Parameter DIVBITS bound to: 17 - type: integer 
INFO: [Synth 8-256] done synthesizing module 'clkenb__parameterized8' (11#1) [C:/Users/dilsizk/Desktop/ece 491/ece491labs/Lab05/project_1/project_1.srcs/sources_1/new/clkenb.sv:21]
INFO: [Synth 8-256] done synthesizing module 'dispctl' (12#1) [C:/Users/dilsizk/Desktop/ece 491/ece491labs/Lab05/project_1/project_1.srcs/sources_1/new/dispctl.sv:25]
INFO: [Synth 8-256] done synthesizing module 'topmodule' (13#1) [C:/Users/dilsizk/Desktop/ece 491/ece491labs/Lab05/project_1/project_1.srcs/sources_1/new/topmodule.sv:3]
---------------------------------------------------------------------------------
Finished RTL Elaboration : Time (s): cpu = 00:00:05 ; elapsed = 00:00:07 . Memory (MB): peak = 353.730 ; gain = 145.828
---------------------------------------------------------------------------------

Report Check Netlist: 
+------+------------------+-------+---------+-------+------------------+
|      |Item              |Errors |Warnings |Status |Description       |
+------+------------------+-------+---------+-------+------------------+
|1     |multi_driven_nets |      0|        0|Passed |Multi driven nets |
+------+------------------+-------+---------+-------+------------------+
---------------------------------------------------------------------------------
Finished RTL Optimization Phase 1 : Time (s): cpu = 00:00:05 ; elapsed = 00:00:07 . Memory (MB): peak = 353.730 ; gain = 145.828
---------------------------------------------------------------------------------
INFO: [Device 21-403] Loading part xc7a100tcsg324-1
INFO: [Project 1-570] Preparing netlist for logic optimization

Processing XDC Constraints
Initializing timing engine
Parsing XDC File [C:/Users/dilsizk/Desktop/ece 491/ece491labs/Lab05/project_1/project_1.srcs/constrs_1/new/nexys4DDR.xdc]
Finished Parsing XDC File [C:/Users/dilsizk/Desktop/ece 491/ece491labs/Lab05/project_1/project_1.srcs/constrs_1/new/nexys4DDR.xdc]
INFO: [Project 1-236] Implementation specific constraints were found while reading constraint file [C:/Users/dilsizk/Desktop/ece 491/ece491labs/Lab05/project_1/project_1.srcs/constrs_1/new/nexys4DDR.xdc]. These constraints will be ignored for synthesis but will be used in implementation. Impacted constraints are listed in the file [.Xil/topmodule_propImpl.xdc].
Resolution: To avoid this warning, move constraints listed in [.Xil/topmodule_propImpl.xdc] to another XDC file and exclude this new file from synthesis with the used_in_synthesis property (File Properties dialog in GUI) and re-run elaboration/synthesis.
Completed Processing XDC Constraints

INFO: [Project 1-111] Unisim Transformation Summary:
No Unisim elements were transformed.

Constraint Validation Runtime : Time (s): cpu = 00:00:00 ; elapsed = 00:00:00.002 . Memory (MB): peak = 664.070 ; gain = 0.000
---------------------------------------------------------------------------------
Finished Constraint Validation : Time (s): cpu = 00:00:12 ; elapsed = 00:00:14 . Memory (MB): peak = 664.070 ; gain = 456.168
---------------------------------------------------------------------------------
---------------------------------------------------------------------------------
Start Loading Part and Timing Information
---------------------------------------------------------------------------------
Loading part: xc7a100tcsg324-1
---------------------------------------------------------------------------------
Finished Loading Part and Timing Information : Time (s): cpu = 00:00:12 ; elapsed = 00:00:14 . Memory (MB): peak = 664.070 ; gain = 456.168
---------------------------------------------------------------------------------
---------------------------------------------------------------------------------
Start Applying 'set_property' XDC Constraints
---------------------------------------------------------------------------------
---------------------------------------------------------------------------------
Finished applying 'set_property' XDC Constraints : Time (s): cpu = 00:00:12 ; elapsed = 00:00:14 . Memory (MB): peak = 664.070 ; gain = 456.168
---------------------------------------------------------------------------------
INFO: [Synth 8-5546] ROM "enb" won't be mapped to RAM because it is too sparse
INFO: [Synth 8-5546] ROM "enb" won't be mapped to RAM because it is too sparse
INFO: [Synth 8-5546] ROM "enb" won't be mapped to RAM because it is too sparse
INFO: [Synth 8-5546] ROM "enb" won't be mapped to RAM because it is too sparse
INFO: [Synth 8-5546] ROM "enb" won't be mapped to RAM because it is too sparse
INFO: [Synth 8-802] inferred FSM for state register 'state_reg' in module 'm_transmitter'
INFO: [Synth 8-5544] ROM "txen" won't be mapped to Block RAM because address size (4) smaller than threshold (5)
INFO: [Synth 8-5544] ROM "rdy" won't be mapped to Block RAM because address size (4) smaller than threshold (5)
INFO: [Synth 8-5544] ROM "next" won't be mapped to Block RAM because address size (1) smaller than threshold (5)
INFO: [Synth 8-5546] ROM "mem_reg[0]" won't be mapped to RAM because it is too sparse
INFO: [Synth 8-5546] ROM "mem_reg[1]" won't be mapped to RAM because it is too sparse
INFO: [Synth 8-5546] ROM "mem_reg[2]" won't be mapped to RAM because it is too sparse
INFO: [Synth 8-5546] ROM "mem_reg[3]" won't be mapped to RAM because it is too sparse
INFO: [Synth 8-5546] ROM "mem_reg[4]" won't be mapped to RAM because it is too sparse
INFO: [Synth 8-5546] ROM "mem_reg[5]" won't be mapped to RAM because it is too sparse
INFO: [Synth 8-5546] ROM "mem_reg[6]" won't be mapped to RAM because it is too sparse
INFO: [Synth 8-5546] ROM "mem_reg[7]" won't be mapped to RAM because it is too sparse
INFO: [Synth 8-5546] ROM "mem_reg[8]" won't be mapped to RAM because it is too sparse
INFO: [Synth 8-5546] ROM "mem_reg[9]" won't be mapped to RAM because it is too sparse
INFO: [Synth 8-5546] ROM "mem_reg[10]" won't be mapped to RAM because it is too sparse
INFO: [Synth 8-5546] ROM "mem_reg[11]" won't be mapped to RAM because it is too sparse
INFO: [Synth 8-5546] ROM "mem_reg[12]" won't be mapped to RAM because it is too sparse
INFO: [Synth 8-5546] ROM "mem_reg[13]" won't be mapped to RAM because it is too sparse
INFO: [Synth 8-5546] ROM "mem_reg[14]" won't be mapped to RAM because it is too sparse
INFO: [Synth 8-5546] ROM "mem_reg[15]" won't be mapped to RAM because it is too sparse
INFO: [Synth 8-5546] ROM "mem_reg[16]" won't be mapped to RAM because it is too sparse
INFO: [Synth 8-5546] ROM "mem_reg[17]" won't be mapped to RAM because it is too sparse
INFO: [Synth 8-5546] ROM "mem_reg[18]" won't be mapped to RAM because it is too sparse
INFO: [Synth 8-5546] ROM "mem_reg[19]" won't be mapped to RAM because it is too sparse
INFO: [Synth 8-5546] ROM "mem_reg[20]" won't be mapped to RAM because it is too sparse
INFO: [Synth 8-5546] ROM "mem_reg[21]" won't be mapped to RAM because it is too sparse
INFO: [Synth 8-5546] ROM "mem_reg[22]" won't be mapped to RAM because it is too sparse
INFO: [Synth 8-5546] ROM "mem_reg[23]" won't be mapped to RAM because it is too sparse
INFO: [Synth 8-5546] ROM "mem_reg[24]" won't be mapped to RAM because it is too sparse
INFO: [Synth 8-5546] ROM "mem_reg[25]" won't be mapped to RAM because it is too sparse
INFO: [Synth 8-5546] ROM "mem_reg[26]" won't be mapped to RAM because it is too sparse
INFO: [Synth 8-5546] ROM "mem_reg[27]" won't be mapped to RAM because it is too sparse
INFO: [Synth 8-5546] ROM "mem_reg[28]" won't be mapped to RAM because it is too sparse
INFO: [Synth 8-5546] ROM "mem_reg[29]" won't be mapped to RAM because it is too sparse
INFO: [Synth 8-5546] ROM "mem_reg[30]" won't be mapped to RAM because it is too sparse
INFO: [Synth 8-5546] ROM "mem_reg[31]" won't be mapped to RAM because it is too sparse
INFO: [Synth 8-5546] ROM "mem_reg[32]" won't be mapped to RAM because it is too sparse
INFO: [Synth 8-5546] ROM "mem_reg[33]" won't be mapped to RAM because it is too sparse
INFO: [Synth 8-5546] ROM "mem_reg[34]" won't be mapped to RAM because it is too sparse
INFO: [Synth 8-5546] ROM "mem_reg[35]" won't be mapped to RAM because it is too sparse
INFO: [Synth 8-5546] ROM "mem_reg[36]" won't be mapped to RAM because it is too sparse
INFO: [Synth 8-5546] ROM "mem_reg[37]" won't be mapped to RAM because it is too sparse
INFO: [Synth 8-5546] ROM "mem_reg[38]" won't be mapped to RAM because it is too sparse
INFO: [Synth 8-5546] ROM "mem_reg[39]" won't be mapped to RAM because it is too sparse
INFO: [Synth 8-5546] ROM "mem_reg[40]" won't be mapped to RAM because it is too sparse
INFO: [Synth 8-5546] ROM "mem_reg[41]" won't be mapped to RAM because it is too sparse
INFO: [Synth 8-5546] ROM "mem_reg[42]" won't be mapped to RAM because it is too sparse
INFO: [Synth 8-5546] ROM "mem_reg[43]" won't be mapped to RAM because it is too sparse
INFO: [Synth 8-5546] ROM "mem_reg[44]" won't be mapped to RAM because it is too sparse
INFO: [Synth 8-5546] ROM "mem_reg[45]" won't be mapped to RAM because it is too sparse
INFO: [Synth 8-5546] ROM "mem_reg[46]" won't be mapped to RAM because it is too sparse
INFO: [Synth 8-5546] ROM "mem_reg[47]" won't be mapped to RAM because it is too sparse
INFO: [Synth 8-5546] ROM "mem_reg[48]" won't be mapped to RAM because it is too sparse
INFO: [Synth 8-5546] ROM "mem_reg[49]" won't be mapped to RAM because it is too sparse
INFO: [Synth 8-5546] ROM "mem_reg[50]" won't be mapped to RAM because it is too sparse
INFO: [Synth 8-5546] ROM "mem_reg[51]" won't be mapped to RAM because it is too sparse
INFO: [Synth 8-5546] ROM "mem_reg[52]" won't be mapped to RAM because it is too sparse
INFO: [Synth 8-5546] ROM "mem_reg[53]" won't be mapped to RAM because it is too sparse
INFO: [Synth 8-5546] ROM "mem_reg[54]" won't be mapped to RAM because it is too sparse
INFO: [Synth 8-5546] ROM "mem_reg[55]" won't be mapped to RAM because it is too sparse
INFO: [Synth 8-5546] ROM "mem_reg[56]" won't be mapped to RAM because it is too sparse
INFO: [Synth 8-5546] ROM "mem_reg[57]" won't be mapped to RAM because it is too sparse
INFO: [Synth 8-5546] ROM "mem_reg[58]" won't be mapped to RAM because it is too sparse
INFO: [Synth 8-5546] ROM "mem_reg[59]" won't be mapped to RAM because it is too sparse
INFO: [Synth 8-5546] ROM "mem_reg[60]" won't be mapped to RAM because it is too sparse
INFO: [Synth 8-5546] ROM "mem_reg[61]" won't be mapped to RAM because it is too sparse
INFO: [Synth 8-5546] ROM "mem_reg[62]" won't be mapped to RAM because it is too sparse
INFO: [Synth 8-5546] ROM "mem_reg[63]" won't be mapped to RAM because it is too sparse
INFO: [Synth 8-802] inferred FSM for state register 'state_reg' in module 'mxtest_2'
INFO: [Synth 8-5544] ROM "wait_count_enable" won't be mapped to Block RAM because address size (3) smaller than threshold (5)
INFO: [Synth 8-5544] ROM "wait_count_reset" won't be mapped to Block RAM because address size (3) smaller than threshold (5)
INFO: [Synth 8-5544] ROM "send" won't be mapped to Block RAM because address size (3) smaller than threshold (5)
INFO: [Synth 8-5544] ROM "next" won't be mapped to Block RAM because address size (1) smaller than threshold (5)
INFO: [Synth 8-5544] ROM "next" won't be mapped to Block RAM because address size (1) smaller than threshold (5)
INFO: [Synth 8-5544] ROM "next" won't be mapped to Block RAM because address size (1) smaller than threshold (5)
INFO: [Synth 8-5546] ROM "enb" won't be mapped to RAM because it is too sparse
INFO: [Synth 8-5546] ROM "enb" won't be mapped to RAM because it is too sparse
INFO: [Synth 8-5546] ROM "enb" won't be mapped to RAM because it is too sparse
INFO: [Synth 8-5546] ROM "enb" won't be mapped to RAM because it is too sparse
INFO: [Synth 8-802] inferred FSM for state register 'state_reg' in module 'mx_rcvr2'
INFO: [Synth 8-5546] ROM "reset_time_count" won't be mapped to RAM because it is too sparse
INFO: [Synth 8-5544] ROM "reset_time_count" won't be mapped to Block RAM because address size (4) smaller than threshold (5)
INFO: [Synth 8-5544] ROM "reset_time_count_sfd_error" won't be mapped to Block RAM because address size (4) smaller than threshold (5)
INFO: [Synth 8-5544] ROM "time_sfd_error_up" won't be mapped to Block RAM because address size (4) smaller than threshold (5)
INFO: [Synth 8-5544] ROM "time_up" won't be mapped to Block RAM because address size (4) smaller than threshold (5)
INFO: [Synth 8-5544] ROM "error" won't be mapped to Block RAM because address size (4) smaller than threshold (5)
INFO: [Synth 8-5544] ROM "next" won't be mapped to Block RAM because address size (1) smaller than threshold (5)
INFO: [Synth 8-5544] ROM "next" won't be mapped to Block RAM because address size (1) smaller than threshold (5)
INFO: [Synth 8-5544] ROM "next" won't be mapped to Block RAM because address size (1) smaller than threshold (5)
INFO: [Synth 8-5544] ROM "next" won't be mapped to Block RAM because address size (1) smaller than threshold (5)
INFO: [Synth 8-5546] ROM "enb" won't be mapped to RAM because it is too sparse
---------------------------------------------------------------------------------------------------
                   State |                     New Encoding |                Previous Encoding 
---------------------------------------------------------------------------------------------------
                    IDLE |                             0000 |                             0000
                     TR0 |                             0001 |                             0001
                     TR1 |                             0010 |                             0010
                     TR2 |                             0011 |                             0011
                     TR3 |                             0100 |                             0100
                     TR4 |                             0101 |                             0101
                     TR5 |                             0110 |                             0110
                     TR6 |                             0111 |                             0111
                     TR7 |                             1000 |                             1000
                    WAIT |                             1001 |                             1111
                    EOF1 |                             1010 |                             1101
                    EOF2 |                             1011 |                             1100
---------------------------------------------------------------------------------------------------
INFO: [Synth 8-3354] encoded FSM with state register 'state_reg' using encoding 'sequential' in module 'm_transmitter'
---------------------------------------------------------------------------------------------------
                   State |                     New Encoding |                Previous Encoding 
---------------------------------------------------------------------------------------------------
                 WAIT_RH |                               00 |                              000
                 WAIT_RL |                               01 |                              001
           WAIT_RH_DELAY |                               10 |                              010
              WAIT_DELAY |                               11 |                              011
---------------------------------------------------------------------------------------------------
INFO: [Synth 8-3354] encoded FSM with state register 'state_reg' using encoding 'sequential' in module 'mxtest_2'
---------------------------------------------------------------------------------------------------
                   State |                     New Encoding |                Previous Encoding 
---------------------------------------------------------------------------------------------------
                PREAMBLE |                               00 |                             1010
                     SFD |                               01 |                             0001
                 RECEIVE |                               10 |                             0010
                     EOF |                               11 |                             0011
---------------------------------------------------------------------------------------------------
INFO: [Synth 8-3354] encoded FSM with state register 'state_reg' using encoding 'sequential' in module 'mx_rcvr2'
---------------------------------------------------------------------------------
Finished RTL Optimization Phase 2 : Time (s): cpu = 00:00:13 ; elapsed = 00:00:15 . Memory (MB): peak = 664.070 ; gain = 456.168
---------------------------------------------------------------------------------

Report RTL Partitions: 
+-+--------------+------------+----------+
| |RTL Partition |Replication |Instances |
+-+--------------+------------+----------+
+-+--------------+------------+----------+
---------------------------------------------------------------------------------
Start RTL Component Statistics 
---------------------------------------------------------------------------------
Detailed RTL Component Info : 
+---Adders : 
	   2 Input     32 Bit       Adders := 1     
	   2 Input     17 Bit       Adders := 1     
	   2 Input     16 Bit       Adders := 1     
	   2 Input     13 Bit       Adders := 2     
	   2 Input     11 Bit       Adders := 3     
	   2 Input     10 Bit       Adders := 2     
	   2 Input      9 Bit       Adders := 1     
	   2 Input      8 Bit       Adders := 1     
	   2 Input      7 Bit       Adders := 1     
	   2 Input      6 Bit       Adders := 4     
	   2 Input      5 Bit       Adders := 2     
	  12 Input      5 Bit       Adders := 1     
	   8 Input      4 Bit       Adders := 4     
	   2 Input      4 Bit       Adders := 2     
	   2 Input      3 Bit       Adders := 2     
	   2 Input      2 Bit       Adders := 1     
+---XORs : 
	   2 Input      8 Bit         XORs := 4     
+---Registers : 
	               17 Bit    Registers := 1     
	               16 Bit    Registers := 1     
	               13 Bit    Registers := 2     
	               12 Bit    Registers := 1     
	               11 Bit    Registers := 3     
	               10 Bit    Registers := 2     
	                9 Bit    Registers := 1     
	                8 Bit    Registers := 70    
	                7 Bit    Registers := 1     
	                6 Bit    Registers := 2     
	                5 Bit    Registers := 2     
	                4 Bit    Registers := 3     
	                3 Bit    Registers := 2     
	                2 Bit    Registers := 2     
	                1 Bit    Registers := 25    
+---Muxes : 
	   2 Input     17 Bit        Muxes := 1     
	   2 Input     16 Bit        Muxes := 1     
	   2 Input     13 Bit        Muxes := 2     
	   2 Input     12 Bit        Muxes := 2     
	   2 Input     11 Bit        Muxes := 3     
	   2 Input      9 Bit        Muxes := 1     
	   2 Input      8 Bit        Muxes := 14    
	   8 Input      8 Bit        Muxes := 1     
	   2 Input      6 Bit        Muxes := 2     
	   2 Input      5 Bit        Muxes := 1     
	   2 Input      4 Bit        Muxes := 1     
	  18 Input      4 Bit        Muxes := 1     
	  10 Input      2 Bit        Muxes := 1     
	   2 Input      2 Bit        Muxes := 2     
	  11 Input      2 Bit        Muxes := 1     
	   6 Input      2 Bit        Muxes := 1     
	   2 Input      1 Bit        Muxes := 103   
	  13 Input      1 Bit        Muxes := 1     
	  12 Input      1 Bit        Muxes := 3     
	   4 Input      1 Bit        Muxes := 22    
	   8 Input      1 Bit        Muxes := 8     
---------------------------------------------------------------------------------
Finished RTL Component Statistics 
---------------------------------------------------------------------------------
---------------------------------------------------------------------------------
Start RTL Hierarchical Component Statistics 
---------------------------------------------------------------------------------
Hierarchical RTL Component report 
Module topmodule 
Detailed RTL Component Info : 
+---Registers : 
	                8 Bit    Registers := 1     
	                2 Bit    Registers := 1     
	                1 Bit    Registers := 1     
+---Muxes : 
	   2 Input      8 Bit        Muxes := 1     
	   6 Input      2 Bit        Muxes := 1     
	   2 Input      1 Bit        Muxes := 2     
	   4 Input      1 Bit        Muxes := 2     
Module clkenb 
Detailed RTL Component Info : 
+---Adders : 
	   2 Input     11 Bit       Adders := 1     
+---Registers : 
	               11 Bit    Registers := 1     
	                1 Bit    Registers := 1     
+---Muxes : 
	   2 Input     11 Bit        Muxes := 1     
	   2 Input      1 Bit        Muxes := 1     
Module clkenb__parameterized0 
Detailed RTL Component Info : 
+---Adders : 
	   2 Input     13 Bit       Adders := 1     
+---Registers : 
	               13 Bit    Registers := 1     
	                1 Bit    Registers := 1     
+---Muxes : 
	   2 Input     13 Bit        Muxes := 1     
	   2 Input      1 Bit        Muxes := 1     
Module clkenb__parameterized1 
Detailed RTL Component Info : 
+---Adders : 
	   2 Input     16 Bit       Adders := 1     
+---Registers : 
	               16 Bit    Registers := 1     
	                1 Bit    Registers := 1     
+---Muxes : 
	   2 Input     16 Bit        Muxes := 1     
	   2 Input      1 Bit        Muxes := 1     
Module clkenb__parameterized2 
Detailed RTL Component Info : 
+---Adders : 
	   2 Input     13 Bit       Adders := 1     
+---Registers : 
	               13 Bit    Registers := 1     
	                1 Bit    Registers := 1     
+---Muxes : 
	   2 Input     13 Bit        Muxes := 1     
	   2 Input      1 Bit        Muxes := 1     
Module transmitter 
Detailed RTL Component Info : 
+---Registers : 
	                4 Bit    Registers := 1     
+---Muxes : 
	   2 Input      4 Bit        Muxes := 1     
	  13 Input      1 Bit        Muxes := 1     
Module clkenb__parameterized3 
Detailed RTL Component Info : 
+---Adders : 
	   2 Input     10 Bit       Adders := 1     
+---Registers : 
	               10 Bit    Registers := 1     
	                1 Bit    Registers := 1     
+---Muxes : 
	   2 Input      1 Bit        Muxes := 1     
Module m_transmitter 
Detailed RTL Component Info : 
+---Registers : 
	                1 Bit    Registers := 1     
+---Muxes : 
	   2 Input      8 Bit        Muxes := 2     
	  18 Input      4 Bit        Muxes := 1     
	   2 Input      1 Bit        Muxes := 3     
	  12 Input      1 Bit        Muxes := 3     
Module p_fifo4 
Detailed RTL Component Info : 
+---Adders : 
	   2 Input      6 Bit       Adders := 4     
+---Registers : 
	                8 Bit    Registers := 64    
	                6 Bit    Registers := 2     
	                1 Bit    Registers := 1     
+---Muxes : 
	   2 Input      8 Bit        Muxes := 1     
	   2 Input      6 Bit        Muxes := 2     
	   2 Input      1 Bit        Muxes := 68    
Module mxtest_2 
Detailed RTL Component Info : 
+---Adders : 
	   2 Input     32 Bit       Adders := 1     
	   2 Input      5 Bit       Adders := 1     
+---Registers : 
	                5 Bit    Registers := 1     
+---Muxes : 
	   2 Input      5 Bit        Muxes := 1     
	  10 Input      2 Bit        Muxes := 1     
	   4 Input      1 Bit        Muxes := 4     
Module clkenb__parameterized4 
Detailed RTL Component Info : 
+---Adders : 
	   2 Input     10 Bit       Adders := 1     
+---Registers : 
	               10 Bit    Registers := 1     
	                1 Bit    Registers := 1     
+---Muxes : 
	   2 Input      1 Bit        Muxes := 1     
Module clkenb__parameterized5 
Detailed RTL Component Info : 
+---Adders : 
	   2 Input      7 Bit       Adders := 1     
+---Registers : 
	                7 Bit    Registers := 1     
	                1 Bit    Registers := 1     
+---Muxes : 
	   2 Input      1 Bit        Muxes := 1     
Module clkenb__parameterized6 
Detailed RTL Component Info : 
+---Adders : 
	   2 Input      9 Bit       Adders := 1     
+---Registers : 
	                9 Bit    Registers := 1     
	                1 Bit    Registers := 1     
+---Muxes : 
	   2 Input      9 Bit        Muxes := 1     
	   2 Input      1 Bit        Muxes := 1     
Module clkenb__parameterized7 
Detailed RTL Component Info : 
+---Adders : 
	   2 Input      8 Bit       Adders := 1     
+---Registers : 
	                8 Bit    Registers := 1     
	                1 Bit    Registers := 1     
+---Muxes : 
	   2 Input      8 Bit        Muxes := 1     
	   2 Input      1 Bit        Muxes := 1     
Module correlator 
Detailed RTL Component Info : 
+---Adders : 
	   8 Input      4 Bit       Adders := 1     
+---XORs : 
	   2 Input      8 Bit         XORs := 1     
+---Registers : 
	                8 Bit    Registers := 1     
+---Muxes : 
	   2 Input      8 Bit        Muxes := 2     
	   2 Input      1 Bit        Muxes := 2     
Module correlator__parameterized0 
Detailed RTL Component Info : 
+---Adders : 
	   8 Input      4 Bit       Adders := 1     
+---XORs : 
	   2 Input      8 Bit         XORs := 1     
+---Registers : 
	                8 Bit    Registers := 1     
+---Muxes : 
	   2 Input      8 Bit        Muxes := 2     
	   2 Input      1 Bit        Muxes := 2     
Module correlator__parameterized1 
Detailed RTL Component Info : 
+---Adders : 
	  12 Input      5 Bit       Adders := 1     
+---Registers : 
	               12 Bit    Registers := 1     
+---Muxes : 
	   2 Input     12 Bit        Muxes := 2     
	   2 Input      1 Bit        Muxes := 2     
Module correlator__parameterized2 
Detailed RTL Component Info : 
+---Adders : 
	   8 Input      4 Bit       Adders := 1     
+---XORs : 
	   2 Input      8 Bit         XORs := 1     
+---Registers : 
	                8 Bit    Registers := 1     
+---Muxes : 
	   2 Input      8 Bit        Muxes := 2     
	   2 Input      1 Bit        Muxes := 2     
Module correlator__parameterized3 
Detailed RTL Component Info : 
+---Adders : 
	   8 Input      4 Bit       Adders := 1     
+---XORs : 
	   2 Input      8 Bit         XORs := 1     
+---Registers : 
	                8 Bit    Registers := 1     
+---Muxes : 
	   2 Input      8 Bit        Muxes := 2     
	   2 Input      1 Bit        Muxes := 2     
Module mx_rcvr2 
Detailed RTL Component Info : 
+---Adders : 
	   2 Input      5 Bit       Adders := 1     
	   2 Input      4 Bit       Adders := 2     
	   2 Input      3 Bit       Adders := 1     
	   2 Input      2 Bit       Adders := 1     
+---Registers : 
	                5 Bit    Registers := 1     
	                4 Bit    Registers := 2     
	                3 Bit    Registers := 1     
	                2 Bit    Registers := 1     
	                1 Bit    Registers := 10    
+---Muxes : 
	   2 Input      2 Bit        Muxes := 2     
	  11 Input      2 Bit        Muxes := 1     
	   2 Input      1 Bit        Muxes := 8     
	   4 Input      1 Bit        Muxes := 16    
	   8 Input      1 Bit        Muxes := 8     
Module counter_parm 
Detailed RTL Component Info : 
+---Adders : 
	   2 Input      3 Bit       Adders := 1     
+---Registers : 
	                3 Bit    Registers := 1     
Module decoder_3_8_en 
Detailed RTL Component Info : 
+---Muxes : 
	   2 Input      8 Bit        Muxes := 1     
	   8 Input      8 Bit        Muxes := 1     
Module clkenb__parameterized8 
Detailed RTL Component Info : 
+---Adders : 
	   2 Input     17 Bit       Adders := 1     
+---Registers : 
	               17 Bit    Registers := 1     
	                1 Bit    Registers := 1     
+---Muxes : 
	   2 Input     17 Bit        Muxes := 1     
	   2 Input      1 Bit        Muxes := 1     
---------------------------------------------------------------------------------
Finished RTL Hierarchical Component Statistics
---------------------------------------------------------------------------------
---------------------------------------------------------------------------------
Start Part Resource Summary
---------------------------------------------------------------------------------
Part Resources:
DSPs: 240 (col length:80)
BRAMs: 270 (col length: RAMB18 80 RAMB36 40)
---------------------------------------------------------------------------------
Finished Part Resource Summary
---------------------------------------------------------------------------------
Start Parallel Synthesis Optimization  : Time (s): cpu = 00:00:13 ; elapsed = 00:00:15 . Memory (MB): peak = 664.070 ; gain = 456.168
---------------------------------------------------------------------------------
Start Cross Boundary Optimization
---------------------------------------------------------------------------------
INFO: [Synth 8-5546] ROM "reset_time_count" won't be mapped to RAM because it is too sparse
INFO: [Synth 8-5544] ROM "reset_time_count" won't be mapped to Block RAM because address size (4) smaller than threshold (5)
INFO: [Synth 8-5546] ROM "CLKENB2/enb" won't be mapped to RAM because it is too sparse
INFO: [Synth 8-5546] ROM "CLKENB3/enb" won't be mapped to RAM because it is too sparse
INFO: [Synth 8-5546] ROM "CLKENB4/enb" won't be mapped to RAM because it is too sparse
INFO: [Synth 8-5546] ROM "CLKENB5/enb" won't be mapped to RAM because it is too sparse
INFO: [Synth 8-5546] ROM "CLKENDOUTPUT/enb" won't be mapped to RAM because it is too sparse
INFO: [Synth 8-5546] ROM "CLKENB/enb" won't be mapped to RAM because it is too sparse
INFO: [Synth 8-5546] ROM "CLKENB/enb" won't be mapped to RAM because it is too sparse
INFO: [Synth 8-5546] ROM "CLKENB2/enb" won't be mapped to RAM because it is too sparse
INFO: [Synth 8-5546] ROM "CLKENB/enb" won't be mapped to RAM because it is too sparse
INFO: [Synth 8-5546] ROM "COR_MIS_BAUD/shreg" won't be mapped to RAM because it is too sparse
INFO: [Synth 8-5546] ROM "CLKENB4/enb" won't be mapped to RAM because it is too sparse
INFO: [Synth 8-5546] ROM "CLKENB3/enb" won't be mapped to RAM because it is too sparse
INFO: [Synth 8-5546] ROM "CLKENB2/enb" won't be mapped to RAM because it is too sparse
INFO: [Synth 8-5546] ROM "CLKENB5/enb" won't be mapped to RAM because it is too sparse
INFO: [Synth 8-5544] ROM "DECODER/" won't be mapped to Block RAM because address size (3) smaller than threshold (5)
INFO: [Synth 8-5546] ROM "CLKENB/enb" won't be mapped to RAM because it is too sparse
INFO: [Synth 8-5546] ROM "CLKENBEIGHT/enb" won't be mapped to RAM because it is too sparse
INFO: [Synth 8-5546] ROM "CLKENDOUTPUT/enb" won't be mapped to RAM because it is too sparse
---------------------------------------------------------------------------------
Finished Cross Boundary Optimization : Time (s): cpu = 00:00:14 ; elapsed = 00:00:16 . Memory (MB): peak = 664.070 ; gain = 456.168
---------------------------------------------------------------------------------
Finished Parallel Reinference  : Time (s): cpu = 00:00:14 ; elapsed = 00:00:16 . Memory (MB): peak = 664.070 ; gain = 456.168

Report RTL Partitions: 
+-+--------------+------------+----------+
| |RTL Partition |Replication |Instances |
+-+--------------+------------+----------+
+-+--------------+------------+----------+
---------------------------------------------------------------------------------
Start ROM, RAM, DSP and Shift Register Reporting
---------------------------------------------------------------------------------

ROM:
+------------+------------+---------------+----------------+
|Module Name | RTL Object | Depth x Width | Implemented As | 
+------------+------------+---------------+----------------+
|mxtest_2    | byterom    | 32x8          | LUT            | 
|mxtest_2    | byterom    | 32x8          | LUT            | 
+------------+------------+---------------+----------------+

---------------------------------------------------------------------------------
Finished ROM, RAM, DSP and Shift Register Reporting
---------------------------------------------------------------------------------
---------------------------------------------------------------------------------
Start Area Optimization
---------------------------------------------------------------------------------
WARNING: [Synth 8-3332] Sequential element (URCVR/time_count_reg[3]) is unused and will be removed from module topmodule.
---------------------------------------------------------------------------------
Finished Area Optimization : Time (s): cpu = 00:00:19 ; elapsed = 00:00:21 . Memory (MB): peak = 664.070 ; gain = 456.168
---------------------------------------------------------------------------------
Finished Parallel Area Optimization  : Time (s): cpu = 00:00:19 ; elapsed = 00:00:21 . Memory (MB): peak = 664.070 ; gain = 456.168

Report RTL Partitions: 
+-+--------------+------------+----------+
| |RTL Partition |Replication |Instances |
+-+--------------+------------+----------+
+-+--------------+------------+----------+
---------------------------------------------------------------------------------
Start Timing Optimization
---------------------------------------------------------------------------------
---------------------------------------------------------------------------------
Start Applying XDC Timing Constraints
---------------------------------------------------------------------------------
---------------------------------------------------------------------------------
Finished Applying XDC Timing Constraints : Time (s): cpu = 00:00:26 ; elapsed = 00:00:28 . Memory (MB): peak = 664.070 ; gain = 456.168
---------------------------------------------------------------------------------
---------------------------------------------------------------------------------
Finished Timing Optimization : Time (s): cpu = 00:00:27 ; elapsed = 00:00:29 . Memory (MB): peak = 664.070 ; gain = 456.168
---------------------------------------------------------------------------------

Report RTL Partitions: 
+-+--------------+------------+----------+
| |RTL Partition |Replication |Instances |
+-+--------------+------------+----------+
+-+--------------+------------+----------+
---------------------------------------------------------------------------------
Start Technology Mapping
---------------------------------------------------------------------------------
---------------------------------------------------------------------------------
Finished Technology Mapping : Time (s): cpu = 00:00:27 ; elapsed = 00:00:29 . Memory (MB): peak = 674.000 ; gain = 466.098
---------------------------------------------------------------------------------
Finished Parallel Technology Mapping Optimization  : Time (s): cpu = 00:00:27 ; elapsed = 00:00:29 . Memory (MB): peak = 674.000 ; gain = 466.098

Report RTL Partitions: 
+-+--------------+------------+----------+
| |RTL Partition |Replication |Instances |
+-+--------------+------------+----------+
+-+--------------+------------+----------+
Finished Parallel Synthesis Optimization  : Time (s): cpu = 00:00:27 ; elapsed = 00:00:29 . Memory (MB): peak = 674.000 ; gain = 466.098
---------------------------------------------------------------------------------
Start IO Insertion
---------------------------------------------------------------------------------
---------------------------------------------------------------------------------
Start Flattening Before IO Insertion
---------------------------------------------------------------------------------
---------------------------------------------------------------------------------
Finished Flattening Before IO Insertion
---------------------------------------------------------------------------------
---------------------------------------------------------------------------------
Start Final Netlist Cleanup
---------------------------------------------------------------------------------
---------------------------------------------------------------------------------
Finished Final Netlist Cleanup
---------------------------------------------------------------------------------
---------------------------------------------------------------------------------
Finished IO Insertion : Time (s): cpu = 00:00:28 ; elapsed = 00:00:30 . Memory (MB): peak = 674.000 ; gain = 466.098
---------------------------------------------------------------------------------

Report Check Netlist: 
+------+------------------+-------+---------+-------+------------------+
|      |Item              |Errors |Warnings |Status |Description       |
+------+------------------+-------+---------+-------+------------------+
|1     |multi_driven_nets |      0|        0|Passed |Multi driven nets |
+------+------------------+-------+---------+-------+------------------+
---------------------------------------------------------------------------------
Start Renaming Generated Instances
---------------------------------------------------------------------------------
---------------------------------------------------------------------------------
Finished Renaming Generated Instances : Time (s): cpu = 00:00:28 ; elapsed = 00:00:30 . Memory (MB): peak = 674.000 ; gain = 466.098
---------------------------------------------------------------------------------

Report RTL Partitions: 
+-+--------------+------------+----------+
| |RTL Partition |Replication |Instances |
+-+--------------+------------+----------+
+-+--------------+------------+----------+
---------------------------------------------------------------------------------
Start Rebuilding User Hierarchy
---------------------------------------------------------------------------------
---------------------------------------------------------------------------------
Finished Rebuilding User Hierarchy : Time (s): cpu = 00:00:28 ; elapsed = 00:00:30 . Memory (MB): peak = 674.000 ; gain = 466.098
---------------------------------------------------------------------------------
---------------------------------------------------------------------------------
Start Renaming Generated Ports
---------------------------------------------------------------------------------
---------------------------------------------------------------------------------
Finished Renaming Generated Ports : Time (s): cpu = 00:00:28 ; elapsed = 00:00:30 . Memory (MB): peak = 674.000 ; gain = 466.098
---------------------------------------------------------------------------------
---------------------------------------------------------------------------------
Start Handling Custom Attributes
---------------------------------------------------------------------------------
---------------------------------------------------------------------------------
Finished Handling Custom Attributes : Time (s): cpu = 00:00:28 ; elapsed = 00:00:30 . Memory (MB): peak = 674.000 ; gain = 466.098
---------------------------------------------------------------------------------
---------------------------------------------------------------------------------
Start Renaming Generated Nets
---------------------------------------------------------------------------------
---------------------------------------------------------------------------------
Finished Renaming Generated Nets : Time (s): cpu = 00:00:28 ; elapsed = 00:00:30 . Memory (MB): peak = 674.000 ; gain = 466.098
---------------------------------------------------------------------------------
---------------------------------------------------------------------------------
Start Writing Synthesis Report
---------------------------------------------------------------------------------

Report BlackBoxes: 
+-+--------------+----------+
| |BlackBox name |Instances |
+-+--------------+----------+
+-+--------------+----------+

Report Cell Usage: 
+------+-------+------+
|      |Cell   |Count |
+------+-------+------+
|1     |BUFG   |     1|
|2     |CARRY4 |    19|
|3     |LUT1   |    76|
|4     |LUT2   |    81|
|5     |LUT3   |   292|
|6     |LUT4   |    59|
|7     |LUT5   |    86|
|8     |LUT6   |   279|
|9     |MUXF7  |    29|
|10    |MUXF8  |    12|
|11    |FDCE   |    14|
|12    |FDRE   |   757|
|13    |FDSE   |     3|
|14    |IBUF   |    21|
|15    |OBUF   |    39|
+------+-------+------+

Report Instance Areas: 
+------+-----------------+---------------------------+------+
|      |Instance         |Module                     |Cells |
+------+-----------------+---------------------------+------+
|1     |top              |                           |  1768|
|2     |  CLKENBEIGHT    |clkenb                     |    32|
|3     |  CLKENDOUTPUT   |clkenb__parameterized0     |    45|
|4     |  DISPCTL        |dispctl                    |    74|
|5     |    CLKENB       |clkenb__parameterized8     |    60|
|6     |    COUNTER_PARM |counter_parm               |    14|
|7     |  FIFO           |p_fifo4                    |  1004|
|8     |  MTRANS         |m_transmitter              |    81|
|9     |    CLKENB       |clkenb_1                   |    33|
|10    |    CLKENB2      |clkenb__parameterized3     |    28|
|11    |  TRANS          |transmitter                |    57|
|12    |    CLKENB       |clkenb__parameterized2     |    45|
|13    |  URCVR          |mx_rcvr2                   |   302|
|14    |    CLKENB       |clkenb_0                   |    38|
|15    |    CLKENB2      |clkenb__parameterized4     |    31|
|16    |    CLKENB3      |clkenb__parameterized5     |    25|
|17    |    CLKENB4      |clkenb__parameterized6     |    37|
|18    |    CLKENB5      |clkenb__parameterized7     |    23|
|19    |    COR_BIT      |correlator__parameterized2 |    37|
|20    |    COR_EOF      |correlator__parameterized1 |    31|
|21    |    COR_PREAM    |correlator                 |    17|
|22    |    COR_SFD      |correlator__parameterized0 |    18|
|23    |  U_MXTEST       |mxtest_2                   |   100|
+------+-----------------+---------------------------+------+
---------------------------------------------------------------------------------
Finished Writing Synthesis Report : Time (s): cpu = 00:00:28 ; elapsed = 00:00:30 . Memory (MB): peak = 674.000 ; gain = 466.098
---------------------------------------------------------------------------------
Synthesis finished with 0 errors, 0 critical warnings and 1 warnings.
Synthesis Optimization Runtime : Time (s): cpu = 00:00:18 ; elapsed = 00:00:23 . Memory (MB): peak = 674.000 ; gain = 125.199
Synthesis Optimization Complete : Time (s): cpu = 00:00:28 ; elapsed = 00:00:30 . Memory (MB): peak = 674.000 ; gain = 466.098
INFO: [Project 1-571] Translating synthesized netlist
INFO: [Netlist 29-17] Analyzing 40 Unisim elements for replacement
INFO: [Netlist 29-28] Unisim Transformation completed in 0 CPU seconds
INFO: [Project 1-570] Preparing netlist for logic optimization
INFO: [Opt 31-138] Pushed 0 inverter(s) to 0 load pin(s).
INFO: [Project 1-111] Unisim Transformation Summary:
No Unisim elements were transformed.

INFO: [Common 17-83] Releasing license: Synthesis
186 Infos, 1 Warnings, 0 Critical Warnings and 0 Errors encountered.
synth_design completed successfully
synth_design: Time (s): cpu = 00:00:27 ; elapsed = 00:00:28 . Memory (MB): peak = 674.000 ; gain = 439.625
report_utilization: Time (s): cpu = 00:00:00 ; elapsed = 00:00:00.018 . Memory (MB): peak = 674.000 ; gain = 0.000
INFO: [Common 17-206] Exiting Vivado at Tue Nov 08 11:17:50 2016...
