#-----------------------------------------------------------
# Vivado v2016.2 (64-bit)
# SW Build 1577090 on Thu Jun  2 16:32:40 MDT 2016
# IP Build 1577682 on Fri Jun  3 12:00:54 MDT 2016
# Start of session at: Tue Nov 01 22:26:51 2016
# Process ID: 8836
# Current directory: C:/Users/dilsizk/Desktop/ece491/ece491labs/Lab03/project_3
# Command line: vivado.exe -gui_launcher_event rodinguilauncherevent8464 C:\Users\dilsizk\Desktop\ece491\ece491labs\Lab03\project_3\project_3.xpr
# Log file: C:/Users/dilsizk/Desktop/ece491/ece491labs/Lab03/project_3/vivado.log
# Journal file: C:/Users/dilsizk/Desktop/ece491/ece491labs/Lab03/project_3\vivado.jou
#-----------------------------------------------------------
start_gui
open_project C:/Users/dilsizk/Desktop/ece491/ece491labs/Lab03/project_3/project_3.xpr
INFO: [Project 1-313] Project file moved from 'C:/Users/husseinz/Desktop/ece 491/ece491labs/project_3' since last save.
WARNING: [Project 1-312] File not found as 'C:/Users/dilsizk/Desktop/Downloads/mxtest_2 - Extended mxtest module-20160917/mxtest_2.sv'; using path 'C:/Users/husseinz/Downloads/mxtest_2 - Extended mxtest module-20160917/mxtest_2.sv' instead.
WARNING: [Project 1-312] File not found as 'C:/Users/dilsizk/Desktop/Downloads/mxtest_2 - Extended mxtest module-20160917/mxtest_2_bench.sv'; using path 'C:/Users/husseinz/Downloads/mxtest_2 - Extended mxtest module-20160917/mxtest_2_bench.sv' instead.
Scanning sources...
Finished scanning sources
WARNING: [Project 1-312] File not found as 'C:/Users/dilsizk/Desktop/Downloads/mxtest_2 - Extended mxtest module-20160917/mxtest_2.sv'; using path 'C:/Users/husseinz/Downloads/mxtest_2 - Extended mxtest module-20160917/mxtest_2.sv' instead.
WARNING: [Project 1-312] File not found as 'C:/Users/dilsizk/Desktop/Downloads/mxtest_2 - Extended mxtest module-20160917/mxtest_2.sv'; using path 'C:/Users/husseinz/Downloads/mxtest_2 - Extended mxtest module-20160917/mxtest_2.sv' instead.
INFO: [IP_Flow 19-234] Refreshing IP repositories
INFO: [IP_Flow 19-1704] No user IP repositories specified
INFO: [IP_Flow 19-2313] Loaded Vivado IP repository 'C:/Xilinx/Vivado/2016.2/data/ip'.
update_compile_order -fileset sources_1
exit
INFO: [Common 17-206] Exiting Vivado at Wed Nov 02 00:26:28 2016...
