
*** Running vivado
    with args -log nexys4DDR.vds -m64 -mode batch -messageDb vivado.pb -notrace -source nexys4DDR.tcl


****** Vivado v2016.2 (64-bit)
  **** SW Build 1577090 on Thu Jun  2 16:32:40 MDT 2016
  **** IP Build 1577682 on Fri Jun  3 12:00:54 MDT 2016
    ** Copyright 1986-2016 Xilinx, Inc. All Rights Reserved.

source nexys4DDR.tcl -notrace
Command: synth_design -top nexys4DDR -part xc7a100tcsg324-1
Starting synth_design
Attempting to get a license for feature 'Synthesis' and/or device 'xc7a100t'
INFO: [Common 17-349] Got license for feature 'Synthesis' and/or device 'xc7a100t'
INFO: Launching helper process for spawning children vivado processes
INFO: Helper process launched with PID 4760 
---------------------------------------------------------------------------------
Starting RTL Elaboration : Time (s): cpu = 00:00:04 ; elapsed = 00:00:05 . Memory (MB): peak = 315.887 ; gain = 108.254
---------------------------------------------------------------------------------
INFO: [Synth 8-638] synthesizing module 'nexys4DDR' [C:/Users/harim/Desktop/Senior Design/Lab 1/Lab 1 Reference Code + Requirements Checklist-20160830/nexys4DDR.sv:22]
INFO: [Synth 8-638] synthesizing module 'reg_parm' [C:/Users/harim/Desktop/Senior Design/Lab 1/Lab 1 Reference Code + Requirements Checklist-20160830/reg_param.sv:1]
	Parameter W bound to: 5 - type: integer 
INFO: [Synth 8-256] done synthesizing module 'reg_parm' (1#1) [C:/Users/harim/Desktop/Senior Design/Lab 1/Lab 1 Reference Code + Requirements Checklist-20160830/reg_param.sv:1]
INFO: [Synth 8-638] synthesizing module 'dispctl' [C:/Users/harim/Desktop/Senior Design/Lab 1/Lab 1 Reference Code + Requirements Checklist-20160830/dispctl.sv:23]
INFO: [Synth 8-638] synthesizing module 'clkenb' [C:/Users/harim/Desktop/Senior Design/Lab 1/Lab 1 Reference Code + Requirements Checklist-20160830/clkenb.sv:20]
	Parameter DIVFREQ bound to: 1000 - type: integer 
	Parameter CLKFREQ bound to: 100000000 - type: integer 
	Parameter DIVAMT bound to: 100000 - type: integer 
	Parameter DIVBITS bound to: 17 - type: integer 
INFO: [Synth 8-256] done synthesizing module 'clkenb' (2#1) [C:/Users/harim/Desktop/Senior Design/Lab 1/Lab 1 Reference Code + Requirements Checklist-20160830/clkenb.sv:20]
INFO: [Synth 8-638] synthesizing module 'counter_parm' [C:/Users/harim/Desktop/Senior Design/Lab 1/Lab 1 Reference Code + Requirements Checklist-20160830/counter_parm.sv:1]
	Parameter W bound to: 4 - type: integer 
INFO: [Synth 8-256] done synthesizing module 'counter_parm' (3#1) [C:/Users/harim/Desktop/Senior Design/Lab 1/Lab 1 Reference Code + Requirements Checklist-20160830/counter_parm.sv:1]
WARNING: [Synth 8-689] width (3) of port connection 'q' does not match port width (4) of module 'counter_parm' [C:/Users/harim/Desktop/Senior Design/Lab 1/Lab 1 Reference Code + Requirements Checklist-20160830/dispctl.sv:44]
INFO: [Synth 8-638] synthesizing module 'decoder_3_8_en' [C:/Users/harim/Desktop/Senior Design/Lab 1/Lab 1 Reference Code + Requirements Checklist-20160830/decoder_3_8_en.sv:1]
INFO: [Synth 8-256] done synthesizing module 'decoder_3_8_en' (4#1) [C:/Users/harim/Desktop/Senior Design/Lab 1/Lab 1 Reference Code + Requirements Checklist-20160830/decoder_3_8_en.sv:1]
WARNING: [Synth 8-689] width (1) of port connection 'y' does not match port width (8) of module 'decoder_3_8_en' [C:/Users/harim/Desktop/Senior Design/Lab 1/Lab 1 Reference Code + Requirements Checklist-20160830/dispctl.sv:46]
INFO: [Synth 8-638] synthesizing module 'mux8_parm' [C:/Users/harim/Desktop/Senior Design/Lab 1/Lab 1 Reference Code + Requirements Checklist-20160830/mux8_parm.sv:1]
	Parameter W bound to: 4 - type: integer 
INFO: [Synth 8-226] default block is never used [C:/Users/harim/Desktop/Senior Design/Lab 1/Lab 1 Reference Code + Requirements Checklist-20160830/mux8_parm.sv:8]
INFO: [Synth 8-256] done synthesizing module 'mux8_parm' (5#1) [C:/Users/harim/Desktop/Senior Design/Lab 1/Lab 1 Reference Code + Requirements Checklist-20160830/mux8_parm.sv:1]
INFO: [Synth 8-638] synthesizing module 'mux8_parm__parameterized0' [C:/Users/harim/Desktop/Senior Design/Lab 1/Lab 1 Reference Code + Requirements Checklist-20160830/mux8_parm.sv:1]
	Parameter W bound to: 1 - type: integer 
INFO: [Synth 8-226] default block is never used [C:/Users/harim/Desktop/Senior Design/Lab 1/Lab 1 Reference Code + Requirements Checklist-20160830/mux8_parm.sv:8]
INFO: [Synth 8-256] done synthesizing module 'mux8_parm__parameterized0' (5#1) [C:/Users/harim/Desktop/Senior Design/Lab 1/Lab 1 Reference Code + Requirements Checklist-20160830/mux8_parm.sv:1]
INFO: [Synth 8-638] synthesizing module 'seven_seg' [C:/Users/harim/Desktop/Senior Design/Lab 1/Lab 1 Reference Code + Requirements Checklist-20160830/seven_seg.sv:17]
	Parameter BLANK bound to: 7'b1111111 
	Parameter ZERO bound to: 7'b1000000 
	Parameter ONE bound to: 7'b1111001 
	Parameter TWO bound to: 7'b0100100 
	Parameter THREE bound to: 7'b0110000 
	Parameter FOUR bound to: 7'b0011001 
	Parameter FIVE bound to: 7'b0010010 
	Parameter SIX bound to: 7'b0000010 
	Parameter SEVEN bound to: 7'b1111000 
	Parameter EIGHT bound to: 7'b0000000 
	Parameter NINE bound to: 7'b0010000 
INFO: [Synth 8-256] done synthesizing module 'seven_seg' (6#1) [C:/Users/harim/Desktop/Senior Design/Lab 1/Lab 1 Reference Code + Requirements Checklist-20160830/seven_seg.sv:17]
CRITICAL WARNING: [Synth 8-3352] multi-driven net enb with 1st driver pin 'dispctl:/U_CLKENB/enb' [C:/Users/harim/Desktop/Senior Design/Lab 1/Lab 1 Reference Code + Requirements Checklist-20160830/dispctl.sv:46]
CRITICAL WARNING: [Synth 8-3352] multi-driven net enb with 2nd driver pin 'VCC' [C:/Users/harim/Desktop/Senior Design/Lab 1/Lab 1 Reference Code + Requirements Checklist-20160830/dispctl.sv:46]
CRITICAL WARNING: [Synth 8-5559] multi-driven net enb is connected to constant driver, other driver is ignored [C:/Users/harim/Desktop/Senior Design/Lab 1/Lab 1 Reference Code + Requirements Checklist-20160830/dispctl.sv:46]
CRITICAL WARNING: [Synth 8-3352] multi-driven net enb with 1st driver pin 'dispctl:/U_CLKENB/enb' [C:/Users/harim/Desktop/Senior Design/Lab 1/Lab 1 Reference Code + Requirements Checklist-20160830/dispctl.sv:44]
CRITICAL WARNING: [Synth 8-3352] multi-driven net enb with 2nd driver pin 'VCC' [C:/Users/harim/Desktop/Senior Design/Lab 1/Lab 1 Reference Code + Requirements Checklist-20160830/dispctl.sv:44]
CRITICAL WARNING: [Synth 8-5559] multi-driven net enb is connected to constant driver, other driver is ignored [C:/Users/harim/Desktop/Senior Design/Lab 1/Lab 1 Reference Code + Requirements Checklist-20160830/dispctl.sv:44]
INFO: [Synth 8-256] done synthesizing module 'dispctl' (7#1) [C:/Users/harim/Desktop/Senior Design/Lab 1/Lab 1 Reference Code + Requirements Checklist-20160830/dispctl.sv:23]
INFO: [Synth 8-256] done synthesizing module 'nexys4DDR' (8#1) [C:/Users/harim/Desktop/Senior Design/Lab 1/Lab 1 Reference Code + Requirements Checklist-20160830/nexys4DDR.sv:22]
WARNING: [Synth 8-3331] design nexys4DDR has unconnected port SW[10]
WARNING: [Synth 8-3331] design nexys4DDR has unconnected port SW[9]
WARNING: [Synth 8-3331] design nexys4DDR has unconnected port SW[8]
---------------------------------------------------------------------------------
Finished RTL Elaboration : Time (s): cpu = 00:00:04 ; elapsed = 00:00:06 . Memory (MB): peak = 353.191 ; gain = 145.559
---------------------------------------------------------------------------------

Report Check Netlist: 
+------+------------------+-------+---------+-------+------------------+
|      |Item              |Errors |Warnings |Status |Description       |
+------+------------------+-------+---------+-------+------------------+
|1     |multi_driven_nets |      0|        0|Passed |Multi driven nets |
+------+------------------+-------+---------+-------+------------------+
---------------------------------------------------------------------------------
Finished RTL Optimization Phase 1 : Time (s): cpu = 00:00:04 ; elapsed = 00:00:06 . Memory (MB): peak = 353.191 ; gain = 145.559
---------------------------------------------------------------------------------
INFO: [Device 21-403] Loading part xc7a100tcsg324-1
INFO: [Project 1-570] Preparing netlist for logic optimization

Processing XDC Constraints
Initializing timing engine
Parsing XDC File [C:/Users/harim/Desktop/Senior Design/Lab 1/Lab 1 Reference Code + Requirements Checklist-20160830/nexys4DDR.xdc]
Finished Parsing XDC File [C:/Users/harim/Desktop/Senior Design/Lab 1/Lab 1 Reference Code + Requirements Checklist-20160830/nexys4DDR.xdc]
INFO: [Project 1-236] Implementation specific constraints were found while reading constraint file [C:/Users/harim/Desktop/Senior Design/Lab 1/Lab 1 Reference Code + Requirements Checklist-20160830/nexys4DDR.xdc]. These constraints will be ignored for synthesis but will be used in implementation. Impacted constraints are listed in the file [.Xil/nexys4DDR_propImpl.xdc].
Resolution: To avoid this warning, move constraints listed in [.Xil/nexys4DDR_propImpl.xdc] to another XDC file and exclude this new file from synthesis with the used_in_synthesis property (File Properties dialog in GUI) and re-run elaboration/synthesis.
Completed Processing XDC Constraints

INFO: [Project 1-111] Unisim Transformation Summary:
No Unisim elements were transformed.

Constraint Validation Runtime : Time (s): cpu = 00:00:00 ; elapsed = 00:00:00 . Memory (MB): peak = 654.813 ; gain = 0.000
---------------------------------------------------------------------------------
Finished Constraint Validation : Time (s): cpu = 00:00:10 ; elapsed = 00:00:12 . Memory (MB): peak = 654.813 ; gain = 447.180
---------------------------------------------------------------------------------
---------------------------------------------------------------------------------
Start Loading Part and Timing Information
---------------------------------------------------------------------------------
Loading part: xc7a100tcsg324-1
---------------------------------------------------------------------------------
Finished Loading Part and Timing Information : Time (s): cpu = 00:00:10 ; elapsed = 00:00:12 . Memory (MB): peak = 654.813 ; gain = 447.180
---------------------------------------------------------------------------------
---------------------------------------------------------------------------------
Start Applying 'set_property' XDC Constraints
---------------------------------------------------------------------------------
---------------------------------------------------------------------------------
Finished applying 'set_property' XDC Constraints : Time (s): cpu = 00:00:10 ; elapsed = 00:00:12 . Memory (MB): peak = 654.813 ; gain = 447.180
---------------------------------------------------------------------------------
INFO: [Synth 8-5546] ROM "enb" won't be mapped to RAM because it is too sparse
---------------------------------------------------------------------------------
Finished RTL Optimization Phase 2 : Time (s): cpu = 00:00:11 ; elapsed = 00:00:12 . Memory (MB): peak = 654.813 ; gain = 447.180
---------------------------------------------------------------------------------

Report RTL Partitions: 
+-+--------------+------------+----------+
| |RTL Partition |Replication |Instances |
+-+--------------+------------+----------+
+-+--------------+------------+----------+
---------------------------------------------------------------------------------
Start RTL Component Statistics 
---------------------------------------------------------------------------------
Detailed RTL Component Info : 
+---Adders : 
	   2 Input     17 Bit       Adders := 1     
	   2 Input      4 Bit       Adders := 1     
+---Registers : 
	               17 Bit    Registers := 1     
	                5 Bit    Registers := 8     
	                4 Bit    Registers := 1     
	                1 Bit    Registers := 1     
+---Muxes : 
	   2 Input     17 Bit        Muxes := 1     
	   2 Input      8 Bit        Muxes := 1     
	   8 Input      8 Bit        Muxes := 1     
	  11 Input      7 Bit        Muxes := 1     
	   2 Input      1 Bit        Muxes := 1     
---------------------------------------------------------------------------------
Finished RTL Component Statistics 
---------------------------------------------------------------------------------
---------------------------------------------------------------------------------
Start RTL Hierarchical Component Statistics 
---------------------------------------------------------------------------------
Hierarchical RTL Component report 
Module reg_parm 
Detailed RTL Component Info : 
+---Registers : 
	                5 Bit    Registers := 1     
Module clkenb 
Detailed RTL Component Info : 
+---Adders : 
	   2 Input     17 Bit       Adders := 1     
+---Registers : 
	               17 Bit    Registers := 1     
	                1 Bit    Registers := 1     
+---Muxes : 
	   2 Input     17 Bit        Muxes := 1     
	   2 Input      1 Bit        Muxes := 1     
Module counter_parm 
Detailed RTL Component Info : 
+---Adders : 
	   2 Input      4 Bit       Adders := 1     
+---Registers : 
	                4 Bit    Registers := 1     
Module decoder_3_8_en 
Detailed RTL Component Info : 
+---Muxes : 
	   2 Input      8 Bit        Muxes := 1     
	   8 Input      8 Bit        Muxes := 1     
Module seven_seg 
Detailed RTL Component Info : 
+---Muxes : 
	  11 Input      7 Bit        Muxes := 1     
---------------------------------------------------------------------------------
Finished RTL Hierarchical Component Statistics
---------------------------------------------------------------------------------
---------------------------------------------------------------------------------
Start Part Resource Summary
---------------------------------------------------------------------------------
Part Resources:
DSPs: 240 (col length:80)
BRAMs: 270 (col length: RAMB18 80 RAMB36 40)
---------------------------------------------------------------------------------
Finished Part Resource Summary
---------------------------------------------------------------------------------
Start Parallel Synthesis Optimization  : Time (s): cpu = 00:00:11 ; elapsed = 00:00:13 . Memory (MB): peak = 654.813 ; gain = 447.180
---------------------------------------------------------------------------------
Start Cross Boundary Optimization
---------------------------------------------------------------------------------
INFO: [Synth 8-5544] ROM "DISP/DECODE/" won't be mapped to Block RAM because address size (3) smaller than threshold (5)
INFO: [Synth 8-5546] ROM "DISP/U_CLKENB/enb" won't be mapped to RAM because it is too sparse
WARNING: [Synth 8-3917] design nexys4DDR has port AN[7] driven by constant 1
WARNING: [Synth 8-3917] design nexys4DDR has port AN[6] driven by constant 1
WARNING: [Synth 8-3917] design nexys4DDR has port AN[5] driven by constant 1
WARNING: [Synth 8-3917] design nexys4DDR has port AN[4] driven by constant 1
WARNING: [Synth 8-3917] design nexys4DDR has port AN[3] driven by constant 1
WARNING: [Synth 8-3917] design nexys4DDR has port AN[2] driven by constant 1
WARNING: [Synth 8-3917] design nexys4DDR has port AN[1] driven by constant 1
WARNING: [Synth 8-3331] design nexys4DDR has unconnected port SW[10]
WARNING: [Synth 8-3331] design nexys4DDR has unconnected port SW[9]
WARNING: [Synth 8-3331] design nexys4DDR has unconnected port SW[8]
---------------------------------------------------------------------------------
Finished Cross Boundary Optimization : Time (s): cpu = 00:00:11 ; elapsed = 00:00:13 . Memory (MB): peak = 654.813 ; gain = 447.180
---------------------------------------------------------------------------------
Finished Parallel Reinference  : Time (s): cpu = 00:00:11 ; elapsed = 00:00:13 . Memory (MB): peak = 654.813 ; gain = 447.180

Report RTL Partitions: 
+-+--------------+------------+----------+
| |RTL Partition |Replication |Instances |
+-+--------------+------------+----------+
+-+--------------+------------+----------+
---------------------------------------------------------------------------------
Start Area Optimization
---------------------------------------------------------------------------------
WARNING: [Synth 8-3332] Sequential element (DISP/U_CLKENB/enb_reg) is unused and will be removed from module nexys4DDR.
CRITICAL WARNING: [Synth 8-3352] multi-driven net enb with 1st driver pin 'DISP/U_CLKENB/enb_reg/Q' [C:/Users/harim/Desktop/Senior Design/Lab 1/Lab 1 Reference Code + Requirements Checklist-20160830/clkenb.sv:32]
CRITICAL WARNING: [Synth 8-3352] multi-driven net enb with 2nd driver pin 'VCC' [C:/Users/harim/Desktop/Senior Design/Lab 1/Lab 1 Reference Code + Requirements Checklist-20160830/clkenb.sv:32]
CRITICAL WARNING: [Synth 8-5559] multi-driven net enb is connected to constant driver, other driver is ignored [C:/Users/harim/Desktop/Senior Design/Lab 1/Lab 1 Reference Code + Requirements Checklist-20160830/clkenb.sv:32]
WARNING: [Synth 8-3332] Sequential element (DISP/U_CLKENB/q_reg[16]) is unused and will be removed from module nexys4DDR.
WARNING: [Synth 8-3332] Sequential element (DISP/U_CLKENB/q_reg[15]) is unused and will be removed from module nexys4DDR.
WARNING: [Synth 8-3332] Sequential element (DISP/U_CLKENB/q_reg[14]) is unused and will be removed from module nexys4DDR.
WARNING: [Synth 8-3332] Sequential element (DISP/U_CLKENB/q_reg[13]) is unused and will be removed from module nexys4DDR.
WARNING: [Synth 8-3332] Sequential element (DISP/U_CLKENB/q_reg[12]) is unused and will be removed from module nexys4DDR.
WARNING: [Synth 8-3332] Sequential element (DISP/U_CLKENB/q_reg[11]) is unused and will be removed from module nexys4DDR.
WARNING: [Synth 8-3332] Sequential element (DISP/U_CLKENB/q_reg[10]) is unused and will be removed from module nexys4DDR.
WARNING: [Synth 8-3332] Sequential element (DISP/U_CLKENB/q_reg[9]) is unused and will be removed from module nexys4DDR.
WARNING: [Synth 8-3332] Sequential element (DISP/U_CLKENB/q_reg[8]) is unused and will be removed from module nexys4DDR.
WARNING: [Synth 8-3332] Sequential element (DISP/U_CLKENB/q_reg[7]) is unused and will be removed from module nexys4DDR.
WARNING: [Synth 8-3332] Sequential element (DISP/U_CLKENB/q_reg[6]) is unused and will be removed from module nexys4DDR.
WARNING: [Synth 8-3332] Sequential element (DISP/U_CLKENB/q_reg[5]) is unused and will be removed from module nexys4DDR.
WARNING: [Synth 8-3332] Sequential element (DISP/U_CLKENB/q_reg[4]) is unused and will be removed from module nexys4DDR.
WARNING: [Synth 8-3332] Sequential element (DISP/U_CLKENB/q_reg[3]) is unused and will be removed from module nexys4DDR.
WARNING: [Synth 8-3332] Sequential element (DISP/U_CLKENB/q_reg[2]) is unused and will be removed from module nexys4DDR.
WARNING: [Synth 8-3332] Sequential element (DISP/U_CLKENB/q_reg[1]) is unused and will be removed from module nexys4DDR.
WARNING: [Synth 8-3332] Sequential element (DISP/U_CLKENB/q_reg[0]) is unused and will be removed from module nexys4DDR.
WARNING: [Synth 8-3332] Sequential element (DISP/COUNTER/q_reg[3]) is unused and will be removed from module nexys4DDR.
---------------------------------------------------------------------------------
Finished Area Optimization : Time (s): cpu = 00:00:11 ; elapsed = 00:00:13 . Memory (MB): peak = 654.813 ; gain = 447.180
---------------------------------------------------------------------------------
Finished Parallel Area Optimization  : Time (s): cpu = 00:00:11 ; elapsed = 00:00:13 . Memory (MB): peak = 654.813 ; gain = 447.180

Report RTL Partitions: 
+-+--------------+------------+----------+
| |RTL Partition |Replication |Instances |
+-+--------------+------------+----------+
+-+--------------+------------+----------+
---------------------------------------------------------------------------------
Start Timing Optimization
---------------------------------------------------------------------------------
---------------------------------------------------------------------------------
Start Applying XDC Timing Constraints
---------------------------------------------------------------------------------
---------------------------------------------------------------------------------
Finished Applying XDC Timing Constraints : Time (s): cpu = 00:00:18 ; elapsed = 00:00:20 . Memory (MB): peak = 654.813 ; gain = 447.180
---------------------------------------------------------------------------------
---------------------------------------------------------------------------------
Finished Timing Optimization : Time (s): cpu = 00:00:18 ; elapsed = 00:00:20 . Memory (MB): peak = 654.813 ; gain = 447.180
---------------------------------------------------------------------------------

Report RTL Partitions: 
+-+--------------+------------+----------+
| |RTL Partition |Replication |Instances |
+-+--------------+------------+----------+
+-+--------------+------------+----------+
---------------------------------------------------------------------------------
Start Technology Mapping
---------------------------------------------------------------------------------
---------------------------------------------------------------------------------
Finished Technology Mapping : Time (s): cpu = 00:00:18 ; elapsed = 00:00:20 . Memory (MB): peak = 654.813 ; gain = 447.180
---------------------------------------------------------------------------------
Finished Parallel Technology Mapping Optimization  : Time (s): cpu = 00:00:18 ; elapsed = 00:00:20 . Memory (MB): peak = 654.813 ; gain = 447.180

Report RTL Partitions: 
+-+--------------+------------+----------+
| |RTL Partition |Replication |Instances |
+-+--------------+------------+----------+
+-+--------------+------------+----------+
Finished Parallel Synthesis Optimization  : Time (s): cpu = 00:00:18 ; elapsed = 00:00:20 . Memory (MB): peak = 654.813 ; gain = 447.180
---------------------------------------------------------------------------------
Start IO Insertion
---------------------------------------------------------------------------------
---------------------------------------------------------------------------------
Start Flattening Before IO Insertion
---------------------------------------------------------------------------------
---------------------------------------------------------------------------------
Finished Flattening Before IO Insertion
---------------------------------------------------------------------------------
---------------------------------------------------------------------------------
Start Final Netlist Cleanup
---------------------------------------------------------------------------------
---------------------------------------------------------------------------------
Finished Final Netlist Cleanup
---------------------------------------------------------------------------------
---------------------------------------------------------------------------------
Finished IO Insertion : Time (s): cpu = 00:00:18 ; elapsed = 00:00:20 . Memory (MB): peak = 654.813 ; gain = 447.180
---------------------------------------------------------------------------------
CRITICAL WARNING: [Synth 8-3352] multi-driven net DISP/charles[3] with 1st driver pin 'PARM_8/k_reg[4]/Q' [C:/Users/harim/Desktop/Senior Design/Lab 1/Lab 1 Reference Code + Requirements Checklist-20160830/reg_param.sv:10]
CRITICAL WARNING: [Synth 8-3352] multi-driven net DISP/charles[3] with 2nd driver pin 'PARM_7/k_reg[4]/Q' [C:/Users/harim/Desktop/Senior Design/Lab 1/Lab 1 Reference Code + Requirements Checklist-20160830/reg_param.sv:10]
CRITICAL WARNING: [Synth 8-3352] multi-driven net DISP/charles[3] with 3rd driver pin 'PARM_6/k_reg[4]/Q' [C:/Users/harim/Desktop/Senior Design/Lab 1/Lab 1 Reference Code + Requirements Checklist-20160830/reg_param.sv:10]
CRITICAL WARNING: [Synth 8-3352] multi-driven net DISP/charles[3] with 4th driver pin 'PARM_5/k_reg[4]/Q' [C:/Users/harim/Desktop/Senior Design/Lab 1/Lab 1 Reference Code + Requirements Checklist-20160830/reg_param.sv:10]
CRITICAL WARNING: [Synth 8-3352] multi-driven net DISP/charles[3] with 5th driver pin 'PARM_4/k_reg[4]/Q' [C:/Users/harim/Desktop/Senior Design/Lab 1/Lab 1 Reference Code + Requirements Checklist-20160830/reg_param.sv:10]
CRITICAL WARNING: [Synth 8-3352] multi-driven net DISP/charles[3] with 6th driver pin 'PARM_3/k_reg[4]/Q' [C:/Users/harim/Desktop/Senior Design/Lab 1/Lab 1 Reference Code + Requirements Checklist-20160830/reg_param.sv:10]
CRITICAL WARNING: [Synth 8-3352] multi-driven net DISP/charles[3] with 7th driver pin 'PARM_2/k_reg[4]/Q' [C:/Users/harim/Desktop/Senior Design/Lab 1/Lab 1 Reference Code + Requirements Checklist-20160830/reg_param.sv:10]
CRITICAL WARNING: [Synth 8-3352] multi-driven net DISP/charles[3] with 8th driver pin 'PARM_1/k_reg[4]/Q' [C:/Users/harim/Desktop/Senior Design/Lab 1/Lab 1 Reference Code + Requirements Checklist-20160830/reg_param.sv:10]
CRITICAL WARNING: [Synth 8-3352] multi-driven net DISP/charles[2] with 1st driver pin 'PARM_8/k_reg[3]/Q' [C:/Users/harim/Desktop/Senior Design/Lab 1/Lab 1 Reference Code + Requirements Checklist-20160830/reg_param.sv:10]
CRITICAL WARNING: [Synth 8-3352] multi-driven net DISP/charles[2] with 2nd driver pin 'PARM_7/k_reg[3]/Q' [C:/Users/harim/Desktop/Senior Design/Lab 1/Lab 1 Reference Code + Requirements Checklist-20160830/reg_param.sv:10]
CRITICAL WARNING: [Synth 8-3352] multi-driven net DISP/charles[2] with 3rd driver pin 'PARM_6/k_reg[3]/Q' [C:/Users/harim/Desktop/Senior Design/Lab 1/Lab 1 Reference Code + Requirements Checklist-20160830/reg_param.sv:10]
CRITICAL WARNING: [Synth 8-3352] multi-driven net DISP/charles[2] with 4th driver pin 'PARM_5/k_reg[3]/Q' [C:/Users/harim/Desktop/Senior Design/Lab 1/Lab 1 Reference Code + Requirements Checklist-20160830/reg_param.sv:10]
CRITICAL WARNING: [Synth 8-3352] multi-driven net DISP/charles[2] with 5th driver pin 'PARM_4/k_reg[3]/Q' [C:/Users/harim/Desktop/Senior Design/Lab 1/Lab 1 Reference Code + Requirements Checklist-20160830/reg_param.sv:10]
CRITICAL WARNING: [Synth 8-3352] multi-driven net DISP/charles[2] with 6th driver pin 'PARM_3/k_reg[3]/Q' [C:/Users/harim/Desktop/Senior Design/Lab 1/Lab 1 Reference Code + Requirements Checklist-20160830/reg_param.sv:10]
CRITICAL WARNING: [Synth 8-3352] multi-driven net DISP/charles[2] with 7th driver pin 'PARM_2/k_reg[3]/Q' [C:/Users/harim/Desktop/Senior Design/Lab 1/Lab 1 Reference Code + Requirements Checklist-20160830/reg_param.sv:10]
CRITICAL WARNING: [Synth 8-3352] multi-driven net DISP/charles[2] with 8th driver pin 'PARM_1/k_reg[3]/Q' [C:/Users/harim/Desktop/Senior Design/Lab 1/Lab 1 Reference Code + Requirements Checklist-20160830/reg_param.sv:10]
CRITICAL WARNING: [Synth 8-3352] multi-driven net DISP/charles[1] with 1st driver pin 'PARM_8/k_reg[2]/Q' [C:/Users/harim/Desktop/Senior Design/Lab 1/Lab 1 Reference Code + Requirements Checklist-20160830/reg_param.sv:10]
CRITICAL WARNING: [Synth 8-3352] multi-driven net DISP/charles[1] with 2nd driver pin 'PARM_7/k_reg[2]/Q' [C:/Users/harim/Desktop/Senior Design/Lab 1/Lab 1 Reference Code + Requirements Checklist-20160830/reg_param.sv:10]
CRITICAL WARNING: [Synth 8-3352] multi-driven net DISP/charles[1] with 3rd driver pin 'PARM_6/k_reg[2]/Q' [C:/Users/harim/Desktop/Senior Design/Lab 1/Lab 1 Reference Code + Requirements Checklist-20160830/reg_param.sv:10]
CRITICAL WARNING: [Synth 8-3352] multi-driven net DISP/charles[1] with 4th driver pin 'PARM_5/k_reg[2]/Q' [C:/Users/harim/Desktop/Senior Design/Lab 1/Lab 1 Reference Code + Requirements Checklist-20160830/reg_param.sv:10]
CRITICAL WARNING: [Synth 8-3352] multi-driven net DISP/charles[1] with 5th driver pin 'PARM_4/k_reg[2]/Q' [C:/Users/harim/Desktop/Senior Design/Lab 1/Lab 1 Reference Code + Requirements Checklist-20160830/reg_param.sv:10]
CRITICAL WARNING: [Synth 8-3352] multi-driven net DISP/charles[1] with 6th driver pin 'PARM_3/k_reg[2]/Q' [C:/Users/harim/Desktop/Senior Design/Lab 1/Lab 1 Reference Code + Requirements Checklist-20160830/reg_param.sv:10]
CRITICAL WARNING: [Synth 8-3352] multi-driven net DISP/charles[1] with 7th driver pin 'PARM_2/k_reg[2]/Q' [C:/Users/harim/Desktop/Senior Design/Lab 1/Lab 1 Reference Code + Requirements Checklist-20160830/reg_param.sv:10]
CRITICAL WARNING: [Synth 8-3352] multi-driven net DISP/charles[1] with 8th driver pin 'PARM_1/k_reg[2]/Q' [C:/Users/harim/Desktop/Senior Design/Lab 1/Lab 1 Reference Code + Requirements Checklist-20160830/reg_param.sv:10]
CRITICAL WARNING: [Synth 8-3352] multi-driven net DISP/charles[0] with 1st driver pin 'PARM_8/k_reg[1]/Q' [C:/Users/harim/Desktop/Senior Design/Lab 1/Lab 1 Reference Code + Requirements Checklist-20160830/reg_param.sv:10]
CRITICAL WARNING: [Synth 8-3352] multi-driven net DISP/charles[0] with 2nd driver pin 'PARM_7/k_reg[1]/Q' [C:/Users/harim/Desktop/Senior Design/Lab 1/Lab 1 Reference Code + Requirements Checklist-20160830/reg_param.sv:10]
CRITICAL WARNING: [Synth 8-3352] multi-driven net DISP/charles[0] with 3rd driver pin 'PARM_6/k_reg[1]/Q' [C:/Users/harim/Desktop/Senior Design/Lab 1/Lab 1 Reference Code + Requirements Checklist-20160830/reg_param.sv:10]
CRITICAL WARNING: [Synth 8-3352] multi-driven net DISP/charles[0] with 4th driver pin 'PARM_5/k_reg[1]/Q' [C:/Users/harim/Desktop/Senior Design/Lab 1/Lab 1 Reference Code + Requirements Checklist-20160830/reg_param.sv:10]
CRITICAL WARNING: [Synth 8-3352] multi-driven net DISP/charles[0] with 5th driver pin 'PARM_4/k_reg[1]/Q' [C:/Users/harim/Desktop/Senior Design/Lab 1/Lab 1 Reference Code + Requirements Checklist-20160830/reg_param.sv:10]
CRITICAL WARNING: [Synth 8-3352] multi-driven net DISP/charles[0] with 6th driver pin 'PARM_3/k_reg[1]/Q' [C:/Users/harim/Desktop/Senior Design/Lab 1/Lab 1 Reference Code + Requirements Checklist-20160830/reg_param.sv:10]
CRITICAL WARNING: [Synth 8-3352] multi-driven net DISP/charles[0] with 7th driver pin 'PARM_2/k_reg[1]/Q' [C:/Users/harim/Desktop/Senior Design/Lab 1/Lab 1 Reference Code + Requirements Checklist-20160830/reg_param.sv:10]
CRITICAL WARNING: [Synth 8-3352] multi-driven net DISP/charles[0] with 8th driver pin 'PARM_1/k_reg[1]/Q' [C:/Users/harim/Desktop/Senior Design/Lab 1/Lab 1 Reference Code + Requirements Checklist-20160830/reg_param.sv:10]
CRITICAL WARNING: [Synth 8-3352] multi-driven net DP_OBUF with 1st driver pin 'PARM_7/k_reg[0]/Q' [C:/Users/harim/Desktop/Senior Design/Lab 1/Lab 1 Reference Code + Requirements Checklist-20160830/reg_param.sv:10]
CRITICAL WARNING: [Synth 8-3352] multi-driven net DP_OBUF with 2nd driver pin 'PARM_5/k_reg[0]/Q' [C:/Users/harim/Desktop/Senior Design/Lab 1/Lab 1 Reference Code + Requirements Checklist-20160830/reg_param.sv:10]
CRITICAL WARNING: [Synth 8-3352] multi-driven net DP_OBUF with 3rd driver pin 'PARM_3/k_reg[0]/Q' [C:/Users/harim/Desktop/Senior Design/Lab 1/Lab 1 Reference Code + Requirements Checklist-20160830/reg_param.sv:10]
CRITICAL WARNING: [Synth 8-3352] multi-driven net DP_OBUF with 4th driver pin 'PARM_1/k_reg[0]/Q' [C:/Users/harim/Desktop/Senior Design/Lab 1/Lab 1 Reference Code + Requirements Checklist-20160830/reg_param.sv:10]
CRITICAL WARNING: [Synth 8-3352] multi-driven net DP_OBUF with 5th driver pin 'PARM_2/k_reg[0]/Q' [C:/Users/harim/Desktop/Senior Design/Lab 1/Lab 1 Reference Code + Requirements Checklist-20160830/reg_param.sv:10]
CRITICAL WARNING: [Synth 8-3352] multi-driven net DP_OBUF with 6th driver pin 'PARM_4/k_reg[0]/Q' [C:/Users/harim/Desktop/Senior Design/Lab 1/Lab 1 Reference Code + Requirements Checklist-20160830/reg_param.sv:10]
CRITICAL WARNING: [Synth 8-3352] multi-driven net DP_OBUF with 7th driver pin 'PARM_6/k_reg[0]/Q' [C:/Users/harim/Desktop/Senior Design/Lab 1/Lab 1 Reference Code + Requirements Checklist-20160830/reg_param.sv:10]
CRITICAL WARNING: [Synth 8-3352] multi-driven net DP_OBUF with 8th driver pin 'PARM_8/k_reg[0]/Q' [C:/Users/harim/Desktop/Senior Design/Lab 1/Lab 1 Reference Code + Requirements Checklist-20160830/reg_param.sv:10]

Report Check Netlist: 
+------+------------------+-------+---------+-------+------------------+
|      |Item              |Errors |Warnings |Status |Description       |
+------+------------------+-------+---------+-------+------------------+
|1     |multi_driven_nets |      0|        5|Failed |Multi driven nets |
+------+------------------+-------+---------+-------+------------------+
---------------------------------------------------------------------------------
Start Renaming Generated Instances
---------------------------------------------------------------------------------
---------------------------------------------------------------------------------
Finished Renaming Generated Instances : Time (s): cpu = 00:00:18 ; elapsed = 00:00:20 . Memory (MB): peak = 654.813 ; gain = 447.180
---------------------------------------------------------------------------------

Report RTL Partitions: 
+-+--------------+------------+----------+
| |RTL Partition |Replication |Instances |
+-+--------------+------------+----------+
+-+--------------+------------+----------+
---------------------------------------------------------------------------------
Start Rebuilding User Hierarchy
---------------------------------------------------------------------------------
---------------------------------------------------------------------------------
Finished Rebuilding User Hierarchy : Time (s): cpu = 00:00:18 ; elapsed = 00:00:20 . Memory (MB): peak = 654.813 ; gain = 447.180
---------------------------------------------------------------------------------
---------------------------------------------------------------------------------
Start Renaming Generated Ports
---------------------------------------------------------------------------------
---------------------------------------------------------------------------------
Finished Renaming Generated Ports : Time (s): cpu = 00:00:18 ; elapsed = 00:00:20 . Memory (MB): peak = 654.813 ; gain = 447.180
---------------------------------------------------------------------------------
---------------------------------------------------------------------------------
Start Handling Custom Attributes
---------------------------------------------------------------------------------
---------------------------------------------------------------------------------
Finished Handling Custom Attributes : Time (s): cpu = 00:00:18 ; elapsed = 00:00:20 . Memory (MB): peak = 654.813 ; gain = 447.180
---------------------------------------------------------------------------------
---------------------------------------------------------------------------------
Start Renaming Generated Nets
---------------------------------------------------------------------------------
---------------------------------------------------------------------------------
Finished Renaming Generated Nets : Time (s): cpu = 00:00:18 ; elapsed = 00:00:20 . Memory (MB): peak = 654.813 ; gain = 447.180
---------------------------------------------------------------------------------
---------------------------------------------------------------------------------
Start Writing Synthesis Report
---------------------------------------------------------------------------------

Report BlackBoxes: 
+-+--------------+----------+
| |BlackBox name |Instances |
+-+--------------+----------+
+-+--------------+----------+

Report Cell Usage: 
+------+-----+------+
|      |Cell |Count |
+------+-----+------+
|1     |BUFG |     1|
|2     |LUT2 |     1|
|3     |LUT3 |     2|
|4     |LUT4 |     8|
|5     |FDRE |    43|
|6     |IBUF |    15|
|7     |OBUF |    16|
+------+-----+------+

Report Instance Areas: 
+------+------------+-------------+------+
|      |Instance    |Module       |Cells |
+------+------------+-------------+------+
|1     |top         |             |    86|
|2     |  DISP      |dispctl      |    14|
|3     |    COUNTER |counter_parm |     7|
|4     |    SEG     |seven_seg    |     7|
|5     |  PARM_1    |reg_parm     |     5|
|6     |  PARM_2    |reg_parm_0   |     5|
|7     |  PARM_3    |reg_parm_1   |     5|
|8     |  PARM_4    |reg_parm_2   |     5|
|9     |  PARM_5    |reg_parm_3   |     5|
|10    |  PARM_6    |reg_parm_4   |     5|
|11    |  PARM_7    |reg_parm_5   |     5|
|12    |  PARM_8    |reg_parm_6   |     5|
+------+------------+-------------+------+
---------------------------------------------------------------------------------
Finished Writing Synthesis Report : Time (s): cpu = 00:00:18 ; elapsed = 00:00:20 . Memory (MB): peak = 654.813 ; gain = 447.180
---------------------------------------------------------------------------------
Synthesis finished with 0 errors, 43 critical warnings and 29 warnings.
Synthesis Optimization Runtime : Time (s): cpu = 00:00:11 ; elapsed = 00:00:14 . Memory (MB): peak = 654.813 ; gain = 116.246
Synthesis Optimization Complete : Time (s): cpu = 00:00:19 ; elapsed = 00:00:21 . Memory (MB): peak = 654.813 ; gain = 447.180
INFO: [Project 1-571] Translating synthesized netlist
INFO: [Netlist 29-17] Analyzing 15 Unisim elements for replacement
INFO: [Netlist 29-28] Unisim Transformation completed in 0 CPU seconds
INFO: [Project 1-570] Preparing netlist for logic optimization
INFO: [Opt 31-138] Pushed 0 inverter(s) to 0 load pin(s).
INFO: [Project 1-111] Unisim Transformation Summary:
No Unisim elements were transformed.

INFO: [Common 17-83] Releasing license: Synthesis
35 Infos, 34 Warnings, 49 Critical Warnings and 0 Errors encountered.
synth_design completed successfully
synth_design: Time (s): cpu = 00:00:18 ; elapsed = 00:00:19 . Memory (MB): peak = 654.813 ; gain = 421.156
report_utilization: Time (s): cpu = 00:00:00 ; elapsed = 00:00:00.015 . Memory (MB): peak = 654.813 ; gain = 0.000
INFO: [Common 17-206] Exiting Vivado at Fri Sep 02 18:19:15 2016...
