#-----------------------------------------------------------
# Vivado v2016.2 (64-bit)
# SW Build 1577090 on Thu Jun  2 16:32:40 MDT 2016
# IP Build 1577682 on Fri Jun  3 12:00:54 MDT 2016
# Start of session at: Sun Oct 30 10:08:22 2016
# Process ID: 9744
# Current directory: C:/Users/dilsizk/Desktop/ece491/ece491labs/Lab04/Senior_Design_Lab_1
# Command line: vivado.exe -gui_launcher_event rodinguilauncherevent5696 C:\Users\dilsizk\Desktop\ece491\ece491labs\Lab04\Senior_Design_Lab_1\Senior_Design_Lab_1.xpr
# Log file: C:/Users/dilsizk/Desktop/ece491/ece491labs/Lab04/Senior_Design_Lab_1/vivado.log
# Journal file: C:/Users/dilsizk/Desktop/ece491/ece491labs/Lab04/Senior_Design_Lab_1\vivado.jou
#-----------------------------------------------------------
start_gui
open_project C:/Users/dilsizk/Desktop/ece491/ece491labs/Lab04/Senior_Design_Lab_1/Senior_Design_Lab_1.xpr
INFO: [Project 1-313] Project file moved from 'C:/Users/dilsizk/Desktop/ECE 491 labs/Senior_Design_Lab_1' since last save.
CRITICAL WARNING: [Project 1-311] Could not find the file 'C:/Users/dilsizk/Desktop/ece491/ece491labs/harim/Desktop/Senior Design/Lab 1/Lab 1 Reference Code + Requirements Checklist-20160830/counter_parm.sv', nor could it be found using path 'C:/Users/dilsizk/Desktop/harim/Desktop/Senior Design/Lab 1/Lab 1 Reference Code + Requirements Checklist-20160830/counter_parm.sv'.
CRITICAL WARNING: [Project 1-311] Could not find the file 'C:/Users/dilsizk/Desktop/ece491/ece491labs/harim/Desktop/Senior Design/Lab 1/Lab 1 Reference Code + Requirements Checklist-20160830/seven_seg.sv', nor could it be found using path 'C:/Users/dilsizk/Desktop/harim/Desktop/Senior Design/Lab 1/Lab 1 Reference Code + Requirements Checklist-20160830/seven_seg.sv'.
CRITICAL WARNING: [Project 1-311] Could not find the file 'C:/Users/dilsizk/Desktop/ece491/ece491labs/harim/Desktop/Senior Design/Lab 1/Lab 1 Reference Code + Requirements Checklist-20160830/decoder_3_8_en.sv', nor could it be found using path 'C:/Users/dilsizk/Desktop/harim/Desktop/Senior Design/Lab 1/Lab 1 Reference Code + Requirements Checklist-20160830/decoder_3_8_en.sv'.
CRITICAL WARNING: [Project 1-311] Could not find the file 'C:/Users/dilsizk/Desktop/ece491/ece491labs/harim/Desktop/Senior Design/Lab 1/Lab 1 Reference Code + Requirements Checklist-20160830/mux8_parm.sv', nor could it be found using path 'C:/Users/dilsizk/Desktop/harim/Desktop/Senior Design/Lab 1/Lab 1 Reference Code + Requirements Checklist-20160830/mux8_parm.sv'.
CRITICAL WARNING: [Project 1-311] Could not find the file 'C:/Users/dilsizk/Desktop/ece491/ece491labs/harim/Desktop/Senior Design/Lab 1/Lab 1 Reference Code + Requirements Checklist-20160830/clkenb.sv', nor could it be found using path 'C:/Users/dilsizk/Desktop/harim/Desktop/Senior Design/Lab 1/Lab 1 Reference Code + Requirements Checklist-20160830/clkenb.sv'.
CRITICAL WARNING: [Project 1-311] Could not find the file 'C:/Users/dilsizk/Desktop/ece491/ece491labs/harim/Desktop/Senior Design/Lab 1/Lab 1 Reference Code + Requirements Checklist-20160830/reg_param.sv', nor could it be found using path 'C:/Users/dilsizk/Desktop/harim/Desktop/Senior Design/Lab 1/Lab 1 Reference Code + Requirements Checklist-20160830/reg_param.sv'.
CRITICAL WARNING: [Project 1-311] Could not find the file 'C:/Users/dilsizk/Desktop/ece491/ece491labs/harim/Desktop/Senior Design/Lab 1/Lab 1 Reference Code + Requirements Checklist-20160830/dispctl.sv', nor could it be found using path 'C:/Users/dilsizk/Desktop/harim/Desktop/Senior Design/Lab 1/Lab 1 Reference Code + Requirements Checklist-20160830/dispctl.sv'.
CRITICAL WARNING: [Project 1-311] Could not find the file 'C:/Users/dilsizk/Desktop/ece491/ece491labs/harim/Desktop/Senior Design/Lab 1/Lab 1 Reference Code + Requirements Checklist-20160830/nexys4DDR.sv', nor could it be found using path 'C:/Users/dilsizk/Desktop/harim/Desktop/Senior Design/Lab 1/Lab 1 Reference Code + Requirements Checklist-20160830/nexys4DDR.sv'.
CRITICAL WARNING: [Project 1-311] Could not find the file 'C:/Users/dilsizk/Desktop/ece491/ece491labs/harim/Desktop/Senior Design/Lab 1/Lab 1 Reference Code + Requirements Checklist-20160830/nexys4DDR.xdc', nor could it be found using path 'C:/Users/dilsizk/Desktop/harim/Desktop/Senior Design/Lab 1/Lab 1 Reference Code + Requirements Checklist-20160830/nexys4DDR.xdc'.
Scanning sources...
Finished scanning sources
WARNING: [filemgmt 56-2] IPUserFilesDir: Could not find the directory 'C:/Users/dilsizk/Desktop/ece491/ece491labs/Lab04/Senior_Design_Lab_1/Senior_Design_Lab_1.ip_user_files', nor could it be found using path 'C:/Users/dilsizk/Desktop/ECE 491 labs/Senior_Design_Lab_1/Senior_Design_Lab_1.ip_user_files'.
INFO: [IP_Flow 19-234] Refreshing IP repositories
INFO: [IP_Flow 19-1704] No user IP repositories specified
INFO: [IP_Flow 19-2313] Loaded Vivado IP repository 'C:/Xilinx/Vivado/2016.2/data/ip'.
update_compile_order -fileset sources_1
exit
INFO: [Common 17-206] Exiting Vivado at Sun Oct 30 10:09:04 2016...
