#
# A fatal error has been detected by the Java Runtime Environment:
#
#  EXCEPTION_ACCESS_VIOLATION (0xc0000005) at pc=0x000007fecd238d3e, pid=10844, tid=9332
#
# JRE version: Java(TM) SE Runtime Environment (8.0_66-b18) (build 1.8.0_66-b18)
# Java VM: Java HotSpot(TM) 64-Bit Server VM (25.66-b18 mixed mode windows-amd64 compressed oops)
# Problematic frame:
# C  [librdi_simdata.dll+0x38d3e]
#
# Failed to write core dump. Minidumps are not enabled by default on client versions of Windows
#
# If you would like to submit a bug report, please visit:
#   http://bugreport.java.com/bugreport/crash.jsp
# The crash happened outside the Java Virtual Machine in native code.
# See problematic frame for where to report the bug.
#

---------------  T H R E A D  ---------------

Current thread (0x0000000007571000):  JavaThread "AWT-EventQueue-1" [_thread_in_native, id=9332, stack(0x0000000026150000,0x0000000026650000)]

siginfo: ExceptionCode=0xc0000005, reading address 0x0000000000000020

Registers:
RAX=0x000007fecd3667b0, RBX=0x0000000034fdf250, RCX=0x000000002e8abba0, RDX=0x0000000000000007
RSP=0x000000002664c660, RBP=0x00000000330498c0, RSI=0x0000000000000001, RDI=0x0000000034fde280
R8 =0x0000000000000020, R9 =0x000007fecd3667b0, R10=0x0000000000000000, R11=0x000000002664c5d0
R12=0x000000003304a160, R13=0x00000000330498c0, R14=0x0000000033049958, R15=0x0000000000000000
RIP=0x000007fecd238d3e, EFLAGS=0x0000000000010202

Top of Stack: (sp=0x000000002664c660)
0x000000002664c660:   000000002e9f14a0 0000000034fdf250
0x000000002664c670:   000000002e6ecc80 000000002e6ecc80
0x000000002664c680:   0000000033049958 0000000034fde280
0x000000002664c690:   0000000034fdf250 000007fecd23b2f5
0x000000002664c6a0:   0000000034fdf250 000000002e6ecc80
0x000000002664c6b0:   0000000034fdf250 000000002dc89b90
0x000000002664c6c0:   fffffffffffffffe 000007fecd431f40
0x000000002664c6d0:   0000000000000000 000007fecd24a6ca
0x000000002664c6e0:   0000000034fdf250 000007fecd366a08
0x000000002664c6f0:   0000000000000000 000000000000004f
0x000000002664c700:   fffffffffffffffe 0000000000000001
0x000000002664c710:   0000000000000000 000007fecd2ba12c
0x000000002664c720:   0000000003ab8180 000007fecd2ed480
0x000000002664c730:   0000000000000001 000007feccb51cb0
0x000000002664c740:   00000000772be670 000007fecd200000
0x000000002664c750:   000007fffb378000 000007fecd2ba3ae 

Instructions: (pc=0x000007fecd238d3e)
0x000007fecd238d1e:   39 48 30 77 0d 48 d1 ea 48 83 c8 ff 48 2b c2 48
0x000007fecd238d2e:   03 c8 4d 8b 41 10 48 c1 e1 04 4c 03 c1 49 8b 09
0x000007fecd238d3e:   49 8b 10 48 8b fa 48 3b d1 75 05 48 8b c1 eb 07
0x000007fecd238d4e:   49 8b 40 08 48 8b 00 48 3b f8 74 34 48 39 5f 10 


Register to memory mapping:

RAX=0x000007fecd3667b0 is an unknown value
RBX=0x0000000034fdf250 is an unknown value
RCX=0x000000002e8abba0 is an unknown value
RDX=0x0000000000000007 is an unknown value
RSP=0x000000002664c660 is pointing into the stack for thread: 0x0000000007571000
RBP=0x00000000330498c0 is an unknown value
RSI=0x0000000000000001 is an unknown value
RDI=0x0000000034fde280 is an unknown value
R8 =0x0000000000000020 is an unknown value
R9 =0x000007fecd3667b0 is an unknown value
R10=0x0000000000000000 is an unknown value
R11=0x000000002664c5d0 is pointing into the stack for thread: 0x0000000007571000
R12=0x000000003304a160 is an unknown value
R13=0x00000000330498c0 is an unknown value
R14=0x0000000033049958 is an unknown value
R15=0x0000000000000000 is an unknown value


Stack: [0x0000000026150000,0x0000000026650000],  sp=0x000000002664c660,  free space=5105k
Native frames: (J=compiled Java code, j=interpreted, Vv=VM code, C=native code)
C  [librdi_simdata.dll+0x38d3e]
C  [librdi_simdata.dll+0x3b2f5]
C  [librdi_simdata.dll+0x4a6ca]
C  [librdi_simdata.dll+0xba12c]
C  [librdi_simdata.dll+0xba3ae]
C  [ntdll.dll+0x229b1]
C  [ntdll.dll+0x227c0]
C  [MSVCR110.dll+0x23063]
C  [MSVCR110.dll+0x740e4]
C  [MSVCR110.dll+0x6d587]
C  [librdi_simdata.dll+0x2a1f8]
C  [librdi_simdata.dll+0x59e4f]
C  0x0000000014eb0203

Java frames: (J=compiled Java code, j=interpreted, Vv=VM code)
J 14931  ui.views.simulator.executive.simulationi.SimulationExecutive_canSimulationStep(J)Z (0 bytes) @ 0x0000000014eb0181 [0x0000000014eb0140+0x41]
J 18049 C2 ui.views.b.r.a.k.aY()Z (33 bytes) @ 0x000000001306f44c [0x000000001306f340+0x10c]
J 4443 C2 ui.frmwork.N.setEnabled(Z)V (178 bytes) @ 0x0000000012fb98f8 [0x0000000012fb7c00+0x1cf8]
J 14390 C2 ui.bh.a(Ljava/util/HashMap;Z)V (52 bytes) @ 0x0000000013c53078 [0x0000000013c52ec0+0x1b8]
J 15313 C1 ui.bh.R()V (43 bytes) @ 0x0000000014fd2fbc [0x0000000014fd2e80+0x13c]
J 18415 C1 ui.bh.Q()V (88 bytes) @ 0x0000000013f9b04c [0x0000000013f9aea0+0x1ac]
J 19067 C1 ui.g.Q.akJ()V (44 bytes) @ 0x0000000012c510c4 [0x0000000012c508c0+0x804]
j  ui.frmwork.a.eDW()Z+231
j  ui.frmwork.N.eFv()V+21
j  ui.bf.actionPerformed(Ljava/awt/event/ActionEvent;)V+25
j  javax.swing.AbstractButton.fireActionPerformed(Ljava/awt/event/ActionEvent;)V+83
j  ui.g.m.b.y.fireActionPerformed(Ljava/awt/event/ActionEvent;)V+7
j  javax.swing.AbstractButton$Handler.actionPerformed(Ljava/awt/event/ActionEvent;)V+5
j  javax.swing.DefaultButtonModel.fireActionPerformed(Ljava/awt/event/ActionEvent;)V+34
j  javax.swing.DefaultButtonModel.setPressed(Z)V+117
j  javax.swing.plaf.basic.BasicButtonListener.mouseReleased(Ljava/awt/event/MouseEvent;)V+35
j  com.jidesoft.plaf.basic.BasicJideButtonListener.mouseReleased(Ljava/awt/event/MouseEvent;)V+61
J 16202 C1 java.awt.AWTEventMulticaster.mouseReleased(Ljava/awt/event/MouseEvent;)V (27 bytes) @ 0x00000000136fdc3c [0x00000000136fda20+0x21c]
J 16202 C1 java.awt.AWTEventMulticaster.mouseReleased(Ljava/awt/event/MouseEvent;)V (27 bytes) @ 0x00000000136fdc3c [0x00000000136fda20+0x21c]
J 16202 C1 java.awt.AWTEventMulticaster.mouseReleased(Ljava/awt/event/MouseEvent;)V (27 bytes) @ 0x00000000136fdc3c [0x00000000136fda20+0x21c]
J 16202 C1 java.awt.AWTEventMulticaster.mouseReleased(Ljava/awt/event/MouseEvent;)V (27 bytes) @ 0x00000000136fdc3c [0x00000000136fda20+0x21c]
J 19033 C2 javax.swing.JComponent.processMouseEvent(Ljava/awt/event/MouseEvent;)V (27 bytes) @ 0x0000000012e4125c [0x0000000012e410c0+0x19c]
J 7419 C2 java.awt.Container.processEvent(Ljava/awt/AWTEvent;)V (22 bytes) @ 0x0000000013973fbc [0x0000000013973ea0+0x11c]
J 20214 C2 java.awt.Component.dispatchEventImpl(Ljava/awt/AWTEvent;)V (883 bytes) @ 0x000000001560080c [0x00000000155ff9e0+0xe2c]
J 15702 C2 java.awt.Container.dispatchEventImpl(Ljava/awt/AWTEvent;)V (129 bytes) @ 0x0000000014e9b508 [0x0000000014e9b4a0+0x68]
J 15567 C2 java.awt.LightweightDispatcher.retargetMouseEvent(Ljava/awt/Component;ILjava/awt/event/MouseEvent;)V (350 bytes) @ 0x0000000014a03424 [0x0000000014a02f00+0x524]
J 15702 C2 java.awt.Container.dispatchEventImpl(Ljava/awt/AWTEvent;)V (129 bytes) @ 0x0000000014e9bc1c [0x0000000014e9b4a0+0x77c]
J 14047 C2 java.awt.Window.dispatchEventImpl(Ljava/awt/AWTEvent;)V (23 bytes) @ 0x000000001405958c [0x0000000014059540+0x4c]
J 9753 C2 java.awt.EventQueue$3.run()Ljava/lang/Object; (5 bytes) @ 0x0000000012c74e98 [0x0000000012c74a80+0x418]
v  ~StubRoutines::call_stub
J 1526  java.security.AccessController.doPrivileged(Ljava/security/PrivilegedAction;Ljava/security/AccessControlContext;)Ljava/lang/Object; (0 bytes) @ 0x00000000127be266 [0x00000000127be200+0x66]
J 12663 C2 java.awt.EventQueue$4.run()Ljava/lang/Object; (5 bytes) @ 0x0000000012617ff0 [0x0000000012617e60+0x190]
v  ~StubRoutines::call_stub
J 1526  java.security.AccessController.doPrivileged(Ljava/security/PrivilegedAction;Ljava/security/AccessControlContext;)Ljava/lang/Object; (0 bytes) @ 0x00000000127be266 [0x00000000127be200+0x66]
J 9797 C2 ui.frmwork.a.e.dispatchEvent(Ljava/awt/AWTEvent;)V (30 bytes) @ 0x0000000012d2fc30 [0x0000000012d2f960+0x2d0]
J 19285 C2 java.awt.EventDispatchThread.pumpOneEventForFilters(I)V (295 bytes) @ 0x000000001470c060 [0x000000001470bd00+0x360]
J 13929% C2 java.awt.EventDispatchThread.pumpEventsForFilter(ILjava/awt/Conditional;Ljava/awt/EventFilter;)V (47 bytes) @ 0x0000000012b3d7c0 [0x0000000012b3d500+0x2c0]
j  java.awt.EventDispatchThread.pumpEventsForHierarchy(ILjava/awt/Conditional;Ljava/awt/Component;)V+11
j  java.awt.EventDispatchThread.pumpEvents(ILjava/awt/Conditional;)V+4
j  java.awt.EventDispatchThread.pumpEvents(Ljava/awt/Conditional;)V+3
j  java.awt.EventDispatchThread.run()V+9
v  ~StubRoutines::call_stub

---------------  P R O C E S S  ---------------

Java Threads: ( => current thread )
  0x0000000026fbf000 JavaThread "Image Fetcher 0" daemon [_thread_blocked, id=7004, stack(0x000000003bc80000,0x000000003c180000)]
  0x0000000033397800 JavaThread "Monitor File Timestamp" [_thread_blocked, id=8300, stack(0x000000003a1c0000,0x000000003a6c0000)]
  0x000000002bc22000 JavaThread "Monitor File Timestamp" [_thread_blocked, id=8064, stack(0x000000003a720000,0x000000003ac20000)]
  0x00000000241ce800 JavaThread "Monitor File Timestamp" [_thread_blocked, id=7428, stack(0x0000000035d10000,0x0000000036210000)]
  0x000000003038b800 JavaThread "hw_ila_monitor" [_thread_blocked, id=9096, stack(0x0000000030400000,0x0000000030900000)]
  0x000000002e9c9800 JavaThread "Update Runs" [_thread_blocked, id=11280, stack(0x000000002f4d0000,0x000000002f9d0000)]
  0x000000002e7a5000 JavaThread "Refresh Filesets" [_thread_blocked, id=5400, stack(0x000000002ec90000,0x000000002f190000)]
  0x00000000229a5000 JavaThread "Swing-Shell" daemon [_thread_blocked, id=1168, stack(0x000000002a530000,0x000000002aa30000)]
  0x0000000026f51800 JavaThread "Monitor File Timestamp" [_thread_blocked, id=9624, stack(0x00000000295b0000,0x0000000029ab0000)]
=>0x0000000007571000 JavaThread "AWT-EventQueue-1" [_thread_in_native, id=9332, stack(0x0000000026150000,0x0000000026650000)]
  0x000000000757f000 JavaThread "Process Messages" [_thread_blocked, id=6364, stack(0x0000000025bd0000,0x00000000260d0000)]
  0x0000000007533000 JavaThread "Thread-3" [_thread_in_native, id=12032, stack(0x00000000026a0000,0x0000000003aa0000)]
  0x0000000024263800 JavaThread "AWT-EventQueue-0" [_thread_blocked, id=12132, stack(0x0000000025610000,0x0000000025b10000)]
  0x0000000022147800 JavaThread "AWT-Windows" daemon [_thread_in_native, id=11912, stack(0x0000000023c60000,0x0000000024160000)]
  0x0000000022123800 JavaThread "AWT-Shutdown" [_thread_blocked, id=11852, stack(0x0000000023730000,0x0000000023c30000)]
  0x0000000022121000 JavaThread "Java2D Disposer" daemon [_thread_blocked, id=11932, stack(0x0000000023220000,0x0000000023720000)]
  0x00000000220c0800 JavaThread "TimerQueue" daemon [_thread_blocked, id=7488, stack(0x0000000022c90000,0x0000000023190000)]
  0x000000000a7e5800 JavaThread "Service Thread" daemon [_thread_blocked, id=10204, stack(0x00000000219b0000,0x0000000021eb0000)]
  0x000000000a456000 JavaThread "C1 CompilerThread3" daemon [_thread_blocked, id=7084, stack(0x0000000011cc0000,0x0000000011dc0000)]
  0x000000000a457800 JavaThread "C2 CompilerThread2" daemon [_thread_blocked, id=6752, stack(0x00000000115b0000,0x00000000116b0000)]
  0x000000000a459000 JavaThread "C2 CompilerThread1" daemon [_thread_blocked, id=11412, stack(0x0000000010f70000,0x0000000011070000)]
  0x000000000a45a000 JavaThread "C2 CompilerThread0" daemon [_thread_blocked, id=4572, stack(0x000000000a680000,0x000000000a780000)]
  0x000000000a45c000 JavaThread "Attach Listener" daemon [_thread_blocked, id=10252, stack(0x0000000021400000,0x0000000021900000)]
  0x000000000a45d800 JavaThread "Signal Dispatcher" daemon [_thread_blocked, id=6192, stack(0x0000000011770000,0x0000000011c70000)]
  0x0000000008bf8800 JavaThread "Finalizer" daemon [_thread_blocked, id=10416, stack(0x00000000110a0000,0x00000000115a0000)]
  0x0000000008bf9800 JavaThread "Reference Handler" daemon [_thread_blocked, id=9448, stack(0x0000000010a00000,0x0000000010f00000)]
  0x00000000075a5800 JavaThread "main" [_thread_blocked, id=4492, stack(0x00000000077b0000,0x00000000078b0000)]

Other Threads:
  0x0000000008be1000 VMThread [stack: 0x000000000a4c0000,0x000000000a5c0000] [id=11296]
  0x000000000a7e2800 WatcherThread [stack: 0x0000000011e20000,0x0000000011f20000] [id=8524]

VM state:not at safepoint (normal execution)

VM Mutex/Monitor currently owned by a thread: None

Heap:
 PSYoungGen      total 58880K, used 2617K [0x00000007bc400000, 0x00000007c0000000, 0x00000007c0000000)
  eden space 56320K, 2% used [0x00000007bc400000,0x00000007bc51ee50,0x00000007bfb00000)
  from space 2560K, 57% used [0x00000007bfb00000,0x00000007bfc6f958,0x00000007bfd80000)
  to   space 2560K, 0% used [0x00000007bfd80000,0x00000007bfd80000,0x00000007c0000000)
 ParOldGen       total 174080K, used 123693K [0x0000000700000000, 0x000000070aa00000, 0x00000007bc400000)
  object space 174080K, 71% used [0x0000000700000000,0x00000007078cb588,0x000000070aa00000)
 Metaspace       used 64907K, capacity 65362K, committed 66008K, reserved 1105920K
  class space    used 8735K, capacity 8871K, committed 8960K, reserved 1048576K

Card table byte_map: [0x0000000007c70000,0x0000000008280000] byte_map_base: 0x0000000004470000

Marking Bits: (ParMarkBitMap*) 0x0000000065e5a5b0
 Begin Bits: [0x000000000a990000, 0x000000000d990000)
 End Bits:   [0x000000000d990000, 0x0000000010990000)

Polling page: 0x0000000000340000

CodeCache: size=245760Kb used=58308Kb max_used=58400Kb free=187451Kb
 bounds [0x0000000012270000, 0x0000000015c30000, 0x0000000021270000]
 total_blobs=15638 nmethods=14792 adapters=750
 compilation: enabled

Compilation events (10 events):
Event: 3035.362 Thread 0x000000000a45a000 20680       4       sun.swing.DefaultLookup::getBoolean (32 bytes)
Event: 3035.366 Thread 0x000000000a45a000 nmethod 20680 0x0000000014e5cc10 code [0x0000000014e5cde0, 0x0000000014e5d5a8]
Event: 3035.485 Thread 0x000000000a459000 20681       4       ui.b.c.W::a (62 bytes)
Event: 3035.488 Thread 0x000000000a459000 nmethod 20681 0x00000000128b2950 code [0x00000000128b2b00, 0x00000000128b2f48]
Event: 3035.493 Thread 0x000000000a457800 20682       4       javax.swing.text.BoxView::forwardUpdate (177 bytes)
Event: 3035.508 Thread 0x000000000a457800 nmethod 20682 0x0000000014b5cc90 code [0x0000000014b5cf20, 0x0000000014b5dd00]
Event: 3035.658 Thread 0x000000000a456000 20683       1       com.sun.java.swing.plaf.windows.WindowsButtonUI::getFocusColor (5 bytes)
Event: 3035.658 Thread 0x000000000a456000 nmethod 20683 0x0000000012f7e990 code [0x0000000012f7eae0, 0x0000000012f7ebf0]
Event: 3036.812 Thread 0x000000000a456000 20684   !   3       sun.reflect.GeneratedMethodAccessor22::invoke (49 bytes)
Event: 3036.813 Thread 0x000000000a456000 nmethod 20684 0x00000000143cda10 code [0x00000000143cdbe0, 0x00000000143ce208]

GC Heap History (10 events):
Event: 3016.301 GC heap before
{Heap before GC invocations=2320 (full 91):
 PSYoungGen      total 58880K, used 57736K [0x00000007bc400000, 0x00000007c0000000, 0x00000007c0000000)
  eden space 56320K, 100% used [0x00000007bc400000,0x00000007bfb00000,0x00000007bfb00000)
  from space 2560K, 55% used [0x00000007bfd80000,0x00000007bfee21a0,0x00000007c0000000)
  to   space 2560K, 0% used [0x00000007bfb00000,0x00000007bfb00000,0x00000007bfd80000)
 ParOldGen       total 174080K, used 122924K [0x0000000700000000, 0x000000070aa00000, 0x00000007bc400000)
  object space 174080K, 70% used [0x0000000700000000,0x000000070780b0c8,0x000000070aa00000)
 Metaspace       used 64895K, capacity 65362K, committed 66008K, reserved 1105920K
  class space    used 8735K, capacity 8871K, committed 8960K, reserved 1048576K
Event: 3016.304 GC heap after
Heap after GC invocations=2320 (full 91):
 PSYoungGen      total 58880K, used 1640K [0x00000007bc400000, 0x00000007c0000000, 0x00000007c0000000)
  eden space 56320K, 0% used [0x00000007bc400000,0x00000007bc400000,0x00000007bfb00000)
  from space 2560K, 64% used [0x00000007bfb00000,0x00000007bfc9a1a0,0x00000007bfd80000)
  to   space 2560K, 0% used [0x00000007bfd80000,0x00000007bfd80000,0x00000007c0000000)
 ParOldGen       total 174080K, used 122924K [0x0000000700000000, 0x000000070aa00000, 0x00000007bc400000)
  object space 174080K, 70% used [0x0000000700000000,0x000000070780b0c8,0x000000070aa00000)
 Metaspace       used 64895K, capacity 65362K, committed 66008K, reserved 1105920K
  class space    used 8735K, capacity 8871K, committed 8960K, reserved 1048576K
}
Event: 3017.935 GC heap before
{Heap before GC invocations=2321 (full 91):
 PSYoungGen      total 58880K, used 57960K [0x00000007bc400000, 0x00000007c0000000, 0x00000007c0000000)
  eden space 56320K, 100% used [0x00000007bc400000,0x00000007bfb00000,0x00000007bfb00000)
  from space 2560K, 64% used [0x00000007bfb00000,0x00000007bfc9a1a0,0x00000007bfd80000)
  to   space 2560K, 0% used [0x00000007bfd80000,0x00000007bfd80000,0x00000007c0000000)
 ParOldGen       total 174080K, used 122924K [0x0000000700000000, 0x000000070aa00000, 0x00000007bc400000)
  object space 174080K, 70% used [0x0000000700000000,0x000000070780b0c8,0x000000070aa00000)
 Metaspace       used 64895K, capacity 65362K, committed 66008K, reserved 1105920K
  class space    used 8735K, capacity 8871K, committed 8960K, reserved 1048576K
Event: 3017.939 GC heap after
Heap after GC invocations=2321 (full 91):
 PSYoungGen      total 58880K, used 1554K [0x00000007bc400000, 0x00000007c0000000, 0x00000007c0000000)
  eden space 56320K, 0% used [0x00000007bc400000,0x00000007bc400000,0x00000007bfb00000)
  from space 2560K, 60% used [0x00000007bfd80000,0x00000007bff04bc8,0x00000007c0000000)
  to   space 2560K, 0% used [0x00000007bfb00000,0x00000007bfb00000,0x00000007bfd80000)
 ParOldGen       total 174080K, used 123020K [0x0000000700000000, 0x000000070aa00000, 0x00000007bc400000)
  object space 174080K, 70% used [0x0000000700000000,0x00000007078230c8,0x000000070aa00000)
 Metaspace       used 64895K, capacity 65362K, committed 66008K, reserved 1105920K
  class space    used 8735K, capacity 8871K, committed 8960K, reserved 1048576K
}
Event: 3018.812 GC heap before
{Heap before GC invocations=2322 (full 91):
 PSYoungGen      total 58880K, used 57874K [0x00000007bc400000, 0x00000007c0000000, 0x00000007c0000000)
  eden space 56320K, 100% used [0x00000007bc400000,0x00000007bfb00000,0x00000007bfb00000)
  from space 2560K, 60% used [0x00000007bfd80000,0x00000007bff04bc8,0x00000007c0000000)
  to   space 2560K, 0% used [0x00000007bfb00000,0x00000007bfb00000,0x00000007bfd80000)
 ParOldGen       total 174080K, used 123020K [0x0000000700000000, 0x000000070aa00000, 0x00000007bc400000)
  object space 174080K, 70% used [0x0000000700000000,0x00000007078230c8,0x000000070aa00000)
 Metaspace       used 64900K, capacity 65362K, committed 66008K, reserved 1105920K
  class space    used 8735K, capacity 8871K, committed 8960K, reserved 1048576K
Event: 3018.815 GC heap after
Heap after GC invocations=2322 (full 91):
 PSYoungGen      total 58880K, used 939K [0x00000007bc400000, 0x00000007c0000000, 0x00000007c0000000)
  eden space 56320K, 0% used [0x00000007bc400000,0x00000007bc400000,0x00000007bfb00000)
  from space 2560K, 36% used [0x00000007bfb00000,0x00000007bfbead58,0x00000007bfd80000)
  to   space 2560K, 0% used [0x00000007bfd80000,0x00000007bfd80000,0x00000007c0000000)
 ParOldGen       total 174080K, used 123581K [0x0000000700000000, 0x000000070aa00000, 0x00000007bc400000)
  object space 174080K, 70% used [0x0000000700000000,0x00000007078af588,0x000000070aa00000)
 Metaspace       used 64900K, capacity 65362K, committed 66008K, reserved 1105920K
  class space    used 8735K, capacity 8871K, committed 8960K, reserved 1048576K
}
Event: 3021.818 GC heap before
{Heap before GC invocations=2323 (full 91):
 PSYoungGen      total 58880K, used 22896K [0x00000007bc400000, 0x00000007c0000000, 0x00000007c0000000)
  eden space 56320K, 38% used [0x00000007bc400000,0x00000007bd971620,0x00000007bfb00000)
  from space 2560K, 36% used [0x00000007bfb00000,0x00000007bfbead58,0x00000007bfd80000)
  to   space 2560K, 0% used [0x00000007bfd80000,0x00000007bfd80000,0x00000007c0000000)
 ParOldGen       total 174080K, used 123581K [0x0000000700000000, 0x000000070aa00000, 0x00000007bc400000)
  object space 174080K, 70% used [0x0000000700000000,0x00000007078af588,0x000000070aa00000)
 Metaspace       used 64900K, capacity 65362K, committed 66008K, reserved 1105920K
  class space    used 8735K, capacity 8871K, committed 8960K, reserved 1048576K
Event: 3021.822 GC heap after
Heap after GC invocations=2323 (full 91):
 PSYoungGen      total 58880K, used 953K [0x00000007bc400000, 0x00000007c0000000, 0x00000007c0000000)
  eden space 56320K, 0% used [0x00000007bc400000,0x00000007bc400000,0x00000007bfb00000)
  from space 2560K, 37% used [0x00000007bfd80000,0x00000007bfe6e6d8,0x00000007c0000000)
  to   space 2560K, 0% used [0x00000007bfb00000,0x00000007bfb00000,0x00000007bfd80000)
 ParOldGen       total 174080K, used 123653K [0x0000000700000000, 0x000000070aa00000, 0x00000007bc400000)
  object space 174080K, 71% used [0x0000000700000000,0x00000007078c1588,0x000000070aa00000)
 Metaspace       used 64900K, capacity 65362K, committed 66008K, reserved 1105920K
  class space    used 8735K, capacity 8871K, committed 8960K, reserved 1048576K
}
Event: 3035.938 GC heap before
{Heap before GC invocations=2324 (full 91):
 PSYoungGen      total 58880K, used 57273K [0x00000007bc400000, 0x00000007c0000000, 0x00000007c0000000)
  eden space 56320K, 100% used [0x00000007bc400000,0x00000007bfb00000,0x00000007bfb00000)
  from space 2560K, 37% used [0x00000007bfd80000,0x00000007bfe6e6d8,0x00000007c0000000)
  to   space 2560K, 0% used [0x00000007bfb00000,0x00000007bfb00000,0x00000007bfd80000)
 ParOldGen       total 174080K, used 123653K [0x0000000700000000, 0x000000070aa00000, 0x00000007bc400000)
  object space 174080K, 71% used [0x0000000700000000,0x00000007078c1588,0x000000070aa00000)
 Metaspace       used 64907K, capacity 65362K, committed 66008K, reserved 1105920K
  class space    used 8735K, capacity 8871K, committed 8960K, reserved 1048576K
Event: 3035.942 GC heap after
Heap after GC invocations=2324 (full 91):
 PSYoungGen      total 58880K, used 1470K [0x00000007bc400000, 0x00000007c0000000, 0x00000007c0000000)
  eden space 56320K, 0% used [0x00000007bc400000,0x00000007bc400000,0x00000007bfb00000)
  from space 2560K, 57% used [0x00000007bfb00000,0x00000007bfc6f958,0x00000007bfd80000)
  to   space 2560K, 0% used [0x00000007bfd80000,0x00000007bfd80000,0x00000007c0000000)
 ParOldGen       total 174080K, used 123693K [0x0000000700000000, 0x000000070aa00000, 0x00000007bc400000)
  object space 174080K, 71% used [0x0000000700000000,0x00000007078cb588,0x000000070aa00000)
 Metaspace       used 64907K, capacity 65362K, committed 66008K, reserved 1105920K
  class space    used 8735K, capacity 8871K, committed 8960K, reserved 1048576K
}

Deoptimization events (10 events):
Event: 2723.669 Thread 0x0000000007571000 Uncommon trap: reason=unstable_if action=reinterpret pc=0x00000000151acce8 method=com.jidesoft.plaf.basic.BasicTreeTableUIDelegate.a(Ljava/awt/Graphics;III)V @ 879
Event: 2758.986 Thread 0x0000000007571000 Uncommon trap: reason=array_check action=maybe_recompile pc=0x0000000012fa1680 method=java.util.LinkedList.toArray([Ljava/lang/Object;)[Ljava/lang/Object; @ 55
Event: 2758.986 Thread 0x0000000007571000 Uncommon trap: reason=array_check action=maybe_recompile pc=0x0000000012fa1680 method=java.util.LinkedList.toArray([Ljava/lang/Object;)[Ljava/lang/Object; @ 55
Event: 2758.986 Thread 0x0000000007571000 Uncommon trap: reason=array_check action=maybe_recompile pc=0x0000000012fa1680 method=java.util.LinkedList.toArray([Ljava/lang/Object;)[Ljava/lang/Object; @ 55
Event: 2758.986 Thread 0x0000000007571000 Uncommon trap: reason=array_check action=maybe_recompile pc=0x0000000012fa1680 method=java.util.LinkedList.toArray([Ljava/lang/Object;)[Ljava/lang/Object; @ 55
Event: 2794.907 Thread 0x0000000007571000 Uncommon trap: reason=unstable_if action=reinterpret pc=0x0000000014b5d22c method=com.jidesoft.grid.StyledTableCellRenderer.getTableCellRendererComponent(Ljavax/swing/JTable;Ljava/lang/Object;ZZII)Ljava/awt/Component; @ 99
Event: 2991.425 Thread 0x0000000007571000 Uncommon trap: reason=unstable_if action=reinterpret pc=0x00000000156c98f4 method=ui.views.b.aw.aY()Z @ 20
Event: 3035.379 Thread 0x0000000007571000 Uncommon trap: reason=class_check action=maybe_recompile pc=0x0000000012b8cbf4 method=javax.swing.text.BoxView.forwardUpdate(Ljavax/swing/event/DocumentEvent$ElementChange;Ljavax/swing/event/DocumentEvent;Ljava/awt/Shape;Ljavax/swing/text/ViewFactory;)V @ p≈Zÿ¡∂ß@
Event: 3035.379 Thread 0x0000000007571000 Uncommon trap: reason=class_check action=maybe_recompile pc=0x0000000012b8cbf4 method=javax.swing.text.BoxView.forwardUpdate(Ljavax/swing/event/DocumentEvent$ElementChange;Ljavax/swing/event/DocumentEvent;Ljava/awt/Shape;Ljavax/swing/text/ViewFactory;)V @ Vû›Güπß@
Event: 3036.811 Thread 0x0000000007571000 Uncommon trap: reason=speculate_class_check action=maybe_recompile pc=0x000000001529a764 method=java.awt.Component.dispatchEvent(Ljava/awt/AWTEvent;)V @ 2

Internal exceptions (10 events):
Event: 2403.735 Thread 0x0000000007571000 Exception <a 'java/io/FileNotFoundException'> (0x00000007bf237f50) thrown at [C:\re\workspace\8-2-build-windows-amd64-cygwin\jdk8u66\5298\hotspot\src\share\vm\prims\jni.cpp, line 709]
Event: 2462.935 Thread 0x0000000007571000 Exception <a 'java/io/FileNotFoundException'> (0x00000007be31d1f0) thrown at [C:\re\workspace\8-2-build-windows-amd64-cygwin\jdk8u66\5298\hotspot\src\share\vm\prims\jni.cpp, line 709]
Event: 2463.046 Thread 0x0000000007571000 Exception <a 'java/io/FileNotFoundException'> (0x00000007bed9bdf0) thrown at [C:\re\workspace\8-2-build-windows-amd64-cygwin\jdk8u66\5298\hotspot\src\share\vm\prims\jni.cpp, line 709]
Event: 2472.598 Thread 0x0000000007571000 Implicit null exception at 0x0000000014a17f03 to 0x0000000014a181b9
Event: 2472.779 Thread 0x0000000007571000 Implicit null exception at 0x000000001349efb3 to 0x000000001349efd1
Event: 2472.779 Thread 0x0000000007571000 Implicit null exception at 0x0000000012bd0733 to 0x0000000012bd0751
Event: 2507.819 Thread 0x0000000007571000 Implicit null exception at 0x0000000014adb2ab to 0x0000000014adc9c1
Event: 2991.425 Thread 0x0000000007571000 Implicit null exception at 0x00000000156c955f to 0x00000000156c98e9
Event: 3029.563 Thread 0x00000000333cf000 Exception <a 'ui/frmwork/CommandFailedException'> (0x00000007bde635a0) thrown at [C:\re\workspace\8-2-build-windows-amd64-cygwin\jdk8u66\5298\hotspot\src\share\vm\prims\jni.cpp, line 709]
Event: 3035.358 Thread 0x00000000324c2000 Exception <a 'ui/frmwork/CommandFailedException'> (0x00000007bf147100) thrown at [C:\re\workspace\8-2-build-windows-amd64-cygwin\jdk8u66\5298\hotspot\src\share\vm\prims\jni.cpp, line 709]

Events (10 events):
Event: 3035.509 Thread 0x000000000a457800 flushing nmethod 0x00000000159892d0
Event: 3035.938 Executing VM operation: ParallelGCFailedAllocation
Event: 3035.942 Executing VM operation: ParallelGCFailedAllocation done
Event: 3036.811 Thread 0x0000000007571000 Uncommon trap: trap_request=0xffffff76 fr.pc=0x000000001529a764
Event: 3036.811 Thread 0x0000000007571000 DEOPT PACKING pc=0x000000001529a764 sp=0x000000002664a3a0
Event: 3036.811 Thread 0x0000000007571000 DEOPT UNPACKING pc=0x00000000122b582a sp=0x000000002664a320 mode 2
Event: 3036.814 Executing VM operation: RevokeBias
Event: 3036.814 Executing VM operation: RevokeBias done
Event: 3036.814 Executing VM operation: RevokeBias
Event: 3036.814 Executing VM operation: RevokeBias done


Dynamic libraries:
0x000000013f940000 - 0x000000013f970000 	C:\Xilinx\Vivado\2016.2\bin\unwrapped\win64.o\vivado.exe
0x00000000771a0000 - 0x000000007734b000 	C:\windows\SYSTEM32\ntdll.dll
0x0000000076f80000 - 0x000000007709f000 	C:\windows\system32\kernel32.dll
0x000007fefd240000 - 0x000007fefd2aa000 	C:\windows\system32\KERNELBASE.dll
0x000000000a900000 - 0x000000000a98d000 	C:\Xilinx\Vivado\2016.2\lib\win64.o\SHSMP64.dll
0x00000000770a0000 - 0x000000007719a000 	C:\windows\system32\USER32.dll
0x000007fefe610000 - 0x000007fefe677000 	C:\windows\system32\GDI32.dll
0x000007fefe600000 - 0x000007fefe60e000 	C:\windows\system32\LPK.dll
0x000007fefdcb0000 - 0x000007fefdd7a000 	C:\windows\system32\USP10.dll
0x000007fefe680000 - 0x000007fefe71f000 	C:\windows\system32\msvcrt.dll
0x000007fefe520000 - 0x000007fefe5fb000 	C:\windows\system32\ADVAPI32.dll
0x000007fefd700000 - 0x000007fefd71f000 	C:\windows\SYSTEM32\sechost.dll
0x000007fefe3f0000 - 0x000007fefe51d000 	C:\windows\system32\RPCRT4.dll
0x000007fefbfe0000 - 0x000007fefbfec000 	C:\windows\system32\VERSION.dll
0x000007fef59b0000 - 0x000007fef59c3000 	C:\Xilinx\Vivado\2016.2\lib\win64.o\libboost_signals.dll
0x000007feee9e0000 - 0x000007feeea87000 	C:\windows\system32\MSVCP110.dll
0x000007feeeb80000 - 0x000007feeec54000 	C:\windows\system32\MSVCR110.dll
0x000007fee5240000 - 0x000007fee5c80000 	C:\Xilinx\Vivado\2016.2\lib\win64.o\librdi_common.dll
0x000007fee4ed0000 - 0x000007fee523e000 	C:\Xilinx\Vivado\2016.2\lib\win64.o\libCOIN-all.dll
0x000007fee4cb0000 - 0x000007fee4ecf000 	C:\Xilinx\Vivado\2016.2\lib\win64.o\libXil_lmgr11.dll
0x000007fefad30000 - 0x000007fefad46000 	C:\windows\system32\NETAPI32.dll
0x000007fefc390000 - 0x000007fefc39c000 	C:\windows\system32\netutils.dll
0x000007fefc9e0000 - 0x000007fefca03000 	C:\windows\system32\srvcli.dll
0x000007fefad10000 - 0x000007fefad25000 	C:\windows\system32\wkscli.dll
0x000007fefe060000 - 0x000007fefe0f7000 	C:\windows\system32\COMDLG32.dll
0x000007fefdc30000 - 0x000007fefdca1000 	C:\windows\system32\SHLWAPI.dll
0x000007fef6c70000 - 0x000007fef6d10000 	C:\windows\WinSxS\amd64_microsoft.windows.common-controls_6595b64144ccf1df_5.82.7601.18837_none_a4d981ff711297b6\COMCTL32.dll
0x000007fefe720000 - 0x000007feff4ac000 	C:\windows\system32\SHELL32.dll
0x000007fef8fe0000 - 0x000007fef8fe9000 	C:\windows\system32\WSOCK32.dll
0x000007fefdf90000 - 0x000007fefdfdd000 	C:\windows\system32\WS2_32.dll
0x000007fefd930000 - 0x000007fefd938000 	C:\windows\system32\NSI.dll
0x000007fefda50000 - 0x000007fefdb28000 	C:\windows\system32\OLEAUT32.dll
0x000007fefd720000 - 0x000007fefd923000 	C:\windows\system32\ole32.dll
0x000007fefd1c0000 - 0x000007fefd1fb000 	C:\windows\system32\WINTRUST.dll
0x000007fefcf90000 - 0x000007fefd0fd000 	C:\windows\system32\CRYPT32.dll
0x000007fefcf20000 - 0x000007fefcf2f000 	C:\windows\system32\MSASN1.dll
0x000007fef5980000 - 0x000007fef5990000 	C:\Xilinx\Vivado\2016.2\lib\win64.o\libboost_date_time.dll
0x000007fef50d0000 - 0x000007fef50f4000 	C:\Xilinx\Vivado\2016.2\lib\win64.o\libboost_filesystem.dll
0x000007fef5970000 - 0x000007fef5979000 	C:\Xilinx\Vivado\2016.2\lib\win64.o\libboost_system.dll
0x000007feec8c0000 - 0x000007feec937000 	C:\Xilinx\Vivado\2016.2\lib\win64.o\libboost_program_options.dll
0x000007fee4ba0000 - 0x000007fee4ca6000 	C:\Xilinx\Vivado\2016.2\lib\win64.o\libboost_regex.dll
0x000007feef200000 - 0x000007feef21d000 	C:\Xilinx\Vivado\2016.2\lib\win64.o\libboost_thread.dll
0x000007fef5140000 - 0x000007fef514b000 	C:\Xilinx\Vivado\2016.2\lib\win64.o\libboost_chrono.dll
0x000007fef5110000 - 0x000007fef511b000 	C:\Xilinx\Vivado\2016.2\lib\win64.o\libboost_xilinx.dll
0x000007fee4b20000 - 0x000007fee4ba0000 	C:\Xilinx\Vivado\2016.2\lib\win64.o\libhdlpsolve.dll
0x000007fee4a80000 - 0x000007fee4b1a000 	C:\Xilinx\Vivado\2016.2\lib\win64.o\libhdxml.dll
0x000007fee4610000 - 0x000007fee4a75e00 	C:\Xilinx\Vivado\2016.2\lib\win64.o\libisl_iostreams.dll
0x000007feef1e0000 - 0x000007feef1f6000 	C:\Xilinx\Vivado\2016.2\lib\win64.o\libboost_iostreams.dll
0x000007feec890000 - 0x000007feec8b3000 	C:\Xilinx\Vivado\2016.2\lib\win64.o\librdizlib.dll
0x000007fee7d70000 - 0x000007fee7d93000 	C:\Xilinx\Vivado\2016.2\lib\win64.o\libisl_iosutils.dll
0x000007fee7d40000 - 0x000007fee7d6a000 	C:\Xilinx\Vivado\2016.2\lib\win64.o\libisl_sysinfo.dll
0x0000000065650000 - 0x0000000065ed9000 	C:\Xilinx\Vivado\2016.2\tps\win64\jre\bin\server\jvm.dll
0x000007fefaa80000 - 0x000007fefaabb000 	C:\windows\system32\WINMM.dll
0x0000000077370000 - 0x0000000077377000 	C:\windows\system32\PSAPI.DLL
0x0000000072de0000 - 0x0000000072eb2000 	C:\windows\system32\MSVCR100.dll
0x000007feece30000 - 0x000007feece45000 	C:\Xilinx\Vivado\2016.2\lib\win64.o\pthreadVC2.dll
0x000007fee45b0000 - 0x000007fee4604000 	C:\Xilinx\Vivado\2016.2\lib\win64.o\librdi_commonxillic.dll
0x000007fee4480000 - 0x000007fee45b0000 	C:\Xilinx\Vivado\2016.2\lib\win64.o\librdi_curl.dll
0x000007feec7e0000 - 0x000007feec7f8000 	C:\Xilinx\Vivado\2016.2\lib\win64.o\librdiconfig.dll
0x000000006d0e0000 - 0x000000006d207000 	C:\Xilinx\Vivado\2016.2\lib\win64.o\tcl85t.dll
0x0000000012000000 - 0x0000000012263000 	C:\Xilinx\Vivado\2016.2\lib\win64.o\xerces-c_3_1.dll
0x000007fefd2e0000 - 0x000007fefd563000 	C:\windows\system32\WININET.dll
0x000007fefcf80000 - 0x000007fefcf84000 	C:\windows\system32\api-ms-win-downlevel-user32-l1-1-0.dll
0x000007fefcf70000 - 0x000007fefcf74000 	C:\windows\system32\api-ms-win-downlevel-shlwapi-l1-1-0.dll
0x000007fefd2d0000 - 0x000007fefd2d4000 	C:\windows\system32\api-ms-win-downlevel-version-l1-1-0.dll
0x000007fefd1b0000 - 0x000007fefd1b3000 	C:\windows\system32\api-ms-win-downlevel-normaliz-l1-1-0.dll
0x0000000077360000 - 0x0000000077363000 	C:\windows\system32\normaliz.DLL
0x000007fefe120000 - 0x000007fefe3e9000 	C:\windows\system32\iertutil.dll
0x000007fefcf60000 - 0x000007fefcf65000 	C:\windows\system32\api-ms-win-downlevel-advapi32-l1-1-0.dll
0x000007fefcf40000 - 0x000007fefcf5e000 	C:\windows\system32\USERENV.dll
0x000007fefcf30000 - 0x000007fefcf3f000 	C:\windows\system32\profapi.dll
0x000007fef9950000 - 0x000007fef99c1000 	C:\windows\system32\WINHTTP.dll
0x000007fef98e0000 - 0x000007fef9945000 	C:\windows\system32\webio.dll
0x000007fefd570000 - 0x000007fefd6f5000 	C:\windows\system32\urlmon.dll
0x000007fefd1a0000 - 0x000007fefd1a4000 	C:\windows\system32\api-ms-win-downlevel-ole32-l1-1-0.dll
0x000007fee6980000 - 0x000007fee69a3000 	C:\windows\system32\VCOMP110.DLL
0x000007fee4460000 - 0x000007fee4471000 	C:\Xilinx\Vivado\2016.2\lib\win64.o\librdi_commonmain.dll
0x000007fef3f40000 - 0x000007fef3f49000 	C:\Xilinx\Vivado\2016.2\lib\win64.o\librdi_commonversion.dll
0x000007fefdd80000 - 0x000007fefddae000 	C:\windows\system32\IMM32.DLL
0x000007fefd940000 - 0x000007fefda49000 	C:\windows\system32\MSCTF.dll
0x000007fefaa70000 - 0x000007fefaa7c000 	C:\windows\KATRK64.DLL
0x000007fefc170000 - 0x000007fefc181000 	C:\windows\system32\WTSAPI32.dll
0x000007fee4040000 - 0x000007fee445e000 	C:\Xilinx\Vivado\2016.2\lib\win64.o\librdi_commontasks.dll
0x000007fee23e0000 - 0x000007fee4036000 	C:\Xilinx\Vivado\2016.2\lib\win64.o\librdi_tcltasks.dll
0x000007fee2160000 - 0x000007fee23d7000 	C:\Xilinx\Vivado\2016.2\lib\win64.o\librdi_bitstream.dll
0x000007fed9290000 - 0x000007fee2151000 	C:\Xilinx\Vivado\2016.2\lib\win64.o\librdi_device.dll
0x000007fed9240000 - 0x000007fed9287000 	C:\Xilinx\Vivado\2016.2\lib\win64.o\libboost_serialization.dll
0x000007fed88c0000 - 0x000007fed923f000 	C:\Xilinx\Vivado\2016.2\lib\win64.o\libverific.dll
0x000007fed8780000 - 0x000007fed88bf000 	C:\Xilinx\Vivado\2016.2\lib\win64.o\librdi_board.dll
0x000007fed8720000 - 0x000007fed877d000 	C:\Xilinx\Vivado\2016.2\lib\win64.o\librdi_boarddep.dll
0x000007fed8500000 - 0x000007fed8711000 	C:\Xilinx\Vivado\2016.2\lib\win64.o\librdi_chipscope.dll
0x000007fed8490000 - 0x000007fed84f3000 	C:\Xilinx\Vivado\2016.2\lib\win64.o\liblmx6.0.dll
0x000007fed7220000 - 0x000007fed848b000 	C:\Xilinx\Vivado\2016.2\lib\win64.o\librdi_constraints.dll
0x000007fed6cd0000 - 0x000007fed721a000 	C:\Xilinx\Vivado\2016.2\lib\win64.o\librdi_filemgmt.dll
0x000007fed6ae0000 - 0x000007fed6cd0000 	C:\Xilinx\Vivado\2016.2\lib\win64.o\librdi_sio.dll
0x000007fefa5b0000 - 0x000007fefa5d7000 	C:\windows\system32\IPHLPAPI.DLL
0x000007fefa5a0000 - 0x000007fefa5ab000 	C:\windows\system32\WINNSI.DLL
0x000007fed66a0000 - 0x000007fed6ad4000 	C:\Xilinx\Vivado\2016.2\lib\win64.o\librdi_netlist.dll
0x000007fed61c0000 - 0x000007fed6691000 	C:\Xilinx\Vivado\2016.2\lib\win64.o\librdi_psta.dll
0x000007fed36b0000 - 0x000007fed61b3000 	C:\Xilinx\Vivado\2016.2\lib\win64.o\librdi_coregen.dll
0x000007fed2ff0000 - 0x000007fed36a3000 	C:\Xilinx\Vivado\2016.2\lib\win64.o\librdi_coregenipxact.dll
0x000007fecf780000 - 0x000007fed2fe7000 	C:\Xilinx\Vivado\2016.2\lib\win64.o\librdi_designutils.dll
0x000007fecf240000 - 0x000007fecf780000 	C:\Xilinx\Vivado\2016.2\lib\win64.o\librdi_xdm.dll
0x000007fececb0000 - 0x000007fecf23d000 	C:\Xilinx\Vivado\2016.2\lib\win64.o\librdi_memdata.dll
0x000007fece7a0000 - 0x000007fececa3000 	C:\Xilinx\Vivado\2016.2\lib\win64.o\librdi_drc.dll
0x000007fecdd10000 - 0x000007fece79e000 	C:\Xilinx\Vivado\2016.2\lib\win64.o\librdi_timing.dll
0x000007fecdaf0000 - 0x000007fecdd10000 	C:\Xilinx\Vivado\2016.2\lib\win64.o\librdi_dlyest.dll
0x000007fecda50000 - 0x000007fecdae7000 	C:\Xilinx\Vivado\2016.2\lib\win64.o\libise.dll
0x000007fecda10000 - 0x000007fecda4b000 	C:\Xilinx\Vivado\2016.2\lib\win64.o\librdi_pfi.dll
0x000007fecd9c0000 - 0x000007fecda03000 	C:\Xilinx\Vivado\2016.2\lib\win64.o\librdi_hdf.dll
0x000007fecd7c0000 - 0x000007fecd9b2000 	C:\Xilinx\Vivado\2016.2\lib\win64.o\librdi_hsm.dll
0x000007fecd530000 - 0x000007fecd7b1000 	C:\Xilinx\Vivado\2016.2\lib\win64.o\librdi_ippcw.dll
0x000007fecd440000 - 0x000007fecd523000 	C:\Xilinx\Vivado\2016.2\lib\win64.o\librdi_containers.dll
0x000007fecd380000 - 0x000007fecd440000 	C:\Xilinx\Vivado\2016.2\lib\win64.o\librdi_dsp.dll
0x000007fecd200000 - 0x000007fecd37d000 	C:\Xilinx\Vivado\2016.2\lib\win64.o\librdi_simdata.dll
0x000007fecce50000 - 0x000007fecd1f1000 	C:\Xilinx\Vivado\2016.2\lib\win64.o\librdi_wavedata.dll
0x000007feccdd0000 - 0x000007fecce4f000 	C:\Xilinx\Vivado\2016.2\lib\win64.o\librdi_simbridge_kernel.dll
0x000007feccd90000 - 0x000007feccdca000 	C:\Xilinx\Vivado\2016.2\lib\win64.o\librdi_wavedata_SimpleApi.dll
0x000007feccb50000 - 0x000007feccd90000 	C:\Xilinx\Vivado\2016.2\lib\win64.o\librdi_guitools.dll
0x000007fecb1b0000 - 0x000007feccb4e000 	C:\Xilinx\Vivado\2016.2\lib\win64.o\librdi_place.dll
0x000007fecabf0000 - 0x000007fecb1ac000 	C:\Xilinx\Vivado\2016.2\lib\win64.o\librdi_abc_nomp.dll
0x000007fecabd0000 - 0x000007fecabe9000 	C:\Xilinx\Vivado\2016.2\lib\win64.o\librdi_hmetis.dll
0x000007fec9390000 - 0x000007fecabc1000 	C:\Xilinx\Vivado\2016.2\lib\win64.o\librdi_mig.dll
0x000007fec8dd0000 - 0x000007fec9388000 	C:\Xilinx\Vivado\2016.2\lib\win64.o\librdi_power.dll
0x000007fec8190000 - 0x000007fec8dc6000 	C:\Xilinx\Vivado\2016.2\lib\win64.o\librdi_route.dll
0x000007fec7d10000 - 0x000007fec818d000 	C:\Xilinx\Vivado\2016.2\lib\win64.o\librdi_project.dll
0x000007fec7670000 - 0x000007fec7d04000 	C:\Xilinx\Vivado\2016.2\lib\win64.o\librdi_labtools.dll
0x000007fec7640000 - 0x000007fec7668000 	C:\Xilinx\Vivado\2016.2\lib\win64.o\librdi_commoncwebtalk.dll

VM Arguments:
jvm_args: -Dsun.java2d.pmoffscreen=false -Dsun.java2d.d3d=false -Dsun.awt.nopixfmt=true -Xverify:none -Dswing.aatext=true -XX:-UsePerfData -Djdk.map.althashing.threshold=512 -XX:StringTableSize=4072 -XX:NewSize=60m -XX:MaxNewSize=60m -Xms128m -Xmx3072m -Xss5m 
java_command: <unknown>
java_class_path (initial): C:/Xilinx/Vivado/2016.2\lib\classes\alloy.jar;C:/Xilinx/Vivado/2016.2\lib\classes\batik-anim.jar;C:/Xilinx/Vivado/2016.2\lib\classes\batik-awt-util.jar;C:/Xilinx/Vivado/2016.2\lib\classes\batik-bridge.jar;C:/Xilinx/Vivado/2016.2\lib\classes\batik-codec.jar;C:/Xilinx/Vivado/2016.2\lib\classes\batik-css.jar;C:/Xilinx/Vivado/2016.2\lib\classes\batik-dom.jar;C:/Xilinx/Vivado/2016.2\lib\classes\batik-ext.jar;C:/Xilinx/Vivado/2016.2\lib\classes\batik-gui-util.jar;C:/Xilinx/Vivado/2016.2\lib\classes\batik-gvt.jar;C:/Xilinx/Vivado/2016.2\lib\classes\batik-parser.jar;C:/Xilinx/Vivado/2016.2\lib\classes\batik-script.jar;C:/Xilinx/Vivado/2016.2\lib\classes\batik-svg-dom.jar;C:/Xilinx/Vivado/2016.2\lib\classes\batik-swing.jar;C:/Xilinx/Vivado/2016.2\lib\classes\batik-transcoder.jar;C:/Xilinx/Vivado/2016.2\lib\classes\batik-util.jar;C:/Xilinx/Vivado/2016.2\lib\classes\batik-xml.jar;C:/Xilinx/Vivado/2016.2\lib\classes\commons-math-2.2.jar;C:/Xilinx/Vivado/2016.2\lib\classes\dom4j-1.6.1.jar;C:/Xilinx/Vivado/2016.2\lib\classes\forms.jar;C:/Xilinx/Vivado/2016.2\lib\classes\guava-18.0.jar;C:/Xilinx/Vivado/2016.2\lib\classes\help.jar;C:/Xilinx/Vivado/2016.2\lib\classes\hsqldb.jar;C:/Xilinx/Vivado/2016.2\lib\classes\jh.jar;C:/Xilinx/Vivado/2016.2\lib\classes\jide-action.jar;C:/Xilinx/Vivado/2016.2\lib\classes\jide-charts.jar;C:/Xilinx/Vivado/2016.2\lib\classes\jide-common.jar;C:/Xilinx/Vivado/2016.2\lib\classes\jide-components.jar;C:/Xilinx/Vivado/2016.2\lib\classes\jide-dashboard.jar;C:/Xilinx/Vivado/2016.2\lib\classes\jide-data.jar;C:/Xilinx/Vivado/2016.2\lib\classes\jide-dialogs.jar;C:/Xilinx/Vivado/2016.2\lib\classes\jide-diff.jar;C:/Xilinx/Vivado/2016.2\lib\classes\jide-dock.jar;C:/Xilinx/Vivado/2016.2\lib\classes\jide-editor.jar;C:/Xilinx/Vivado/2016.2\lib\classes\jide-gantt.jar;C:/Xilinx/Vivado/2016.2\lib\classes\jide-grids.jar;C:/Xilinx/Vivado/2016.2\lib\classes\jide-pivot.jar;C:/Xilinx/Vivado/2016.2\lib\classes\jide-plaf-jdk7.jar;C:/Xilinx/Vivado/2
Launcher Type: generic

Environment Variables:
PATH=C:/Xilinx/Vivado/2016.2/bin;C:/Xilinx/Vivado/2016.2/lib/win64.o;C:/Xilinx/Vivado/2016.2/tps/win64/jre/bin/server;C:/Xilinx/Vivado/2016.2/tps/win64/jre/bin;C:/Xilinx/Vivado/2016.2/ids_lite/ISE/bin/nt64;C:/Xilinx/Vivado/2016.2/ids_lite/ISE/lib/nt64;C:/Xilinx/Vivado_HLS/2016.2/bin;C:\Python27\;C:\Python27\Scripts;C:\Program Files\Python35\Scripts\;C:\Program Files\Python35\;C:\Perl64\site\bin;C:\Perl64\bin;C:\ProgramData\Oracle\Java\javapath;C:\windows\system32;C:\windows;C:\windows\System32\Wbem;C:\windows\System32\WindowsPowerShell\v1.0\;C:\Program Files\Microsoft Windows Performance Toolkit\;C:\Program Files\Common Files\Autodesk Shared\;C:\Program Files\Git\cmd;C:\MATLAB\R2015b\bin;C:\Program Files (x86)\Windows Kits\8.1\Windows Performance Toolkit\;C:\Program Files\Microsoft SQL Server\110\Tools\Binn\;C:\Program Files (x86)\PuTTY\
USERNAME=dilsizk
OS=Windows_NT
PROCESSOR_IDENTIFIER=Intel64 Family 6 Model 94 Stepping 3, GenuineIntel



---------------  S Y S T E M  ---------------

OS: Windows 7 , 64 bit Build 7601 (6.1.7601.23455)

CPU:total 8 (4 cores per cpu, 2 threads per core) family 6 model 94 stepping 3, cmov, cx8, fxsr, mmx, sse, sse2, sse3, ssse3, sse4.1, sse4.2, popcnt, avx, avx2, aes, clmul, erms, rtm, 3dnowpref, lzcnt, ht, tsc, tscinvbit, bmi1, bmi2, adx

Memory: 4k page, physical 33457972k(25289628k free), swap 66914084k(58857232k free)

vm_info: Java HotSpot(TM) 64-Bit Server VM (25.66-b18) for windows-amd64 JRE (1.8.0_66-b18), built on Nov  9 2015 10:51:13 by "java_re" with MS VC++ 10.0 (VS2010)

time: Sat Nov 05 12:43:33 2016
elapsed time: 3036 seconds (0d 0h 50m 36s)

