#-----------------------------------------------------------
# Vivado v2016.2 (64-bit)
# SW Build 1577090 on Thu Jun  2 16:32:40 MDT 2016
# IP Build 1577682 on Fri Jun  3 12:00:54 MDT 2016
# Start of session at: Sat Nov 05 12:43:43 2016
# Process ID: 8288
# Current directory: C:/Users/dilsizk/Desktop/ece491/ece491labs/Lab05/project_1
# Command line: vivado.exe -gui_launcher_event rodinguilauncherevent7636 C:\Users\dilsizk\Desktop\ece491\ece491labs\Lab05\project_1\project_1.xpr
# Log file: C:/Users/dilsizk/Desktop/ece491/ece491labs/Lab05/project_1/vivado.log
# Journal file: C:/Users/dilsizk/Desktop/ece491/ece491labs/Lab05/project_1\vivado.jou
#-----------------------------------------------------------
start_gui
open_project C:/Users/dilsizk/Desktop/ece491/ece491labs/Lab05/project_1/project_1.xpr
Scanning sources...
Finished scanning sources
INFO: [IP_Flow 19-234] Refreshing IP repositories
INFO: [IP_Flow 19-1704] No user IP repositories specified
INFO: [IP_Flow 19-2313] Loaded Vivado IP repository 'C:/Xilinx/Vivado/2016.2/data/ip'.
launch_simulation
WARNING: [Vivado 12-3661] Failed to remove file:C:/Users/dilsizk/Desktop/ece491/ece491labs/Lab05/project_1/project_1.sim/sim_1/behav/simulate.log
WARNING: [Vivado 12-3661] Failed to remove file:C:/Users/dilsizk/Desktop/ece491/ece491labs/Lab05/project_1/project_1.sim/sim_1/behav/TopLevelTest_behav.wdb
WARNING: [Vivado 12-3661] Failed to remove file:C:/Users/dilsizk/Desktop/ece491/ece491labs/Lab05/project_1/project_1.sim/sim_1/behav/xelab.pb
INFO: [USF-XSim-27] Simulation object is 'sim_1'
INFO: [USF-XSim-37] Inspecting design source files for 'TopLevelTest' in fileset 'sim_1'...
INFO: [USF-XSim-97] Finding global include files...
INFO: [USF-XSim-100] Fetching design files from 'sources_1'...(this may take a while)...
INFO: [USF-XSim-101] Fetching design files from 'sim_1'...
INFO: [USF-XSim-2] XSim::Compile design
INFO: [USF-XSim-61] Executing 'COMPILE and ANALYZE' step in 'C:/Users/dilsizk/Desktop/ece491/ece491labs/Lab05/project_1/project_1.sim/sim_1/behav'
"xvlog -m64 --relax -prj TopLevelTest_vlog.prj"
INFO: [VRFC 10-2263] Analyzing SystemVerilog file "C:/Users/dilsizk/Desktop/ece491/ece491labs/Lab05/project_1/project_1.srcs/sources_1/new/correlator.sv" into library xil_defaultlib
INFO: [VRFC 10-311] analyzing module correlator
INFO: [VRFC 10-443] port direction not specified for function/task, assuming input [C:/Users/dilsizk/Desktop/ece491/ece491labs/Lab05/project_1/project_1.srcs/sources_1/new/correlator.sv:61]
INFO: [VRFC 10-2263] Analyzing SystemVerilog file "C:/Users/dilsizk/Desktop/ece491/ece491labs/Lab05/project_1/project_1.srcs/sources_1/new/seven_seg.sv" into library xil_defaultlib
INFO: [VRFC 10-311] analyzing module seven_seg
INFO: [VRFC 10-2263] Analyzing SystemVerilog file "C:/Users/dilsizk/Desktop/ece491/ece491labs/Lab05/mux8_parm.sv" into library xil_defaultlib
INFO: [VRFC 10-311] analyzing module mux8_parm
INFO: [VRFC 10-2263] Analyzing SystemVerilog file "C:/Users/dilsizk/Desktop/ece491/ece491labs/Lab05/decoder_3_8_en.sv" into library xil_defaultlib
INFO: [VRFC 10-311] analyzing module decoder_3_8_en
INFO: [VRFC 10-2263] Analyzing SystemVerilog file "C:/Users/dilsizk/Desktop/ece491/ece491labs/Lab05/counter_parm.sv" into library xil_defaultlib
INFO: [VRFC 10-311] analyzing module counter_parm
INFO: [VRFC 10-2263] Analyzing SystemVerilog file "C:/Users/dilsizk/Desktop/ece491/ece491labs/Lab05/project_1/project_1.srcs/sources_1/new/clkenb.sv" into library xil_defaultlib
INFO: [VRFC 10-311] analyzing module clkenb
INFO: [VRFC 10-2263] Analyzing SystemVerilog file "C:/Users/dilsizk/Desktop/ece491/ece491labs/Lab05/project_1/project_1.srcs/sources_1/new/s_fifo4_modified.sv" into library xil_defaultlib
INFO: [VRFC 10-311] analyzing module p_fifo4
INFO: [VRFC 10-2263] Analyzing SystemVerilog file "C:/Users/dilsizk/Desktop/ece491/ece491labs/Lab05/Buffer/m_transmitter.sv" into library xil_defaultlib
INFO: [VRFC 10-311] analyzing module m_transmitter
INFO: [VRFC 10-2458] undeclared symbol TwiceBaudRate, assumed default net type wire [C:/Users/dilsizk/Desktop/ece491/ece491labs/Lab05/Buffer/m_transmitter.sv:35]
INFO: [VRFC 10-2263] Analyzing SystemVerilog file "C:/Users/dilsizk/Desktop/ece491/ece491labs/Lab05/mxtest_2.sv" into library xil_defaultlib
INFO: [VRFC 10-311] analyzing module mxtest_2
INFO: [VRFC 10-2263] Analyzing SystemVerilog file "C:/Users/dilsizk/Desktop/ece491/ece491labs/Lab05/project_1/project_1.srcs/sources_1/new/dispctl.sv" into library xil_defaultlib
INFO: [VRFC 10-311] analyzing module dispctl
INFO: [VRFC 10-2263] Analyzing SystemVerilog file "C:/Users/dilsizk/Desktop/ece491/ece491labs/Lab05/Buffer/async_tran.sv" into library xil_defaultlib
INFO: [VRFC 10-311] analyzing module transmitter
INFO: [VRFC 10-2263] Analyzing SystemVerilog file "C:/Users/dilsizk/Desktop/ece491/ece491labs/Lab05/project_1/project_1.srcs/sources_1/new/mx_rcvr.sv" into library xil_defaultlib
INFO: [VRFC 10-311] analyzing module mx_rcvr
INFO: [VRFC 10-2458] undeclared symbol TwiceBaudRate, assumed default net type wire [C:/Users/dilsizk/Desktop/ece491/ece491labs/Lab05/project_1/project_1.srcs/sources_1/new/mx_rcvr.sv:40]
INFO: [VRFC 10-2458] undeclared symbol reset, assumed default net type wire [C:/Users/dilsizk/Desktop/ece491/ece491labs/Lab05/project_1/project_1.srcs/sources_1/new/mx_rcvr.sv:65]
WARNING: [VRFC 10-756] identifier csum_pre is used before its declaration [C:/Users/dilsizk/Desktop/ece491/ece491labs/Lab05/project_1/project_1.srcs/sources_1/new/mx_rcvr.sv:99]
INFO: [VRFC 10-2263] Analyzing SystemVerilog file "C:/Users/dilsizk/Desktop/ece491/ece491labs/Lab05/project_1/project_1.srcs/sources_1/new/topmodule.sv" into library xil_defaultlib
INFO: [VRFC 10-311] analyzing module topmodule
INFO: [VRFC 10-2458] undeclared symbol BaudRate, assumed default net type wire [C:/Users/dilsizk/Desktop/ece491/ece491labs/Lab05/project_1/project_1.srcs/sources_1/new/topmodule.sv:36]
INFO: [VRFC 10-2458] undeclared symbol BaudRateOutput, assumed default net type wire [C:/Users/dilsizk/Desktop/ece491/ece491labs/Lab05/project_1/project_1.srcs/sources_1/new/topmodule.sv:37]
INFO: [VRFC 10-2458] undeclared symbol BaudRateTen, assumed default net type wire [C:/Users/dilsizk/Desktop/ece491/ece491labs/Lab05/project_1/project_1.srcs/sources_1/new/topmodule.sv:39]
INFO: [VRFC 10-2458] undeclared symbol ready_mtrans_out, assumed default net type wire [C:/Users/dilsizk/Desktop/ece491/ece491labs/Lab05/project_1/project_1.srcs/sources_1/new/topmodule.sv:99]
INFO: [VRFC 10-2458] undeclared symbol write_mr_out, assumed default net type wire [C:/Users/dilsizk/Desktop/ece491/ece491labs/Lab05/project_1/project_1.srcs/sources_1/new/topmodule.sv:113]
INFO: [VRFC 10-2458] undeclared symbol full_fifo_out, assumed default net type wire [C:/Users/dilsizk/Desktop/ece491/ece491labs/Lab05/project_1/project_1.srcs/sources_1/new/topmodule.sv:116]
INFO: [VRFC 10-2458] undeclared symbol empty_fifo_out, assumed default net type wire [C:/Users/dilsizk/Desktop/ece491/ece491labs/Lab05/project_1/project_1.srcs/sources_1/new/topmodule.sv:117]
WARNING: [VRFC 10-756] identifier send_mx_out is used before its declaration [C:/Users/dilsizk/Desktop/ece491/ece491labs/Lab05/project_1/project_1.srcs/sources_1/new/topmodule.sv:55]
WARNING: [VRFC 10-756] identifier read_en_fifo is used before its declaration [C:/Users/dilsizk/Desktop/ece491/ece491labs/Lab05/project_1/project_1.srcs/sources_1/new/topmodule.sv:71]
WARNING: [VRFC 10-756] identifier send_into_trans is used before its declaration [C:/Users/dilsizk/Desktop/ece491/ece491labs/Lab05/project_1/project_1.srcs/sources_1/new/topmodule.sv:73]
INFO: [VRFC 10-2263] Analyzing SystemVerilog file "C:/Users/dilsizk/Desktop/ece491/ece491labs/Lab05/project_1/project_1.srcs/sources_1/new/nexys4DDR.sv" into library xil_defaultlib
INFO: [VRFC 10-311] analyzing module nexys4DDR
INFO: [VRFC 10-2458] undeclared symbol BaudRate, assumed default net type wire [C:/Users/dilsizk/Desktop/ece491/ece491labs/Lab05/project_1/project_1.srcs/sources_1/new/nexys4DDR.sv:66]
INFO: [VRFC 10-2458] undeclared symbol BaudRateTen, assumed default net type wire [C:/Users/dilsizk/Desktop/ece491/ece491labs/Lab05/project_1/project_1.srcs/sources_1/new/nexys4DDR.sv:67]
INFO: [VRFC 10-2458] undeclared symbol read_something, assumed default net type wire [C:/Users/dilsizk/Desktop/ece491/ece491labs/Lab05/project_1/project_1.srcs/sources_1/new/nexys4DDR.sv:188]
INFO: [VRFC 10-2458] undeclared symbol data_m_trans, assumed default net type wire [C:/Users/dilsizk/Desktop/ece491/ece491labs/Lab05/project_1/project_1.srcs/sources_1/new/nexys4DDR.sv:196]
INFO: [VRFC 10-2458] undeclared symbol read_en_fifo2, assumed default net type wire [C:/Users/dilsizk/Desktop/ece491/ece491labs/Lab05/project_1/project_1.srcs/sources_1/new/nexys4DDR.sv:208]
INFO: [VRFC 10-2458] undeclared symbol send_into_trans2, assumed default net type wire [C:/Users/dilsizk/Desktop/ece491/ece491labs/Lab05/project_1/project_1.srcs/sources_1/new/nexys4DDR.sv:209]
INFO: [VRFC 10-2458] undeclared symbol send, assumed default net type wire [C:/Users/dilsizk/Desktop/ece491/ece491labs/Lab05/project_1/project_1.srcs/sources_1/new/nexys4DDR.sv:263]
WARNING: [VRFC 10-756] identifier read_en_fifo is used before its declaration [C:/Users/dilsizk/Desktop/ece491/ece491labs/Lab05/project_1/project_1.srcs/sources_1/new/nexys4DDR.sv:188]
WARNING: [VRFC 10-756] identifier read_en_fifo is used before its declaration [C:/Users/dilsizk/Desktop/ece491/ece491labs/Lab05/project_1/project_1.srcs/sources_1/new/nexys4DDR.sv:208]
WARNING: [VRFC 10-756] identifier send_into_trans is used before its declaration [C:/Users/dilsizk/Desktop/ece491/ece491labs/Lab05/project_1/project_1.srcs/sources_1/new/nexys4DDR.sv:209]
WARNING: [VRFC 10-756] identifier testing is used before its declaration [C:/Users/dilsizk/Desktop/ece491/ece491labs/Lab05/project_1/project_1.srcs/sources_1/new/nexys4DDR.sv:235]
INFO: [VRFC 10-2263] Analyzing SystemVerilog file "C:/Users/dilsizk/Desktop/ece491/ece491labs/Lab05/debounce.sv" into library xil_defaultlib
INFO: [VRFC 10-311] analyzing module debounce
INFO: [VRFC 10-2263] Analyzing SystemVerilog file "C:/Users/dilsizk/Desktop/ece491/ece491labs/Lab05/Buffer/fifo_4.sv" into library xil_defaultlib
INFO: [VRFC 10-311] analyzing module p_fifo
INFO: [VRFC 10-2458] undeclared symbol BaudRate, assumed default net type wire [C:/Users/dilsizk/Desktop/ece491/ece491labs/Lab05/Buffer/fifo_4.sv:10]
INFO: [VRFC 10-2458] undeclared symbol BaudRateeight, assumed default net type wire [C:/Users/dilsizk/Desktop/ece491/ece491labs/Lab05/Buffer/fifo_4.sv:11]
INFO: [VRFC 10-2263] Analyzing SystemVerilog file "C:/Users/dilsizk/Desktop/ece491/ece491labs/Lab05/project_1/project_1.srcs/sources_1/new/check_p.sv" into library xil_defaultlib
INFO: [VRFC 10-443] port direction not specified for function/task, assuming input [C:/Users/dilsizk/Desktop/ece491/ece491labs/Lab05/project_1/project_1.srcs/sources_1/new/check_p.sv:84]
INFO: [VRFC 10-2263] Analyzing SystemVerilog file "C:/Users/dilsizk/Desktop/ece491/ece491labs/Lab05/project_1/project_1.srcs/sources_1/new/decoder_rxd.sv" into library xil_defaultlib
INFO: [VRFC 10-311] analyzing module decoder_rxd_data
INFO: [VRFC 10-2263] Analyzing SystemVerilog file "C:/Users/dilsizk/Desktop/ece491/ece491labs/Lab05/Buffer/check_p.sv" into library xil_defaultlib
INFO: [VRFC 10-443] port direction not specified for function/task, assuming input [C:/Users/dilsizk/Desktop/ece491/ece491labs/Lab05/Buffer/check_p.sv:85]
INFO: [VRFC 10-2263] Analyzing SystemVerilog file "C:/Users/dilsizk/Desktop/ece491/ece491labs/Lab05/Buffer/nexys4DDR.sv" into library xil_defaultlib
INFO: [VRFC 10-311] analyzing module nexys4DDR2
INFO: [VRFC 10-2263] Analyzing SystemVerilog file "C:/Users/dilsizk/Desktop/ece491/ece491labs/Lab05/project_1/project_1.srcs/sources_1/new/register.sv" into library xil_defaultlib
INFO: [VRFC 10-311] analyzing module register
INFO: [VRFC 10-2263] Analyzing SystemVerilog file "C:/Users/dilsizk/Desktop/ece491/ece491labs/Lab05/project_1/project_1.srcs/sim_1/new/TopLevelTest.sv" into library xil_defaultlib
INFO: [VRFC 10-311] analyzing module TopLevelTest
INFO: [VRFC 10-2458] undeclared symbol outdata, assumed default net type wire [C:/Users/dilsizk/Desktop/ece491/ece491labs/Lab05/project_1/project_1.srcs/sim_1/new/TopLevelTest.sv:45]
INFO: [VRFC 10-2458] undeclared symbol outdata_copy, assumed default net type wire [C:/Users/dilsizk/Desktop/ece491/ece491labs/Lab05/project_1/project_1.srcs/sim_1/new/TopLevelTest.sv:46]
INFO: [VRFC 10-2458] undeclared symbol BaudRate, assumed default net type wire [C:/Users/dilsizk/Desktop/ece491/ece491labs/Lab05/project_1/project_1.srcs/sim_1/new/TopLevelTest.sv:61]
INFO: [VRFC 10-2263] Analyzing SystemVerilog file "C:/Users/dilsizk/Desktop/ece491/ece491labs/Lab05/project_1/project_1.srcs/sources_1/new/rcvrTEST.sv" into library xil_defaultlib
INFO: [VRFC 10-311] analyzing module rcvrTEST
WARNING: [VRFC 10-756] identifier noise_error is used before its declaration [C:/Users/dilsizk/Desktop/ece491/ece491labs/Lab05/project_1/project_1.srcs/sources_1/new/rcvrTEST.sv:157]
WARNING: [VRFC 10-756] identifier noise_error is used before its declaration [C:/Users/dilsizk/Desktop/ece491/ece491labs/Lab05/project_1/project_1.srcs/sources_1/new/rcvrTEST.sv:158]
INFO: [VRFC 10-2263] Analyzing SystemVerilog file "C:/Users/dilsizk/Desktop/ece491/ece491labs/Lab05/project_1/project_1.srcs/sim_1/new/mx_rcvr_testbench.sv" into library xil_defaultlib
INFO: [VRFC 10-311] analyzing module mx_rcvr_testbench
INFO: [VRFC 10-2263] Analyzing SystemVerilog file "C:/Users/dilsizk/Desktop/ece491/ece491labs/Lab05/project_1/project_1.srcs/sim_1/new/clkenbTEST.sv" into library xil_defaultlib
INFO: [VRFC 10-311] analyzing module clkenbTEST
INFO: [VRFC 10-2263] Analyzing SystemVerilog file "C:/Users/dilsizk/Desktop/ece491/ece491labs/Lab05/project_1/project_1.srcs/sim_1/new/correlatortest.sv" into library xil_defaultlib
INFO: [VRFC 10-311] analyzing module correlatortest
INFO: [VRFC 10-2263] Analyzing SystemVerilog file "C:/Users/dilsizk/Desktop/ece491/ece491labs/Lab05/TransmitterTest.sv" into library xil_defaultlib
INFO: [VRFC 10-311] analyzing module TransmitterTest
INFO: [VRFC 10-2263] Analyzing SystemVerilog file "C:/Users/dilsizk/Desktop/ece491/ece491labs/Lab05/Buffer/FIFO_ASYC_TRAN.sv" into library xil_defaultlib
INFO: [VRFC 10-311] analyzing module FIFO_ASYC_TRAN
INFO: [VRFC 10-2263] Analyzing Verilog file "C:/Users/dilsizk/Desktop/ece491/ece491labs/Lab05/project_1/project_1.sim/sim_1/behav/glbl.v" into library xil_defaultlib
INFO: [VRFC 10-311] analyzing module glbl
INFO: [USF-XSim-69] 'compile' step finished in '3' seconds
INFO: [USF-XSim-3] XSim::Elaborate design
INFO: [USF-XSim-61] Executing 'ELABORATE' step in 'C:/Users/dilsizk/Desktop/ece491/ece491labs/Lab05/project_1/project_1.sim/sim_1/behav'
Vivado Simulator 2016.2
Copyright 1986-1999, 2001-2016 Xilinx, Inc. All Rights Reserved.
Running: C:/Xilinx/Vivado/2016.2/bin/unwrapped/win64.o/xelab.exe -wto 64509da5ccbe4025bf09a7c32099ad77 --debug typical --relax --mt 2 -L xil_defaultlib -L unisims_ver -L unimacro_ver -L secureip --snapshot TopLevelTest_behav xil_defaultlib.TopLevelTest xil_defaultlib.glbl -log elaborate.log 
Using 2 slave threads.
Starting static elaboration
WARNING: [VRFC 10-278] actual bit length 8 differs from formal bit length 12 for port replace [C:/Users/dilsizk/Desktop/ece491/ece491labs/Lab05/project_1/project_1.srcs/sources_1/new/mx_rcvr.sv:154]
WARNING: [VRFC 10-278] actual bit length 4 differs from formal bit length 5 for port csum [C:/Users/dilsizk/Desktop/ece491/ece491labs/Lab05/project_1/project_1.srcs/sources_1/new/mx_rcvr.sv:155]
Completed static elaboration
Starting simulation data flow analysis
Completed simulation data flow analysis
Time Resolution for simulation is 1ps
Compiling module xil_defaultlib.clkenb(DIVFREQ=50000)
Compiling module xil_defaultlib.clkenb(DIVFREQ=19200)
Compiling module xil_defaultlib.clkenb(DIVFREQ=1920)
Compiling module xil_defaultlib.transmitter(BAUD=19200)
Compiling module xil_defaultlib.clkenb(DIVFREQ=100000)
Compiling module xil_defaultlib.m_transmitter(BAUD=50000)
Compiling module xil_defaultlib.p_fifo4(numBits=64)
Compiling module xil_defaultlib.mxtest_2(WAIT_TIME=2000000)
Compiling module xil_defaultlib.clkenb(DIVFREQ=800000)
Compiling module xil_defaultlib.correlator(LEN=8,PATTERN=8'b1010...
Compiling module xil_defaultlib.correlator(LEN=8,PATTERN=8'b1101...
Compiling module xil_defaultlib.correlator(LEN=12,PATTERN=12'b11...
Compiling module xil_defaultlib.correlator(LEN=8,PATTERN=8'b1111...
Compiling module xil_defaultlib.mx_rcvr(BAUD=50000)
Compiling module xil_defaultlib.mux8_parm(W=1)
Compiling module xil_defaultlib.counter_parm(W=3)
Compiling module xil_defaultlib.decoder_3_8_en
Compiling module xil_defaultlib.seven_seg
Compiling module xil_defaultlib.clkenb(DIVFREQ=1000)
Compiling module xil_defaultlib.dispctl
Compiling module xil_defaultlib.topmodule(BAUD=50000)
Compiling module xil_defaultlib.TopLevelTest
Compiling module xil_defaultlib.glbl
Built simulation snapshot TopLevelTest_behav

****** Webtalk v2016.2 (64-bit)
  **** SW Build 1577090 on Thu Jun  2 16:32:40 MDT 2016
  **** IP Build 1577682 on Fri Jun  3 12:00:54 MDT 2016
    ** Copyright 1986-2016 Xilinx, Inc. All Rights Reserved.

source C:/Users/dilsizk/Desktop/ece491/ece491labs/Lab05/project_1/project_1.sim/sim_1/behav/xsim.dir/TopLevelTest_behav/webtalk/xsim_webtalk.tcl -notrace
INFO: [Common 17-206] Exiting Webtalk at Sat Nov 05 12:44:21 2016...
INFO: [USF-XSim-69] 'elaborate' step finished in '2' seconds
INFO: [USF-XSim-4] XSim::Simulate design
INFO: [USF-XSim-61] Executing 'SIMULATE' step in 'C:/Users/dilsizk/Desktop/ece491/ece491labs/Lab05/project_1/project_1.sim/sim_1/behav'
INFO: [USF-XSim-98] *** Running xsim
   with args "TopLevelTest_behav -key {Behavioral:sim_1:Functional:TopLevelTest} -tclbatch {TopLevelTest.tcl} -log {simulate.log}"
INFO: [USF-XSim-8] Loading simulator feature
Vivado Simulator 2016.2
Time resolution is 1 ps
source TopLevelTest.tcl
# set curr_wave [current_wave_config]
# if { [string length $curr_wave] == 0 } {
#   if { [llength [get_objects]] > 0} {
#     add_wave /
#     set_property needs_save false [current_wave_config]
#   } else {
#      send_msg_id Add_Wave-1 WARNING "No top level signals found. Simulator will start without a wave window. If you want to open a wave window go to 'File->New Waveform Configuration' or type 'create_wave_config' in the TCL console."
#   }
# }
# run 1000ns
INFO: [USF-XSim-96] XSim completed. Design snapshot 'TopLevelTest_behav' loaded.
INFO: [USF-XSim-97] XSim simulation ran for 1000ns
launch_simulation: Time (s): cpu = 00:00:03 ; elapsed = 00:00:07 . Memory (MB): peak = 844.738 ; gain = 0.000
restart
INFO: [Simtcl 6-17] Simulation restarted
run 4500 us
restart
INFO: [Simtcl 6-17] Simulation restarted
run 4500 us
restart
INFO: [Simtcl 6-17] Simulation restarted
run 4500 us
restart
INFO: [Simtcl 6-17] Simulation restarted
run 4500 us
restart
INFO: [Simtcl 6-17] Simulation restarted
run 4500 us
relaunch_sim
INFO: [USF-XSim-27] Simulation object is 'sim_1'
INFO: [USF-XSim-37] Inspecting design source files for 'TopLevelTest' in fileset 'sim_1'...
INFO: [USF-XSim-97] Finding global include files...
INFO: [USF-XSim-100] Fetching design files from 'sources_1'...(this may take a while)...
INFO: [USF-XSim-101] Fetching design files from 'sim_1'...
INFO: [USF-XSim-2] XSim::Compile design
INFO: [USF-XSim-61] Executing 'COMPILE and ANALYZE' step in 'C:/Users/dilsizk/Desktop/ece491/ece491labs/Lab05/project_1/project_1.sim/sim_1/behav'
"xvlog -m64 --relax -prj TopLevelTest_vlog.prj"
INFO: [VRFC 10-2263] Analyzing SystemVerilog file "C:/Users/dilsizk/Desktop/ece491/ece491labs/Lab05/project_1/project_1.srcs/sources_1/new/correlator.sv" into library xil_defaultlib
INFO: [VRFC 10-311] analyzing module correlator
INFO: [VRFC 10-443] port direction not specified for function/task, assuming input [C:/Users/dilsizk/Desktop/ece491/ece491labs/Lab05/project_1/project_1.srcs/sources_1/new/correlator.sv:61]
INFO: [VRFC 10-2263] Analyzing SystemVerilog file "C:/Users/dilsizk/Desktop/ece491/ece491labs/Lab05/project_1/project_1.srcs/sources_1/new/seven_seg.sv" into library xil_defaultlib
INFO: [VRFC 10-311] analyzing module seven_seg
INFO: [VRFC 10-2263] Analyzing SystemVerilog file "C:/Users/dilsizk/Desktop/ece491/ece491labs/Lab05/mux8_parm.sv" into library xil_defaultlib
INFO: [VRFC 10-311] analyzing module mux8_parm
INFO: [VRFC 10-2263] Analyzing SystemVerilog file "C:/Users/dilsizk/Desktop/ece491/ece491labs/Lab05/decoder_3_8_en.sv" into library xil_defaultlib
INFO: [VRFC 10-311] analyzing module decoder_3_8_en
INFO: [VRFC 10-2263] Analyzing SystemVerilog file "C:/Users/dilsizk/Desktop/ece491/ece491labs/Lab05/counter_parm.sv" into library xil_defaultlib
INFO: [VRFC 10-311] analyzing module counter_parm
INFO: [VRFC 10-2263] Analyzing SystemVerilog file "C:/Users/dilsizk/Desktop/ece491/ece491labs/Lab05/project_1/project_1.srcs/sources_1/new/clkenb.sv" into library xil_defaultlib
INFO: [VRFC 10-311] analyzing module clkenb
INFO: [VRFC 10-2263] Analyzing SystemVerilog file "C:/Users/dilsizk/Desktop/ece491/ece491labs/Lab05/project_1/project_1.srcs/sources_1/new/s_fifo4_modified.sv" into library xil_defaultlib
INFO: [VRFC 10-311] analyzing module p_fifo4
INFO: [VRFC 10-2263] Analyzing SystemVerilog file "C:/Users/dilsizk/Desktop/ece491/ece491labs/Lab05/Buffer/m_transmitter.sv" into library xil_defaultlib
INFO: [VRFC 10-311] analyzing module m_transmitter
INFO: [VRFC 10-2458] undeclared symbol TwiceBaudRate, assumed default net type wire [C:/Users/dilsizk/Desktop/ece491/ece491labs/Lab05/Buffer/m_transmitter.sv:35]
INFO: [VRFC 10-2263] Analyzing SystemVerilog file "C:/Users/dilsizk/Desktop/ece491/ece491labs/Lab05/mxtest_2.sv" into library xil_defaultlib
INFO: [VRFC 10-311] analyzing module mxtest_2
INFO: [VRFC 10-2263] Analyzing SystemVerilog file "C:/Users/dilsizk/Desktop/ece491/ece491labs/Lab05/project_1/project_1.srcs/sources_1/new/dispctl.sv" into library xil_defaultlib
INFO: [VRFC 10-311] analyzing module dispctl
INFO: [VRFC 10-2263] Analyzing SystemVerilog file "C:/Users/dilsizk/Desktop/ece491/ece491labs/Lab05/Buffer/async_tran.sv" into library xil_defaultlib
INFO: [VRFC 10-311] analyzing module transmitter
INFO: [VRFC 10-2263] Analyzing SystemVerilog file "C:/Users/dilsizk/Desktop/ece491/ece491labs/Lab05/project_1/project_1.srcs/sources_1/new/mx_rcvr.sv" into library xil_defaultlib
INFO: [VRFC 10-311] analyzing module mx_rcvr
INFO: [VRFC 10-2458] undeclared symbol TwiceBaudRate, assumed default net type wire [C:/Users/dilsizk/Desktop/ece491/ece491labs/Lab05/project_1/project_1.srcs/sources_1/new/mx_rcvr.sv:40]
INFO: [VRFC 10-2458] undeclared symbol reset, assumed default net type wire [C:/Users/dilsizk/Desktop/ece491/ece491labs/Lab05/project_1/project_1.srcs/sources_1/new/mx_rcvr.sv:65]
WARNING: [VRFC 10-756] identifier csum_pre is used before its declaration [C:/Users/dilsizk/Desktop/ece491/ece491labs/Lab05/project_1/project_1.srcs/sources_1/new/mx_rcvr.sv:99]
INFO: [VRFC 10-2263] Analyzing SystemVerilog file "C:/Users/dilsizk/Desktop/ece491/ece491labs/Lab05/project_1/project_1.srcs/sources_1/new/topmodule.sv" into library xil_defaultlib
INFO: [VRFC 10-311] analyzing module topmodule
INFO: [VRFC 10-2458] undeclared symbol BaudRate, assumed default net type wire [C:/Users/dilsizk/Desktop/ece491/ece491labs/Lab05/project_1/project_1.srcs/sources_1/new/topmodule.sv:36]
INFO: [VRFC 10-2458] undeclared symbol BaudRateOutput, assumed default net type wire [C:/Users/dilsizk/Desktop/ece491/ece491labs/Lab05/project_1/project_1.srcs/sources_1/new/topmodule.sv:37]
INFO: [VRFC 10-2458] undeclared symbol BaudRateTen, assumed default net type wire [C:/Users/dilsizk/Desktop/ece491/ece491labs/Lab05/project_1/project_1.srcs/sources_1/new/topmodule.sv:39]
INFO: [VRFC 10-2458] undeclared symbol ready_mtrans_out, assumed default net type wire [C:/Users/dilsizk/Desktop/ece491/ece491labs/Lab05/project_1/project_1.srcs/sources_1/new/topmodule.sv:99]
INFO: [VRFC 10-2458] undeclared symbol write_mr_out, assumed default net type wire [C:/Users/dilsizk/Desktop/ece491/ece491labs/Lab05/project_1/project_1.srcs/sources_1/new/topmodule.sv:113]
INFO: [VRFC 10-2458] undeclared symbol full_fifo_out, assumed default net type wire [C:/Users/dilsizk/Desktop/ece491/ece491labs/Lab05/project_1/project_1.srcs/sources_1/new/topmodule.sv:116]
INFO: [VRFC 10-2458] undeclared symbol empty_fifo_out, assumed default net type wire [C:/Users/dilsizk/Desktop/ece491/ece491labs/Lab05/project_1/project_1.srcs/sources_1/new/topmodule.sv:117]
WARNING: [VRFC 10-756] identifier send_mx_out is used before its declaration [C:/Users/dilsizk/Desktop/ece491/ece491labs/Lab05/project_1/project_1.srcs/sources_1/new/topmodule.sv:55]
WARNING: [VRFC 10-756] identifier read_en_fifo is used before its declaration [C:/Users/dilsizk/Desktop/ece491/ece491labs/Lab05/project_1/project_1.srcs/sources_1/new/topmodule.sv:71]
WARNING: [VRFC 10-756] identifier send_into_trans is used before its declaration [C:/Users/dilsizk/Desktop/ece491/ece491labs/Lab05/project_1/project_1.srcs/sources_1/new/topmodule.sv:73]
INFO: [VRFC 10-2263] Analyzing SystemVerilog file "C:/Users/dilsizk/Desktop/ece491/ece491labs/Lab05/project_1/project_1.srcs/sources_1/new/nexys4DDR.sv" into library xil_defaultlib
INFO: [VRFC 10-311] analyzing module nexys4DDR
INFO: [VRFC 10-2458] undeclared symbol BaudRate, assumed default net type wire [C:/Users/dilsizk/Desktop/ece491/ece491labs/Lab05/project_1/project_1.srcs/sources_1/new/nexys4DDR.sv:66]
INFO: [VRFC 10-2458] undeclared symbol BaudRateTen, assumed default net type wire [C:/Users/dilsizk/Desktop/ece491/ece491labs/Lab05/project_1/project_1.srcs/sources_1/new/nexys4DDR.sv:67]
INFO: [VRFC 10-2458] undeclared symbol read_something, assumed default net type wire [C:/Users/dilsizk/Desktop/ece491/ece491labs/Lab05/project_1/project_1.srcs/sources_1/new/nexys4DDR.sv:188]
INFO: [VRFC 10-2458] undeclared symbol data_m_trans, assumed default net type wire [C:/Users/dilsizk/Desktop/ece491/ece491labs/Lab05/project_1/project_1.srcs/sources_1/new/nexys4DDR.sv:196]
INFO: [VRFC 10-2458] undeclared symbol read_en_fifo2, assumed default net type wire [C:/Users/dilsizk/Desktop/ece491/ece491labs/Lab05/project_1/project_1.srcs/sources_1/new/nexys4DDR.sv:208]
INFO: [VRFC 10-2458] undeclared symbol send_into_trans2, assumed default net type wire [C:/Users/dilsizk/Desktop/ece491/ece491labs/Lab05/project_1/project_1.srcs/sources_1/new/nexys4DDR.sv:209]
INFO: [VRFC 10-2458] undeclared symbol send, assumed default net type wire [C:/Users/dilsizk/Desktop/ece491/ece491labs/Lab05/project_1/project_1.srcs/sources_1/new/nexys4DDR.sv:263]
WARNING: [VRFC 10-756] identifier read_en_fifo is used before its declaration [C:/Users/dilsizk/Desktop/ece491/ece491labs/Lab05/project_1/project_1.srcs/sources_1/new/nexys4DDR.sv:188]
WARNING: [VRFC 10-756] identifier read_en_fifo is used before its declaration [C:/Users/dilsizk/Desktop/ece491/ece491labs/Lab05/project_1/project_1.srcs/sources_1/new/nexys4DDR.sv:208]
WARNING: [VRFC 10-756] identifier send_into_trans is used before its declaration [C:/Users/dilsizk/Desktop/ece491/ece491labs/Lab05/project_1/project_1.srcs/sources_1/new/nexys4DDR.sv:209]
WARNING: [VRFC 10-756] identifier testing is used before its declaration [C:/Users/dilsizk/Desktop/ece491/ece491labs/Lab05/project_1/project_1.srcs/sources_1/new/nexys4DDR.sv:235]
INFO: [VRFC 10-2263] Analyzing SystemVerilog file "C:/Users/dilsizk/Desktop/ece491/ece491labs/Lab05/debounce.sv" into library xil_defaultlib
INFO: [VRFC 10-311] analyzing module debounce
INFO: [VRFC 10-2263] Analyzing SystemVerilog file "C:/Users/dilsizk/Desktop/ece491/ece491labs/Lab05/Buffer/fifo_4.sv" into library xil_defaultlib
INFO: [VRFC 10-311] analyzing module p_fifo
INFO: [VRFC 10-2458] undeclared symbol BaudRate, assumed default net type wire [C:/Users/dilsizk/Desktop/ece491/ece491labs/Lab05/Buffer/fifo_4.sv:10]
INFO: [VRFC 10-2458] undeclared symbol BaudRateeight, assumed default net type wire [C:/Users/dilsizk/Desktop/ece491/ece491labs/Lab05/Buffer/fifo_4.sv:11]
INFO: [VRFC 10-2263] Analyzing SystemVerilog file "C:/Users/dilsizk/Desktop/ece491/ece491labs/Lab05/project_1/project_1.srcs/sources_1/new/check_p.sv" into library xil_defaultlib
INFO: [VRFC 10-443] port direction not specified for function/task, assuming input [C:/Users/dilsizk/Desktop/ece491/ece491labs/Lab05/project_1/project_1.srcs/sources_1/new/check_p.sv:84]
INFO: [VRFC 10-2263] Analyzing SystemVerilog file "C:/Users/dilsizk/Desktop/ece491/ece491labs/Lab05/project_1/project_1.srcs/sources_1/new/decoder_rxd.sv" into library xil_defaultlib
INFO: [VRFC 10-311] analyzing module decoder_rxd_data
INFO: [VRFC 10-2263] Analyzing SystemVerilog file "C:/Users/dilsizk/Desktop/ece491/ece491labs/Lab05/Buffer/check_p.sv" into library xil_defaultlib
INFO: [VRFC 10-443] port direction not specified for function/task, assuming input [C:/Users/dilsizk/Desktop/ece491/ece491labs/Lab05/Buffer/check_p.sv:85]
INFO: [VRFC 10-2263] Analyzing SystemVerilog file "C:/Users/dilsizk/Desktop/ece491/ece491labs/Lab05/Buffer/nexys4DDR.sv" into library xil_defaultlib
INFO: [VRFC 10-311] analyzing module nexys4DDR2
INFO: [VRFC 10-2263] Analyzing SystemVerilog file "C:/Users/dilsizk/Desktop/ece491/ece491labs/Lab05/project_1/project_1.srcs/sources_1/new/register.sv" into library xil_defaultlib
INFO: [VRFC 10-311] analyzing module register
INFO: [VRFC 10-2263] Analyzing SystemVerilog file "C:/Users/dilsizk/Desktop/ece491/ece491labs/Lab05/project_1/project_1.srcs/sim_1/new/TopLevelTest.sv" into library xil_defaultlib
INFO: [VRFC 10-311] analyzing module TopLevelTest
INFO: [VRFC 10-2458] undeclared symbol outdata, assumed default net type wire [C:/Users/dilsizk/Desktop/ece491/ece491labs/Lab05/project_1/project_1.srcs/sim_1/new/TopLevelTest.sv:45]
INFO: [VRFC 10-2458] undeclared symbol outdata_copy, assumed default net type wire [C:/Users/dilsizk/Desktop/ece491/ece491labs/Lab05/project_1/project_1.srcs/sim_1/new/TopLevelTest.sv:46]
INFO: [VRFC 10-2458] undeclared symbol BaudRate, assumed default net type wire [C:/Users/dilsizk/Desktop/ece491/ece491labs/Lab05/project_1/project_1.srcs/sim_1/new/TopLevelTest.sv:61]
INFO: [VRFC 10-2263] Analyzing SystemVerilog file "C:/Users/dilsizk/Desktop/ece491/ece491labs/Lab05/project_1/project_1.srcs/sources_1/new/rcvrTEST.sv" into library xil_defaultlib
INFO: [VRFC 10-311] analyzing module rcvrTEST
WARNING: [VRFC 10-756] identifier noise_error is used before its declaration [C:/Users/dilsizk/Desktop/ece491/ece491labs/Lab05/project_1/project_1.srcs/sources_1/new/rcvrTEST.sv:157]
WARNING: [VRFC 10-756] identifier noise_error is used before its declaration [C:/Users/dilsizk/Desktop/ece491/ece491labs/Lab05/project_1/project_1.srcs/sources_1/new/rcvrTEST.sv:158]
INFO: [VRFC 10-2263] Analyzing SystemVerilog file "C:/Users/dilsizk/Desktop/ece491/ece491labs/Lab05/project_1/project_1.srcs/sim_1/new/mx_rcvr_testbench.sv" into library xil_defaultlib
INFO: [VRFC 10-311] analyzing module mx_rcvr_testbench
INFO: [VRFC 10-2263] Analyzing SystemVerilog file "C:/Users/dilsizk/Desktop/ece491/ece491labs/Lab05/project_1/project_1.srcs/sim_1/new/clkenbTEST.sv" into library xil_defaultlib
INFO: [VRFC 10-311] analyzing module clkenbTEST
INFO: [VRFC 10-2263] Analyzing SystemVerilog file "C:/Users/dilsizk/Desktop/ece491/ece491labs/Lab05/project_1/project_1.srcs/sim_1/new/correlatortest.sv" into library xil_defaultlib
INFO: [VRFC 10-311] analyzing module correlatortest
INFO: [VRFC 10-2263] Analyzing SystemVerilog file "C:/Users/dilsizk/Desktop/ece491/ece491labs/Lab05/TransmitterTest.sv" into library xil_defaultlib
INFO: [VRFC 10-311] analyzing module TransmitterTest
INFO: [VRFC 10-2263] Analyzing SystemVerilog file "C:/Users/dilsizk/Desktop/ece491/ece491labs/Lab05/Buffer/FIFO_ASYC_TRAN.sv" into library xil_defaultlib
INFO: [VRFC 10-311] analyzing module FIFO_ASYC_TRAN
INFO: [VRFC 10-2263] Analyzing Verilog file "C:/Users/dilsizk/Desktop/ece491/ece491labs/Lab05/project_1/project_1.sim/sim_1/behav/glbl.v" into library xil_defaultlib
INFO: [VRFC 10-311] analyzing module glbl
INFO: [USF-XSim-69] 'compile' step finished in '3' seconds
INFO: [USF-XSim-3] XSim::Elaborate design
INFO: [USF-XSim-61] Executing 'ELABORATE' step in 'C:/Users/dilsizk/Desktop/ece491/ece491labs/Lab05/project_1/project_1.sim/sim_1/behav'
Vivado Simulator 2016.2
Copyright 1986-1999, 2001-2016 Xilinx, Inc. All Rights Reserved.
Running: C:/Xilinx/Vivado/2016.2/bin/unwrapped/win64.o/xelab.exe -wto 64509da5ccbe4025bf09a7c32099ad77 --debug typical --relax --mt 2 -L xil_defaultlib -L unisims_ver -L unimacro_ver -L secureip --snapshot TopLevelTest_behav xil_defaultlib.TopLevelTest xil_defaultlib.glbl -log elaborate.log 
Using 2 slave threads.
Starting static elaboration
WARNING: [VRFC 10-278] actual bit length 8 differs from formal bit length 12 for port replace [C:/Users/dilsizk/Desktop/ece491/ece491labs/Lab05/project_1/project_1.srcs/sources_1/new/mx_rcvr.sv:154]
WARNING: [VRFC 10-278] actual bit length 4 differs from formal bit length 5 for port csum [C:/Users/dilsizk/Desktop/ece491/ece491labs/Lab05/project_1/project_1.srcs/sources_1/new/mx_rcvr.sv:155]
Completed static elaboration
Starting simulation data flow analysis
Completed simulation data flow analysis
Time Resolution for simulation is 1ps
Compiling module xil_defaultlib.clkenb(DIVFREQ=50000)
Compiling module xil_defaultlib.clkenb(DIVFREQ=19200)
Compiling module xil_defaultlib.clkenb(DIVFREQ=1920)
Compiling module xil_defaultlib.transmitter(BAUD=19200)
Compiling module xil_defaultlib.clkenb(DIVFREQ=100000)
Compiling module xil_defaultlib.m_transmitter(BAUD=50000)
Compiling module xil_defaultlib.p_fifo4(numBits=64)
Compiling module xil_defaultlib.mxtest_2(WAIT_TIME=2000000)
Compiling module xil_defaultlib.clkenb(DIVFREQ=800000)
Compiling module xil_defaultlib.correlator(LEN=8,PATTERN=8'b1010...
Compiling module xil_defaultlib.correlator(LEN=8,PATTERN=8'b1101...
Compiling module xil_defaultlib.correlator(LEN=12,PATTERN=12'b11...
Compiling module xil_defaultlib.correlator(LEN=8,PATTERN=8'b1111...
Compiling module xil_defaultlib.mx_rcvr(BAUD=50000)
Compiling module xil_defaultlib.mux8_parm(W=1)
Compiling module xil_defaultlib.counter_parm(W=3)
Compiling module xil_defaultlib.decoder_3_8_en
Compiling module xil_defaultlib.seven_seg
Compiling module xil_defaultlib.clkenb(DIVFREQ=1000)
Compiling module xil_defaultlib.dispctl
Compiling module xil_defaultlib.topmodule(BAUD=50000)
Compiling module xil_defaultlib.TopLevelTest
Compiling module xil_defaultlib.glbl
Built simulation snapshot TopLevelTest_behav
INFO: [USF-XSim-69] 'elaborate' step finished in '1' seconds
Vivado Simulator 2016.2
Time resolution is 1 ps
relaunch_sim: Time (s): cpu = 00:00:01 ; elapsed = 00:00:07 . Memory (MB): peak = 897.309 ; gain = 0.000
run 4500 us
relaunch_sim
INFO: [USF-XSim-27] Simulation object is 'sim_1'
INFO: [USF-XSim-37] Inspecting design source files for 'TopLevelTest' in fileset 'sim_1'...
INFO: [USF-XSim-97] Finding global include files...
INFO: [USF-XSim-100] Fetching design files from 'sources_1'...(this may take a while)...
INFO: [USF-XSim-101] Fetching design files from 'sim_1'...
INFO: [USF-XSim-2] XSim::Compile design
INFO: [USF-XSim-61] Executing 'COMPILE and ANALYZE' step in 'C:/Users/dilsizk/Desktop/ece491/ece491labs/Lab05/project_1/project_1.sim/sim_1/behav'
"xvlog -m64 --relax -prj TopLevelTest_vlog.prj"
INFO: [VRFC 10-2263] Analyzing SystemVerilog file "C:/Users/dilsizk/Desktop/ece491/ece491labs/Lab05/project_1/project_1.srcs/sources_1/new/correlator.sv" into library xil_defaultlib
INFO: [VRFC 10-311] analyzing module correlator
INFO: [VRFC 10-443] port direction not specified for function/task, assuming input [C:/Users/dilsizk/Desktop/ece491/ece491labs/Lab05/project_1/project_1.srcs/sources_1/new/correlator.sv:61]
INFO: [VRFC 10-2263] Analyzing SystemVerilog file "C:/Users/dilsizk/Desktop/ece491/ece491labs/Lab05/project_1/project_1.srcs/sources_1/new/seven_seg.sv" into library xil_defaultlib
INFO: [VRFC 10-311] analyzing module seven_seg
INFO: [VRFC 10-2263] Analyzing SystemVerilog file "C:/Users/dilsizk/Desktop/ece491/ece491labs/Lab05/mux8_parm.sv" into library xil_defaultlib
INFO: [VRFC 10-311] analyzing module mux8_parm
INFO: [VRFC 10-2263] Analyzing SystemVerilog file "C:/Users/dilsizk/Desktop/ece491/ece491labs/Lab05/decoder_3_8_en.sv" into library xil_defaultlib
INFO: [VRFC 10-311] analyzing module decoder_3_8_en
INFO: [VRFC 10-2263] Analyzing SystemVerilog file "C:/Users/dilsizk/Desktop/ece491/ece491labs/Lab05/counter_parm.sv" into library xil_defaultlib
INFO: [VRFC 10-311] analyzing module counter_parm
INFO: [VRFC 10-2263] Analyzing SystemVerilog file "C:/Users/dilsizk/Desktop/ece491/ece491labs/Lab05/project_1/project_1.srcs/sources_1/new/clkenb.sv" into library xil_defaultlib
INFO: [VRFC 10-311] analyzing module clkenb
INFO: [VRFC 10-2263] Analyzing SystemVerilog file "C:/Users/dilsizk/Desktop/ece491/ece491labs/Lab05/project_1/project_1.srcs/sources_1/new/s_fifo4_modified.sv" into library xil_defaultlib
INFO: [VRFC 10-311] analyzing module p_fifo4
INFO: [VRFC 10-2263] Analyzing SystemVerilog file "C:/Users/dilsizk/Desktop/ece491/ece491labs/Lab05/Buffer/m_transmitter.sv" into library xil_defaultlib
INFO: [VRFC 10-311] analyzing module m_transmitter
INFO: [VRFC 10-2458] undeclared symbol TwiceBaudRate, assumed default net type wire [C:/Users/dilsizk/Desktop/ece491/ece491labs/Lab05/Buffer/m_transmitter.sv:35]
INFO: [VRFC 10-2263] Analyzing SystemVerilog file "C:/Users/dilsizk/Desktop/ece491/ece491labs/Lab05/mxtest_2.sv" into library xil_defaultlib
INFO: [VRFC 10-311] analyzing module mxtest_2
INFO: [VRFC 10-2263] Analyzing SystemVerilog file "C:/Users/dilsizk/Desktop/ece491/ece491labs/Lab05/project_1/project_1.srcs/sources_1/new/dispctl.sv" into library xil_defaultlib
INFO: [VRFC 10-311] analyzing module dispctl
INFO: [VRFC 10-2263] Analyzing SystemVerilog file "C:/Users/dilsizk/Desktop/ece491/ece491labs/Lab05/Buffer/async_tran.sv" into library xil_defaultlib
INFO: [VRFC 10-311] analyzing module transmitter
INFO: [VRFC 10-2263] Analyzing SystemVerilog file "C:/Users/dilsizk/Desktop/ece491/ece491labs/Lab05/project_1/project_1.srcs/sources_1/new/mx_rcvr.sv" into library xil_defaultlib
INFO: [VRFC 10-311] analyzing module mx_rcvr
INFO: [VRFC 10-2458] undeclared symbol TwiceBaudRate, assumed default net type wire [C:/Users/dilsizk/Desktop/ece491/ece491labs/Lab05/project_1/project_1.srcs/sources_1/new/mx_rcvr.sv:40]
INFO: [VRFC 10-2458] undeclared symbol reset, assumed default net type wire [C:/Users/dilsizk/Desktop/ece491/ece491labs/Lab05/project_1/project_1.srcs/sources_1/new/mx_rcvr.sv:65]
WARNING: [VRFC 10-756] identifier csum_pre is used before its declaration [C:/Users/dilsizk/Desktop/ece491/ece491labs/Lab05/project_1/project_1.srcs/sources_1/new/mx_rcvr.sv:99]
INFO: [VRFC 10-2263] Analyzing SystemVerilog file "C:/Users/dilsizk/Desktop/ece491/ece491labs/Lab05/project_1/project_1.srcs/sources_1/new/topmodule.sv" into library xil_defaultlib
INFO: [VRFC 10-311] analyzing module topmodule
INFO: [VRFC 10-2458] undeclared symbol BaudRate, assumed default net type wire [C:/Users/dilsizk/Desktop/ece491/ece491labs/Lab05/project_1/project_1.srcs/sources_1/new/topmodule.sv:36]
INFO: [VRFC 10-2458] undeclared symbol BaudRateOutput, assumed default net type wire [C:/Users/dilsizk/Desktop/ece491/ece491labs/Lab05/project_1/project_1.srcs/sources_1/new/topmodule.sv:37]
INFO: [VRFC 10-2458] undeclared symbol BaudRateTen, assumed default net type wire [C:/Users/dilsizk/Desktop/ece491/ece491labs/Lab05/project_1/project_1.srcs/sources_1/new/topmodule.sv:39]
INFO: [VRFC 10-2458] undeclared symbol ready_mtrans_out, assumed default net type wire [C:/Users/dilsizk/Desktop/ece491/ece491labs/Lab05/project_1/project_1.srcs/sources_1/new/topmodule.sv:99]
INFO: [VRFC 10-2458] undeclared symbol write_mr_out, assumed default net type wire [C:/Users/dilsizk/Desktop/ece491/ece491labs/Lab05/project_1/project_1.srcs/sources_1/new/topmodule.sv:113]
INFO: [VRFC 10-2458] undeclared symbol full_fifo_out, assumed default net type wire [C:/Users/dilsizk/Desktop/ece491/ece491labs/Lab05/project_1/project_1.srcs/sources_1/new/topmodule.sv:116]
INFO: [VRFC 10-2458] undeclared symbol empty_fifo_out, assumed default net type wire [C:/Users/dilsizk/Desktop/ece491/ece491labs/Lab05/project_1/project_1.srcs/sources_1/new/topmodule.sv:117]
WARNING: [VRFC 10-756] identifier send_mx_out is used before its declaration [C:/Users/dilsizk/Desktop/ece491/ece491labs/Lab05/project_1/project_1.srcs/sources_1/new/topmodule.sv:55]
WARNING: [VRFC 10-756] identifier read_en_fifo is used before its declaration [C:/Users/dilsizk/Desktop/ece491/ece491labs/Lab05/project_1/project_1.srcs/sources_1/new/topmodule.sv:71]
WARNING: [VRFC 10-756] identifier send_into_trans is used before its declaration [C:/Users/dilsizk/Desktop/ece491/ece491labs/Lab05/project_1/project_1.srcs/sources_1/new/topmodule.sv:73]
INFO: [VRFC 10-2263] Analyzing SystemVerilog file "C:/Users/dilsizk/Desktop/ece491/ece491labs/Lab05/project_1/project_1.srcs/sources_1/new/nexys4DDR.sv" into library xil_defaultlib
INFO: [VRFC 10-311] analyzing module nexys4DDR
INFO: [VRFC 10-2458] undeclared symbol BaudRate, assumed default net type wire [C:/Users/dilsizk/Desktop/ece491/ece491labs/Lab05/project_1/project_1.srcs/sources_1/new/nexys4DDR.sv:66]
INFO: [VRFC 10-2458] undeclared symbol BaudRateTen, assumed default net type wire [C:/Users/dilsizk/Desktop/ece491/ece491labs/Lab05/project_1/project_1.srcs/sources_1/new/nexys4DDR.sv:67]
INFO: [VRFC 10-2458] undeclared symbol read_something, assumed default net type wire [C:/Users/dilsizk/Desktop/ece491/ece491labs/Lab05/project_1/project_1.srcs/sources_1/new/nexys4DDR.sv:188]
INFO: [VRFC 10-2458] undeclared symbol data_m_trans, assumed default net type wire [C:/Users/dilsizk/Desktop/ece491/ece491labs/Lab05/project_1/project_1.srcs/sources_1/new/nexys4DDR.sv:196]
INFO: [VRFC 10-2458] undeclared symbol read_en_fifo2, assumed default net type wire [C:/Users/dilsizk/Desktop/ece491/ece491labs/Lab05/project_1/project_1.srcs/sources_1/new/nexys4DDR.sv:208]
INFO: [VRFC 10-2458] undeclared symbol send_into_trans2, assumed default net type wire [C:/Users/dilsizk/Desktop/ece491/ece491labs/Lab05/project_1/project_1.srcs/sources_1/new/nexys4DDR.sv:209]
INFO: [VRFC 10-2458] undeclared symbol send, assumed default net type wire [C:/Users/dilsizk/Desktop/ece491/ece491labs/Lab05/project_1/project_1.srcs/sources_1/new/nexys4DDR.sv:263]
WARNING: [VRFC 10-756] identifier read_en_fifo is used before its declaration [C:/Users/dilsizk/Desktop/ece491/ece491labs/Lab05/project_1/project_1.srcs/sources_1/new/nexys4DDR.sv:188]
WARNING: [VRFC 10-756] identifier read_en_fifo is used before its declaration [C:/Users/dilsizk/Desktop/ece491/ece491labs/Lab05/project_1/project_1.srcs/sources_1/new/nexys4DDR.sv:208]
WARNING: [VRFC 10-756] identifier send_into_trans is used before its declaration [C:/Users/dilsizk/Desktop/ece491/ece491labs/Lab05/project_1/project_1.srcs/sources_1/new/nexys4DDR.sv:209]
WARNING: [VRFC 10-756] identifier testing is used before its declaration [C:/Users/dilsizk/Desktop/ece491/ece491labs/Lab05/project_1/project_1.srcs/sources_1/new/nexys4DDR.sv:235]
INFO: [VRFC 10-2263] Analyzing SystemVerilog file "C:/Users/dilsizk/Desktop/ece491/ece491labs/Lab05/debounce.sv" into library xil_defaultlib
INFO: [VRFC 10-311] analyzing module debounce
INFO: [VRFC 10-2263] Analyzing SystemVerilog file "C:/Users/dilsizk/Desktop/ece491/ece491labs/Lab05/Buffer/fifo_4.sv" into library xil_defaultlib
INFO: [VRFC 10-311] analyzing module p_fifo
INFO: [VRFC 10-2458] undeclared symbol BaudRate, assumed default net type wire [C:/Users/dilsizk/Desktop/ece491/ece491labs/Lab05/Buffer/fifo_4.sv:10]
INFO: [VRFC 10-2458] undeclared symbol BaudRateeight, assumed default net type wire [C:/Users/dilsizk/Desktop/ece491/ece491labs/Lab05/Buffer/fifo_4.sv:11]
INFO: [VRFC 10-2263] Analyzing SystemVerilog file "C:/Users/dilsizk/Desktop/ece491/ece491labs/Lab05/project_1/project_1.srcs/sources_1/new/check_p.sv" into library xil_defaultlib
INFO: [VRFC 10-443] port direction not specified for function/task, assuming input [C:/Users/dilsizk/Desktop/ece491/ece491labs/Lab05/project_1/project_1.srcs/sources_1/new/check_p.sv:84]
INFO: [VRFC 10-2263] Analyzing SystemVerilog file "C:/Users/dilsizk/Desktop/ece491/ece491labs/Lab05/project_1/project_1.srcs/sources_1/new/decoder_rxd.sv" into library xil_defaultlib
INFO: [VRFC 10-311] analyzing module decoder_rxd_data
INFO: [VRFC 10-2263] Analyzing SystemVerilog file "C:/Users/dilsizk/Desktop/ece491/ece491labs/Lab05/Buffer/check_p.sv" into library xil_defaultlib
INFO: [VRFC 10-443] port direction not specified for function/task, assuming input [C:/Users/dilsizk/Desktop/ece491/ece491labs/Lab05/Buffer/check_p.sv:85]
INFO: [VRFC 10-2263] Analyzing SystemVerilog file "C:/Users/dilsizk/Desktop/ece491/ece491labs/Lab05/Buffer/nexys4DDR.sv" into library xil_defaultlib
INFO: [VRFC 10-311] analyzing module nexys4DDR2
INFO: [VRFC 10-2263] Analyzing SystemVerilog file "C:/Users/dilsizk/Desktop/ece491/ece491labs/Lab05/project_1/project_1.srcs/sources_1/new/register.sv" into library xil_defaultlib
INFO: [VRFC 10-311] analyzing module register
INFO: [VRFC 10-2263] Analyzing SystemVerilog file "C:/Users/dilsizk/Desktop/ece491/ece491labs/Lab05/project_1/project_1.srcs/sim_1/new/TopLevelTest.sv" into library xil_defaultlib
INFO: [VRFC 10-311] analyzing module TopLevelTest
INFO: [VRFC 10-2458] undeclared symbol outdata, assumed default net type wire [C:/Users/dilsizk/Desktop/ece491/ece491labs/Lab05/project_1/project_1.srcs/sim_1/new/TopLevelTest.sv:45]
INFO: [VRFC 10-2458] undeclared symbol outdata_copy, assumed default net type wire [C:/Users/dilsizk/Desktop/ece491/ece491labs/Lab05/project_1/project_1.srcs/sim_1/new/TopLevelTest.sv:46]
INFO: [VRFC 10-2458] undeclared symbol BaudRate, assumed default net type wire [C:/Users/dilsizk/Desktop/ece491/ece491labs/Lab05/project_1/project_1.srcs/sim_1/new/TopLevelTest.sv:61]
INFO: [VRFC 10-2263] Analyzing SystemVerilog file "C:/Users/dilsizk/Desktop/ece491/ece491labs/Lab05/project_1/project_1.srcs/sources_1/new/rcvrTEST.sv" into library xil_defaultlib
INFO: [VRFC 10-311] analyzing module rcvrTEST
WARNING: [VRFC 10-756] identifier noise_error is used before its declaration [C:/Users/dilsizk/Desktop/ece491/ece491labs/Lab05/project_1/project_1.srcs/sources_1/new/rcvrTEST.sv:157]
WARNING: [VRFC 10-756] identifier noise_error is used before its declaration [C:/Users/dilsizk/Desktop/ece491/ece491labs/Lab05/project_1/project_1.srcs/sources_1/new/rcvrTEST.sv:158]
INFO: [VRFC 10-2263] Analyzing SystemVerilog file "C:/Users/dilsizk/Desktop/ece491/ece491labs/Lab05/project_1/project_1.srcs/sim_1/new/mx_rcvr_testbench.sv" into library xil_defaultlib
INFO: [VRFC 10-311] analyzing module mx_rcvr_testbench
INFO: [VRFC 10-2263] Analyzing SystemVerilog file "C:/Users/dilsizk/Desktop/ece491/ece491labs/Lab05/project_1/project_1.srcs/sim_1/new/clkenbTEST.sv" into library xil_defaultlib
INFO: [VRFC 10-311] analyzing module clkenbTEST
INFO: [VRFC 10-2263] Analyzing SystemVerilog file "C:/Users/dilsizk/Desktop/ece491/ece491labs/Lab05/project_1/project_1.srcs/sim_1/new/correlatortest.sv" into library xil_defaultlib
INFO: [VRFC 10-311] analyzing module correlatortest
INFO: [VRFC 10-2263] Analyzing SystemVerilog file "C:/Users/dilsizk/Desktop/ece491/ece491labs/Lab05/TransmitterTest.sv" into library xil_defaultlib
INFO: [VRFC 10-311] analyzing module TransmitterTest
INFO: [VRFC 10-2263] Analyzing SystemVerilog file "C:/Users/dilsizk/Desktop/ece491/ece491labs/Lab05/Buffer/FIFO_ASYC_TRAN.sv" into library xil_defaultlib
INFO: [VRFC 10-311] analyzing module FIFO_ASYC_TRAN
INFO: [VRFC 10-2263] Analyzing Verilog file "C:/Users/dilsizk/Desktop/ece491/ece491labs/Lab05/project_1/project_1.sim/sim_1/behav/glbl.v" into library xil_defaultlib
INFO: [VRFC 10-311] analyzing module glbl
INFO: [USF-XSim-69] 'compile' step finished in '3' seconds
INFO: [USF-XSim-3] XSim::Elaborate design
INFO: [USF-XSim-61] Executing 'ELABORATE' step in 'C:/Users/dilsizk/Desktop/ece491/ece491labs/Lab05/project_1/project_1.sim/sim_1/behav'
Vivado Simulator 2016.2
Copyright 1986-1999, 2001-2016 Xilinx, Inc. All Rights Reserved.
Running: C:/Xilinx/Vivado/2016.2/bin/unwrapped/win64.o/xelab.exe -wto 64509da5ccbe4025bf09a7c32099ad77 --debug typical --relax --mt 2 -L xil_defaultlib -L unisims_ver -L unimacro_ver -L secureip --snapshot TopLevelTest_behav xil_defaultlib.TopLevelTest xil_defaultlib.glbl -log elaborate.log 
Using 2 slave threads.
Starting static elaboration
WARNING: [VRFC 10-278] actual bit length 8 differs from formal bit length 12 for port replace [C:/Users/dilsizk/Desktop/ece491/ece491labs/Lab05/project_1/project_1.srcs/sources_1/new/mx_rcvr.sv:154]
WARNING: [VRFC 10-278] actual bit length 4 differs from formal bit length 5 for port csum [C:/Users/dilsizk/Desktop/ece491/ece491labs/Lab05/project_1/project_1.srcs/sources_1/new/mx_rcvr.sv:155]
Completed static elaboration
Starting simulation data flow analysis
Completed simulation data flow analysis
Time Resolution for simulation is 1ps
Compiling module xil_defaultlib.clkenb(DIVFREQ=50000)
Compiling module xil_defaultlib.clkenb(DIVFREQ=19200)
Compiling module xil_defaultlib.clkenb(DIVFREQ=1920)
Compiling module xil_defaultlib.transmitter(BAUD=19200)
Compiling module xil_defaultlib.clkenb(DIVFREQ=100000)
Compiling module xil_defaultlib.m_transmitter(BAUD=50000)
Compiling module xil_defaultlib.p_fifo4(numBits=64)
Compiling module xil_defaultlib.mxtest_2(WAIT_TIME=2000000)
Compiling module xil_defaultlib.clkenb(DIVFREQ=800000)
Compiling module xil_defaultlib.correlator(LEN=8,PATTERN=8'b1010...
Compiling module xil_defaultlib.correlator(LEN=8,PATTERN=8'b1101...
Compiling module xil_defaultlib.correlator(LEN=12,PATTERN=12'b11...
Compiling module xil_defaultlib.correlator(LEN=8,PATTERN=8'b1111...
Compiling module xil_defaultlib.mx_rcvr(BAUD=50000)
Compiling module xil_defaultlib.mux8_parm(W=1)
Compiling module xil_defaultlib.counter_parm(W=3)
Compiling module xil_defaultlib.decoder_3_8_en
Compiling module xil_defaultlib.seven_seg
Compiling module xil_defaultlib.clkenb(DIVFREQ=1000)
Compiling module xil_defaultlib.dispctl
Compiling module xil_defaultlib.topmodule(BAUD=50000)
Compiling module xil_defaultlib.TopLevelTest
Compiling module xil_defaultlib.glbl
Built simulation snapshot TopLevelTest_behav
INFO: [USF-XSim-69] 'elaborate' step finished in '1' seconds
Vivado Simulator 2016.2
Time resolution is 1 ps
relaunch_sim: Time (s): cpu = 00:00:01 ; elapsed = 00:00:06 . Memory (MB): peak = 898.117 ; gain = 0.000
run 4500 us
