#-----------------------------------------------------------
# Vivado v2016.2 (64-bit)
# SW Build 1577090 on Thu Jun  2 16:32:40 MDT 2016
# IP Build 1577682 on Fri Jun  3 12:00:54 MDT 2016
# Start of session at: Sun Oct 30 09:58:35 2016
# Process ID: 1312
# Current directory: C:/Users/dilsizk/Desktop/ece491/ece491labs/Lab04
# Command line: vivado.exe -gui_launcher_event rodinguilauncherevent8952 C:\Users\dilsizk\Desktop\ece491\ece491labs\Lab04\project_4.xpr
# Log file: C:/Users/dilsizk/Desktop/ece491/ece491labs/Lab04/vivado.log
# Journal file: C:/Users/dilsizk/Desktop/ece491/ece491labs/Lab04\vivado.jou
#-----------------------------------------------------------
start_gui
open_project C:/Users/dilsizk/Desktop/ece491/ece491labs/Lab04/project_4.xpr
INFO: [Project 1-313] Project file moved from 'C:/Users/dilsizk/Desktop/ece491/ece491labs' since last save.
CRITICAL WARNING: [Project 1-311] Could not find the file 'C:/Users/dilsizk/Desktop/ece491/ece491labs/Asynchronous transmitter/clkenb.sv', nor could it be found using path 'C:/Users/dilsizk/Desktop/ece491/Asynchronous transmitter/clkenb.sv'.
CRITICAL WARNING: [Project 1-311] Could not find the file 'C:/Users/dilsizk/Desktop/ece491/ece491labs/Lab04/project_4.srcs/sources_1/new/receiver.sv', nor could it be found using path 'C:/Users/dilsizk/Desktop/ece491/ece491labs/project_4.srcs/sources_1/new/receiver.sv'.
CRITICAL WARNING: [Project 1-311] Could not find the file 'C:/Users/dilsizk/Desktop/ece491/ece491labs/Asynchronous transmitter/transmitter.sv', nor could it be found using path 'C:/Users/dilsizk/Desktop/ece491/Asynchronous transmitter/transmitter.sv'.
CRITICAL WARNING: [Project 1-311] Could not find the file 'C:/Users/dilsizk/Desktop/ece491/ece491labs/Manchester transmitter/nexys4DDR.sv', nor could it be found using path 'C:/Users/dilsizk/Desktop/ece491/Manchester transmitter/nexys4DDR.sv'.
CRITICAL WARNING: [Project 1-311] Could not find the file 'C:/Users/dilsizk/Desktop/ece491/ece491labs/Asynchronous transmitter/nexys4DDR.sv', nor could it be found using path 'C:/Users/dilsizk/Desktop/ece491/Asynchronous transmitter/nexys4DDR.sv'.
CRITICAL WARNING: [Project 1-311] Could not find the file 'C:/Users/dilsizk/Desktop/ece491/ece491labs/Asynchronous transmitter/TransmitterTest.sv', nor could it be found using path 'C:/Users/dilsizk/Desktop/ece491/Asynchronous transmitter/TransmitterTest.sv'.
CRITICAL WARNING: [Project 1-311] Could not find the file 'C:/Users/dilsizk/Desktop/ece491/ece491labs/Manchester transmitter/mxtest_2_bench.sv', nor could it be found using path 'C:/Users/dilsizk/Desktop/ece491/Manchester transmitter/mxtest_2_bench.sv'.
CRITICAL WARNING: [Project 1-311] Could not find the file 'C:/Users/dilsizk/Desktop/ece491/ece491labs/Manchester transmitter/TransmitterTest.sv', nor could it be found using path 'C:/Users/dilsizk/Desktop/ece491/Manchester transmitter/TransmitterTest.sv'.
CRITICAL WARNING: [Project 1-311] Could not find the file 'C:/Users/dilsizk/Desktop/ece491/ece491labs/Lab04/project_4.srcs/sim_1/new/ReceiverTest.sv', nor could it be found using path 'C:/Users/dilsizk/Desktop/ece491/ece491labs/project_4.srcs/sim_1/new/ReceiverTest.sv'.
Scanning sources...
Finished scanning sources
WARNING: [filemgmt 56-2] IPUserFilesDir: Could not find the directory 'C:/Users/dilsizk/Desktop/ece491/ece491labs/Lab04/project_4.ip_user_files', nor could it be found using path 'C:/Users/dilsizk/Desktop/ece491/ece491labs/project_4.ip_user_files'.
INFO: [IP_Flow 19-234] Refreshing IP repositories
INFO: [IP_Flow 19-1704] No user IP repositories specified
INFO: [IP_Flow 19-2313] Loaded Vivado IP repository 'C:/Xilinx/Vivado/2016.2/data/ip'.
update_compile_order -fileset sources_1
exit
INFO: [Common 17-206] Exiting Vivado at Sun Oct 30 09:58:58 2016...
