#-----------------------------------------------------------
# Vivado v2016.2 (64-bit)
# SW Build 1577090 on Thu Jun  2 16:32:40 MDT 2016
# IP Build 1577682 on Fri Jun  3 12:00:54 MDT 2016
# Start of session at: Tue Oct 04 20:43:25 2016
# Process ID: 5716
# Current directory: C:/Users/dilsizk/Desktop/ece491/ece491labs/Lab04/project_4
# Command line: vivado.exe -gui_launcher_event rodinguilauncherevent8940 C:\Users\dilsizk\Desktop\ece491\ece491labs\Lab04\project_4\project_4.xpr
# Log file: C:/Users/dilsizk/Desktop/ece491/ece491labs/Lab04/project_4/vivado.log
# Journal file: C:/Users/dilsizk/Desktop/ece491/ece491labs/Lab04/project_4\vivado.jou
#-----------------------------------------------------------
start_gui
open_project C:/Users/dilsizk/Desktop/ece491/ece491labs/Lab04/project_4/project_4.xpr
Scanning sources...
Finished scanning sources
INFO: [IP_Flow 19-234] Refreshing IP repositories
INFO: [IP_Flow 19-1704] No user IP repositories specified
INFO: [IP_Flow 19-2313] Loaded Vivado IP repository 'C:/Xilinx/Vivado/2016.2/data/ip'.
update_compile_order -fileset sources_1
exit
INFO: [Common 17-206] Exiting Vivado at Tue Oct 04 23:41:50 2016...
