#-----------------------------------------------------------
# Vivado v2016.2 (64-bit)
# SW Build 1577090 on Thu Jun  2 16:32:40 MDT 2016
# IP Build 1577682 on Fri Jun  3 12:00:54 MDT 2016
# Start of session at: Tue Sep 27 13:12:02 2016
# Process ID: 12832
# Current directory: C:/Users/dilsizk/Desktop/ECE 491 labs/Lab04/project_4
# Command line: vivado.exe -gui_launcher_event rodinguilauncherevent6264 C:\Users\dilsizk\Desktop\ECE 491 labs\Lab04\project_4\project_4.xpr
# Log file: C:/Users/dilsizk/Desktop/ECE 491 labs/Lab04/project_4/vivado.log
# Journal file: C:/Users/dilsizk/Desktop/ECE 491 labs/Lab04/project_4\vivado.jou
#-----------------------------------------------------------
start_gui
open_project {C:/Users/dilsizk/Desktop/ECE 491 labs/Lab04/project_4/project_4.xpr}
Scanning sources...
Finished scanning sources
INFO: [IP_Flow 19-234] Refreshing IP repositories
INFO: [IP_Flow 19-1704] No user IP repositories specified
INFO: [IP_Flow 19-2313] Loaded Vivado IP repository 'C:/Xilinx/Vivado/2016.2/data/ip'.
update_compile_order -fileset sources_1
set_property SOURCE_SET sources_1 [get_filesets sim_1]
add_files -fileset sim_1 -norecurse {{C:/Users/dilsizk/Desktop/ECE 491 labs/Lab04/Manchester transmitter/TransmitterTest.sv}}
update_compile_order -fileset sim_1
add_files -norecurse {{C:/Users/dilsizk/Desktop/ECE 491 labs/Lab04/Manchester transmitter/nexys4DDR.sv}}
update_compile_order -fileset sources_1
set_property top nexys4DDR [current_fileset]
set_property top_lib xil_defaultlib [current_fileset]
set_property top_file {C:/Users/dilsizk/Desktop/ECE 491 labs/Lab04/Manchester transmitter/nexys4DDR.sv} [current_fileset]
update_compile_order -fileset sources_1
update_compile_order -fileset sources_1
add_files -norecurse {{C:/Users/dilsizk/Desktop/ECE 491 labs/Lab04/Manchester transmitter/mxtest_2_bench.sv}}
update_compile_order -fileset sources_1
file mkdir C:/Users/dilsizk/Desktop/ECE 491 labs/Lab04/project_4/project_4.srcs/sim_1/new
can't create directory "C:/Users/dilsizk/Desktop/ECE": file already exists
file mkdir C:/Users/dilsizk/Desktop/ECE 491 labs/Lab04/project_4/project_4.srcs/sim_1/new
can't create directory "C:/Users/dilsizk/Desktop/ECE": file already exists
file mkdir C:/Users/dilsizk/Desktop/ECE 491 labs/Lab04/project_4/project_4.srcs/sim_1/new
can't create directory "C:/Users/dilsizk/Desktop/ECE": file already exists
file mkdir C:/Users/dilsizk/Desktop/ECE 491 labs/Lab04/project_4/project_4.srcs/sim_1/new
can't create directory "C:/Users/dilsizk/Desktop/ECE": file already exists
file mkdir C:/Users/dilsizk/Desktop/ECE 491 labs/Lab04/project_4/project_4.srcs/sim_1/new
can't create directory "C:/Users/dilsizk/Desktop/ECE": file already exists
set_property SOURCE_SET sources_1 [get_filesets sim_1]
file mkdir C:/Users/dilsizk/Desktop/ECE 491 labs/Lab04/project_4/project_4.srcs/sim_1/new
can't create directory "C:/Users/dilsizk/Desktop/ECE": file already exists
file mkdir {C:/Users/dilsizk/Desktop/ECE 491 labs/Lab04/project_4/project_4.srcs/sim_1/new}
close [ open {C:/Users/dilsizk/Desktop/ECE 491 labs/Lab04/project_4/project_4.srcs/sim_1/new/ReceiverTest.sv} w ]
add_files -fileset sim_1 {{C:/Users/dilsizk/Desktop/ECE 491 labs/Lab04/project_4/project_4.srcs/sim_1/new/ReceiverTest.sv}}
update_compile_order -fileset sim_1
exit
INFO: [Common 17-206] Exiting Vivado at Tue Sep 27 15:58:55 2016...
