#-----------------------------------------------------------
# Vivado v2016.2 (64-bit)
# SW Build 1577090 on Thu Jun  2 16:32:40 MDT 2016
# IP Build 1577682 on Fri Jun  3 12:00:54 MDT 2016
# Start of session at: Mon Sep 12 11:53:31 2016
# Process ID: 10508
# Current directory: C:/Users/husseinz/Desktop/ece 491/ece491labs/Lab02/project_2
# Command line: vivado.exe -gui_launcher_event rodinguilauncherevent3868 C:\Users\husseinz\Desktop\ece 491\ece491labs\Lab02\project_2\project_2.xpr
# Log file: C:/Users/husseinz/Desktop/ece 491/ece491labs/Lab02/project_2/vivado.log
# Journal file: C:/Users/husseinz/Desktop/ece 491/ece491labs/Lab02/project_2\vivado.jou
#-----------------------------------------------------------
start_gui
open_project {C:/Users/husseinz/Desktop/ece 491/ece491labs/Lab02/project_2/project_2.xpr}
Scanning sources...
Finished scanning sources
INFO: [IP_Flow 19-234] Refreshing IP repositories
INFO: [IP_Flow 19-1704] No user IP repositories specified
INFO: [IP_Flow 19-2313] Loaded Vivado IP repository 'C:/Xilinx/Vivado/2016.2/data/ip'.
update_compile_order -fileset sources_1
launch_simulation
INFO: [USF-XSim-27] Simulation object is 'sim_1'
INFO: [USF-XSim-37] Inspecting design source files for 'TransmitterTest' in fileset 'sim_1'...
INFO: [USF-XSim-97] Finding global include files...
INFO: [USF-XSim-98] Fetching design files from 'sim_1'...
INFO: [USF-XSim-2] XSim::Compile design
INFO: [USF-XSim-61] Executing 'COMPILE and ANALYZE' step in 'C:/Users/husseinz/Desktop/ece 491/ece491labs/Lab02/project_2/project_2.sim/sim_1/behav'
"xvlog -m64 --relax -prj TransmitterTest_vlog.prj"
INFO: [VRFC 10-2263] Analyzing SystemVerilog file "C:/Users/husseinz/Desktop/ece 491/ece491labs/Lab02/project_2/project_2.srcs/sources_1/new/transmitter.sv" into library xil_defaultlib
INFO: [VRFC 10-311] analyzing module transmitter
INFO: [VRFC 10-2263] Analyzing SystemVerilog file "C:/Users/husseinz/Desktop/ece 491/ece491labs/Lab02/project_2/project_2.srcs/sim_1/new/TransmitterTest.sv" into library xil_defaultlib
INFO: [VRFC 10-311] analyzing module TransmitterTest
INFO: [VRFC 10-2263] Analyzing Verilog file "C:/Users/husseinz/Desktop/ece 491/ece491labs/Lab02/project_2/project_2.sim/sim_1/behav/glbl.v" into library xil_defaultlib
INFO: [VRFC 10-311] analyzing module glbl
INFO: [USF-XSim-69] 'compile' step finished in '1' seconds
INFO: [USF-XSim-3] XSim::Elaborate design
INFO: [USF-XSim-61] Executing 'ELABORATE' step in 'C:/Users/husseinz/Desktop/ece 491/ece491labs/Lab02/project_2/project_2.sim/sim_1/behav'
Vivado Simulator 2016.2
Copyright 1986-1999, 2001-2016 Xilinx, Inc. All Rights Reserved.
Running: C:/Xilinx/Vivado/2016.2/bin/unwrapped/win64.o/xelab.exe -wto 98eb6a510a9c4484b1d6c0484c56dcb0 --debug typical --relax --mt 2 -L xil_defaultlib -L unisims_ver -L unimacro_ver -L secureip --snapshot TransmitterTest_behav xil_defaultlib.TransmitterTest xil_defaultlib.glbl -log elaborate.log 
Using 2 slave threads.
Starting static elaboration
Completed static elaboration
Starting simulation data flow analysis
Completed simulation data flow analysis
Time Resolution for simulation is 1ps
Compiling module xil_defaultlib.transmitter
Compiling module xil_defaultlib.TransmitterTest
Compiling module xil_defaultlib.glbl
Built simulation snapshot TransmitterTest_behav

****** Webtalk v2016.2 (64-bit)
  **** SW Build 1577090 on Thu Jun  2 16:32:40 MDT 2016
  **** IP Build 1577682 on Fri Jun  3 12:00:54 MDT 2016
    ** Copyright 1986-2016 Xilinx, Inc. All Rights Reserved.

source C:/Users/husseinz/Desktop/ece -notrace
invalid command name "%"
    while executing
"% Total    % Received % Xferd  Average Speed   Time    Time     Time  Current"
    (file "C:/Users/husseinz/Desktop/ece" line 1)
INFO: [Common 17-206] Exiting Webtalk at Mon Sep 12 11:55:00 2016...
INFO: [USF-XSim-69] 'elaborate' step finished in '1' seconds
INFO: [USF-XSim-4] XSim::Simulate design
INFO: [USF-XSim-61] Executing 'SIMULATE' step in 'C:/Users/husseinz/Desktop/ece 491/ece491labs/Lab02/project_2/project_2.sim/sim_1/behav'
INFO: [USF-XSim-98] *** Running xsim
   with args "TransmitterTest_behav -key {Behavioral:sim_1:Functional:TransmitterTest} -tclbatch {TransmitterTest.tcl} -log {simulate.log}"
INFO: [USF-XSim-8] Loading simulator feature
Vivado Simulator 2016.2
Time resolution is 1 ps
source TransmitterTest.tcl
# set curr_wave [current_wave_config]
# if { [string length $curr_wave] == 0 } {
#   if { [llength [get_objects]] > 0} {
#     add_wave /
#     set_property needs_save false [current_wave_config]
#   } else {
#      send_msg_id Add_Wave-1 WARNING "No top level signals found. Simulator will start without a wave window. If you want to open a wave window go to 'File->New Waveform Configuration' or type 'create_wave_config' in the TCL console."
#   }
# }
# run 1000ns
INFO: [USF-XSim-96] XSim completed. Design snapshot 'TransmitterTest_behav' loaded.
INFO: [USF-XSim-97] XSim simulation ran for 1000ns
restart
INFO: [Simtcl 6-17] Simulation restarted
run all
close_sim
INFO: [Simtcl 6-16] Simulation closed
launch_simulation
INFO: [USF-XSim-27] Simulation object is 'sim_1'
INFO: [USF-XSim-37] Inspecting design source files for 'TransmitterTest' in fileset 'sim_1'...
INFO: [USF-XSim-97] Finding global include files...
INFO: [USF-XSim-98] Fetching design files from 'sim_1'...
INFO: [USF-XSim-2] XSim::Compile design
INFO: [USF-XSim-61] Executing 'COMPILE and ANALYZE' step in 'C:/Users/husseinz/Desktop/ece 491/ece491labs/Lab02/project_2/project_2.sim/sim_1/behav'
"xvlog -m64 --relax -prj TransmitterTest_vlog.prj"
INFO: [VRFC 10-2263] Analyzing SystemVerilog file "C:/Users/husseinz/Desktop/ece 491/ece491labs/Lab02/project_2/project_2.srcs/sources_1/new/transmitter.sv" into library xil_defaultlib
INFO: [VRFC 10-311] analyzing module transmitter
INFO: [VRFC 10-2263] Analyzing SystemVerilog file "C:/Users/husseinz/Desktop/ece 491/ece491labs/Lab02/project_2/project_2.srcs/sim_1/new/TransmitterTest.sv" into library xil_defaultlib
INFO: [VRFC 10-311] analyzing module TransmitterTest
INFO: [VRFC 10-2263] Analyzing Verilog file "C:/Users/husseinz/Desktop/ece 491/ece491labs/Lab02/project_2/project_2.sim/sim_1/behav/glbl.v" into library xil_defaultlib
INFO: [VRFC 10-311] analyzing module glbl
INFO: [USF-XSim-69] 'compile' step finished in '1' seconds
INFO: [USF-XSim-3] XSim::Elaborate design
INFO: [USF-XSim-61] Executing 'ELABORATE' step in 'C:/Users/husseinz/Desktop/ece 491/ece491labs/Lab02/project_2/project_2.sim/sim_1/behav'
Vivado Simulator 2016.2
Copyright 1986-1999, 2001-2016 Xilinx, Inc. All Rights Reserved.
Running: C:/Xilinx/Vivado/2016.2/bin/unwrapped/win64.o/xelab.exe -wto 98eb6a510a9c4484b1d6c0484c56dcb0 --debug typical --relax --mt 2 -L xil_defaultlib -L unisims_ver -L unimacro_ver -L secureip --snapshot TransmitterTest_behav xil_defaultlib.TransmitterTest xil_defaultlib.glbl -log elaborate.log 
Using 2 slave threads.
Starting static elaboration
Completed static elaboration
Starting simulation data flow analysis
Completed simulation data flow analysis
Time Resolution for simulation is 1ps
Compiling module xil_defaultlib.transmitter
Compiling module xil_defaultlib.TransmitterTest
Compiling module xil_defaultlib.glbl
Built simulation snapshot TransmitterTest_behav

****** Webtalk v2016.2 (64-bit)
  **** SW Build 1577090 on Thu Jun  2 16:32:40 MDT 2016
  **** IP Build 1577682 on Fri Jun  3 12:00:54 MDT 2016
    ** Copyright 1986-2016 Xilinx, Inc. All Rights Reserved.

source C:/Users/husseinz/Desktop/ece -notrace
invalid command name "%"
    while executing
"% Total    % Received % Xferd  Average Speed   Time    Time     Time  Current"
    (file "C:/Users/husseinz/Desktop/ece" line 1)
INFO: [Common 17-206] Exiting Webtalk at Mon Sep 12 12:00:00 2016...
INFO: [USF-XSim-69] 'elaborate' step finished in '1' seconds
INFO: [USF-XSim-4] XSim::Simulate design
INFO: [USF-XSim-61] Executing 'SIMULATE' step in 'C:/Users/husseinz/Desktop/ece 491/ece491labs/Lab02/project_2/project_2.sim/sim_1/behav'
INFO: [USF-XSim-98] *** Running xsim
   with args "TransmitterTest_behav -key {Behavioral:sim_1:Functional:TransmitterTest} -tclbatch {TransmitterTest.tcl} -log {simulate.log}"
INFO: [USF-XSim-8] Loading simulator feature
Vivado Simulator 2016.2
Time resolution is 1 ps
source TransmitterTest.tcl
# set curr_wave [current_wave_config]
# if { [string length $curr_wave] == 0 } {
#   if { [llength [get_objects]] > 0} {
#     add_wave /
#     set_property needs_save false [current_wave_config]
#   } else {
#      send_msg_id Add_Wave-1 WARNING "No top level signals found. Simulator will start without a wave window. If you want to open a wave window go to 'File->New Waveform Configuration' or type 'create_wave_config' in the TCL console."
#   }
# }
# run 1000ns
INFO: [USF-XSim-96] XSim completed. Design snapshot 'TransmitterTest_behav' loaded.
INFO: [USF-XSim-97] XSim simulation ran for 1000ns
restart
INFO: [Simtcl 6-17] Simulation restarted
run all
relaunch_sim
INFO: [USF-XSim-27] Simulation object is 'sim_1'
INFO: [USF-XSim-37] Inspecting design source files for 'TransmitterTest' in fileset 'sim_1'...
INFO: [USF-XSim-97] Finding global include files...
INFO: [USF-XSim-98] Fetching design files from 'sim_1'...
INFO: [USF-XSim-2] XSim::Compile design
INFO: [USF-XSim-61] Executing 'COMPILE and ANALYZE' step in 'C:/Users/husseinz/Desktop/ece 491/ece491labs/Lab02/project_2/project_2.sim/sim_1/behav'
"xvlog -m64 --relax -prj TransmitterTest_vlog.prj"
INFO: [VRFC 10-2263] Analyzing SystemVerilog file "C:/Users/husseinz/Desktop/ece 491/ece491labs/Lab02/project_2/project_2.srcs/sources_1/new/transmitter.sv" into library xil_defaultlib
INFO: [VRFC 10-311] analyzing module transmitter
INFO: [VRFC 10-2263] Analyzing SystemVerilog file "C:/Users/husseinz/Desktop/ece 491/ece491labs/Lab02/project_2/project_2.srcs/sim_1/new/TransmitterTest.sv" into library xil_defaultlib
INFO: [VRFC 10-311] analyzing module TransmitterTest
INFO: [VRFC 10-2263] Analyzing Verilog file "C:/Users/husseinz/Desktop/ece 491/ece491labs/Lab02/project_2/project_2.sim/sim_1/behav/glbl.v" into library xil_defaultlib
INFO: [VRFC 10-311] analyzing module glbl
INFO: [USF-XSim-69] 'compile' step finished in '1' seconds
INFO: [USF-XSim-3] XSim::Elaborate design
INFO: [USF-XSim-61] Executing 'ELABORATE' step in 'C:/Users/husseinz/Desktop/ece 491/ece491labs/Lab02/project_2/project_2.sim/sim_1/behav'
Vivado Simulator 2016.2
Copyright 1986-1999, 2001-2016 Xilinx, Inc. All Rights Reserved.
Running: C:/Xilinx/Vivado/2016.2/bin/unwrapped/win64.o/xelab.exe -wto 98eb6a510a9c4484b1d6c0484c56dcb0 --debug typical --relax --mt 2 -L xil_defaultlib -L unisims_ver -L unimacro_ver -L secureip --snapshot TransmitterTest_behav xil_defaultlib.TransmitterTest xil_defaultlib.glbl -log elaborate.log 
Using 2 slave threads.
Starting static elaboration
Completed static elaboration
Starting simulation data flow analysis
Completed simulation data flow analysis
Time Resolution for simulation is 1ps
Compiling module xil_defaultlib.transmitter
Compiling module xil_defaultlib.TransmitterTest
Compiling module xil_defaultlib.glbl
Built simulation snapshot TransmitterTest_behav
INFO: [USF-XSim-69] 'elaborate' step finished in '1' seconds
Vivado Simulator 2016.2
Time resolution is 1 ps
relaunch_sim
INFO: [USF-XSim-27] Simulation object is 'sim_1'
INFO: [USF-XSim-37] Inspecting design source files for 'TransmitterTest' in fileset 'sim_1'...
INFO: [USF-XSim-97] Finding global include files...
INFO: [USF-XSim-98] Fetching design files from 'sim_1'...
INFO: [USF-XSim-2] XSim::Compile design
INFO: [USF-XSim-61] Executing 'COMPILE and ANALYZE' step in 'C:/Users/husseinz/Desktop/ece 491/ece491labs/Lab02/project_2/project_2.sim/sim_1/behav'
"xvlog -m64 --relax -prj TransmitterTest_vlog.prj"
INFO: [VRFC 10-2263] Analyzing SystemVerilog file "C:/Users/husseinz/Desktop/ece 491/ece491labs/Lab02/project_2/project_2.srcs/sources_1/new/transmitter.sv" into library xil_defaultlib
INFO: [VRFC 10-311] analyzing module transmitter
INFO: [VRFC 10-2263] Analyzing SystemVerilog file "C:/Users/husseinz/Desktop/ece 491/ece491labs/Lab02/project_2/project_2.srcs/sim_1/new/TransmitterTest.sv" into library xil_defaultlib
INFO: [VRFC 10-311] analyzing module TransmitterTest
INFO: [VRFC 10-2263] Analyzing Verilog file "C:/Users/husseinz/Desktop/ece 491/ece491labs/Lab02/project_2/project_2.sim/sim_1/behav/glbl.v" into library xil_defaultlib
INFO: [VRFC 10-311] analyzing module glbl
INFO: [USF-XSim-69] 'compile' step finished in '1' seconds
INFO: [USF-XSim-3] XSim::Elaborate design
INFO: [USF-XSim-61] Executing 'ELABORATE' step in 'C:/Users/husseinz/Desktop/ece 491/ece491labs/Lab02/project_2/project_2.sim/sim_1/behav'
Vivado Simulator 2016.2
Copyright 1986-1999, 2001-2016 Xilinx, Inc. All Rights Reserved.
Running: C:/Xilinx/Vivado/2016.2/bin/unwrapped/win64.o/xelab.exe -wto 98eb6a510a9c4484b1d6c0484c56dcb0 --debug typical --relax --mt 2 -L xil_defaultlib -L unisims_ver -L unimacro_ver -L secureip --snapshot TransmitterTest_behav xil_defaultlib.TransmitterTest xil_defaultlib.glbl -log elaborate.log 
Using 2 slave threads.
Starting static elaboration
Completed static elaboration
Starting simulation data flow analysis
Completed simulation data flow analysis
Time Resolution for simulation is 1ps
Compiling module xil_defaultlib.transmitter
Compiling module xil_defaultlib.TransmitterTest
Compiling module xil_defaultlib.glbl
Built simulation snapshot TransmitterTest_behav
INFO: [USF-XSim-69] 'elaborate' step finished in '1' seconds
Vivado Simulator 2016.2
Time resolution is 1 ps
run 10 us
restart
INFO: [Simtcl 6-17] Simulation restarted
add_bp {C:/Users/husseinz/Desktop/ece 491/ece491labs/Lab02/project_2/project_2.srcs/sources_1/new/transmitter.sv} 73
run 10 us
Stopped at time : 25 ns : File "C:/Users/husseinz/Desktop/ece 491/ece491labs/Lab02/project_2/project_2.srcs/sources_1/new/transmitter.sv" Line 73
run 10 us
Stopped at time : 40 ns : File "C:/Users/husseinz/Desktop/ece 491/ece491labs/Lab02/project_2/project_2.srcs/sources_1/new/transmitter.sv" Line 73
run 10 us
Stopped at time : 160 ns : File "C:/Users/husseinz/Desktop/ece 491/ece491labs/Lab02/project_2/project_2.srcs/sources_1/new/transmitter.sv" Line 73
run 10 us
run 10 us
relaunch_sim
INFO: [USF-XSim-27] Simulation object is 'sim_1'
INFO: [USF-XSim-37] Inspecting design source files for 'TransmitterTest' in fileset 'sim_1'...
INFO: [USF-XSim-97] Finding global include files...
INFO: [USF-XSim-98] Fetching design files from 'sim_1'...
INFO: [USF-XSim-2] XSim::Compile design
INFO: [USF-XSim-61] Executing 'COMPILE and ANALYZE' step in 'C:/Users/husseinz/Desktop/ece 491/ece491labs/Lab02/project_2/project_2.sim/sim_1/behav'
"xvlog -m64 --relax -prj TransmitterTest_vlog.prj"
INFO: [VRFC 10-2263] Analyzing SystemVerilog file "C:/Users/husseinz/Desktop/ece 491/ece491labs/Lab02/project_2/project_2.srcs/sources_1/new/transmitter.sv" into library xil_defaultlib
INFO: [VRFC 10-311] analyzing module transmitter
INFO: [VRFC 10-2263] Analyzing SystemVerilog file "C:/Users/husseinz/Desktop/ece 491/ece491labs/Lab02/project_2/project_2.srcs/sim_1/new/TransmitterTest.sv" into library xil_defaultlib
INFO: [VRFC 10-311] analyzing module TransmitterTest
INFO: [VRFC 10-2263] Analyzing Verilog file "C:/Users/husseinz/Desktop/ece 491/ece491labs/Lab02/project_2/project_2.sim/sim_1/behav/glbl.v" into library xil_defaultlib
INFO: [VRFC 10-311] analyzing module glbl
INFO: [USF-XSim-69] 'compile' step finished in '1' seconds
INFO: [USF-XSim-3] XSim::Elaborate design
INFO: [USF-XSim-61] Executing 'ELABORATE' step in 'C:/Users/husseinz/Desktop/ece 491/ece491labs/Lab02/project_2/project_2.sim/sim_1/behav'
Vivado Simulator 2016.2
Copyright 1986-1999, 2001-2016 Xilinx, Inc. All Rights Reserved.
Running: C:/Xilinx/Vivado/2016.2/bin/unwrapped/win64.o/xelab.exe -wto 98eb6a510a9c4484b1d6c0484c56dcb0 --debug typical --relax --mt 2 -L xil_defaultlib -L unisims_ver -L unimacro_ver -L secureip --snapshot TransmitterTest_behav xil_defaultlib.TransmitterTest xil_defaultlib.glbl -log elaborate.log 
Using 2 slave threads.
Starting static elaboration
Completed static elaboration
Starting simulation data flow analysis
Completed simulation data flow analysis
Time Resolution for simulation is 1ps
Compiling module xil_defaultlib.transmitter
Compiling module xil_defaultlib.TransmitterTest
Compiling module xil_defaultlib.glbl
Built simulation snapshot TransmitterTest_behav
INFO: [USF-XSim-69] 'elaborate' step finished in '1' seconds
Vivado Simulator 2016.2
Time resolution is 1 ps
ERROR: [Simulator 45-7] No such file 'C:/Users/husseinz/Desktop/ece' in the design.
ERROR: [Common 17-69] Command failed: ERROR: [Simulator 45-7] No such file 'C:/Users/husseinz/Desktop/ece' in the design.

close_sim
INFO: [Simtcl 6-16] Simulation closed
launch_simulation
INFO: [USF-XSim-27] Simulation object is 'sim_1'
INFO: [USF-XSim-37] Inspecting design source files for 'TransmitterTest' in fileset 'sim_1'...
INFO: [USF-XSim-97] Finding global include files...
INFO: [USF-XSim-98] Fetching design files from 'sim_1'...
INFO: [USF-XSim-2] XSim::Compile design
INFO: [USF-XSim-61] Executing 'COMPILE and ANALYZE' step in 'C:/Users/husseinz/Desktop/ece 491/ece491labs/Lab02/project_2/project_2.sim/sim_1/behav'
"xvlog -m64 --relax -prj TransmitterTest_vlog.prj"
INFO: [VRFC 10-2263] Analyzing SystemVerilog file "C:/Users/husseinz/Desktop/ece 491/ece491labs/Lab02/project_2/project_2.srcs/sources_1/new/transmitter.sv" into library xil_defaultlib
INFO: [VRFC 10-311] analyzing module transmitter
INFO: [VRFC 10-2263] Analyzing SystemVerilog file "C:/Users/husseinz/Desktop/ece 491/ece491labs/Lab02/project_2/project_2.srcs/sim_1/new/TransmitterTest.sv" into library xil_defaultlib
INFO: [VRFC 10-311] analyzing module TransmitterTest
INFO: [VRFC 10-2263] Analyzing Verilog file "C:/Users/husseinz/Desktop/ece 491/ece491labs/Lab02/project_2/project_2.sim/sim_1/behav/glbl.v" into library xil_defaultlib
INFO: [VRFC 10-311] analyzing module glbl
INFO: [USF-XSim-69] 'compile' step finished in '1' seconds
INFO: [USF-XSim-3] XSim::Elaborate design
INFO: [USF-XSim-61] Executing 'ELABORATE' step in 'C:/Users/husseinz/Desktop/ece 491/ece491labs/Lab02/project_2/project_2.sim/sim_1/behav'
Vivado Simulator 2016.2
Copyright 1986-1999, 2001-2016 Xilinx, Inc. All Rights Reserved.
Running: C:/Xilinx/Vivado/2016.2/bin/unwrapped/win64.o/xelab.exe -wto 98eb6a510a9c4484b1d6c0484c56dcb0 --debug typical --relax --mt 2 -L xil_defaultlib -L unisims_ver -L unimacro_ver -L secureip --snapshot TransmitterTest_behav xil_defaultlib.TransmitterTest xil_defaultlib.glbl -log elaborate.log 
Using 2 slave threads.
Starting static elaboration
Completed static elaboration
Starting simulation data flow analysis
Completed simulation data flow analysis
Time Resolution for simulation is 1ps
Compiling module xil_defaultlib.transmitter
Compiling module xil_defaultlib.TransmitterTest
Compiling module xil_defaultlib.glbl
Built simulation snapshot TransmitterTest_behav

****** Webtalk v2016.2 (64-bit)
  **** SW Build 1577090 on Thu Jun  2 16:32:40 MDT 2016
  **** IP Build 1577682 on Fri Jun  3 12:00:54 MDT 2016
    ** Copyright 1986-2016 Xilinx, Inc. All Rights Reserved.

source C:/Users/husseinz/Desktop/ece -notrace
invalid command name "%"
    while executing
"% Total    % Received % Xferd  Average Speed   Time    Time     Time  Current"
    (file "C:/Users/husseinz/Desktop/ece" line 1)
INFO: [Common 17-206] Exiting Webtalk at Mon Sep 12 13:53:53 2016...
INFO: [USF-XSim-69] 'elaborate' step finished in '1' seconds
INFO: [USF-XSim-4] XSim::Simulate design
INFO: [USF-XSim-61] Executing 'SIMULATE' step in 'C:/Users/husseinz/Desktop/ece 491/ece491labs/Lab02/project_2/project_2.sim/sim_1/behav'
INFO: [USF-XSim-98] *** Running xsim
   with args "TransmitterTest_behav -key {Behavioral:sim_1:Functional:TransmitterTest} -tclbatch {TransmitterTest.tcl} -log {simulate.log}"
INFO: [USF-XSim-8] Loading simulator feature
Vivado Simulator 2016.2
Time resolution is 1 ps
source TransmitterTest.tcl
# set curr_wave [current_wave_config]
# if { [string length $curr_wave] == 0 } {
#   if { [llength [get_objects]] > 0} {
#     add_wave /
#     set_property needs_save false [current_wave_config]
#   } else {
#      send_msg_id Add_Wave-1 WARNING "No top level signals found. Simulator will start without a wave window. If you want to open a wave window go to 'File->New Waveform Configuration' or type 'create_wave_config' in the TCL console."
#   }
# }
# run 1000ns
INFO: [USF-XSim-96] XSim completed. Design snapshot 'TransmitterTest_behav' loaded.
INFO: [USF-XSim-97] XSim simulation ran for 1000ns
restart
INFO: [Simtcl 6-17] Simulation restarted
run all
add_bp {C:/Users/husseinz/Desktop/ece 491/ece491labs/Lab02/project_2/project_2.srcs/sources_1/new/transmitter.sv} 71
add_bp {C:/Users/husseinz/Desktop/ece 491/ece491labs/Lab02/project_2/project_2.srcs/sources_1/new/transmitter.sv} 64
add_bp {C:/Users/husseinz/Desktop/ece 491/ece491labs/Lab02/project_2/project_2.srcs/sources_1/new/transmitter.sv} 54
add_bp {C:/Users/husseinz/Desktop/ece 491/ece491labs/Lab02/project_2/project_2.srcs/sources_1/new/transmitter.sv} 48
restart
INFO: [Simtcl 6-17] Simulation restarted
run 10 us
Stopped at time : 5 ns : File "C:/Users/husseinz/Desktop/ece 491/ece491labs/Lab02/project_2/project_2.srcs/sources_1/new/transmitter.sv" Line 54
run 10 us
Stopped at time : 15 ns : File "C:/Users/husseinz/Desktop/ece 491/ece491labs/Lab02/project_2/project_2.srcs/sources_1/new/transmitter.sv" Line 48
run 10 us
Stopped at time : 25 ns : File "C:/Users/husseinz/Desktop/ece 491/ece491labs/Lab02/project_2/project_2.srcs/sources_1/new/transmitter.sv" Line 71
restart
INFO: [Simtcl 6-17] Simulation restarted
relaunch_sim
INFO: [USF-XSim-27] Simulation object is 'sim_1'
INFO: [USF-XSim-37] Inspecting design source files for 'TransmitterTest' in fileset 'sim_1'...
INFO: [USF-XSim-97] Finding global include files...
INFO: [USF-XSim-98] Fetching design files from 'sim_1'...
INFO: [USF-XSim-2] XSim::Compile design
INFO: [USF-XSim-61] Executing 'COMPILE and ANALYZE' step in 'C:/Users/husseinz/Desktop/ece 491/ece491labs/Lab02/project_2/project_2.sim/sim_1/behav'
"xvlog -m64 --relax -prj TransmitterTest_vlog.prj"
INFO: [VRFC 10-2263] Analyzing SystemVerilog file "C:/Users/husseinz/Desktop/ece 491/ece491labs/Lab02/project_2/project_2.srcs/sources_1/new/transmitter.sv" into library xil_defaultlib
INFO: [VRFC 10-311] analyzing module transmitter
INFO: [VRFC 10-2263] Analyzing SystemVerilog file "C:/Users/husseinz/Desktop/ece 491/ece491labs/Lab02/project_2/project_2.srcs/sim_1/new/TransmitterTest.sv" into library xil_defaultlib
INFO: [VRFC 10-311] analyzing module TransmitterTest
INFO: [VRFC 10-2263] Analyzing Verilog file "C:/Users/husseinz/Desktop/ece 491/ece491labs/Lab02/project_2/project_2.sim/sim_1/behav/glbl.v" into library xil_defaultlib
INFO: [VRFC 10-311] analyzing module glbl
INFO: [USF-XSim-69] 'compile' step finished in '1' seconds
INFO: [USF-XSim-3] XSim::Elaborate design
INFO: [USF-XSim-61] Executing 'ELABORATE' step in 'C:/Users/husseinz/Desktop/ece 491/ece491labs/Lab02/project_2/project_2.sim/sim_1/behav'
Vivado Simulator 2016.2
Copyright 1986-1999, 2001-2016 Xilinx, Inc. All Rights Reserved.
Running: C:/Xilinx/Vivado/2016.2/bin/unwrapped/win64.o/xelab.exe -wto 98eb6a510a9c4484b1d6c0484c56dcb0 --debug typical --relax --mt 2 -L xil_defaultlib -L unisims_ver -L unimacro_ver -L secureip --snapshot TransmitterTest_behav xil_defaultlib.TransmitterTest xil_defaultlib.glbl -log elaborate.log 
Using 2 slave threads.
Starting static elaboration
Completed static elaboration
Starting simulation data flow analysis
Completed simulation data flow analysis
Time Resolution for simulation is 1ps
Compiling module xil_defaultlib.transmitter
Compiling module xil_defaultlib.TransmitterTest
Compiling module xil_defaultlib.glbl
Built simulation snapshot TransmitterTest_behav
INFO: [USF-XSim-69] 'elaborate' step finished in '1' seconds
Vivado Simulator 2016.2
Time resolution is 1 ps
ERROR: [Simulator 45-7] No such file 'C:/Users/husseinz/Desktop/ece' in the design.
ERROR: [Common 17-69] Command failed: ERROR: [Simulator 45-7] No such file 'C:/Users/husseinz/Desktop/ece' in the design.

close_sim
INFO: [Simtcl 6-16] Simulation closed
launch_simulation
INFO: [USF-XSim-27] Simulation object is 'sim_1'
INFO: [USF-XSim-37] Inspecting design source files for 'TransmitterTest' in fileset 'sim_1'...
INFO: [USF-XSim-97] Finding global include files...
INFO: [USF-XSim-98] Fetching design files from 'sim_1'...
INFO: [USF-XSim-2] XSim::Compile design
INFO: [USF-XSim-61] Executing 'COMPILE and ANALYZE' step in 'C:/Users/husseinz/Desktop/ece 491/ece491labs/Lab02/project_2/project_2.sim/sim_1/behav'
"xvlog -m64 --relax -prj TransmitterTest_vlog.prj"
INFO: [VRFC 10-2263] Analyzing SystemVerilog file "C:/Users/husseinz/Desktop/ece 491/ece491labs/Lab02/project_2/project_2.srcs/sources_1/new/transmitter.sv" into library xil_defaultlib
INFO: [VRFC 10-311] analyzing module transmitter
INFO: [VRFC 10-2263] Analyzing SystemVerilog file "C:/Users/husseinz/Desktop/ece 491/ece491labs/Lab02/project_2/project_2.srcs/sim_1/new/TransmitterTest.sv" into library xil_defaultlib
INFO: [VRFC 10-311] analyzing module TransmitterTest
INFO: [VRFC 10-2263] Analyzing Verilog file "C:/Users/husseinz/Desktop/ece 491/ece491labs/Lab02/project_2/project_2.sim/sim_1/behav/glbl.v" into library xil_defaultlib
INFO: [VRFC 10-311] analyzing module glbl
INFO: [USF-XSim-69] 'compile' step finished in '1' seconds
INFO: [USF-XSim-3] XSim::Elaborate design
INFO: [USF-XSim-61] Executing 'ELABORATE' step in 'C:/Users/husseinz/Desktop/ece 491/ece491labs/Lab02/project_2/project_2.sim/sim_1/behav'
Vivado Simulator 2016.2
Copyright 1986-1999, 2001-2016 Xilinx, Inc. All Rights Reserved.
Running: C:/Xilinx/Vivado/2016.2/bin/unwrapped/win64.o/xelab.exe -wto 98eb6a510a9c4484b1d6c0484c56dcb0 --debug typical --relax --mt 2 -L xil_defaultlib -L unisims_ver -L unimacro_ver -L secureip --snapshot TransmitterTest_behav xil_defaultlib.TransmitterTest xil_defaultlib.glbl -log elaborate.log 
Using 2 slave threads.
Starting static elaboration
Completed static elaboration
Starting simulation data flow analysis
Completed simulation data flow analysis
Time Resolution for simulation is 1ps
Compiling module xil_defaultlib.transmitter
Compiling module xil_defaultlib.TransmitterTest
Compiling module xil_defaultlib.glbl
Built simulation snapshot TransmitterTest_behav

****** Webtalk v2016.2 (64-bit)
  **** SW Build 1577090 on Thu Jun  2 16:32:40 MDT 2016
  **** IP Build 1577682 on Fri Jun  3 12:00:54 MDT 2016
    ** Copyright 1986-2016 Xilinx, Inc. All Rights Reserved.

source C:/Users/husseinz/Desktop/ece -notrace
invalid command name "%"
    while executing
"% Total    % Received % Xferd  Average Speed   Time    Time     Time  Current"
    (file "C:/Users/husseinz/Desktop/ece" line 1)
INFO: [Common 17-206] Exiting Webtalk at Mon Sep 12 13:56:11 2016...
INFO: [USF-XSim-69] 'elaborate' step finished in '1' seconds
INFO: [USF-XSim-4] XSim::Simulate design
INFO: [USF-XSim-61] Executing 'SIMULATE' step in 'C:/Users/husseinz/Desktop/ece 491/ece491labs/Lab02/project_2/project_2.sim/sim_1/behav'
INFO: [USF-XSim-98] *** Running xsim
   with args "TransmitterTest_behav -key {Behavioral:sim_1:Functional:TransmitterTest} -tclbatch {TransmitterTest.tcl} -log {simulate.log}"
INFO: [USF-XSim-8] Loading simulator feature
Vivado Simulator 2016.2
Time resolution is 1 ps
source TransmitterTest.tcl
# set curr_wave [current_wave_config]
# if { [string length $curr_wave] == 0 } {
#   if { [llength [get_objects]] > 0} {
#     add_wave /
#     set_property needs_save false [current_wave_config]
#   } else {
#      send_msg_id Add_Wave-1 WARNING "No top level signals found. Simulator will start without a wave window. If you want to open a wave window go to 'File->New Waveform Configuration' or type 'create_wave_config' in the TCL console."
#   }
# }
# run 1000ns
INFO: [USF-XSim-96] XSim completed. Design snapshot 'TransmitterTest_behav' loaded.
INFO: [USF-XSim-97] XSim simulation ran for 1000ns
restart
INFO: [Simtcl 6-17] Simulation restarted
run all
relaunch_sim
INFO: [USF-XSim-27] Simulation object is 'sim_1'
INFO: [USF-XSim-37] Inspecting design source files for 'TransmitterTest' in fileset 'sim_1'...
INFO: [USF-XSim-97] Finding global include files...
INFO: [USF-XSim-98] Fetching design files from 'sim_1'...
INFO: [USF-XSim-2] XSim::Compile design
INFO: [USF-XSim-61] Executing 'COMPILE and ANALYZE' step in 'C:/Users/husseinz/Desktop/ece 491/ece491labs/Lab02/project_2/project_2.sim/sim_1/behav'
"xvlog -m64 --relax -prj TransmitterTest_vlog.prj"
INFO: [VRFC 10-2263] Analyzing SystemVerilog file "C:/Users/husseinz/Desktop/ece 491/ece491labs/Lab02/project_2/project_2.srcs/sources_1/new/transmitter.sv" into library xil_defaultlib
INFO: [VRFC 10-311] analyzing module transmitter
INFO: [VRFC 10-2263] Analyzing SystemVerilog file "C:/Users/husseinz/Desktop/ece 491/ece491labs/Lab02/project_2/project_2.srcs/sim_1/new/TransmitterTest.sv" into library xil_defaultlib
INFO: [VRFC 10-311] analyzing module TransmitterTest
INFO: [VRFC 10-2263] Analyzing Verilog file "C:/Users/husseinz/Desktop/ece 491/ece491labs/Lab02/project_2/project_2.sim/sim_1/behav/glbl.v" into library xil_defaultlib
INFO: [VRFC 10-311] analyzing module glbl
INFO: [USF-XSim-69] 'compile' step finished in '1' seconds
INFO: [USF-XSim-3] XSim::Elaborate design
INFO: [USF-XSim-61] Executing 'ELABORATE' step in 'C:/Users/husseinz/Desktop/ece 491/ece491labs/Lab02/project_2/project_2.sim/sim_1/behav'
Vivado Simulator 2016.2
Copyright 1986-1999, 2001-2016 Xilinx, Inc. All Rights Reserved.
Running: C:/Xilinx/Vivado/2016.2/bin/unwrapped/win64.o/xelab.exe -wto 98eb6a510a9c4484b1d6c0484c56dcb0 --debug typical --relax --mt 2 -L xil_defaultlib -L unisims_ver -L unimacro_ver -L secureip --snapshot TransmitterTest_behav xil_defaultlib.TransmitterTest xil_defaultlib.glbl -log elaborate.log 
Using 2 slave threads.
Starting static elaboration
Completed static elaboration
Starting simulation data flow analysis
Completed simulation data flow analysis
Time Resolution for simulation is 1ps
Compiling module xil_defaultlib.transmitter
Compiling module xil_defaultlib.TransmitterTest
Compiling module xil_defaultlib.glbl
Built simulation snapshot TransmitterTest_behav
INFO: [USF-XSim-69] 'elaborate' step finished in '1' seconds
Vivado Simulator 2016.2
Time resolution is 1 ps
add_bp {C:/Users/husseinz/Desktop/ece 491/ece491labs/Lab02/project_2/project_2.srcs/sources_1/new/transmitter.sv} 70
restart
INFO: [Simtcl 6-17] Simulation restarted
run 10 us
Stopped at time : 25 ns : File "C:/Users/husseinz/Desktop/ece 491/ece491labs/Lab02/project_2/project_2.srcs/sources_1/new/transmitter.sv" Line 70
run 10 us
Stopped at time : 40 ns : File "C:/Users/husseinz/Desktop/ece 491/ece491labs/Lab02/project_2/project_2.srcs/sources_1/new/transmitter.sv" Line 70
run 10 us
Stopped at time : 90 ns : File "C:/Users/husseinz/Desktop/ece 491/ece491labs/Lab02/project_2/project_2.srcs/sources_1/new/transmitter.sv" Line 70
step
Stopped at time : 90 ns : File "C:/Users/husseinz/Desktop/ece 491/ece491labs/Lab02/project_2/project_2.srcs/sources_1/new/transmitter.sv" Line 71
step
Stopped at time : 90 ns : File "C:/Users/husseinz/Desktop/ece 491/ece491labs/Lab02/project_2/project_2.srcs/sources_1/new/transmitter.sv" Line 72
step
Stopped at time : 90 ns : File "C:/Users/husseinz/Desktop/ece 491/ece491labs/Lab02/project_2/project_2.srcs/sources_1/new/transmitter.sv" Line 39
step
Stopped at time : 95 ns : File "C:/Users/husseinz/Desktop/ece 491/ece491labs/Lab02/project_2/project_2.srcs/sim_1/new/TransmitterTest.sv" Line 40
step
Stopped at time : 95 ns : File "C:/Users/husseinz/Desktop/ece 491/ece491labs/Lab02/project_2/project_2.srcs/sim_1/new/TransmitterTest.sv" Line 41
step
Stopped at time : 95 ns : File "C:/Users/husseinz/Desktop/ece 491/ece491labs/Lab02/project_2/project_2.srcs/sources_1/new/transmitter.sv" Line 33
step
Stopped at time : 95 ns : File "C:/Users/husseinz/Desktop/ece 491/ece491labs/Lab02/project_2/project_2.srcs/sources_1/new/transmitter.sv" Line 34
step
Stopped at time : 95 ns : File "C:/Users/husseinz/Desktop/ece 491/ece491labs/Lab02/project_2/project_2.srcs/sources_1/new/transmitter.sv" Line 32
step
Stopped at time : 100 ns : File "C:/Users/husseinz/Desktop/ece 491/ece491labs/Lab02/project_2/project_2.sim/sim_1/behav/glbl.v" Line 60
step
Stopped at time : 100 ns : File "C:/Users/husseinz/Desktop/ece 491/ece491labs/Lab02/project_2/project_2.sim/sim_1/behav/glbl.v" Line 61
step
Stopped at time : 100 ns : File "C:/Users/husseinz/Desktop/ece 491/ece491labs/Lab02/project_2/project_2.srcs/sim_1/new/TransmitterTest.sv" Line 64
step
Stopped at time : 100 ns : File "C:/Users/husseinz/Desktop/ece 491/ece491labs/Lab02/project_2/project_2.srcs/sim_1/new/TransmitterTest.sv" Line 65
step
Stopped at time : 100 ns : File "C:/Users/husseinz/Desktop/ece 491/ece491labs/Lab02/project_2/project_2.srcs/sim_1/new/TransmitterTest.sv" Line 39
step
Stopped at time : 100 ns : File "C:/Users/husseinz/Desktop/ece 491/ece491labs/Lab02/project_2/project_2.srcs/sim_1/new/TransmitterTest.sv" Line 40
step
Stopped at time : 100 ns : File "C:/Users/husseinz/Desktop/ece 491/ece491labs/Lab02/project_2/project_2.sim/sim_1/behav/glbl.v" Line 52
step
Stopped at time : 100 ns : File "C:/Users/husseinz/Desktop/ece 491/ece491labs/Lab02/project_2/project_2.sim/sim_1/behav/glbl.v" Line 54
step
Stopped at time : 105 ns : File "C:/Users/husseinz/Desktop/ece 491/ece491labs/Lab02/project_2/project_2.srcs/sim_1/new/TransmitterTest.sv" Line 40
step
Stopped at time : 105 ns : File "C:/Users/husseinz/Desktop/ece 491/ece491labs/Lab02/project_2/project_2.srcs/sim_1/new/TransmitterTest.sv" Line 41
step
Stopped at time : 105 ns : File "C:/Users/husseinz/Desktop/ece 491/ece491labs/Lab02/project_2/project_2.srcs/sources_1/new/transmitter.sv" Line 33
step
Stopped at time : 105 ns : File "C:/Users/husseinz/Desktop/ece 491/ece491labs/Lab02/project_2/project_2.srcs/sources_1/new/transmitter.sv" Line 34
step
Stopped at time : 105 ns : File "C:/Users/husseinz/Desktop/ece 491/ece491labs/Lab02/project_2/project_2.srcs/sources_1/new/transmitter.sv" Line 32
step
Stopped at time : 110 ns : File "C:/Users/husseinz/Desktop/ece 491/ece491labs/Lab02/project_2/project_2.srcs/sim_1/new/TransmitterTest.sv" Line 39
step
Stopped at time : 110 ns : File "C:/Users/husseinz/Desktop/ece 491/ece491labs/Lab02/project_2/project_2.srcs/sim_1/new/TransmitterTest.sv" Line 40
step
Stopped at time : 115 ns : File "C:/Users/husseinz/Desktop/ece 491/ece491labs/Lab02/project_2/project_2.srcs/sim_1/new/TransmitterTest.sv" Line 40
step
Stopped at time : 115 ns : File "C:/Users/husseinz/Desktop/ece 491/ece491labs/Lab02/project_2/project_2.srcs/sim_1/new/TransmitterTest.sv" Line 41
step
Stopped at time : 115 ns : File "C:/Users/husseinz/Desktop/ece 491/ece491labs/Lab02/project_2/project_2.srcs/sources_1/new/transmitter.sv" Line 33
step
Stopped at time : 115 ns : File "C:/Users/husseinz/Desktop/ece 491/ece491labs/Lab02/project_2/project_2.srcs/sources_1/new/transmitter.sv" Line 34
step
Stopped at time : 115 ns : File "C:/Users/husseinz/Desktop/ece 491/ece491labs/Lab02/project_2/project_2.srcs/sources_1/new/transmitter.sv" Line 32
step
Stopped at time : 120 ns : File "C:/Users/husseinz/Desktop/ece 491/ece491labs/Lab02/project_2/project_2.srcs/sim_1/new/TransmitterTest.sv" Line 39
step
Stopped at time : 120 ns : File "C:/Users/husseinz/Desktop/ece 491/ece491labs/Lab02/project_2/project_2.srcs/sim_1/new/TransmitterTest.sv" Line 40
step
Stopped at time : 125 ns : File "C:/Users/husseinz/Desktop/ece 491/ece491labs/Lab02/project_2/project_2.srcs/sim_1/new/TransmitterTest.sv" Line 40
step
Stopped at time : 125 ns : File "C:/Users/husseinz/Desktop/ece 491/ece491labs/Lab02/project_2/project_2.srcs/sim_1/new/TransmitterTest.sv" Line 41
step
Stopped at time : 125 ns : File "C:/Users/husseinz/Desktop/ece 491/ece491labs/Lab02/project_2/project_2.srcs/sources_1/new/transmitter.sv" Line 33
step
Stopped at time : 125 ns : File "C:/Users/husseinz/Desktop/ece 491/ece491labs/Lab02/project_2/project_2.srcs/sources_1/new/transmitter.sv" Line 34
step
Stopped at time : 125 ns : File "C:/Users/husseinz/Desktop/ece 491/ece491labs/Lab02/project_2/project_2.srcs/sources_1/new/transmitter.sv" Line 32
step
Stopped at time : 130 ns : File "C:/Users/husseinz/Desktop/ece 491/ece491labs/Lab02/project_2/project_2.srcs/sim_1/new/TransmitterTest.sv" Line 39
step
Stopped at time : 130 ns : File "C:/Users/husseinz/Desktop/ece 491/ece491labs/Lab02/project_2/project_2.srcs/sim_1/new/TransmitterTest.sv" Line 40
step
Stopped at time : 135 ns : File "C:/Users/husseinz/Desktop/ece 491/ece491labs/Lab02/project_2/project_2.srcs/sim_1/new/TransmitterTest.sv" Line 40
relaunch_sim
INFO: [USF-XSim-27] Simulation object is 'sim_1'
INFO: [USF-XSim-37] Inspecting design source files for 'TransmitterTest' in fileset 'sim_1'...
INFO: [USF-XSim-97] Finding global include files...
INFO: [USF-XSim-98] Fetching design files from 'sim_1'...
INFO: [USF-XSim-2] XSim::Compile design
INFO: [USF-XSim-61] Executing 'COMPILE and ANALYZE' step in 'C:/Users/husseinz/Desktop/ece 491/ece491labs/Lab02/project_2/project_2.sim/sim_1/behav'
"xvlog -m64 --relax -prj TransmitterTest_vlog.prj"
INFO: [VRFC 10-2263] Analyzing SystemVerilog file "C:/Users/husseinz/Desktop/ece 491/ece491labs/Lab02/project_2/project_2.srcs/sources_1/new/transmitter.sv" into library xil_defaultlib
INFO: [VRFC 10-311] analyzing module transmitter
INFO: [VRFC 10-2263] Analyzing SystemVerilog file "C:/Users/husseinz/Desktop/ece 491/ece491labs/Lab02/project_2/project_2.srcs/sim_1/new/TransmitterTest.sv" into library xil_defaultlib
INFO: [VRFC 10-311] analyzing module TransmitterTest
INFO: [VRFC 10-2263] Analyzing Verilog file "C:/Users/husseinz/Desktop/ece 491/ece491labs/Lab02/project_2/project_2.sim/sim_1/behav/glbl.v" into library xil_defaultlib
INFO: [VRFC 10-311] analyzing module glbl
INFO: [USF-XSim-69] 'compile' step finished in '1' seconds
INFO: [USF-XSim-3] XSim::Elaborate design
INFO: [USF-XSim-61] Executing 'ELABORATE' step in 'C:/Users/husseinz/Desktop/ece 491/ece491labs/Lab02/project_2/project_2.sim/sim_1/behav'
Vivado Simulator 2016.2
Copyright 1986-1999, 2001-2016 Xilinx, Inc. All Rights Reserved.
Running: C:/Xilinx/Vivado/2016.2/bin/unwrapped/win64.o/xelab.exe -wto 98eb6a510a9c4484b1d6c0484c56dcb0 --debug typical --relax --mt 2 -L xil_defaultlib -L unisims_ver -L unimacro_ver -L secureip --snapshot TransmitterTest_behav xil_defaultlib.TransmitterTest xil_defaultlib.glbl -log elaborate.log 
Using 2 slave threads.
Starting static elaboration
Completed static elaboration
Starting simulation data flow analysis
Completed simulation data flow analysis
Time Resolution for simulation is 1ps
Compiling module xil_defaultlib.transmitter
Compiling module xil_defaultlib.TransmitterTest
Compiling module xil_defaultlib.glbl
Built simulation snapshot TransmitterTest_behav
INFO: [USF-XSim-69] 'elaborate' step finished in '1' seconds
Vivado Simulator 2016.2
Time resolution is 1 ps
ERROR: [Simulator 45-7] No such file 'C:/Users/husseinz/Desktop/ece' in the design.
ERROR: [Common 17-69] Command failed: ERROR: [Simulator 45-7] No such file 'C:/Users/husseinz/Desktop/ece' in the design.

close_sim
INFO: [Simtcl 6-16] Simulation closed
exit
INFO: [Common 17-206] Exiting Vivado at Mon Sep 12 14:00:26 2016...
