#-----------------------------------------------------------
# Vivado v2016.2 (64-bit)
# SW Build 1577090 on Thu Jun  2 16:32:40 MDT 2016
# IP Build 1577682 on Fri Jun  3 12:00:54 MDT 2016
# Start of session at: Tue Nov 29 13:13:08 2016
# Process ID: 5088
# Current directory: C:/Users/husseinz/Desktop/ece491/ece491labs/FinalProjectTransmitter
# Command line: vivado.exe -gui_launcher_event rodinguilauncherevent4580 C:\Users\husseinz\Desktop\ece491\ece491labs\FinalProjectTransmitter\FinalProjectTransmitter.xpr
# Log file: C:/Users/husseinz/Desktop/ece491/ece491labs/FinalProjectTransmitter/vivado.log
# Journal file: C:/Users/husseinz/Desktop/ece491/ece491labs/FinalProjectTransmitter\vivado.jou
#-----------------------------------------------------------
start_gui
open_project C:/Users/husseinz/Desktop/ece491/ece491labs/FinalProjectTransmitter/FinalProjectTransmitter.xpr
Scanning sources...
Finished scanning sources
INFO: [IP_Flow 19-234] Refreshing IP repositories
INFO: [IP_Flow 19-1704] No user IP repositories specified
INFO: [IP_Flow 19-2313] Loaded Vivado IP repository 'C:/Xilinx/Vivado/2016.2/data/ip'.
update_compile_order -fileset sources_1
update_compile_order -fileset sources_1
file mkdir C:/Users/husseinz/Desktop/ece491/ece491labs/FinalProjectTransmitter/FinalProjectTransmitter.srcs/sim_1/new
set_property SOURCE_SET sources_1 [get_filesets sim_1]
close [ open C:/Users/husseinz/Desktop/ece491/ece491labs/FinalProjectTransmitter/FinalProjectTransmitter.srcs/sim_1/new/Trans_contoller_bench.sv w ]
add_files -fileset sim_1 C:/Users/husseinz/Desktop/ece491/ece491labs/FinalProjectTransmitter/FinalProjectTransmitter.srcs/sim_1/new/Trans_contoller_bench.sv
update_compile_order -fileset sim_1
add_files -norecurse C:/Users/husseinz/Desktop/ece491/ece491labs/FinalProjectTransmitter/check_p.sv
update_compile_order -fileset sources_1
exit
INFO: [Common 17-206] Exiting Vivado at Tue Nov 29 16:06:05 2016...
