#-----------------------------------------------------------
# Vivado v2016.3 (64-bit)
# SW Build 1682563 on Mon Oct 10 19:07:27 MDT 2016
# IP Build 1681267 on Mon Oct 10 21:28:31 MDT 2016
# Start of session at: Sat Nov 12 21:28:59 2016
# Process ID: 6320
# Current directory: C:/Users/husseinz/Desktop/491/ece491labs/Lab06/lab6
# Command line: vivado.exe -gui_launcher_event rodinguilauncherevent7592 C:\Users\husseinz\Desktop\491\ece491labs\Lab06\lab6\lab6.xpr
# Log file: C:/Users/husseinz/Desktop/491/ece491labs/Lab06/lab6/vivado.log
# Journal file: C:/Users/husseinz/Desktop/491/ece491labs/Lab06/lab6\vivado.jou
#-----------------------------------------------------------
start_gui
exit
INFO: [Common 17-206] Exiting Vivado at Sat Nov 12 21:31:47 2016...

INFO: [Project 1-313] Project file moved from 'C:/Users/dilsizk/Desktop/ece491/ece491labs/Lab06/lab6' since last save.
Scanning sources...
Finished scanning sources
CRITICAL WARNING: [Board 49-67] The board_part definition was not found for digilentinc.com:nexys4_ddr:part0:1.1. Valid board_part values can be retrieved with the 'get_board_parts' Tcl command.
INFO: [Project 1-230] Project 'lab6.xpr' upgraded for this version of Vivado.
INFO: [IP_Flow 19-234] Refreshing IP repositories
INFO: [IP_Flow 19-1704] No user IP repositories specified
INFO: [IP_Flow 19-2313] Loaded Vivado IP repository 'C:/Xilinx/Vivado/2016.3/data/ip'.
open_project: Time (s): cpu = 00:00:04 ; elapsed = 00:00:20 . Memory (MB): peak = 687.434 ; gain = 88.277
