
*** Running vivado
    with args -log nexys4DDR.vds -m64 -mode batch -messageDb vivado.pb -notrace -source nexys4DDR.tcl


****** Vivado v2016.2 (64-bit)
  **** SW Build 1577090 on Thu Jun  2 16:32:40 MDT 2016
  **** IP Build 1577682 on Fri Jun  3 12:00:54 MDT 2016
    ** Copyright 1986-2016 Xilinx, Inc. All Rights Reserved.

source nexys4DDR.tcl -notrace
Command: synth_design -top nexys4DDR -part xc7a100tcsg324-1
Starting synth_design
Attempting to get a license for feature 'Synthesis' and/or device 'xc7a100t'
INFO: [Common 17-349] Got license for feature 'Synthesis' and/or device 'xc7a100t'
INFO: Launching helper process for spawning children vivado processes
INFO: Helper process launched with PID 6520 
---------------------------------------------------------------------------------
Starting RTL Elaboration : Time (s): cpu = 00:00:04 ; elapsed = 00:00:05 . Memory (MB): peak = 316.371 ; gain = 108.117
---------------------------------------------------------------------------------
INFO: [Synth 8-638] synthesizing module 'nexys4DDR' [C:/Users/husseinz/Desktop/ece 491/ece491labs/Lab01/Lab_1/nexys4DDR.sv:22]
INFO: [Synth 8-638] synthesizing module 'reg_parm' [C:/Users/husseinz/Desktop/ece 491/ece491labs/Lab01/Lab_1/reg_param.sv:1]
	Parameter W bound to: 5 - type: integer 
INFO: [Synth 8-256] done synthesizing module 'reg_parm' (1#1) [C:/Users/husseinz/Desktop/ece 491/ece491labs/Lab01/Lab_1/reg_param.sv:1]
INFO: [Synth 8-638] synthesizing module 'dispctl' [C:/Users/husseinz/Desktop/ece 491/ece491labs/Lab01/Lab_1/dispctl.sv:23]
INFO: [Synth 8-638] synthesizing module 'clkenb' [C:/Users/husseinz/Desktop/ece 491/ece491labs/Lab01/Lab_1/clkenb.sv:20]
	Parameter DIVFREQ bound to: 1000 - type: integer 
	Parameter CLKFREQ bound to: 100000000 - type: integer 
	Parameter DIVAMT bound to: 100000 - type: integer 
	Parameter DIVBITS bound to: 17 - type: integer 
INFO: [Synth 8-256] done synthesizing module 'clkenb' (2#1) [C:/Users/husseinz/Desktop/ece 491/ece491labs/Lab01/Lab_1/clkenb.sv:20]
INFO: [Synth 8-638] synthesizing module 'counter_parm' [C:/Users/husseinz/Desktop/ece 491/ece491labs/Lab01/Lab_1/counter_parm.sv:1]
	Parameter W bound to: 3 - type: integer 
INFO: [Synth 8-256] done synthesizing module 'counter_parm' (3#1) [C:/Users/husseinz/Desktop/ece 491/ece491labs/Lab01/Lab_1/counter_parm.sv:1]
INFO: [Synth 8-638] synthesizing module 'decoder_3_8_en' [C:/Users/husseinz/Desktop/ece 491/ece491labs/Lab01/Lab_1/decoder_3_8_en.sv:1]
INFO: [Synth 8-256] done synthesizing module 'decoder_3_8_en' (4#1) [C:/Users/husseinz/Desktop/ece 491/ece491labs/Lab01/Lab_1/decoder_3_8_en.sv:1]
INFO: [Synth 8-638] synthesizing module 'mux8_parm' [C:/Users/husseinz/Desktop/ece 491/ece491labs/Lab01/Lab_1/mux8_parm.sv:1]
	Parameter W bound to: 4 - type: integer 
INFO: [Synth 8-226] default block is never used [C:/Users/husseinz/Desktop/ece 491/ece491labs/Lab01/Lab_1/mux8_parm.sv:8]
INFO: [Synth 8-256] done synthesizing module 'mux8_parm' (5#1) [C:/Users/husseinz/Desktop/ece 491/ece491labs/Lab01/Lab_1/mux8_parm.sv:1]
INFO: [Synth 8-638] synthesizing module 'mux8_parm__parameterized0' [C:/Users/husseinz/Desktop/ece 491/ece491labs/Lab01/Lab_1/mux8_parm.sv:1]
	Parameter W bound to: 1 - type: integer 
INFO: [Synth 8-226] default block is never used [C:/Users/husseinz/Desktop/ece 491/ece491labs/Lab01/Lab_1/mux8_parm.sv:8]
INFO: [Synth 8-256] done synthesizing module 'mux8_parm__parameterized0' (5#1) [C:/Users/husseinz/Desktop/ece 491/ece491labs/Lab01/Lab_1/mux8_parm.sv:1]
INFO: [Synth 8-638] synthesizing module 'seven_seg' [C:/Users/husseinz/Desktop/ece 491/ece491labs/Lab01/Lab_1/seven_seg.sv:17]
	Parameter BLANK bound to: 7'b1111111 
	Parameter ZERO bound to: 7'b1000000 
	Parameter ONE bound to: 7'b1111001 
	Parameter TWO bound to: 7'b0100100 
	Parameter THREE bound to: 7'b0110000 
	Parameter FOUR bound to: 7'b0011001 
	Parameter FIVE bound to: 7'b0010010 
	Parameter SIX bound to: 7'b0000010 
	Parameter SEVEN bound to: 7'b1111000 
	Parameter EIGHT bound to: 7'b0000000 
	Parameter NINE bound to: 7'b0010000 
	Parameter A bound to: 7'b0001000 
	Parameter B bound to: 7'b0000011 
	Parameter C bound to: 7'b1000110 
	Parameter D bound to: 7'b0100001 
	Parameter E bound to: 7'b0000110 
	Parameter F bound to: 7'b0001110 
INFO: [Synth 8-226] default block is never used [C:/Users/husseinz/Desktop/ece 491/ece491labs/Lab01/Lab_1/seven_seg.sv:43]
INFO: [Synth 8-256] done synthesizing module 'seven_seg' (6#1) [C:/Users/husseinz/Desktop/ece 491/ece491labs/Lab01/Lab_1/seven_seg.sv:17]
INFO: [Synth 8-256] done synthesizing module 'dispctl' (7#1) [C:/Users/husseinz/Desktop/ece 491/ece491labs/Lab01/Lab_1/dispctl.sv:23]
INFO: [Synth 8-256] done synthesizing module 'nexys4DDR' (8#1) [C:/Users/husseinz/Desktop/ece 491/ece491labs/Lab01/Lab_1/nexys4DDR.sv:22]
WARNING: [Synth 8-3331] design nexys4DDR has unconnected port SW[10]
WARNING: [Synth 8-3331] design nexys4DDR has unconnected port SW[9]
WARNING: [Synth 8-3331] design nexys4DDR has unconnected port SW[8]
---------------------------------------------------------------------------------
Finished RTL Elaboration : Time (s): cpu = 00:00:04 ; elapsed = 00:00:06 . Memory (MB): peak = 352.684 ; gain = 144.430
---------------------------------------------------------------------------------

Report Check Netlist: 
+------+------------------+-------+---------+-------+------------------+
|      |Item              |Errors |Warnings |Status |Description       |
+------+------------------+-------+---------+-------+------------------+
|1     |multi_driven_nets |      0|        0|Passed |Multi driven nets |
+------+------------------+-------+---------+-------+------------------+
---------------------------------------------------------------------------------
Finished RTL Optimization Phase 1 : Time (s): cpu = 00:00:04 ; elapsed = 00:00:06 . Memory (MB): peak = 352.684 ; gain = 144.430
---------------------------------------------------------------------------------
INFO: [Device 21-403] Loading part xc7a100tcsg324-1
INFO: [Project 1-570] Preparing netlist for logic optimization

Processing XDC Constraints
Initializing timing engine
Parsing XDC File [C:/Users/husseinz/Desktop/ece 491/ece491labs/Lab01/Lab_1/nexys4DDR.xdc]
Finished Parsing XDC File [C:/Users/husseinz/Desktop/ece 491/ece491labs/Lab01/Lab_1/nexys4DDR.xdc]
INFO: [Project 1-236] Implementation specific constraints were found while reading constraint file [C:/Users/husseinz/Desktop/ece 491/ece491labs/Lab01/Lab_1/nexys4DDR.xdc]. These constraints will be ignored for synthesis but will be used in implementation. Impacted constraints are listed in the file [.Xil/nexys4DDR_propImpl.xdc].
Resolution: To avoid this warning, move constraints listed in [.Xil/nexys4DDR_propImpl.xdc] to another XDC file and exclude this new file from synthesis with the used_in_synthesis property (File Properties dialog in GUI) and re-run elaboration/synthesis.
Completed Processing XDC Constraints

INFO: [Project 1-111] Unisim Transformation Summary:
No Unisim elements were transformed.

Constraint Validation Runtime : Time (s): cpu = 00:00:00 ; elapsed = 00:00:00.002 . Memory (MB): peak = 655.031 ; gain = 0.000
---------------------------------------------------------------------------------
Finished Constraint Validation : Time (s): cpu = 00:00:11 ; elapsed = 00:00:13 . Memory (MB): peak = 655.031 ; gain = 446.777
---------------------------------------------------------------------------------
---------------------------------------------------------------------------------
Start Loading Part and Timing Information
---------------------------------------------------------------------------------
Loading part: xc7a100tcsg324-1
---------------------------------------------------------------------------------
Finished Loading Part and Timing Information : Time (s): cpu = 00:00:11 ; elapsed = 00:00:13 . Memory (MB): peak = 655.031 ; gain = 446.777
---------------------------------------------------------------------------------
---------------------------------------------------------------------------------
Start Applying 'set_property' XDC Constraints
---------------------------------------------------------------------------------
---------------------------------------------------------------------------------
Finished applying 'set_property' XDC Constraints : Time (s): cpu = 00:00:11 ; elapsed = 00:00:13 . Memory (MB): peak = 655.031 ; gain = 446.777
---------------------------------------------------------------------------------
INFO: [Synth 8-5546] ROM "enb" won't be mapped to RAM because it is too sparse
---------------------------------------------------------------------------------
Finished RTL Optimization Phase 2 : Time (s): cpu = 00:00:11 ; elapsed = 00:00:13 . Memory (MB): peak = 655.031 ; gain = 446.777
---------------------------------------------------------------------------------

Report RTL Partitions: 
+-+--------------+------------+----------+
| |RTL Partition |Replication |Instances |
+-+--------------+------------+----------+
+-+--------------+------------+----------+
---------------------------------------------------------------------------------
Start RTL Component Statistics 
---------------------------------------------------------------------------------
Detailed RTL Component Info : 
+---Adders : 
	   2 Input     17 Bit       Adders := 1     
	   2 Input      3 Bit       Adders := 1     
+---Registers : 
	               17 Bit    Registers := 1     
	                5 Bit    Registers := 8     
	                3 Bit    Registers := 1     
	                1 Bit    Registers := 1     
+---Muxes : 
	   2 Input     17 Bit        Muxes := 1     
	   2 Input      8 Bit        Muxes := 1     
	   8 Input      8 Bit        Muxes := 1     
	  16 Input      7 Bit        Muxes := 1     
	   2 Input      1 Bit        Muxes := 1     
---------------------------------------------------------------------------------
Finished RTL Component Statistics 
---------------------------------------------------------------------------------
---------------------------------------------------------------------------------
Start RTL Hierarchical Component Statistics 
---------------------------------------------------------------------------------
Hierarchical RTL Component report 
Module reg_parm 
Detailed RTL Component Info : 
+---Registers : 
	                5 Bit    Registers := 1     
Module clkenb 
Detailed RTL Component Info : 
+---Adders : 
	   2 Input     17 Bit       Adders := 1     
+---Registers : 
	               17 Bit    Registers := 1     
	                1 Bit    Registers := 1     
+---Muxes : 
	   2 Input     17 Bit        Muxes := 1     
	   2 Input      1 Bit        Muxes := 1     
Module counter_parm 
Detailed RTL Component Info : 
+---Adders : 
	   2 Input      3 Bit       Adders := 1     
+---Registers : 
	                3 Bit    Registers := 1     
Module decoder_3_8_en 
Detailed RTL Component Info : 
+---Muxes : 
	   2 Input      8 Bit        Muxes := 1     
	   8 Input      8 Bit        Muxes := 1     
Module seven_seg 
Detailed RTL Component Info : 
+---Muxes : 
	  16 Input      7 Bit        Muxes := 1     
---------------------------------------------------------------------------------
Finished RTL Hierarchical Component Statistics
---------------------------------------------------------------------------------
---------------------------------------------------------------------------------
Start Part Resource Summary
---------------------------------------------------------------------------------
Part Resources:
DSPs: 240 (col length:80)
BRAMs: 270 (col length: RAMB18 80 RAMB36 40)
---------------------------------------------------------------------------------
Finished Part Resource Summary
---------------------------------------------------------------------------------
Start Parallel Synthesis Optimization  : Time (s): cpu = 00:00:11 ; elapsed = 00:00:13 . Memory (MB): peak = 655.031 ; gain = 446.777
---------------------------------------------------------------------------------
Start Cross Boundary Optimization
---------------------------------------------------------------------------------
INFO: [Synth 8-5544] ROM "DISP/DECODE/" won't be mapped to Block RAM because address size (3) smaller than threshold (5)
INFO: [Synth 8-5546] ROM "DISP/U_CLKENB/enb" won't be mapped to RAM because it is too sparse
WARNING: [Synth 8-3331] design nexys4DDR has unconnected port SW[10]
WARNING: [Synth 8-3331] design nexys4DDR has unconnected port SW[9]
WARNING: [Synth 8-3331] design nexys4DDR has unconnected port SW[8]
---------------------------------------------------------------------------------
Finished Cross Boundary Optimization : Time (s): cpu = 00:00:11 ; elapsed = 00:00:13 . Memory (MB): peak = 655.031 ; gain = 446.777
---------------------------------------------------------------------------------
Finished Parallel Reinference  : Time (s): cpu = 00:00:11 ; elapsed = 00:00:13 . Memory (MB): peak = 655.031 ; gain = 446.777

Report RTL Partitions: 
+-+--------------+------------+----------+
| |RTL Partition |Replication |Instances |
+-+--------------+------------+----------+
+-+--------------+------------+----------+
---------------------------------------------------------------------------------
Start Area Optimization
---------------------------------------------------------------------------------
---------------------------------------------------------------------------------
Finished Area Optimization : Time (s): cpu = 00:00:12 ; elapsed = 00:00:14 . Memory (MB): peak = 655.031 ; gain = 446.777
---------------------------------------------------------------------------------
Finished Parallel Area Optimization  : Time (s): cpu = 00:00:12 ; elapsed = 00:00:14 . Memory (MB): peak = 655.031 ; gain = 446.777

Report RTL Partitions: 
+-+--------------+------------+----------+
| |RTL Partition |Replication |Instances |
+-+--------------+------------+----------+
+-+--------------+------------+----------+
---------------------------------------------------------------------------------
Start Timing Optimization
---------------------------------------------------------------------------------
---------------------------------------------------------------------------------
Start Applying XDC Timing Constraints
---------------------------------------------------------------------------------
---------------------------------------------------------------------------------
Finished Applying XDC Timing Constraints : Time (s): cpu = 00:00:19 ; elapsed = 00:00:21 . Memory (MB): peak = 655.031 ; gain = 446.777
---------------------------------------------------------------------------------
---------------------------------------------------------------------------------
Finished Timing Optimization : Time (s): cpu = 00:00:19 ; elapsed = 00:00:21 . Memory (MB): peak = 655.031 ; gain = 446.777
---------------------------------------------------------------------------------

Report RTL Partitions: 
+-+--------------+------------+----------+
| |RTL Partition |Replication |Instances |
+-+--------------+------------+----------+
+-+--------------+------------+----------+
---------------------------------------------------------------------------------
Start Technology Mapping
---------------------------------------------------------------------------------
---------------------------------------------------------------------------------
Finished Technology Mapping : Time (s): cpu = 00:00:19 ; elapsed = 00:00:21 . Memory (MB): peak = 655.031 ; gain = 446.777
---------------------------------------------------------------------------------
Finished Parallel Technology Mapping Optimization  : Time (s): cpu = 00:00:19 ; elapsed = 00:00:21 . Memory (MB): peak = 655.031 ; gain = 446.777

Report RTL Partitions: 
+-+--------------+------------+----------+
| |RTL Partition |Replication |Instances |
+-+--------------+------------+----------+
+-+--------------+------------+----------+
Finished Parallel Synthesis Optimization  : Time (s): cpu = 00:00:19 ; elapsed = 00:00:21 . Memory (MB): peak = 655.031 ; gain = 446.777
---------------------------------------------------------------------------------
Start IO Insertion
---------------------------------------------------------------------------------
---------------------------------------------------------------------------------
Start Flattening Before IO Insertion
---------------------------------------------------------------------------------
---------------------------------------------------------------------------------
Finished Flattening Before IO Insertion
---------------------------------------------------------------------------------
---------------------------------------------------------------------------------
Start Final Netlist Cleanup
---------------------------------------------------------------------------------
---------------------------------------------------------------------------------
Finished Final Netlist Cleanup
---------------------------------------------------------------------------------
---------------------------------------------------------------------------------
Finished IO Insertion : Time (s): cpu = 00:00:19 ; elapsed = 00:00:22 . Memory (MB): peak = 655.031 ; gain = 446.777
---------------------------------------------------------------------------------

Report Check Netlist: 
+------+------------------+-------+---------+-------+------------------+
|      |Item              |Errors |Warnings |Status |Description       |
+------+------------------+-------+---------+-------+------------------+
|1     |multi_driven_nets |      0|        0|Passed |Multi driven nets |
+------+------------------+-------+---------+-------+------------------+
---------------------------------------------------------------------------------
Start Renaming Generated Instances
---------------------------------------------------------------------------------
---------------------------------------------------------------------------------
Finished Renaming Generated Instances : Time (s): cpu = 00:00:19 ; elapsed = 00:00:22 . Memory (MB): peak = 655.031 ; gain = 446.777
---------------------------------------------------------------------------------

Report RTL Partitions: 
+-+--------------+------------+----------+
| |RTL Partition |Replication |Instances |
+-+--------------+------------+----------+
+-+--------------+------------+----------+
---------------------------------------------------------------------------------
Start Rebuilding User Hierarchy
---------------------------------------------------------------------------------
---------------------------------------------------------------------------------
Finished Rebuilding User Hierarchy : Time (s): cpu = 00:00:19 ; elapsed = 00:00:22 . Memory (MB): peak = 655.031 ; gain = 446.777
---------------------------------------------------------------------------------
---------------------------------------------------------------------------------
Start Renaming Generated Ports
---------------------------------------------------------------------------------
---------------------------------------------------------------------------------
Finished Renaming Generated Ports : Time (s): cpu = 00:00:19 ; elapsed = 00:00:22 . Memory (MB): peak = 655.031 ; gain = 446.777
---------------------------------------------------------------------------------
---------------------------------------------------------------------------------
Start Handling Custom Attributes
---------------------------------------------------------------------------------
---------------------------------------------------------------------------------
Finished Handling Custom Attributes : Time (s): cpu = 00:00:19 ; elapsed = 00:00:22 . Memory (MB): peak = 655.031 ; gain = 446.777
---------------------------------------------------------------------------------
---------------------------------------------------------------------------------
Start Renaming Generated Nets
---------------------------------------------------------------------------------
---------------------------------------------------------------------------------
Finished Renaming Generated Nets : Time (s): cpu = 00:00:19 ; elapsed = 00:00:22 . Memory (MB): peak = 655.031 ; gain = 446.777
---------------------------------------------------------------------------------
---------------------------------------------------------------------------------
Start Writing Synthesis Report
---------------------------------------------------------------------------------

Report BlackBoxes: 
+-+--------------+----------+
| |BlackBox name |Instances |
+-+--------------+----------+
+-+--------------+----------+

Report Cell Usage: 
+------+-------+------+
|      |Cell   |Count |
+------+-------+------+
|1     |BUFG   |     1|
|2     |CARRY4 |     4|
|3     |LUT1   |    17|
|4     |LUT2   |     1|
|5     |LUT3   |     9|
|6     |LUT4   |    12|
|7     |LUT5   |    17|
|8     |LUT6   |    10|
|9     |MUXF7  |     5|
|10    |FDRE   |    61|
|11    |IBUF   |    15|
|12    |OBUF   |    16|
+------+-------+------+

Report Instance Areas: 
+------+-------------+-------------+------+
|      |Instance     |Module       |Cells |
+------+-------------+-------------+------+
|1     |top          |             |   168|
|2     |  DISP       |dispctl      |    96|
|3     |    COUNTER  |counter_parm |    36|
|4     |    U_CLKENB |clkenb       |    60|
|5     |  PARM_1     |reg_parm     |     5|
|6     |  PARM_2     |reg_parm_0   |     5|
|7     |  PARM_3     |reg_parm_1   |     5|
|8     |  PARM_4     |reg_parm_2   |     5|
|9     |  PARM_5     |reg_parm_3   |     5|
|10    |  PARM_6     |reg_parm_4   |     5|
|11    |  PARM_7     |reg_parm_5   |     5|
|12    |  PARM_8     |reg_parm_6   |     5|
+------+-------------+-------------+------+
---------------------------------------------------------------------------------
Finished Writing Synthesis Report : Time (s): cpu = 00:00:19 ; elapsed = 00:00:22 . Memory (MB): peak = 655.031 ; gain = 446.777
---------------------------------------------------------------------------------
Synthesis finished with 0 errors, 0 critical warnings and 3 warnings.
Synthesis Optimization Runtime : Time (s): cpu = 00:00:11 ; elapsed = 00:00:14 . Memory (MB): peak = 655.031 ; gain = 115.059
Synthesis Optimization Complete : Time (s): cpu = 00:00:20 ; elapsed = 00:00:22 . Memory (MB): peak = 655.031 ; gain = 446.777
INFO: [Project 1-571] Translating synthesized netlist
INFO: [Netlist 29-17] Analyzing 19 Unisim elements for replacement
INFO: [Netlist 29-28] Unisim Transformation completed in 0 CPU seconds
INFO: [Project 1-570] Preparing netlist for logic optimization
INFO: [Opt 31-138] Pushed 0 inverter(s) to 0 load pin(s).
INFO: [Project 1-111] Unisim Transformation Summary:
No Unisim elements were transformed.

INFO: [Common 17-83] Releasing license: Synthesis
36 Infos, 6 Warnings, 0 Critical Warnings and 0 Errors encountered.
synth_design completed successfully
synth_design: Time (s): cpu = 00:00:18 ; elapsed = 00:00:20 . Memory (MB): peak = 655.031 ; gain = 420.965
report_utilization: Time (s): cpu = 00:00:00 ; elapsed = 00:00:00.012 . Memory (MB): peak = 655.031 ; gain = 0.000
INFO: [Common 17-206] Exiting Vivado at Tue Sep 06 14:07:22 2016...
