#-----------------------------------------------------------
# Vivado v2016.2 (64-bit)
# SW Build 1577090 on Thu Jun  2 16:32:40 MDT 2016
# IP Build 1577682 on Fri Jun  3 12:00:54 MDT 2016
# Start of session at: Tue Sep 06 13:55:14 2016
# Process ID: 8500
# Current directory: C:/Users/dilsizk/Desktop/ECE 491 labs/Senior_Design_Lab_1
# Command line: vivado.exe -gui_launcher_event rodinguilauncherevent7504 C:\Users\dilsizk\Desktop\ECE 491 labs\Senior_Design_Lab_1\Senior_Design_Lab_1.xpr
# Log file: C:/Users/dilsizk/Desktop/ECE 491 labs/Senior_Design_Lab_1/vivado.log
# Journal file: C:/Users/dilsizk/Desktop/ECE 491 labs/Senior_Design_Lab_1\vivado.jou
#-----------------------------------------------------------
start_gui
open_project {C:/Users/dilsizk/Desktop/ECE 491 labs/Senior_Design_Lab_1/Senior_Design_Lab_1.xpr}
CRITICAL WARNING: [Project 1-19] Could not find the file 'C:/Users/dilsizk/Desktop/harim/Desktop/Senior Design/Lab 1/Lab 1 Reference Code + Requirements Checklist-20160830/counter_parm.sv'.
CRITICAL WARNING: [Project 1-19] Could not find the file 'C:/Users/dilsizk/Desktop/harim/Desktop/Senior Design/Lab 1/Lab 1 Reference Code + Requirements Checklist-20160830/seven_seg.sv'.
CRITICAL WARNING: [Project 1-19] Could not find the file 'C:/Users/dilsizk/Desktop/harim/Desktop/Senior Design/Lab 1/Lab 1 Reference Code + Requirements Checklist-20160830/decoder_3_8_en.sv'.
CRITICAL WARNING: [Project 1-19] Could not find the file 'C:/Users/dilsizk/Desktop/harim/Desktop/Senior Design/Lab 1/Lab 1 Reference Code + Requirements Checklist-20160830/mux8_parm.sv'.
CRITICAL WARNING: [Project 1-19] Could not find the file 'C:/Users/dilsizk/Desktop/harim/Desktop/Senior Design/Lab 1/Lab 1 Reference Code + Requirements Checklist-20160830/clkenb.sv'.
CRITICAL WARNING: [Project 1-19] Could not find the file 'C:/Users/dilsizk/Desktop/harim/Desktop/Senior Design/Lab 1/Lab 1 Reference Code + Requirements Checklist-20160830/reg_param.sv'.
CRITICAL WARNING: [Project 1-19] Could not find the file 'C:/Users/dilsizk/Desktop/harim/Desktop/Senior Design/Lab 1/Lab 1 Reference Code + Requirements Checklist-20160830/dispctl.sv'.
CRITICAL WARNING: [Project 1-19] Could not find the file 'C:/Users/dilsizk/Desktop/harim/Desktop/Senior Design/Lab 1/Lab 1 Reference Code + Requirements Checklist-20160830/nexys4DDR.sv'.
CRITICAL WARNING: [Project 1-19] Could not find the file 'C:/Users/dilsizk/Desktop/harim/Desktop/Senior Design/Lab 1/Lab 1 Reference Code + Requirements Checklist-20160830/nexys4DDR.xdc'.
Scanning sources...
Finished scanning sources
INFO: [IP_Flow 19-234] Refreshing IP repositories
INFO: [IP_Flow 19-1704] No user IP repositories specified
INFO: [IP_Flow 19-2313] Loaded Vivado IP repository 'C:/Xilinx/Vivado/2016.2/data/ip'.
update_compile_order -fileset sources_1
