#-----------------------------------------------------------
# Vivado v2016.2 (64-bit)
# SW Build 1577090 on Thu Jun  2 16:32:40 MDT 2016
# IP Build 1577682 on Fri Jun  3 12:00:54 MDT 2016
# Start of session at: Thu Dec 08 06:18:38 2016
# Process ID: 9868
# Current directory: C:/Users/dilsizk/Desktop/ece491final/ece491labs/Project/FinalProject
# Command line: vivado.exe -gui_launcher_event rodinguilauncherevent9580 C:\Users\dilsizk\Desktop\ece491final\ece491labs\Project\FinalProject\FinalProject.xpr
# Log file: C:/Users/dilsizk/Desktop/ece491final/ece491labs/Project/FinalProject/vivado.log
# Journal file: C:/Users/dilsizk/Desktop/ece491final/ece491labs/Project/FinalProject\vivado.jou
#-----------------------------------------------------------
start_gui
open_project C:/Users/dilsizk/Desktop/ece491final/ece491labs/Project/FinalProject/FinalProject.xpr
INFO: [Project 1-313] Project file moved from 'C:/Users/dilsizk/Desktop/ece4911/ece491labs/Project/FinalProject' since last save.
Scanning sources...
Finished scanning sources
INFO: [IP_Flow 19-234] Refreshing IP repositories
INFO: [IP_Flow 19-1704] No user IP repositories specified
INFO: [IP_Flow 19-2313] Loaded Vivado IP repository 'C:/Xilinx/Vivado/2016.2/data/ip'.
update_compile_order -fileset sources_1
update_compile_order -fileset sources_1
