#-----------------------------------------------------------
# Vivado v2016.2 (64-bit)
# SW Build 1577090 on Thu Jun  2 16:32:40 MDT 2016
# IP Build 1577682 on Fri Jun  3 12:00:54 MDT 2016
# Start of session at: Mon Oct 03 20:34:11 2016
# Process ID: 4860
# Current directory: C:/Users/dilsizk/Desktop/ece491/ece491labs/Lab01/Lab_1
# Command line: vivado.exe -gui_launcher_event rodinguilauncherevent3120 C:\Users\dilsizk\Desktop\ece491\ece491labs\Lab01\Lab_1\Lab_1.xpr
# Log file: C:/Users/dilsizk/Desktop/ece491/ece491labs/Lab01/Lab_1/vivado.log
# Journal file: C:/Users/dilsizk/Desktop/ece491/ece491labs/Lab01/Lab_1\vivado.jou
#-----------------------------------------------------------
start_gui
open_project C:/Users/dilsizk/Desktop/ece491/ece491labs/Lab01/Lab_1/Lab_1.xpr
INFO: [Project 1-313] Project file moved from 'C:/Users/husseinz/Desktop/ece 491/ece491labs/Lab01/Lab_1' since last save.
Scanning sources...
Finished scanning sources
WARNING: [filemgmt 56-2] IPUserFilesDir: Could not find the directory 'C:/Users/dilsizk/Desktop/ece491/ece491labs/Lab01/Lab_1/Lab_1.ip_user_files', nor could it be found using path 'C:/Users/husseinz/Desktop/ece 491/ece491labs/Lab01/Lab_1/Lab_1.ip_user_files'.
INFO: [IP_Flow 19-234] Refreshing IP repositories
INFO: [IP_Flow 19-1704] No user IP repositories specified
INFO: [IP_Flow 19-2313] Loaded Vivado IP repository 'C:/Xilinx/Vivado/2016.2/data/ip'.
update_compile_order -fileset sources_1
exit
INFO: [Common 17-206] Exiting Vivado at Tue Oct 04 00:49:31 2016...
